2020-02-16 21:52:10.843 [Debug] Loaded new formula from BaseExp * Power(Gain, Level).

--------------------------------------------------------------------------------
2020-02-16 21:52:10.849 [Debug] Loaded new formula from BaseExp * Power(Gain, Level).

--------------------------------------------------------------------------------
Listening on 0.0.0.0:5400.

--------------------------------------------------------------------------------
UPnP Service Initialization Succeeded

--------------------------------------------------------------------------------
2020-02-16 21:52:15.532 [Info] Connection approved [4b539fdf-2e05-4f02-a09e-b3fe5c88d121].

--------------------------------------------------------------------------------
2020-02-16 21:52:15.551 [Info] Connection approved [c1ce38fb-d7d1-4ad6-bd8b-23f45bf3be09].

--------------------------------------------------------------------------------
2020-02-16 21:52:15.552 [Debug] Connection established to remote [4b539fdf-2e05-4f02-a09e-b3fe5c88d121/127.0.0.1:62392].

--------------------------------------------------------------------------------
2020-02-16 21:52:15.552 [Info] Connected [4b539fdf-2e05-4f02-a09e-b3fe5c88d121].

--------------------------------------------------------------------------------
2020-02-16 21:52:15.562 [Debug] Connection established to remote [c1ce38fb-d7d1-4ad6-bd8b-23f45bf3be09/127.0.0.1:62393].

--------------------------------------------------------------------------------
2020-02-16 21:52:15.563 [Info] Connected [c1ce38fb-d7d1-4ad6-bd8b-23f45bf3be09].

--------------------------------------------------------------------------------
Successfully auto port forwarded udp port 5400 using UPnP.

--------------------------------------------------------------------------------
2020-02-16 21:52:17.709 [Debug] Took 383ms to load player from db!

--------------------------------------------------------------------------------
2020-02-16 21:54:43.638 [Debug] StatusChanged: [NetIncomingMessage #140 10 bytes] [Disconnected]

--------------------------------------------------------------------------------
2020-02-16 21:54:43.638 [Debug] Connectioned terminated to remote [4b539fdf-2e05-4f02-a09e-b3fe5c88d121/127.0.0.1:62392].

--------------------------------------------------------------------------------
2020-02-16 21:54:43.639 [Info] Disconnected [4b539fdf-2e05-4f02-a09e-b3fe5c88d121].

--------------------------------------------------------------------------------
2020-02-16 21:54:43.639 [Debug] Client disconnected (AEON->[editor])

--------------------------------------------------------------------------------
2020-02-16 21:54:44.843 [Info] Acquiring context lock... (0ms)

--------------------------------------------------------------------------------
2020-02-16 21:54:44.843 [Info] Acquired. (0ms)

--------------------------------------------------------------------------------
2020-02-16 21:54:44.844 [Info] Beginning context dispose. (0ms)

--------------------------------------------------------------------------------
2020-02-16 21:54:44.845 [Info] Disposing network... (0ms)

--------------------------------------------------------------------------------
2020-02-16 21:54:44.855 [Debug] StatusChanged: [NetIncomingMessage #141 11 bytes] [Disconnecting]

--------------------------------------------------------------------------------
2020-02-16 21:54:44.855 [Info] Saving player database... (11ms)

--------------------------------------------------------------------------------
2020-02-16 21:54:44.858 [Debug] StatusChanged: [NetIncomingMessage #142 11 bytes] [Disconnected]

--------------------------------------------------------------------------------
2020-02-16 21:54:44.858 [Info] Saving game database... (13ms)

--------------------------------------------------------------------------------
2020-02-16 21:54:44.861 [Info] Shutting down the API... (17ms)

--------------------------------------------------------------------------------
2020-02-16 21:54:44.862 [Info] Shutting down the console thread... (17ms)

--------------------------------------------------------------------------------
2020-02-16 21:54:45.886 [Info] Base dispose. (1042ms)

--------------------------------------------------------------------------------
2020-02-16 21:54:45.886 [Info] Finished disposing server context. (1042ms)

--------------------------------------------------------------------------------
2020-02-16 21:54:45.887 [Info] GC.SuppressFinalize (1043ms)

--------------------------------------------------------------------------------
2020-02-16 21:54:45.887 [Info] InternalDispose() completed. (1043ms)

--------------------------------------------------------------------------------
2020-02-16 21:54:45.887 [Info] Clearing instance... (1043ms)

--------------------------------------------------------------------------------
2020-02-16 21:54:45.887 [Info] Releasing context lock... (1044ms)

--------------------------------------------------------------------------------
2020-02-16 21:54:45.887 [Info] Released. (1044ms)

--------------------------------------------------------------------------------
