2020-02-12 21:52:09.157 [Debug] Loaded new formula from BaseExp * Power(Gain, Level).

--------------------------------------------------------------------------------
2020-02-12 21:52:09.161 [Debug] Loaded new formula from BaseExp * Power(Gain, Level).

--------------------------------------------------------------------------------
Listening on 0.0.0.0:5400.

--------------------------------------------------------------------------------
UPnP Service Initialization Succeeded

--------------------------------------------------------------------------------
Successfully auto port forwarded udp port 5400 using UPnP.

--------------------------------------------------------------------------------
2020-02-12 21:52:13.867 [Info] Connection approved [b01334ae-e936-406a-ab55-695a60f002b3].

--------------------------------------------------------------------------------
2020-02-12 21:52:13.882 [Debug] Connection established to remote [b01334ae-e936-406a-ab55-695a60f002b3/127.0.0.1:50203].

--------------------------------------------------------------------------------
2020-02-12 21:52:13.882 [Info] Connected [b01334ae-e936-406a-ab55-695a60f002b3].

--------------------------------------------------------------------------------
2020-02-12 21:52:14.898 [Debug] Took 360ms to load player from db!

--------------------------------------------------------------------------------
2020-02-12 21:52:29.252 [Debug] StatusChanged: [NetIncomingMessage #10 10 bytes] [Disconnected]

--------------------------------------------------------------------------------
2020-02-12 21:52:29.253 [Debug] Connectioned terminated to remote [b01334ae-e936-406a-ab55-695a60f002b3/127.0.0.1:50203].

--------------------------------------------------------------------------------
2020-02-12 21:52:29.253 [Info] Disconnected [b01334ae-e936-406a-ab55-695a60f002b3].

--------------------------------------------------------------------------------
2020-02-12 21:52:29.253 [Debug] Client disconnected (AEON->[editor])

--------------------------------------------------------------------------------
2020-02-12 21:52:31.799 [Info] Acquiring context lock... (0ms)

--------------------------------------------------------------------------------
2020-02-12 21:52:31.799 [Info] Acquired. (0ms)

--------------------------------------------------------------------------------
2020-02-12 21:52:31.799 [Info] Beginning context dispose. (0ms)

--------------------------------------------------------------------------------
2020-02-12 21:52:31.800 [Info] Disposing network... (0ms)

--------------------------------------------------------------------------------
2020-02-12 21:52:31.801 [Info] Saving player database... (1ms)

--------------------------------------------------------------------------------
2020-02-12 21:52:31.826 [Info] Saving game database... (26ms)

--------------------------------------------------------------------------------
2020-02-12 21:52:31.830 [Info] Shutting down the API... (30ms)

--------------------------------------------------------------------------------
2020-02-12 21:52:31.830 [Info] Base dispose. (30ms)

--------------------------------------------------------------------------------
2020-02-12 21:52:31.830 [Info] Finished disposing server context. (30ms)

--------------------------------------------------------------------------------
2020-02-12 21:52:31.830 [Info] GC.SuppressFinalize (31ms)

--------------------------------------------------------------------------------
2020-02-12 21:52:31.830 [Info] InternalDispose() completed. (31ms)

--------------------------------------------------------------------------------
2020-02-12 21:52:31.830 [Info] Clearing instance... (31ms)

--------------------------------------------------------------------------------
2020-02-12 21:52:31.830 [Info] Releasing context lock... (31ms)

--------------------------------------------------------------------------------
2020-02-12 21:52:31.830 [Info] Released. (31ms)

--------------------------------------------------------------------------------
