2020-02-18 19:53:42.286 [Debug] Loaded new formula from BaseExp * Power(Gain, Level).

--------------------------------------------------------------------------------
2020-02-18 19:53:42.290 [Debug] Loaded new formula from BaseExp * Power(Gain, Level).

--------------------------------------------------------------------------------
Listening on 0.0.0.0:5400.

--------------------------------------------------------------------------------
UPnP Service Initialization Succeeded

--------------------------------------------------------------------------------
Successfully auto port forwarded udp port 5400 using UPnP.

--------------------------------------------------------------------------------
2020-02-18 19:54:12.202 [Info] Connection approved [1bca444e-a544-4851-8e01-8e3ea4af6638].

--------------------------------------------------------------------------------
2020-02-18 19:54:12.213 [Debug] Connection established to remote [1bca444e-a544-4851-8e01-8e3ea4af6638/127.0.0.1:57786].

--------------------------------------------------------------------------------
2020-02-18 19:54:12.214 [Info] Connected [1bca444e-a544-4851-8e01-8e3ea4af6638].

--------------------------------------------------------------------------------
2020-02-18 19:54:13.317 [Debug] Took 339ms to load player from db!

--------------------------------------------------------------------------------
2020-02-18 20:33:05.569 [Debug] StatusChanged: [NetIncomingMessage #118 10 bytes] [Disconnected]

--------------------------------------------------------------------------------
2020-02-18 20:33:05.570 [Debug] Connectioned terminated to remote [1bca444e-a544-4851-8e01-8e3ea4af6638/127.0.0.1:57786].

--------------------------------------------------------------------------------
2020-02-18 20:33:05.570 [Info] Disconnected [1bca444e-a544-4851-8e01-8e3ea4af6638].

--------------------------------------------------------------------------------
2020-02-18 20:33:05.570 [Debug] Client disconnected (AEON->[editor])

--------------------------------------------------------------------------------
2020-02-18 20:33:07.217 [Info] Acquiring context lock... (0ms)

--------------------------------------------------------------------------------
2020-02-18 20:33:07.217 [Info] Acquired. (0ms)

--------------------------------------------------------------------------------
2020-02-18 20:33:07.217 [Info] Beginning context dispose. (0ms)

--------------------------------------------------------------------------------
2020-02-18 20:33:07.219 [Info] Disposing network... (1ms)

--------------------------------------------------------------------------------
2020-02-18 20:33:07.220 [Info] Saving player database... (2ms)

--------------------------------------------------------------------------------
2020-02-18 20:33:07.222 [Info] Saving game database... (4ms)

--------------------------------------------------------------------------------
2020-02-18 20:33:07.226 [Info] Shutting down the API... (8ms)

--------------------------------------------------------------------------------
2020-02-18 20:33:07.226 [Info] Base dispose. (8ms)

--------------------------------------------------------------------------------
2020-02-18 20:33:07.226 [Info] Finished disposing server context. (8ms)

--------------------------------------------------------------------------------
2020-02-18 20:33:07.226 [Info] GC.SuppressFinalize (9ms)

--------------------------------------------------------------------------------
2020-02-18 20:33:07.226 [Info] InternalDispose() completed. (9ms)

--------------------------------------------------------------------------------
2020-02-18 20:33:07.226 [Info] Clearing instance... (9ms)

--------------------------------------------------------------------------------
2020-02-18 20:33:07.226 [Info] Releasing context lock... (9ms)

--------------------------------------------------------------------------------
2020-02-18 20:33:07.226 [Info] Released. (9ms)

--------------------------------------------------------------------------------
