2020-02-14 18:44:20.299 [Debug] Loaded new formula from BaseExp * Power(Gain, Level).

--------------------------------------------------------------------------------
2020-02-14 18:44:20.301 [Debug] Loaded new formula from BaseExp * Power(Gain, Level).

--------------------------------------------------------------------------------
Listening on 0.0.0.0:5400.

--------------------------------------------------------------------------------
UPnP Service Initialization Succeeded

--------------------------------------------------------------------------------
Successfully auto port forwarded udp port 5400 using UPnP.

--------------------------------------------------------------------------------
2020-02-14 18:44:33.068 [Info] Connection approved [ad96e946-7cae-4fa6-8818-aa234ece6f27].

--------------------------------------------------------------------------------
2020-02-14 18:44:33.087 [Debug] Connection established to remote [ad96e946-7cae-4fa6-8818-aa234ece6f27/127.0.0.1:51793].

--------------------------------------------------------------------------------
2020-02-14 18:44:33.087 [Info] Connected [ad96e946-7cae-4fa6-8818-aa234ece6f27].

--------------------------------------------------------------------------------
2020-02-14 18:45:10.617 [Debug] Took 5ms to send game data to client!

--------------------------------------------------------------------------------
2020-02-14 18:46:00.290 [Info] Connection approved [f1bcab52-8bb0-4266-abdc-9e72f32114bf].

--------------------------------------------------------------------------------
2020-02-14 18:46:00.303 [Debug] Connection established to remote [f1bcab52-8bb0-4266-abdc-9e72f32114bf/127.0.0.1:59795].

--------------------------------------------------------------------------------
2020-02-14 18:46:00.303 [Info] Connected [f1bcab52-8bb0-4266-abdc-9e72f32114bf].

--------------------------------------------------------------------------------
2020-02-14 18:46:02.624 [Debug] Took 289ms to load player from db!

--------------------------------------------------------------------------------
2020-02-14 18:50:49.293 [Info] Connection approved [dcc356e1-d6f5-4d6e-8e87-d3264a60a764].

--------------------------------------------------------------------------------
2020-02-14 18:50:49.305 [Debug] Connection established to remote [dcc356e1-d6f5-4d6e-8e87-d3264a60a764/127.0.0.1:50816].

--------------------------------------------------------------------------------
2020-02-14 18:50:49.305 [Info] Connected [dcc356e1-d6f5-4d6e-8e87-d3264a60a764].

--------------------------------------------------------------------------------
2020-02-14 18:50:56.182 [Debug] Took 0ms to send game data to client!

--------------------------------------------------------------------------------
2020-02-14 18:51:59.363 [Debug] StatusChanged: [NetIncomingMessage #746 11 bytes] [Disconnected]

--------------------------------------------------------------------------------
2020-02-14 18:51:59.364 [Debug] Connectioned terminated to remote [ad96e946-7cae-4fa6-8818-aa234ece6f27/127.0.0.1:51793].

--------------------------------------------------------------------------------
2020-02-14 18:51:59.364 [Info] Disconnected [ad96e946-7cae-4fa6-8818-aa234ece6f27].

--------------------------------------------------------------------------------
2020-02-14 18:51:59.364 [Debug] Client disconnected (Mandem->Madem)

--------------------------------------------------------------------------------
2020-02-14 18:52:03.487 [Debug] StatusChanged: [NetIncomingMessage #748 11 bytes] [Disconnected]

--------------------------------------------------------------------------------
2020-02-14 18:52:03.487 [Debug] Connectioned terminated to remote [dcc356e1-d6f5-4d6e-8e87-d3264a60a764/127.0.0.1:50816].

--------------------------------------------------------------------------------
2020-02-14 18:52:03.487 [Info] Disconnected [dcc356e1-d6f5-4d6e-8e87-d3264a60a764].

--------------------------------------------------------------------------------
2020-02-14 18:52:03.487 [Debug] Client disconnected (AEON->AEON)

--------------------------------------------------------------------------------
2020-02-14 19:23:46.542 [Info] Acquiring context lock... (0ms)

--------------------------------------------------------------------------------
2020-02-14 19:23:46.542 [Info] Acquired. (0ms)

--------------------------------------------------------------------------------
2020-02-14 19:23:46.542 [Info] Beginning context dispose. (0ms)

--------------------------------------------------------------------------------
2020-02-14 19:23:46.543 [Info] Disposing network... (0ms)

--------------------------------------------------------------------------------
2020-02-14 19:23:46.544 [Debug] StatusChanged: [NetIncomingMessage #213 11 bytes] [Disconnecting]

--------------------------------------------------------------------------------
2020-02-14 19:23:46.545 [Info] Saving player database... (2ms)

--------------------------------------------------------------------------------
2020-02-14 19:23:46.547 [Debug] StatusChanged: [NetIncomingMessage #214 11 bytes] [Disconnected]

--------------------------------------------------------------------------------
2020-02-14 19:23:46.548 [Info] Saving game database... (5ms)

--------------------------------------------------------------------------------
2020-02-14 19:23:46.550 [Info] Shutting down the API... (6ms)

--------------------------------------------------------------------------------
2020-02-14 19:23:46.550 [Info] Base dispose. (7ms)

--------------------------------------------------------------------------------
2020-02-14 19:23:46.550 [Info] Finished disposing server context. (7ms)

--------------------------------------------------------------------------------
2020-02-14 19:23:46.550 [Info] GC.SuppressFinalize (8ms)

--------------------------------------------------------------------------------
2020-02-14 19:23:46.550 [Info] InternalDispose() completed. (8ms)

--------------------------------------------------------------------------------
2020-02-14 19:23:46.550 [Info] Clearing instance... (8ms)

--------------------------------------------------------------------------------
2020-02-14 19:23:46.551 [Info] Releasing context lock... (8ms)

--------------------------------------------------------------------------------
2020-02-14 19:23:46.551 [Info] Released. (8ms)

--------------------------------------------------------------------------------
