2020-02-21 21:25:26.767 [Debug] Loaded new formula from BaseExp * Power(Gain, Level).

--------------------------------------------------------------------------------
2020-02-21 21:25:26.770 [Debug] Loaded new formula from BaseExp * Power(Gain, Level).

--------------------------------------------------------------------------------
Listening on 0.0.0.0:5400.

--------------------------------------------------------------------------------
UPnP Service Initialization Succeeded

--------------------------------------------------------------------------------
Successfully auto port forwarded udp port 5400 using UPnP.

--------------------------------------------------------------------------------
2020-02-21 21:25:31.371 [Info] Connection approved [52aaf338-b2ba-4060-9cae-b1ad0fa5d72b].

--------------------------------------------------------------------------------
2020-02-21 21:25:31.379 [Debug] Connection established to remote [52aaf338-b2ba-4060-9cae-b1ad0fa5d72b/127.0.0.1:63076].

--------------------------------------------------------------------------------
2020-02-21 21:25:31.379 [Info] Connected [52aaf338-b2ba-4060-9cae-b1ad0fa5d72b].

--------------------------------------------------------------------------------
2020-02-21 21:25:34.236 [Debug] Took 10ms to send game data to client!

--------------------------------------------------------------------------------
2020-02-21 21:30:02.060 [Debug] StatusChanged: [NetIncomingMessage #484 11 bytes] [Disconnected]

--------------------------------------------------------------------------------
2020-02-21 21:30:02.061 [Debug] Connectioned terminated to remote [52aaf338-b2ba-4060-9cae-b1ad0fa5d72b/127.0.0.1:63076].

--------------------------------------------------------------------------------
2020-02-21 21:30:02.061 [Info] Disconnected [52aaf338-b2ba-4060-9cae-b1ad0fa5d72b].

--------------------------------------------------------------------------------
2020-02-21 21:30:02.061 [Debug] Client disconnected (AEON->AEON)

--------------------------------------------------------------------------------
2020-02-21 21:30:14.878 [Info] Connection approved [b0ecc08c-335f-4c07-91cf-dfe122cab6eb].

--------------------------------------------------------------------------------
2020-02-21 21:30:14.892 [Debug] Connection established to remote [b0ecc08c-335f-4c07-91cf-dfe122cab6eb/127.0.0.1:64947].

--------------------------------------------------------------------------------
2020-02-21 21:30:14.892 [Info] Connected [b0ecc08c-335f-4c07-91cf-dfe122cab6eb].

--------------------------------------------------------------------------------
2020-02-21 21:30:15.297 [Debug] Took 8ms to load player from db!

--------------------------------------------------------------------------------
2020-02-21 21:32:01.311 [Debug] StatusChanged: [NetIncomingMessage #64 10 bytes] [Disconnected]

--------------------------------------------------------------------------------
2020-02-21 21:32:01.311 [Debug] Connectioned terminated to remote [b0ecc08c-335f-4c07-91cf-dfe122cab6eb/127.0.0.1:64947].

--------------------------------------------------------------------------------
2020-02-21 21:32:01.311 [Info] Disconnected [b0ecc08c-335f-4c07-91cf-dfe122cab6eb].

--------------------------------------------------------------------------------
2020-02-21 21:32:01.311 [Debug] Client disconnected (AEON->[editor])

--------------------------------------------------------------------------------
2020-02-21 21:32:04.424 [Info] Acquiring context lock... (0ms)

--------------------------------------------------------------------------------
2020-02-21 21:32:04.424 [Info] Acquired. (0ms)

--------------------------------------------------------------------------------
2020-02-21 21:32:04.424 [Info] Beginning context dispose. (0ms)

--------------------------------------------------------------------------------
2020-02-21 21:32:04.425 [Info] Disposing network... (0ms)

--------------------------------------------------------------------------------
2020-02-21 21:32:04.427 [Info] Saving player database... (2ms)

--------------------------------------------------------------------------------
2020-02-21 21:32:04.428 [Info] Saving game database... (3ms)

--------------------------------------------------------------------------------
2020-02-21 21:32:04.433 [Info] Shutting down the API... (8ms)

--------------------------------------------------------------------------------
2020-02-21 21:32:04.433 [Info] Base dispose. (8ms)

--------------------------------------------------------------------------------
2020-02-21 21:32:04.433 [Info] Finished disposing server context. (8ms)

--------------------------------------------------------------------------------
2020-02-21 21:32:04.433 [Info] GC.SuppressFinalize (9ms)

--------------------------------------------------------------------------------
2020-02-21 21:32:04.433 [Info] InternalDispose() completed. (9ms)

--------------------------------------------------------------------------------
2020-02-21 21:32:04.433 [Info] Clearing instance... (9ms)

--------------------------------------------------------------------------------
2020-02-21 21:32:04.433 [Info] Releasing context lock... (9ms)

--------------------------------------------------------------------------------
2020-02-21 21:32:04.433 [Info] Released. (9ms)

--------------------------------------------------------------------------------
