2020-02-21 17:26:28.333 [Debug] Loaded new formula from BaseExp * Power(Gain, Level).

--------------------------------------------------------------------------------
2020-02-21 17:26:28.336 [Debug] Loaded new formula from BaseExp * Power(Gain, Level).

--------------------------------------------------------------------------------
Listening on 0.0.0.0:5400.

--------------------------------------------------------------------------------
UPnP Service Initialization Succeeded

--------------------------------------------------------------------------------
Successfully auto port forwarded udp port 5400 using UPnP.

--------------------------------------------------------------------------------
2020-02-21 17:26:32.199 [Info] Connection approved [127919ae-4165-4570-b9ce-bcd01fa711be].

--------------------------------------------------------------------------------
2020-02-21 17:26:32.205 [Debug] Connection established to remote [127919ae-4165-4570-b9ce-bcd01fa711be/127.0.0.1:59046].

--------------------------------------------------------------------------------
2020-02-21 17:26:32.205 [Info] Connected [127919ae-4165-4570-b9ce-bcd01fa711be].

--------------------------------------------------------------------------------
2020-02-21 17:26:33.571 [Debug] Took 335ms to load player from db!

--------------------------------------------------------------------------------
2020-02-21 17:26:53.948 [Info] Connection approved [5e78ce05-aded-4acd-9c5c-321b82b0b747].

--------------------------------------------------------------------------------
2020-02-21 17:26:53.956 [Debug] Connection established to remote [5e78ce05-aded-4acd-9c5c-321b82b0b747/127.0.0.1:49928].

--------------------------------------------------------------------------------
2020-02-21 17:26:53.956 [Info] Connected [5e78ce05-aded-4acd-9c5c-321b82b0b747].

--------------------------------------------------------------------------------
2020-02-21 17:27:09.874 [Debug] Took 0ms to send game data to client!

--------------------------------------------------------------------------------
2020-02-21 17:44:01.577 [Debug] StatusChanged: [NetIncomingMessage #383 11 bytes] [Disconnected]

--------------------------------------------------------------------------------
2020-02-21 17:44:01.578 [Debug] Connectioned terminated to remote [5e78ce05-aded-4acd-9c5c-321b82b0b747/127.0.0.1:49928].

--------------------------------------------------------------------------------
2020-02-21 17:44:01.578 [Info] Disconnected [5e78ce05-aded-4acd-9c5c-321b82b0b747].

--------------------------------------------------------------------------------
2020-02-21 17:44:01.578 [Debug] Client disconnected (AEON->AEON)

--------------------------------------------------------------------------------
2020-02-21 18:34:59.317 [Info] Connection approved [cd6ded18-748c-48ad-ad93-3cdb7cd31bd1].

--------------------------------------------------------------------------------
2020-02-21 18:34:59.331 [Debug] Connection established to remote [cd6ded18-748c-48ad-ad93-3cdb7cd31bd1/127.0.0.1:56726].

--------------------------------------------------------------------------------
2020-02-21 18:34:59.331 [Info] Connected [cd6ded18-748c-48ad-ad93-3cdb7cd31bd1].

--------------------------------------------------------------------------------
2020-02-21 18:35:02.122 [Debug] Took 0ms to send game data to client!

--------------------------------------------------------------------------------
2020-02-21 18:35:59.577 [Debug] StatusChanged: [NetIncomingMessage #84 11 bytes] [Disconnected]

--------------------------------------------------------------------------------
2020-02-21 18:35:59.577 [Debug] Connectioned terminated to remote [cd6ded18-748c-48ad-ad93-3cdb7cd31bd1/127.0.0.1:56726].

--------------------------------------------------------------------------------
2020-02-21 18:35:59.577 [Info] Disconnected [cd6ded18-748c-48ad-ad93-3cdb7cd31bd1].

--------------------------------------------------------------------------------
2020-02-21 18:35:59.577 [Debug] Client disconnected (AEON->AEON)

--------------------------------------------------------------------------------
2020-02-21 19:00:36.301 [Info] Connection approved [c00e9ede-69da-4025-939c-e43424c07241].

--------------------------------------------------------------------------------
2020-02-21 19:00:36.315 [Debug] Connection established to remote [c00e9ede-69da-4025-939c-e43424c07241/127.0.0.1:63705].

--------------------------------------------------------------------------------
2020-02-21 19:00:36.315 [Info] Connected [c00e9ede-69da-4025-939c-e43424c07241].

--------------------------------------------------------------------------------
2020-02-21 19:00:41.450 [Debug] Took 0ms to send game data to client!

--------------------------------------------------------------------------------
2020-02-21 19:00:49.952 [Debug] StatusChanged: [NetIncomingMessage #3 11 bytes] [Disconnected]

--------------------------------------------------------------------------------
2020-02-21 19:00:49.952 [Debug] Connectioned terminated to remote [c00e9ede-69da-4025-939c-e43424c07241/127.0.0.1:63705].

--------------------------------------------------------------------------------
2020-02-21 19:00:49.952 [Info] Disconnected [c00e9ede-69da-4025-939c-e43424c07241].

--------------------------------------------------------------------------------
2020-02-21 19:00:49.952 [Debug] Client disconnected (AEON->AEON)

--------------------------------------------------------------------------------
2020-02-21 19:01:15.161 [Info] Connection approved [11c0051e-8720-4c5d-a7b2-ef9aafce2301].

--------------------------------------------------------------------------------
2020-02-21 19:01:15.176 [Debug] Connection established to remote [11c0051e-8720-4c5d-a7b2-ef9aafce2301/127.0.0.1:61382].

--------------------------------------------------------------------------------
2020-02-21 19:01:15.176 [Info] Connected [11c0051e-8720-4c5d-a7b2-ef9aafce2301].

--------------------------------------------------------------------------------
2020-02-21 19:01:17.406 [Debug] Took 0ms to send game data to client!

--------------------------------------------------------------------------------
2020-02-21 19:04:03.076 [Debug] StatusChanged: [NetIncomingMessage #166 11 bytes] [Disconnected]

--------------------------------------------------------------------------------
2020-02-21 19:04:03.076 [Debug] Connectioned terminated to remote [11c0051e-8720-4c5d-a7b2-ef9aafce2301/127.0.0.1:61382].

--------------------------------------------------------------------------------
2020-02-21 19:04:03.076 [Info] Disconnected [11c0051e-8720-4c5d-a7b2-ef9aafce2301].

--------------------------------------------------------------------------------
2020-02-21 19:04:03.076 [Debug] Client disconnected (AEON->AEON)

--------------------------------------------------------------------------------
2020-02-21 19:17:01.451 [Debug] StatusChanged: [NetIncomingMessage #991 10 bytes] [Disconnected]

--------------------------------------------------------------------------------
2020-02-21 19:17:01.451 [Debug] Connectioned terminated to remote [127919ae-4165-4570-b9ce-bcd01fa711be/127.0.0.1:59046].

--------------------------------------------------------------------------------
2020-02-21 19:17:01.451 [Info] Disconnected [127919ae-4165-4570-b9ce-bcd01fa711be].

--------------------------------------------------------------------------------
2020-02-21 19:17:01.451 [Debug] Client disconnected (AEON->[editor])

--------------------------------------------------------------------------------
2020-02-21 20:34:24.410 [Info] Connection approved [4d257e62-de76-4b6b-8435-1bf8b5a55d15].

--------------------------------------------------------------------------------
2020-02-21 20:34:24.424 [Debug] Connection established to remote [4d257e62-de76-4b6b-8435-1bf8b5a55d15/127.0.0.1:50752].

--------------------------------------------------------------------------------
2020-02-21 20:34:24.424 [Info] Connected [4d257e62-de76-4b6b-8435-1bf8b5a55d15].

--------------------------------------------------------------------------------
2020-02-21 20:34:24.824 [Debug] Took 6ms to load player from db!

--------------------------------------------------------------------------------
2020-02-21 21:15:13.202 [Debug] StatusChanged: [NetIncomingMessage #102 10 bytes] [Disconnected]

--------------------------------------------------------------------------------
2020-02-21 21:15:13.202 [Debug] Connectioned terminated to remote [4d257e62-de76-4b6b-8435-1bf8b5a55d15/127.0.0.1:50752].

--------------------------------------------------------------------------------
2020-02-21 21:15:13.202 [Info] Disconnected [4d257e62-de76-4b6b-8435-1bf8b5a55d15].

--------------------------------------------------------------------------------
2020-02-21 21:15:13.202 [Debug] Client disconnected (AEON->[editor])

--------------------------------------------------------------------------------
2020-02-21 21:15:15.287 [Info] Acquiring context lock... (0ms)

--------------------------------------------------------------------------------
2020-02-21 21:15:15.287 [Info] Acquired. (0ms)

--------------------------------------------------------------------------------
2020-02-21 21:15:15.287 [Info] Beginning context dispose. (0ms)

--------------------------------------------------------------------------------
2020-02-21 21:15:15.288 [Info] Disposing network... (0ms)

--------------------------------------------------------------------------------
2020-02-21 21:15:15.289 [Info] Saving player database... (1ms)

--------------------------------------------------------------------------------
2020-02-21 21:15:15.292 [Info] Saving game database... (4ms)

--------------------------------------------------------------------------------
2020-02-21 21:15:15.296 [Info] Shutting down the API... (8ms)

--------------------------------------------------------------------------------
2020-02-21 21:15:15.297 [Info] Base dispose. (8ms)

--------------------------------------------------------------------------------
2020-02-21 21:15:15.297 [Info] Finished disposing server context. (9ms)

--------------------------------------------------------------------------------
2020-02-21 21:15:15.297 [Info] GC.SuppressFinalize (9ms)

--------------------------------------------------------------------------------
2020-02-21 21:15:15.297 [Info] InternalDispose() completed. (9ms)

--------------------------------------------------------------------------------
2020-02-21 21:15:15.297 [Info] Clearing instance... (9ms)

--------------------------------------------------------------------------------
2020-02-21 21:15:15.297 [Info] Releasing context lock... (10ms)

--------------------------------------------------------------------------------
2020-02-21 21:15:15.297 [Info] Released. (10ms)

--------------------------------------------------------------------------------
