2020-02-14 12:17:44.016 [Debug] Loaded new formula from BaseExp * Power(Gain, Level).

--------------------------------------------------------------------------------
2020-02-14 12:17:44.026 [Debug] Loaded new formula from BaseExp * Power(Gain, Level).

--------------------------------------------------------------------------------
Listening on 0.0.0.0:5400.

--------------------------------------------------------------------------------
UPnP Service Initialization Failed. You might not have a router, or UPnP on your router might be disabled.
  Message: Exception of type 'Open.Nat.NatDeviceNotFoundException' was thrown.
    Stack:    at Open.Nat.NatDiscoverer.<DiscoverDeviceAsync>d__5.MoveNext()
--- End of stack trace from previous location where exception was thrown ---
   at System.Runtime.ExceptionServices.ExceptionDispatchInfo.Throw()
   at System.Runtime.CompilerServices.TaskAwaiter.HandleNonSuccessAndDebuggerNotification(Task task)
   at System.Runtime.CompilerServices.TaskAwaiter`1.GetResult()
   at Intersect.Server.Networking.Helpers.UpnP.<ConnectNatDevice>d__4.MoveNext() in C:\TeamCity\buildAgent\work\6c64f60308be6068\Intersect.Server\Classes\Networking\Helpers\UPnP.cs:line 24


--------------------------------------------------------------------------------
2020-02-14 12:17:57.717 [Info] Connection approved [2fea1a0c-2717-4f1b-95ee-55328e70df74].

--------------------------------------------------------------------------------
2020-02-14 12:17:57.742 [Debug] Connection established to remote [2fea1a0c-2717-4f1b-95ee-55328e70df74/127.0.0.1:65181].

--------------------------------------------------------------------------------
2020-02-14 12:17:57.742 [Info] Connected [2fea1a0c-2717-4f1b-95ee-55328e70df74].

--------------------------------------------------------------------------------
2020-02-14 12:18:25.320 [Debug] Took 479ms to load player from db!

--------------------------------------------------------------------------------
2020-02-14 12:39:10.460 [Debug] StatusChanged: [NetIncomingMessage #66 10 bytes] [Disconnected]

--------------------------------------------------------------------------------
2020-02-14 12:39:10.460 [Debug] Connectioned terminated to remote [2fea1a0c-2717-4f1b-95ee-55328e70df74/127.0.0.1:65181].

--------------------------------------------------------------------------------
2020-02-14 12:39:10.461 [Info] Disconnected [2fea1a0c-2717-4f1b-95ee-55328e70df74].

--------------------------------------------------------------------------------
2020-02-14 12:39:10.462 [Debug] Client disconnected (AEON->[editor])

--------------------------------------------------------------------------------
2020-02-14 12:39:12.777 [Info] Acquiring context lock... (0ms)

--------------------------------------------------------------------------------
2020-02-14 12:39:12.778 [Info] Acquired. (0ms)

--------------------------------------------------------------------------------
2020-02-14 12:39:12.778 [Info] Beginning context dispose. (0ms)

--------------------------------------------------------------------------------
2020-02-14 12:39:12.779 [Info] Disposing network... (0ms)

--------------------------------------------------------------------------------
2020-02-14 12:39:12.781 [Info] Saving player database... (2ms)

--------------------------------------------------------------------------------
2020-02-14 12:39:12.784 [Info] Saving game database... (5ms)

--------------------------------------------------------------------------------
2020-02-14 12:39:12.786 [Info] Shutting down the API... (7ms)

--------------------------------------------------------------------------------
2020-02-14 12:39:12.786 [Info] Base dispose. (7ms)

--------------------------------------------------------------------------------
2020-02-14 12:39:12.786 [Info] Finished disposing server context. (7ms)

--------------------------------------------------------------------------------
2020-02-14 12:39:12.786 [Info] GC.SuppressFinalize (8ms)

--------------------------------------------------------------------------------
2020-02-14 12:39:12.786 [Info] InternalDispose() completed. (8ms)

--------------------------------------------------------------------------------
2020-02-14 12:39:12.787 [Info] Clearing instance... (9ms)

--------------------------------------------------------------------------------
2020-02-14 12:39:12.787 [Info] Releasing context lock... (9ms)

--------------------------------------------------------------------------------
2020-02-14 12:39:12.787 [Info] Released. (9ms)

--------------------------------------------------------------------------------
