2020-02-19 18:30:01.516 [Debug] Loaded new formula from BaseExp * Power(Gain, Level).

--------------------------------------------------------------------------------
2020-02-19 18:30:01.523 [Debug] Loaded new formula from BaseExp * Power(Gain, Level).

--------------------------------------------------------------------------------
Listening on 0.0.0.0:5400.

--------------------------------------------------------------------------------
UPnP Service Initialization Succeeded

--------------------------------------------------------------------------------
Successfully auto port forwarded udp port 5400 using UPnP.

--------------------------------------------------------------------------------
2020-02-19 18:30:41.757 [Info] Connection approved [79664b28-9f31-42b2-aecd-90bbc9d2e66f].

--------------------------------------------------------------------------------
2020-02-19 18:30:41.763 [Debug] Connection established to remote [79664b28-9f31-42b2-aecd-90bbc9d2e66f/127.0.0.1:53219].

--------------------------------------------------------------------------------
2020-02-19 18:30:41.763 [Info] Connected [79664b28-9f31-42b2-aecd-90bbc9d2e66f].

--------------------------------------------------------------------------------
2020-02-19 18:30:44.352 [Debug] Took 336ms to load player from db!

--------------------------------------------------------------------------------
2020-02-19 18:31:31.767 [Info] Connection approved [06890da5-efca-457f-bb03-7b85fefbde8e].

--------------------------------------------------------------------------------
2020-02-19 18:31:31.777 [Debug] Connection established to remote [06890da5-efca-457f-bb03-7b85fefbde8e/127.0.0.1:54995].

--------------------------------------------------------------------------------
2020-02-19 18:31:31.777 [Info] Connected [06890da5-efca-457f-bb03-7b85fefbde8e].

--------------------------------------------------------------------------------
2020-02-19 18:31:34.841 [Debug] Took 1ms to send game data to client!

--------------------------------------------------------------------------------
2020-02-19 18:34:25.163 [Debug] StatusChanged: [NetIncomingMessage #286 11 bytes] [Disconnected]

--------------------------------------------------------------------------------
2020-02-19 18:34:25.164 [Debug] Connectioned terminated to remote [06890da5-efca-457f-bb03-7b85fefbde8e/127.0.0.1:54995].

--------------------------------------------------------------------------------
2020-02-19 18:34:25.164 [Info] Disconnected [06890da5-efca-457f-bb03-7b85fefbde8e].

--------------------------------------------------------------------------------
2020-02-19 18:34:25.164 [Debug] Client disconnected (AEON->AEON)

--------------------------------------------------------------------------------
2020-02-19 18:57:45.664 [Debug] StatusChanged: [NetIncomingMessage #468 10 bytes] [Disconnected]

--------------------------------------------------------------------------------
2020-02-19 18:57:45.664 [Debug] Connectioned terminated to remote [79664b28-9f31-42b2-aecd-90bbc9d2e66f/127.0.0.1:53219].

--------------------------------------------------------------------------------
2020-02-19 18:57:45.664 [Info] Disconnected [79664b28-9f31-42b2-aecd-90bbc9d2e66f].

--------------------------------------------------------------------------------
2020-02-19 18:57:45.664 [Debug] Client disconnected (AEON->[editor])

--------------------------------------------------------------------------------
2020-02-19 19:03:30.172 [Info] Acquiring context lock... (0ms)

--------------------------------------------------------------------------------
2020-02-19 19:03:30.172 [Info] Acquired. (0ms)

--------------------------------------------------------------------------------
2020-02-19 19:03:30.172 [Info] Beginning context dispose. (0ms)

--------------------------------------------------------------------------------
2020-02-19 19:03:30.173 [Info] Disposing network... (0ms)

--------------------------------------------------------------------------------
2020-02-19 19:03:30.175 [Info] Saving player database... (1ms)

--------------------------------------------------------------------------------
2020-02-19 19:03:30.176 [Info] Saving game database... (3ms)

--------------------------------------------------------------------------------
2020-02-19 19:03:30.180 [Info] Shutting down the API... (7ms)

--------------------------------------------------------------------------------
2020-02-19 19:03:30.180 [Info] Shutting down the console thread... (7ms)

--------------------------------------------------------------------------------
2020-02-19 19:03:31.181 [Info] Base dispose. (1007ms)

--------------------------------------------------------------------------------
2020-02-19 19:03:31.181 [Info] Finished disposing server context. (1007ms)

--------------------------------------------------------------------------------
2020-02-19 19:03:31.181 [Info] GC.SuppressFinalize (1008ms)

--------------------------------------------------------------------------------
2020-02-19 19:03:31.181 [Info] InternalDispose() completed. (1008ms)

--------------------------------------------------------------------------------
2020-02-19 19:03:31.181 [Info] Clearing instance... (1009ms)

--------------------------------------------------------------------------------
2020-02-19 19:03:31.181 [Info] Releasing context lock... (1009ms)

--------------------------------------------------------------------------------
2020-02-19 19:03:31.181 [Info] Released. (1009ms)

--------------------------------------------------------------------------------
