2020-02-17 11:07:26.893 [Debug] Loaded new formula from BaseExp * Power(Gain, Level).

--------------------------------------------------------------------------------
2020-02-17 11:07:26.904 [Debug] Loaded new formula from BaseExp * Power(Gain, Level).

--------------------------------------------------------------------------------
Listening on 0.0.0.0:5400.

--------------------------------------------------------------------------------
UPnP Service Initialization Failed. You might not have a router, or UPnP on your router might be disabled.
  Message: Exception of type 'Open.Nat.NatDeviceNotFoundException' was thrown.
    Stack:    at Open.Nat.NatDiscoverer.<DiscoverDeviceAsync>d__5.MoveNext()
--- End of stack trace from previous location where exception was thrown ---
   at System.Runtime.ExceptionServices.ExceptionDispatchInfo.Throw()
   at System.Runtime.CompilerServices.TaskAwaiter.HandleNonSuccessAndDebuggerNotification(Task task)
   at System.Runtime.CompilerServices.TaskAwaiter`1.GetResult()
   at Intersect.Server.Networking.Helpers.UpnP.<ConnectNatDevice>d__4.MoveNext() in C:\TeamCity\buildAgent\work\6c64f60308be6068\Intersect.Server\Classes\Networking\Helpers\UPnP.cs:line 24


--------------------------------------------------------------------------------
2020-02-17 11:07:38.119 [Info] Connection approved [d0d4ed7f-654f-47ea-9999-482196c3910b].

--------------------------------------------------------------------------------
2020-02-17 11:07:38.148 [Debug] Connection established to remote [d0d4ed7f-654f-47ea-9999-482196c3910b/127.0.0.1:55946].

--------------------------------------------------------------------------------
2020-02-17 11:07:38.149 [Info] Connected [d0d4ed7f-654f-47ea-9999-482196c3910b].

--------------------------------------------------------------------------------
2020-02-17 11:07:43.696 [Debug] Took 29ms to send game data to client!

--------------------------------------------------------------------------------
2020-02-17 11:08:10.126 [Info] Connection approved [bdb86cc7-d22a-4df6-9155-93666590c90e].

--------------------------------------------------------------------------------
2020-02-17 11:08:10.144 [Debug] Connection established to remote [bdb86cc7-d22a-4df6-9155-93666590c90e/127.0.0.1:55965].

--------------------------------------------------------------------------------
2020-02-17 11:08:10.144 [Info] Connected [bdb86cc7-d22a-4df6-9155-93666590c90e].

--------------------------------------------------------------------------------
2020-02-17 11:08:12.909 [Debug] Took 12ms to load player from db!

--------------------------------------------------------------------------------
2020-02-17 11:09:32.833 [Debug] StatusChanged: [NetIncomingMessage #73 11 bytes] [Disconnected]

--------------------------------------------------------------------------------
2020-02-17 11:09:32.835 [Debug] Connectioned terminated to remote [d0d4ed7f-654f-47ea-9999-482196c3910b/127.0.0.1:55946].

--------------------------------------------------------------------------------
2020-02-17 11:09:32.836 [Info] Disconnected [d0d4ed7f-654f-47ea-9999-482196c3910b].

--------------------------------------------------------------------------------
2020-02-17 11:09:32.836 [Debug] Client disconnected (AEON->AEON)

--------------------------------------------------------------------------------
2020-02-17 11:09:40.175 [Info] Connection approved [70db9d6d-aa6f-4bdb-a71c-16239571762a].

--------------------------------------------------------------------------------
2020-02-17 11:09:40.198 [Debug] Connection established to remote [70db9d6d-aa6f-4bdb-a71c-16239571762a/127.0.0.1:56014].

--------------------------------------------------------------------------------
2020-02-17 11:09:40.198 [Info] Connected [70db9d6d-aa6f-4bdb-a71c-16239571762a].

--------------------------------------------------------------------------------
2020-02-17 11:09:43.367 [Debug] Took 1ms to send game data to client!

--------------------------------------------------------------------------------
2020-02-17 11:12:02.704 [Debug] StatusChanged: [NetIncomingMessage #388 11 bytes] [Disconnected]

--------------------------------------------------------------------------------
2020-02-17 11:12:02.706 [Debug] Connectioned terminated to remote [70db9d6d-aa6f-4bdb-a71c-16239571762a/127.0.0.1:56014].

--------------------------------------------------------------------------------
2020-02-17 11:12:02.706 [Info] Disconnected [70db9d6d-aa6f-4bdb-a71c-16239571762a].

--------------------------------------------------------------------------------
2020-02-17 11:12:02.706 [Debug] Client disconnected (AEON->AEON)

--------------------------------------------------------------------------------
2020-02-17 11:12:08.579 [Debug] StatusChanged: [NetIncomingMessage #389 10 bytes] [Disconnected]

--------------------------------------------------------------------------------
2020-02-17 11:12:08.579 [Debug] Connectioned terminated to remote [bdb86cc7-d22a-4df6-9155-93666590c90e/127.0.0.1:55965].

--------------------------------------------------------------------------------
2020-02-17 11:12:08.579 [Info] Disconnected [bdb86cc7-d22a-4df6-9155-93666590c90e].

--------------------------------------------------------------------------------
2020-02-17 11:12:08.579 [Debug] Client disconnected (AEON->[editor])

--------------------------------------------------------------------------------
2020-02-17 11:12:11.774 [Info] Acquiring context lock... (0ms)

--------------------------------------------------------------------------------
2020-02-17 11:12:11.774 [Info] Acquired. (0ms)

--------------------------------------------------------------------------------
2020-02-17 11:12:11.774 [Info] Beginning context dispose. (0ms)

--------------------------------------------------------------------------------
2020-02-17 11:12:11.776 [Info] Disposing network... (0ms)

--------------------------------------------------------------------------------
2020-02-17 11:12:11.778 [Info] Saving player database... (2ms)

--------------------------------------------------------------------------------
2020-02-17 11:12:11.780 [Info] Saving game database... (5ms)

--------------------------------------------------------------------------------
2020-02-17 11:12:11.785 [Info] Shutting down the API... (9ms)

--------------------------------------------------------------------------------
2020-02-17 11:12:11.785 [Info] Base dispose. (10ms)

--------------------------------------------------------------------------------
2020-02-17 11:12:11.785 [Info] Finished disposing server context. (10ms)

--------------------------------------------------------------------------------
2020-02-17 11:12:11.785 [Info] GC.SuppressFinalize (10ms)

--------------------------------------------------------------------------------
2020-02-17 11:12:11.785 [Info] InternalDispose() completed. (10ms)

--------------------------------------------------------------------------------
2020-02-17 11:12:11.785 [Info] Clearing instance... (11ms)

--------------------------------------------------------------------------------
2020-02-17 11:12:11.786 [Info] Releasing context lock... (11ms)

--------------------------------------------------------------------------------
2020-02-17 11:12:11.786 [Info] Released. (11ms)

--------------------------------------------------------------------------------
