2020-02-16 15:16:31.465 [Debug] Loaded new formula from BaseExp * Power(Gain, Level).

--------------------------------------------------------------------------------
2020-02-16 15:16:31.468 [Debug] Loaded new formula from BaseExp * Power(Gain, Level).

--------------------------------------------------------------------------------
Listening on 0.0.0.0:5400.

--------------------------------------------------------------------------------
UPnP Service Initialization Succeeded

--------------------------------------------------------------------------------
Successfully auto port forwarded udp port 5400 using UPnP.

--------------------------------------------------------------------------------
2020-02-16 15:16:41.579 [Info] Connection approved [c1a73c1f-a07e-4f84-a493-6daa1073e5ac].

--------------------------------------------------------------------------------
2020-02-16 15:16:41.597 [Debug] Connection established to remote [c1a73c1f-a07e-4f84-a493-6daa1073e5ac/127.0.0.1:50359].

--------------------------------------------------------------------------------
2020-02-16 15:16:41.597 [Info] Connected [c1a73c1f-a07e-4f84-a493-6daa1073e5ac].

--------------------------------------------------------------------------------
2020-02-16 15:16:44.764 [Debug] Took 13ms to send game data to client!

--------------------------------------------------------------------------------
2020-02-16 15:16:52.404 [Debug] StatusChanged: [NetIncomingMessage #3 11 bytes] [Disconnected]

--------------------------------------------------------------------------------
2020-02-16 15:16:52.405 [Debug] Connectioned terminated to remote [c1a73c1f-a07e-4f84-a493-6daa1073e5ac/127.0.0.1:50359].

--------------------------------------------------------------------------------
2020-02-16 15:16:52.405 [Info] Disconnected [c1a73c1f-a07e-4f84-a493-6daa1073e5ac].

--------------------------------------------------------------------------------
2020-02-16 15:16:52.405 [Debug] Client disconnected (test->Test)

--------------------------------------------------------------------------------
2020-02-16 15:16:55.335 [Info] Connection approved [15f531bb-4ec4-4fd8-b216-2020486dd77b].

--------------------------------------------------------------------------------
2020-02-16 15:16:55.344 [Debug] Connection established to remote [15f531bb-4ec4-4fd8-b216-2020486dd77b/127.0.0.1:50704].

--------------------------------------------------------------------------------
2020-02-16 15:16:55.344 [Info] Connected [15f531bb-4ec4-4fd8-b216-2020486dd77b].

--------------------------------------------------------------------------------
2020-02-16 15:16:56.085 [Debug] Took 15ms to load player from db!

--------------------------------------------------------------------------------
2020-02-16 15:17:21.904 [Debug] StatusChanged: [NetIncomingMessage #21 10 bytes] [Disconnected]

--------------------------------------------------------------------------------
2020-02-16 15:17:21.904 [Debug] Connectioned terminated to remote [15f531bb-4ec4-4fd8-b216-2020486dd77b/127.0.0.1:50704].

--------------------------------------------------------------------------------
2020-02-16 15:17:21.904 [Info] Disconnected [15f531bb-4ec4-4fd8-b216-2020486dd77b].

--------------------------------------------------------------------------------
2020-02-16 15:17:21.904 [Debug] Client disconnected (AEON->[editor])

--------------------------------------------------------------------------------
2020-02-16 15:17:24.550 [Info] Acquiring context lock... (0ms)

--------------------------------------------------------------------------------
2020-02-16 15:17:24.551 [Info] Acquired. (0ms)

--------------------------------------------------------------------------------
2020-02-16 15:17:24.551 [Info] Beginning context dispose. (0ms)

--------------------------------------------------------------------------------
2020-02-16 15:17:24.552 [Info] Disposing network... (0ms)

--------------------------------------------------------------------------------
2020-02-16 15:17:24.553 [Info] Saving player database... (1ms)

--------------------------------------------------------------------------------
2020-02-16 15:17:24.559 [Info] Saving game database... (7ms)

--------------------------------------------------------------------------------
2020-02-16 15:17:24.563 [Info] Shutting down the API... (11ms)

--------------------------------------------------------------------------------
2020-02-16 15:17:24.563 [Info] Base dispose. (11ms)

--------------------------------------------------------------------------------
2020-02-16 15:17:24.563 [Info] Finished disposing server context. (11ms)

--------------------------------------------------------------------------------
2020-02-16 15:17:24.563 [Info] GC.SuppressFinalize (12ms)

--------------------------------------------------------------------------------
2020-02-16 15:17:24.563 [Info] InternalDispose() completed. (12ms)

--------------------------------------------------------------------------------
2020-02-16 15:17:24.563 [Info] Clearing instance... (12ms)

--------------------------------------------------------------------------------
2020-02-16 15:17:24.563 [Info] Releasing context lock... (12ms)

--------------------------------------------------------------------------------
2020-02-16 15:17:24.563 [Info] Released. (12ms)

--------------------------------------------------------------------------------
