2020-03-04 20:25:55.983 [Debug] Loaded new formula from BaseExp * Power(Gain, Level).

--------------------------------------------------------------------------------
2020-03-04 20:25:55.989 [Debug] Loaded new formula from BaseExp * Power(Gain, Level).

--------------------------------------------------------------------------------
Listening on 0.0.0.0:5400.

--------------------------------------------------------------------------------
UPnP Service Initialization Succeeded

--------------------------------------------------------------------------------
Successfully auto port forwarded udp port 5400 using UPnP.

--------------------------------------------------------------------------------
2020-03-04 20:26:01.006 [Info] Connection approved [85690206-4206-40dc-8f4e-b1b0029af28d].

--------------------------------------------------------------------------------
2020-03-04 20:26:01.015 [Debug] Connection established to remote [85690206-4206-40dc-8f4e-b1b0029af28d/127.0.0.1:49248].

--------------------------------------------------------------------------------
2020-03-04 20:26:01.015 [Info] Connected [85690206-4206-40dc-8f4e-b1b0029af28d].

--------------------------------------------------------------------------------
2020-03-04 20:26:02.071 [Debug] Took 346ms to load player from db!

--------------------------------------------------------------------------------
2020-03-04 21:01:42.408 [Info] Connection approved [cd1334f7-57bc-4607-98d3-93485c99c472].

--------------------------------------------------------------------------------
2020-03-04 21:01:42.420 [Debug] Connection established to remote [cd1334f7-57bc-4607-98d3-93485c99c472/127.0.0.1:50942].

--------------------------------------------------------------------------------
2020-03-04 21:01:42.420 [Info] Connected [cd1334f7-57bc-4607-98d3-93485c99c472].

--------------------------------------------------------------------------------
2020-03-04 21:01:49.437 [Debug] Took 0ms to send game data to client!

--------------------------------------------------------------------------------
2020-03-04 21:10:30.979 [Debug] StatusChanged: [NetIncomingMessage #795 11 bytes] [Disconnected]

--------------------------------------------------------------------------------
2020-03-04 21:10:30.979 [Debug] Connectioned terminated to remote [cd1334f7-57bc-4607-98d3-93485c99c472/127.0.0.1:50942].

--------------------------------------------------------------------------------
2020-03-04 21:10:30.980 [Info] Disconnected [cd1334f7-57bc-4607-98d3-93485c99c472].

--------------------------------------------------------------------------------
2020-03-04 21:10:30.980 [Debug] Client disconnected (AEON->AEON)

--------------------------------------------------------------------------------
2020-03-04 21:33:59.228 [Debug] StatusChanged: [NetIncomingMessage #796 10 bytes] [Disconnected]

--------------------------------------------------------------------------------
2020-03-04 21:33:59.228 [Debug] Connectioned terminated to remote [85690206-4206-40dc-8f4e-b1b0029af28d/127.0.0.1:49248].

--------------------------------------------------------------------------------
2020-03-04 21:33:59.228 [Info] Disconnected [85690206-4206-40dc-8f4e-b1b0029af28d].

--------------------------------------------------------------------------------
2020-03-04 21:33:59.228 [Debug] Client disconnected (AEON->[editor])

--------------------------------------------------------------------------------
2020-03-04 21:34:02.060 [Info] Acquiring context lock... (0ms)

--------------------------------------------------------------------------------
2020-03-04 21:34:02.060 [Info] Acquired. (0ms)

--------------------------------------------------------------------------------
2020-03-04 21:34:02.060 [Info] Beginning context dispose. (0ms)

--------------------------------------------------------------------------------
2020-03-04 21:34:02.061 [Info] Disposing network... (0ms)

--------------------------------------------------------------------------------
2020-03-04 21:34:02.062 [Info] Saving player database... (1ms)

--------------------------------------------------------------------------------
2020-03-04 21:34:02.067 [Info] Saving game database... (6ms)

--------------------------------------------------------------------------------
2020-03-04 21:34:02.074 [Info] Shutting down the API... (13ms)

--------------------------------------------------------------------------------
2020-03-04 21:34:02.075 [Info] Base dispose. (13ms)

--------------------------------------------------------------------------------
2020-03-04 21:34:02.075 [Info] Finished disposing server context. (13ms)

--------------------------------------------------------------------------------
2020-03-04 21:34:02.075 [Info] GC.SuppressFinalize (14ms)

--------------------------------------------------------------------------------
2020-03-04 21:34:02.075 [Info] InternalDispose() completed. (14ms)

--------------------------------------------------------------------------------
2020-03-04 21:34:02.075 [Info] Clearing instance... (14ms)

--------------------------------------------------------------------------------
2020-03-04 21:34:02.075 [Info] Releasing context lock... (14ms)

--------------------------------------------------------------------------------
2020-03-04 21:34:02.075 [Info] Released. (14ms)

--------------------------------------------------------------------------------
