2020-02-21 17:19:50.879 [Debug] Loaded new formula from BaseExp * Power(Gain, Level).

--------------------------------------------------------------------------------
2020-02-21 17:19:50.881 [Debug] Loaded new formula from BaseExp * Power(Gain, Level).

--------------------------------------------------------------------------------
Listening on 0.0.0.0:5400.

--------------------------------------------------------------------------------
UPnP Service Initialization Succeeded

--------------------------------------------------------------------------------
Successfully auto port forwarded udp port 5400 using UPnP.

--------------------------------------------------------------------------------
2020-02-21 17:19:56.469 [Info] Connection approved [48a25196-e178-498e-bd91-8e6eab2444b9].

--------------------------------------------------------------------------------
2020-02-21 17:19:56.487 [Debug] Connection established to remote [48a25196-e178-498e-bd91-8e6eab2444b9/127.0.0.1:54824].

--------------------------------------------------------------------------------
2020-02-21 17:19:56.488 [Info] Connected [48a25196-e178-498e-bd91-8e6eab2444b9].

--------------------------------------------------------------------------------
2020-02-21 17:20:06.017 [Debug] Took 329ms to load player from db!

--------------------------------------------------------------------------------
2020-02-21 17:20:44.491 [Info] Connection approved [50f01640-28af-42b5-8a2e-d1b45d971e44].

--------------------------------------------------------------------------------
2020-02-21 17:20:44.506 [Debug] Connection established to remote [50f01640-28af-42b5-8a2e-d1b45d971e44/127.0.0.1:50660].

--------------------------------------------------------------------------------
2020-02-21 17:20:44.506 [Info] Connected [50f01640-28af-42b5-8a2e-d1b45d971e44].

--------------------------------------------------------------------------------
2020-02-21 17:20:46.639 [Debug] Took 0ms to send game data to client!

--------------------------------------------------------------------------------
2020-02-21 17:20:50.873 [Debug] StatusChanged: [NetIncomingMessage #20 11 bytes] [Disconnected]

--------------------------------------------------------------------------------
2020-02-21 17:20:50.873 [Debug] Connectioned terminated to remote [50f01640-28af-42b5-8a2e-d1b45d971e44/127.0.0.1:50660].

--------------------------------------------------------------------------------
2020-02-21 17:20:50.874 [Info] Disconnected [50f01640-28af-42b5-8a2e-d1b45d971e44].

--------------------------------------------------------------------------------
2020-02-21 17:20:50.874 [Debug] Client disconnected (AEON->AEON)

--------------------------------------------------------------------------------
2020-02-21 17:25:09.332 [Info] Connection approved [7a8132c7-b645-479c-8e91-0d5b73e31100].

--------------------------------------------------------------------------------
2020-02-21 17:25:09.346 [Debug] Connection established to remote [7a8132c7-b645-479c-8e91-0d5b73e31100/127.0.0.1:53470].

--------------------------------------------------------------------------------
2020-02-21 17:25:09.346 [Info] Connected [7a8132c7-b645-479c-8e91-0d5b73e31100].

--------------------------------------------------------------------------------
2020-02-21 17:25:13.045 [Debug] Took 0ms to send game data to client!

--------------------------------------------------------------------------------
2020-02-21 17:25:16.749 [Debug] StatusChanged: [NetIncomingMessage #0 11 bytes] [Disconnected]

--------------------------------------------------------------------------------
2020-02-21 17:25:16.749 [Debug] Connectioned terminated to remote [7a8132c7-b645-479c-8e91-0d5b73e31100/127.0.0.1:53470].

--------------------------------------------------------------------------------
2020-02-21 17:25:16.749 [Info] Disconnected [7a8132c7-b645-479c-8e91-0d5b73e31100].

--------------------------------------------------------------------------------
2020-02-21 17:25:16.749 [Debug] Client disconnected (AEON->AEON)

--------------------------------------------------------------------------------
2020-02-21 17:25:57.623 [Debug] StatusChanged: [NetIncomingMessage #73 10 bytes] [Disconnected]

--------------------------------------------------------------------------------
2020-02-21 17:25:57.623 [Debug] Connectioned terminated to remote [48a25196-e178-498e-bd91-8e6eab2444b9/127.0.0.1:54824].

--------------------------------------------------------------------------------
2020-02-21 17:25:57.623 [Info] Disconnected [48a25196-e178-498e-bd91-8e6eab2444b9].

--------------------------------------------------------------------------------
2020-02-21 17:25:57.623 [Debug] Client disconnected (AEON->[editor])

--------------------------------------------------------------------------------
2020-02-21 17:25:59.898 [Info] Acquiring context lock... (0ms)

--------------------------------------------------------------------------------
2020-02-21 17:25:59.898 [Info] Acquired. (0ms)

--------------------------------------------------------------------------------
2020-02-21 17:25:59.898 [Info] Beginning context dispose. (0ms)

--------------------------------------------------------------------------------
2020-02-21 17:25:59.899 [Info] Disposing network... (0ms)

--------------------------------------------------------------------------------
2020-02-21 17:25:59.900 [Info] Saving player database... (1ms)

--------------------------------------------------------------------------------
2020-02-21 17:25:59.902 [Info] Saving game database... (3ms)

--------------------------------------------------------------------------------
2020-02-21 17:25:59.906 [Info] Shutting down the API... (7ms)

--------------------------------------------------------------------------------
2020-02-21 17:25:59.906 [Info] Base dispose. (7ms)

--------------------------------------------------------------------------------
2020-02-21 17:25:59.906 [Info] Finished disposing server context. (7ms)

--------------------------------------------------------------------------------
2020-02-21 17:25:59.906 [Info] GC.SuppressFinalize (8ms)

--------------------------------------------------------------------------------
2020-02-21 17:25:59.906 [Info] InternalDispose() completed. (8ms)

--------------------------------------------------------------------------------
2020-02-21 17:25:59.906 [Info] Clearing instance... (8ms)

--------------------------------------------------------------------------------
2020-02-21 17:25:59.906 [Info] Releasing context lock... (8ms)

--------------------------------------------------------------------------------
2020-02-21 17:25:59.906 [Info] Released. (8ms)

--------------------------------------------------------------------------------
