2020-03-19 12:31:53.417 [Debug] Loaded new formula from BaseExp * Power(Gain, Level).

--------------------------------------------------------------------------------
2020-03-19 12:31:53.433 [Debug] Loaded new formula from BaseExp * Power(Gain, Level).

--------------------------------------------------------------------------------
Listening on 0.0.0.0:5400.

--------------------------------------------------------------------------------
2020-03-19 12:32:02.433 [Info] Connection approved [499ec51d-b40c-4381-bc89-5b6079198e65].

--------------------------------------------------------------------------------
2020-03-19 12:32:02.446 [Debug] Connection established to remote [499ec51d-b40c-4381-bc89-5b6079198e65/127.0.0.1:62391].

--------------------------------------------------------------------------------
2020-03-19 12:32:02.446 [Info] Connected [499ec51d-b40c-4381-bc89-5b6079198e65].

--------------------------------------------------------------------------------
UPnP Service Initialization Failed. You might not have a router, or UPnP on your router might be disabled.
  Message: Exception of type 'Open.Nat.NatDeviceNotFoundException' was thrown.
    Stack:    at Open.Nat.NatDiscoverer.<DiscoverDeviceAsync>d__5.MoveNext()
--- End of stack trace from previous location where exception was thrown ---
   at System.Runtime.ExceptionServices.ExceptionDispatchInfo.Throw()
   at System.Runtime.CompilerServices.TaskAwaiter.HandleNonSuccessAndDebuggerNotification(Task task)
   at System.Runtime.CompilerServices.TaskAwaiter`1.GetResult()
   at Intersect.Server.Networking.Helpers.UpnP.<ConnectNatDevice>d__4.MoveNext() in C:\TeamCity\buildAgent\work\6c64f60308be6068\Intersect.Server\Classes\Networking\Helpers\UPnP.cs:line 24


--------------------------------------------------------------------------------
2020-03-19 12:32:28.242 [Debug] Took 1153ms to load player from db!

--------------------------------------------------------------------------------
2020-03-19 13:30:52.996 [Debug] StatusChanged: [NetIncomingMessage #0 10 bytes] [Disconnected]

--------------------------------------------------------------------------------
2020-03-19 13:30:52.998 [Debug] Connectioned terminated to remote [499ec51d-b40c-4381-bc89-5b6079198e65/127.0.0.1:62391].

--------------------------------------------------------------------------------
2020-03-19 13:30:53.003 [Info] Disconnected [499ec51d-b40c-4381-bc89-5b6079198e65].

--------------------------------------------------------------------------------
2020-03-19 13:30:53.006 [Debug] Client disconnected (AEON->[editor])

--------------------------------------------------------------------------------
2020-03-19 13:30:57.082 [Info] Acquiring context lock... (0ms)

--------------------------------------------------------------------------------
2020-03-19 13:30:57.082 [Info] Acquired. (0ms)

--------------------------------------------------------------------------------
2020-03-19 13:30:57.082 [Info] Beginning context dispose. (0ms)

--------------------------------------------------------------------------------
2020-03-19 13:30:57.091 [Info] Disposing network... (8ms)

--------------------------------------------------------------------------------
2020-03-19 13:30:57.097 [Info] Saving player database... (13ms)

--------------------------------------------------------------------------------
2020-03-19 13:30:57.102 [Info] Saving game database... (18ms)

--------------------------------------------------------------------------------
2020-03-19 13:30:57.134 [Info] Shutting down the API... (50ms)

--------------------------------------------------------------------------------
2020-03-19 13:30:57.134 [Info] Base dispose. (50ms)

--------------------------------------------------------------------------------
2020-03-19 13:30:57.134 [Info] Finished disposing server context. (50ms)

--------------------------------------------------------------------------------
2020-03-19 13:30:57.134 [Info] GC.SuppressFinalize (52ms)

--------------------------------------------------------------------------------
2020-03-19 13:30:57.135 [Info] InternalDispose() completed. (52ms)

--------------------------------------------------------------------------------
2020-03-19 13:30:57.135 [Info] Clearing instance... (52ms)

--------------------------------------------------------------------------------
2020-03-19 13:30:57.144 [Info] Releasing context lock... (62ms)

--------------------------------------------------------------------------------
2020-03-19 13:30:57.144 [Info] Released. (62ms)

--------------------------------------------------------------------------------
