2020-02-28 09:23:50.539 [Debug] Loaded new formula from BaseExp * Power(Gain, Level).

--------------------------------------------------------------------------------
2020-02-28 09:23:50.550 [Debug] Loaded new formula from BaseExp * Power(Gain, Level).

--------------------------------------------------------------------------------
Listening on 0.0.0.0:5400.

--------------------------------------------------------------------------------
2020-02-28 09:23:58.373 [Info] Connection approved [8e89824a-87b9-461d-8cf0-4b1702e92aa7].

--------------------------------------------------------------------------------
2020-02-28 09:23:58.387 [Debug] Connection established to remote [8e89824a-87b9-461d-8cf0-4b1702e92aa7/127.0.0.1:49509].

--------------------------------------------------------------------------------
2020-02-28 09:23:58.387 [Info] Connected [8e89824a-87b9-461d-8cf0-4b1702e92aa7].

--------------------------------------------------------------------------------
UPnP Service Initialization Failed. You might not have a router, or UPnP on your router might be disabled.
  Message: Exception of type 'Open.Nat.NatDeviceNotFoundException' was thrown.
    Stack:    at Open.Nat.NatDiscoverer.<DiscoverDeviceAsync>d__5.MoveNext()
--- End of stack trace from previous location where exception was thrown ---
   at System.Runtime.ExceptionServices.ExceptionDispatchInfo.Throw()
   at System.Runtime.CompilerServices.TaskAwaiter.HandleNonSuccessAndDebuggerNotification(Task task)
   at System.Runtime.CompilerServices.TaskAwaiter`1.GetResult()
   at Intersect.Server.Networking.Helpers.UpnP.<ConnectNatDevice>d__4.MoveNext() in C:\TeamCity\buildAgent\work\6c64f60308be6068\Intersect.Server\Classes\Networking\Helpers\UPnP.cs:line 24


--------------------------------------------------------------------------------
2020-02-28 09:23:59.531 [Debug] Took 504ms to load player from db!

--------------------------------------------------------------------------------
2020-02-28 10:29:37.185 [Debug] StatusChanged: [NetIncomingMessage #212 10 bytes] [Disconnected]

--------------------------------------------------------------------------------
2020-02-28 10:29:37.187 [Debug] Connectioned terminated to remote [8e89824a-87b9-461d-8cf0-4b1702e92aa7/127.0.0.1:49509].

--------------------------------------------------------------------------------
2020-02-28 10:29:37.187 [Info] Disconnected [8e89824a-87b9-461d-8cf0-4b1702e92aa7].

--------------------------------------------------------------------------------
2020-02-28 10:29:37.189 [Debug] Client disconnected (AEON->[editor])

--------------------------------------------------------------------------------
2020-02-28 10:31:12.829 [Info] Connection approved [364ab397-56be-4ea6-b90a-06fd92c4af06].

--------------------------------------------------------------------------------
2020-02-28 10:31:12.842 [Debug] Connection established to remote [364ab397-56be-4ea6-b90a-06fd92c4af06/127.0.0.1:60992].

--------------------------------------------------------------------------------
2020-02-28 10:31:12.842 [Info] Connected [364ab397-56be-4ea6-b90a-06fd92c4af06].

--------------------------------------------------------------------------------
2020-02-28 10:31:13.413 [Debug] Took 13ms to load player from db!

--------------------------------------------------------------------------------
2020-02-28 10:31:36.897 [Info] Connection approved [70b9f405-4792-498a-aa56-cec1c2737709].

--------------------------------------------------------------------------------
2020-02-28 10:31:36.912 [Debug] Connection established to remote [70b9f405-4792-498a-aa56-cec1c2737709/127.0.0.1:54845].

--------------------------------------------------------------------------------
2020-02-28 10:31:36.912 [Info] Connected [70b9f405-4792-498a-aa56-cec1c2737709].

--------------------------------------------------------------------------------
2020-02-28 10:31:41.811 [Debug] Took 12ms to send game data to client!

--------------------------------------------------------------------------------
2020-02-28 10:33:50.449 [Debug] StatusChanged: [NetIncomingMessage #271 11 bytes] [Disconnected]

--------------------------------------------------------------------------------
2020-02-28 10:33:50.450 [Debug] Connectioned terminated to remote [70b9f405-4792-498a-aa56-cec1c2737709/127.0.0.1:54845].

--------------------------------------------------------------------------------
2020-02-28 10:33:50.453 [Info] Disconnected [70b9f405-4792-498a-aa56-cec1c2737709].

--------------------------------------------------------------------------------
2020-02-28 10:33:50.453 [Debug] Client disconnected (AEON->AEON)

--------------------------------------------------------------------------------
2020-02-28 10:56:31.481 [Debug] StatusChanged: [NetIncomingMessage #43 10 bytes] [Disconnected]

--------------------------------------------------------------------------------
2020-02-28 10:56:31.481 [Debug] Connectioned terminated to remote [364ab397-56be-4ea6-b90a-06fd92c4af06/127.0.0.1:60992].

--------------------------------------------------------------------------------
2020-02-28 10:56:31.481 [Info] Disconnected [364ab397-56be-4ea6-b90a-06fd92c4af06].

--------------------------------------------------------------------------------
2020-02-28 10:56:31.481 [Debug] Client disconnected (AEON->[editor])

--------------------------------------------------------------------------------
2020-02-28 10:56:51.021 [Info] Connection approved [72565840-60fd-4c19-a534-7543c6cd7f0a].

--------------------------------------------------------------------------------
2020-02-28 10:56:51.032 [Debug] Connection established to remote [72565840-60fd-4c19-a534-7543c6cd7f0a/127.0.0.1:59168].

--------------------------------------------------------------------------------
2020-02-28 10:56:51.032 [Info] Connected [72565840-60fd-4c19-a534-7543c6cd7f0a].

--------------------------------------------------------------------------------
2020-02-28 10:56:53.376 [Debug] Took 11ms to load player from db!

--------------------------------------------------------------------------------
2020-02-28 13:17:18.966 [Debug] StatusChanged: [NetIncomingMessage #51 22 bytes] [Disconnected]

--------------------------------------------------------------------------------
2020-02-28 13:17:18.967 [Debug] Connectioned terminated to remote [72565840-60fd-4c19-a534-7543c6cd7f0a/127.0.0.1:59168].

--------------------------------------------------------------------------------
2020-02-28 13:17:18.967 [Info] Disconnected [72565840-60fd-4c19-a534-7543c6cd7f0a].

--------------------------------------------------------------------------------
2020-02-28 13:17:18.967 [Debug] Client disconnected (AEON->[editor])

--------------------------------------------------------------------------------
2020-02-28 13:17:20.938 [Info] Connection approved [e3d81275-33f7-463c-ad34-5258d7307b45].

--------------------------------------------------------------------------------
2020-02-28 13:17:20.953 [Debug] Connection established to remote [e3d81275-33f7-463c-ad34-5258d7307b45/127.0.0.1:63843].

--------------------------------------------------------------------------------
2020-02-28 13:17:20.953 [Info] Connected [e3d81275-33f7-463c-ad34-5258d7307b45].

--------------------------------------------------------------------------------
2020-02-28 13:17:24.176 [Debug] Took 13ms to load player from db!

--------------------------------------------------------------------------------
2020-02-28 13:48:34.616 [Debug] StatusChanged: [NetIncomingMessage #91 10 bytes] [Disconnected]

--------------------------------------------------------------------------------
2020-02-28 13:48:34.617 [Debug] Connectioned terminated to remote [e3d81275-33f7-463c-ad34-5258d7307b45/127.0.0.1:63843].

--------------------------------------------------------------------------------
2020-02-28 13:48:34.617 [Info] Disconnected [e3d81275-33f7-463c-ad34-5258d7307b45].

--------------------------------------------------------------------------------
2020-02-28 13:48:34.618 [Debug] Client disconnected (AEON->[editor])

--------------------------------------------------------------------------------
2020-02-28 13:48:42.478 [Info] Connection approved [c3ebae77-28d0-4fe6-b92c-5acb9b07f27a].

--------------------------------------------------------------------------------
2020-02-28 13:48:42.495 [Debug] Connection established to remote [c3ebae77-28d0-4fe6-b92c-5acb9b07f27a/127.0.0.1:62693].

--------------------------------------------------------------------------------
2020-02-28 13:48:42.495 [Info] Connected [c3ebae77-28d0-4fe6-b92c-5acb9b07f27a].

--------------------------------------------------------------------------------
2020-02-28 13:48:44.591 [Debug] Took 13ms to load player from db!

--------------------------------------------------------------------------------
2020-02-28 13:49:12.425 [Info] Connection approved [e2033da3-fe4c-4783-a9cd-2d7e8c5cbdb0].

--------------------------------------------------------------------------------
2020-02-28 13:49:12.434 [Debug] Connection established to remote [e2033da3-fe4c-4783-a9cd-2d7e8c5cbdb0/127.0.0.1:56171].

--------------------------------------------------------------------------------
2020-02-28 13:49:12.434 [Info] Connected [e2033da3-fe4c-4783-a9cd-2d7e8c5cbdb0].

--------------------------------------------------------------------------------
2020-02-28 13:49:16.196 [Debug] Took 21ms to send game data to client!

--------------------------------------------------------------------------------
2020-02-28 13:49:41.616 [Debug] StatusChanged: [NetIncomingMessage #46 11 bytes] [Disconnected]

--------------------------------------------------------------------------------
2020-02-28 13:49:41.617 [Debug] Connectioned terminated to remote [e2033da3-fe4c-4783-a9cd-2d7e8c5cbdb0/127.0.0.1:56171].

--------------------------------------------------------------------------------
2020-02-28 13:49:41.617 [Info] Disconnected [e2033da3-fe4c-4783-a9cd-2d7e8c5cbdb0].

--------------------------------------------------------------------------------
2020-02-28 13:49:41.617 [Debug] Client disconnected (AEON->AEON)

--------------------------------------------------------------------------------
2020-02-28 13:50:04.620 [Info] Connection approved [54efa7eb-936c-4496-b08f-a77357755f64].

--------------------------------------------------------------------------------
2020-02-28 13:50:04.640 [Debug] Connection established to remote [54efa7eb-936c-4496-b08f-a77357755f64/127.0.0.1:51321].

--------------------------------------------------------------------------------
2020-02-28 13:50:04.640 [Info] Connected [54efa7eb-936c-4496-b08f-a77357755f64].

--------------------------------------------------------------------------------
2020-02-28 13:50:09.053 [Debug] Took 21ms to send game data to client!

--------------------------------------------------------------------------------
2020-02-28 13:50:19.367 [Debug] StatusChanged: [NetIncomingMessage #10 11 bytes] [Disconnected]

--------------------------------------------------------------------------------
2020-02-28 13:50:19.368 [Debug] Connectioned terminated to remote [54efa7eb-936c-4496-b08f-a77357755f64/127.0.0.1:51321].

--------------------------------------------------------------------------------
2020-02-28 13:50:19.368 [Info] Disconnected [54efa7eb-936c-4496-b08f-a77357755f64].

--------------------------------------------------------------------------------
2020-02-28 13:50:19.368 [Debug] Client disconnected (AEON->AEON)

--------------------------------------------------------------------------------
2020-02-28 13:50:46.121 [Info] Connection approved [a8cfd116-6a30-4085-854c-f52ff11cb5ae].

--------------------------------------------------------------------------------
2020-02-28 13:50:46.138 [Debug] Connection established to remote [a8cfd116-6a30-4085-854c-f52ff11cb5ae/127.0.0.1:59440].

--------------------------------------------------------------------------------
2020-02-28 13:50:46.138 [Info] Connected [a8cfd116-6a30-4085-854c-f52ff11cb5ae].

--------------------------------------------------------------------------------
2020-02-28 13:50:49.162 [Debug] Took 1ms to send game data to client!

--------------------------------------------------------------------------------
2020-02-28 13:51:16.366 [Debug] StatusChanged: [NetIncomingMessage #36 11 bytes] [Disconnected]

--------------------------------------------------------------------------------
2020-02-28 13:51:16.366 [Debug] Connectioned terminated to remote [a8cfd116-6a30-4085-854c-f52ff11cb5ae/127.0.0.1:59440].

--------------------------------------------------------------------------------
2020-02-28 13:51:16.366 [Info] Disconnected [a8cfd116-6a30-4085-854c-f52ff11cb5ae].

--------------------------------------------------------------------------------
2020-02-28 13:51:16.366 [Debug] Client disconnected (AEON->AEON)

--------------------------------------------------------------------------------
2020-02-28 13:52:10.382 [Info] Connection approved [166ad421-0300-4777-a426-1c17fb044019].

--------------------------------------------------------------------------------
2020-02-28 13:52:10.393 [Debug] Connection established to remote [166ad421-0300-4777-a426-1c17fb044019/127.0.0.1:59444].

--------------------------------------------------------------------------------
2020-02-28 13:52:10.393 [Info] Connected [166ad421-0300-4777-a426-1c17fb044019].

--------------------------------------------------------------------------------
2020-02-28 13:52:13.708 [Debug] Took 9ms to send game data to client!

--------------------------------------------------------------------------------
2020-02-28 13:53:05.382 [Debug] StatusChanged: [NetIncomingMessage #170 11 bytes] [Disconnected]

--------------------------------------------------------------------------------
2020-02-28 13:53:05.382 [Debug] Connectioned terminated to remote [166ad421-0300-4777-a426-1c17fb044019/127.0.0.1:59444].

--------------------------------------------------------------------------------
2020-02-28 13:53:05.382 [Info] Disconnected [166ad421-0300-4777-a426-1c17fb044019].

--------------------------------------------------------------------------------
2020-02-28 13:53:05.382 [Debug] Client disconnected (AEON->AEON)

--------------------------------------------------------------------------------
2020-02-28 13:55:10.508 [Debug] StatusChanged: [NetIncomingMessage #171 10 bytes] [Disconnected]

--------------------------------------------------------------------------------
2020-02-28 13:55:10.508 [Debug] Connectioned terminated to remote [c3ebae77-28d0-4fe6-b92c-5acb9b07f27a/127.0.0.1:62693].

--------------------------------------------------------------------------------
2020-02-28 13:55:10.508 [Info] Disconnected [c3ebae77-28d0-4fe6-b92c-5acb9b07f27a].

--------------------------------------------------------------------------------
2020-02-28 13:55:10.508 [Debug] Client disconnected (AEON->[editor])

--------------------------------------------------------------------------------
2020-02-28 13:55:15.533 [Info] Connection approved [a07f6703-bab5-44a6-9940-cdd7493a89c3].

--------------------------------------------------------------------------------
2020-02-28 13:55:15.544 [Debug] Connection established to remote [a07f6703-bab5-44a6-9940-cdd7493a89c3/127.0.0.1:65209].

--------------------------------------------------------------------------------
2020-02-28 13:55:15.544 [Info] Connected [a07f6703-bab5-44a6-9940-cdd7493a89c3].

--------------------------------------------------------------------------------
2020-02-28 13:55:22.922 [Debug] Took 10ms to load player from db!

--------------------------------------------------------------------------------
2020-02-28 13:56:51.134 [Debug] StatusChanged: [NetIncomingMessage #14 10 bytes] [Disconnected]

--------------------------------------------------------------------------------
2020-02-28 13:56:51.134 [Debug] Connectioned terminated to remote [a07f6703-bab5-44a6-9940-cdd7493a89c3/127.0.0.1:65209].

--------------------------------------------------------------------------------
2020-02-28 13:56:51.134 [Info] Disconnected [a07f6703-bab5-44a6-9940-cdd7493a89c3].

--------------------------------------------------------------------------------
2020-02-28 13:56:51.134 [Debug] Client disconnected (AEON->[editor])

--------------------------------------------------------------------------------
2020-02-28 13:56:56.374 [Info] Connection approved [7695b2f8-a15a-415b-8b43-22a70fe8a4c6].

--------------------------------------------------------------------------------
2020-02-28 13:56:56.388 [Debug] Connection established to remote [7695b2f8-a15a-415b-8b43-22a70fe8a4c6/127.0.0.1:61888].

--------------------------------------------------------------------------------
2020-02-28 13:56:56.388 [Info] Connected [7695b2f8-a15a-415b-8b43-22a70fe8a4c6].

--------------------------------------------------------------------------------
2020-02-28 13:56:59.793 [Debug] Took 10ms to load player from db!

--------------------------------------------------------------------------------
2020-02-28 14:09:20.666 [Info] Connection approved [ad61b628-b3f7-4c5f-a2b9-3971d0fc5397].

--------------------------------------------------------------------------------
2020-02-28 14:09:20.676 [Debug] Connection established to remote [ad61b628-b3f7-4c5f-a2b9-3971d0fc5397/127.0.0.1:58302].

--------------------------------------------------------------------------------
2020-02-28 14:09:20.676 [Info] Connected [ad61b628-b3f7-4c5f-a2b9-3971d0fc5397].

--------------------------------------------------------------------------------
2020-02-28 14:09:24.522 [Debug] Took 1ms to send game data to client!

--------------------------------------------------------------------------------
2020-02-28 14:14:41.030 [Debug] StatusChanged: [NetIncomingMessage #877 11 bytes] [Disconnected]

--------------------------------------------------------------------------------
2020-02-28 14:14:41.031 [Debug] Connectioned terminated to remote [ad61b628-b3f7-4c5f-a2b9-3971d0fc5397/127.0.0.1:58302].

--------------------------------------------------------------------------------
2020-02-28 14:14:41.031 [Info] Disconnected [ad61b628-b3f7-4c5f-a2b9-3971d0fc5397].

--------------------------------------------------------------------------------
2020-02-28 14:14:41.031 [Debug] Client disconnected (AEON->AEON)

--------------------------------------------------------------------------------
2020-02-28 14:15:17.445 [Info] Connection approved [7703e99f-3878-470e-aec5-a97730531b31].

--------------------------------------------------------------------------------
2020-02-28 14:15:17.459 [Debug] Connection established to remote [7703e99f-3878-470e-aec5-a97730531b31/127.0.0.1:57601].

--------------------------------------------------------------------------------
2020-02-28 14:15:17.459 [Info] Connected [7703e99f-3878-470e-aec5-a97730531b31].

--------------------------------------------------------------------------------
2020-02-28 14:15:20.227 [Debug] Took 10ms to send game data to client!

--------------------------------------------------------------------------------
2020-02-28 14:15:46.405 [Debug] StatusChanged: [NetIncomingMessage #47 11 bytes] [Disconnected]

--------------------------------------------------------------------------------
2020-02-28 14:15:46.405 [Debug] Connectioned terminated to remote [7703e99f-3878-470e-aec5-a97730531b31/127.0.0.1:57601].

--------------------------------------------------------------------------------
2020-02-28 14:15:46.405 [Info] Disconnected [7703e99f-3878-470e-aec5-a97730531b31].

--------------------------------------------------------------------------------
2020-02-28 14:15:46.405 [Debug] Client disconnected (AEON->AEON)

--------------------------------------------------------------------------------
2020-02-28 14:17:16.427 [Info] Connection approved [8ba000d0-a653-4bcf-96c8-0d10f1f561a0].

--------------------------------------------------------------------------------
2020-02-28 14:17:16.443 [Debug] Connection established to remote [8ba000d0-a653-4bcf-96c8-0d10f1f561a0/127.0.0.1:54684].

--------------------------------------------------------------------------------
2020-02-28 14:17:16.443 [Info] Connected [8ba000d0-a653-4bcf-96c8-0d10f1f561a0].

--------------------------------------------------------------------------------
2020-02-28 14:17:19.495 [Debug] Took 4ms to send game data to client!

--------------------------------------------------------------------------------
2020-02-28 14:17:47.922 [Debug] StatusChanged: [NetIncomingMessage #13 11 bytes] [Disconnected]

--------------------------------------------------------------------------------
2020-02-28 14:17:47.922 [Debug] Connectioned terminated to remote [8ba000d0-a653-4bcf-96c8-0d10f1f561a0/127.0.0.1:54684].

--------------------------------------------------------------------------------
2020-02-28 14:17:47.922 [Info] Disconnected [8ba000d0-a653-4bcf-96c8-0d10f1f561a0].

--------------------------------------------------------------------------------
2020-02-28 14:17:47.922 [Debug] Client disconnected (AEON->AEON)

--------------------------------------------------------------------------------
2020-02-28 14:17:50.692 [Info] Acquiring context lock... (0ms)

--------------------------------------------------------------------------------
2020-02-28 14:17:50.692 [Info] Acquired. (0ms)

--------------------------------------------------------------------------------
2020-02-28 14:17:50.693 [Info] Beginning context dispose. (0ms)

--------------------------------------------------------------------------------
2020-02-28 14:17:50.697 [Info] Disposing network... (2ms)

--------------------------------------------------------------------------------
2020-02-28 14:17:50.699 [Debug] StatusChanged: [NetIncomingMessage #0 11 bytes] [Disconnecting]

--------------------------------------------------------------------------------
2020-02-28 14:17:50.700 [Info] Saving player database... (5ms)

--------------------------------------------------------------------------------
2020-02-28 14:17:50.705 [Debug] StatusChanged: [NetIncomingMessage #0 11 bytes] [Disconnected]

--------------------------------------------------------------------------------
2020-02-28 14:17:50.706 [Info] Saving game database... (11ms)

--------------------------------------------------------------------------------
2020-02-28 14:17:50.718 [Info] Shutting down the API... (22ms)

--------------------------------------------------------------------------------
2020-02-28 14:17:50.719 [Info] Base dispose. (24ms)

--------------------------------------------------------------------------------
2020-02-28 14:17:50.720 [Info] Finished disposing server context. (25ms)

--------------------------------------------------------------------------------
2020-02-28 14:17:50.720 [Info] GC.SuppressFinalize (27ms)

--------------------------------------------------------------------------------
2020-02-28 14:17:50.721 [Info] InternalDispose() completed. (27ms)

--------------------------------------------------------------------------------
2020-02-28 14:17:50.721 [Info] Clearing instance... (29ms)

--------------------------------------------------------------------------------
2020-02-28 14:17:50.721 [Info] Releasing context lock... (29ms)

--------------------------------------------------------------------------------
2020-02-28 14:17:50.721 [Info] Released. (29ms)

--------------------------------------------------------------------------------
