2020-02-12 21:51:25.762 [Debug] Loaded new formula from BaseExp * Power(Gain, Level).

--------------------------------------------------------------------------------
2020-02-12 21:51:25.765 [Debug] Loaded new formula from BaseExp * Power(Gain, Level).

--------------------------------------------------------------------------------
Listening on 0.0.0.0:5400.

--------------------------------------------------------------------------------
UPnP Service Initialization Succeeded

--------------------------------------------------------------------------------
Successfully auto port forwarded udp port 5400 using UPnP.

--------------------------------------------------------------------------------
2020-02-12 21:51:38.942 [Info] Connection approved [38fbfd45-8daa-48ca-b62f-2a0144739a43].

--------------------------------------------------------------------------------
2020-02-12 21:51:38.961 [Debug] Connection established to remote [38fbfd45-8daa-48ca-b62f-2a0144739a43/127.0.0.1:62150].

--------------------------------------------------------------------------------
2020-02-12 21:51:38.961 [Info] Connected [38fbfd45-8daa-48ca-b62f-2a0144739a43].

--------------------------------------------------------------------------------
2020-02-12 21:51:41.690 [Debug] Took 12ms to send game data to client!

--------------------------------------------------------------------------------
2020-02-12 21:51:57.550 [Debug] StatusChanged: [NetIncomingMessage #49 11 bytes] [Disconnected]

--------------------------------------------------------------------------------
2020-02-12 21:51:57.551 [Debug] Connectioned terminated to remote [38fbfd45-8daa-48ca-b62f-2a0144739a43/127.0.0.1:62150].

--------------------------------------------------------------------------------
2020-02-12 21:51:57.551 [Info] Disconnected [38fbfd45-8daa-48ca-b62f-2a0144739a43].

--------------------------------------------------------------------------------
2020-02-12 21:51:57.551 [Debug] Client disconnected (AEON->AEON)

--------------------------------------------------------------------------------
2020-02-12 21:52:00.634 [Info] Acquiring context lock... (0ms)

--------------------------------------------------------------------------------
2020-02-12 21:52:00.634 [Info] Acquired. (0ms)

--------------------------------------------------------------------------------
2020-02-12 21:52:00.634 [Info] Beginning context dispose. (0ms)

--------------------------------------------------------------------------------
2020-02-12 21:52:00.635 [Info] Disposing network... (0ms)

--------------------------------------------------------------------------------
2020-02-12 21:52:00.636 [Info] Saving player database... (1ms)

--------------------------------------------------------------------------------
2020-02-12 21:52:00.640 [Info] Saving game database... (5ms)

--------------------------------------------------------------------------------
2020-02-12 21:52:00.640 [Info] Shutting down the API... (5ms)

--------------------------------------------------------------------------------
2020-02-12 21:52:00.641 [Info] Shutting down the logic thread... (5ms)

--------------------------------------------------------------------------------
2020-02-12 21:52:00.642 [Info] Base dispose. (7ms)

--------------------------------------------------------------------------------
2020-02-12 21:52:00.642 [Info] Finished disposing server context. (7ms)

--------------------------------------------------------------------------------
2020-02-12 21:52:00.642 [Info] GC.SuppressFinalize (8ms)

--------------------------------------------------------------------------------
2020-02-12 21:52:00.642 [Info] InternalDispose() completed. (8ms)

--------------------------------------------------------------------------------
2020-02-12 21:52:00.642 [Info] Clearing instance... (8ms)

--------------------------------------------------------------------------------
2020-02-12 21:52:00.642 [Info] Releasing context lock... (8ms)

--------------------------------------------------------------------------------
2020-02-12 21:52:00.642 [Info] Released. (8ms)

--------------------------------------------------------------------------------
