2020-02-13 20:42:07.502 [Debug] Loaded new formula from BaseExp * Power(Gain, Level).

--------------------------------------------------------------------------------
2020-02-13 20:42:07.508 [Debug] Loaded new formula from BaseExp * Power(Gain, Level).

--------------------------------------------------------------------------------
Listening on 0.0.0.0:5400.

--------------------------------------------------------------------------------
UPnP Service Initialization Succeeded

--------------------------------------------------------------------------------
Successfully auto port forwarded udp port 5400 using UPnP.

--------------------------------------------------------------------------------
2020-02-13 20:42:18.786 [Info] Connection approved [8e08751c-dc37-4f13-8917-3c37e4b36c88].

--------------------------------------------------------------------------------
2020-02-13 20:42:18.805 [Debug] Connection established to remote [8e08751c-dc37-4f13-8917-3c37e4b36c88/127.0.0.1:56052].

--------------------------------------------------------------------------------
2020-02-13 20:42:18.805 [Info] Connected [8e08751c-dc37-4f13-8917-3c37e4b36c88].

--------------------------------------------------------------------------------
2020-02-13 20:42:19.840 [Debug] Took 322ms to load player from db!

--------------------------------------------------------------------------------
2020-02-13 21:17:42.425 [Debug] StatusChanged: [NetIncomingMessage #76 10 bytes] [Disconnected]

--------------------------------------------------------------------------------
2020-02-13 21:17:42.426 [Debug] Connectioned terminated to remote [8e08751c-dc37-4f13-8917-3c37e4b36c88/127.0.0.1:56052].

--------------------------------------------------------------------------------
2020-02-13 21:17:42.426 [Info] Disconnected [8e08751c-dc37-4f13-8917-3c37e4b36c88].

--------------------------------------------------------------------------------
2020-02-13 21:17:42.427 [Debug] Client disconnected (AEON->[editor])

--------------------------------------------------------------------------------
2020-02-13 21:17:44.746 [Info] Acquiring context lock... (0ms)

--------------------------------------------------------------------------------
2020-02-13 21:17:44.746 [Info] Acquired. (0ms)

--------------------------------------------------------------------------------
2020-02-13 21:17:44.746 [Info] Beginning context dispose. (0ms)

--------------------------------------------------------------------------------
2020-02-13 21:17:44.748 [Info] Disposing network... (0ms)

--------------------------------------------------------------------------------
2020-02-13 21:17:44.749 [Info] Saving player database... (1ms)

--------------------------------------------------------------------------------
2020-02-13 21:17:44.751 [Info] Saving game database... (4ms)

--------------------------------------------------------------------------------
2020-02-13 21:17:44.752 [Info] Shutting down the API... (4ms)

--------------------------------------------------------------------------------
2020-02-13 21:17:44.752 [Info] Shutting down the logic thread... (5ms)

--------------------------------------------------------------------------------
2020-02-13 21:17:44.754 [Info] Base dispose. (6ms)

--------------------------------------------------------------------------------
2020-02-13 21:17:44.754 [Info] Finished disposing server context. (6ms)

--------------------------------------------------------------------------------
2020-02-13 21:17:44.754 [Info] GC.SuppressFinalize (7ms)

--------------------------------------------------------------------------------
2020-02-13 21:17:44.754 [Info] InternalDispose() completed. (7ms)

--------------------------------------------------------------------------------
2020-02-13 21:17:44.754 [Info] Clearing instance... (7ms)

--------------------------------------------------------------------------------
2020-02-13 21:17:44.754 [Info] Releasing context lock... (7ms)

--------------------------------------------------------------------------------
2020-02-13 21:17:44.754 [Info] Released. (8ms)

--------------------------------------------------------------------------------
