2020-02-21 21:19:02.468 [Debug] Loaded new formula from BaseExp * Power(Gain, Level).

--------------------------------------------------------------------------------
2020-02-21 21:19:02.471 [Debug] Loaded new formula from BaseExp * Power(Gain, Level).

--------------------------------------------------------------------------------
Listening on 0.0.0.0:5400.

--------------------------------------------------------------------------------
UPnP Service Initialization Succeeded

--------------------------------------------------------------------------------
Successfully auto port forwarded udp port 5400 using UPnP.

--------------------------------------------------------------------------------
2020-02-21 21:19:07.219 [Info] Connection approved [8d727f36-dfa9-4e1b-b7ad-62cf08a2ae62].

--------------------------------------------------------------------------------
2020-02-21 21:19:07.237 [Debug] Connection established to remote [8d727f36-dfa9-4e1b-b7ad-62cf08a2ae62/127.0.0.1:51391].

--------------------------------------------------------------------------------
2020-02-21 21:19:07.237 [Info] Connected [8d727f36-dfa9-4e1b-b7ad-62cf08a2ae62].

--------------------------------------------------------------------------------
2020-02-21 21:19:07.949 [Debug] Took 350ms to load player from db!

--------------------------------------------------------------------------------
2020-02-21 21:23:03.038 [Info] Connection approved [cd77a7e9-05f6-49dc-966c-ec41763e4984].

--------------------------------------------------------------------------------
2020-02-21 21:23:03.052 [Debug] Connection established to remote [cd77a7e9-05f6-49dc-966c-ec41763e4984/127.0.0.1:60288].

--------------------------------------------------------------------------------
2020-02-21 21:23:03.052 [Info] Connected [cd77a7e9-05f6-49dc-966c-ec41763e4984].

--------------------------------------------------------------------------------
2020-02-21 21:23:05.016 [Debug] Took 0ms to send game data to client!

--------------------------------------------------------------------------------
2020-02-21 21:23:35.999 [Debug] StatusChanged: [NetIncomingMessage #34 11 bytes] [Disconnected]

--------------------------------------------------------------------------------
2020-02-21 21:23:35.999 [Debug] Connectioned terminated to remote [cd77a7e9-05f6-49dc-966c-ec41763e4984/127.0.0.1:60288].

--------------------------------------------------------------------------------
2020-02-21 21:23:36.000 [Info] Disconnected [cd77a7e9-05f6-49dc-966c-ec41763e4984].

--------------------------------------------------------------------------------
2020-02-21 21:23:36.000 [Debug] Client disconnected (AEON->AEON)

--------------------------------------------------------------------------------
2020-02-21 21:25:17.374 [Debug] StatusChanged: [NetIncomingMessage #78 10 bytes] [Disconnected]

--------------------------------------------------------------------------------
2020-02-21 21:25:17.374 [Debug] Connectioned terminated to remote [8d727f36-dfa9-4e1b-b7ad-62cf08a2ae62/127.0.0.1:51391].

--------------------------------------------------------------------------------
2020-02-21 21:25:17.374 [Info] Disconnected [8d727f36-dfa9-4e1b-b7ad-62cf08a2ae62].

--------------------------------------------------------------------------------
2020-02-21 21:25:17.374 [Debug] Client disconnected (AEON->[editor])

--------------------------------------------------------------------------------
2020-02-21 21:25:19.553 [Info] Acquiring context lock... (0ms)

--------------------------------------------------------------------------------
2020-02-21 21:25:19.553 [Info] Acquired. (0ms)

--------------------------------------------------------------------------------
2020-02-21 21:25:19.553 [Info] Beginning context dispose. (0ms)

--------------------------------------------------------------------------------
2020-02-21 21:25:19.554 [Info] Disposing network... (0ms)

--------------------------------------------------------------------------------
2020-02-21 21:25:19.555 [Info] Saving player database... (1ms)

--------------------------------------------------------------------------------
2020-02-21 21:25:19.558 [Info] Saving game database... (4ms)

--------------------------------------------------------------------------------
2020-02-21 21:25:19.562 [Info] Shutting down the API... (9ms)

--------------------------------------------------------------------------------
2020-02-21 21:25:19.563 [Info] Base dispose. (9ms)

--------------------------------------------------------------------------------
2020-02-21 21:25:19.563 [Info] Finished disposing server context. (9ms)

--------------------------------------------------------------------------------
2020-02-21 21:25:19.563 [Info] GC.SuppressFinalize (10ms)

--------------------------------------------------------------------------------
2020-02-21 21:25:19.563 [Info] InternalDispose() completed. (10ms)

--------------------------------------------------------------------------------
2020-02-21 21:25:19.563 [Info] Clearing instance... (10ms)

--------------------------------------------------------------------------------
2020-02-21 21:25:19.563 [Info] Releasing context lock... (10ms)

--------------------------------------------------------------------------------
2020-02-21 21:25:19.563 [Info] Released. (10ms)

--------------------------------------------------------------------------------
