2020-02-20 10:05:54.001 [Debug] Loaded new formula from BaseExp * Power(Gain, Level).

--------------------------------------------------------------------------------
2020-02-20 10:05:54.011 [Debug] Loaded new formula from BaseExp * Power(Gain, Level).

--------------------------------------------------------------------------------
Listening on 0.0.0.0:5400.

--------------------------------------------------------------------------------
2020-02-20 10:05:59.291 [Info] Connection approved [ca5bb619-712d-4e1a-b892-945e13427da0].

--------------------------------------------------------------------------------
2020-02-20 10:05:59.305 [Debug] Connection established to remote [ca5bb619-712d-4e1a-b892-945e13427da0/127.0.0.1:51000].

--------------------------------------------------------------------------------
2020-02-20 10:05:59.305 [Info] Connected [ca5bb619-712d-4e1a-b892-945e13427da0].

--------------------------------------------------------------------------------
UPnP Service Initialization Failed. You might not have a router, or UPnP on your router might be disabled.
  Message: Exception of type 'Open.Nat.NatDeviceNotFoundException' was thrown.
    Stack:    at Open.Nat.NatDiscoverer.<DiscoverDeviceAsync>d__5.MoveNext()
--- End of stack trace from previous location where exception was thrown ---
   at System.Runtime.ExceptionServices.ExceptionDispatchInfo.Throw()
   at System.Runtime.CompilerServices.TaskAwaiter.HandleNonSuccessAndDebuggerNotification(Task task)
   at System.Runtime.CompilerServices.TaskAwaiter`1.GetResult()
   at Intersect.Server.Networking.Helpers.UpnP.<ConnectNatDevice>d__4.MoveNext() in C:\TeamCity\buildAgent\work\6c64f60308be6068\Intersect.Server\Classes\Networking\Helpers\UPnP.cs:line 24


--------------------------------------------------------------------------------
2020-02-20 10:06:05.186 [Debug] Took 44ms to send game data to client!

--------------------------------------------------------------------------------
2020-02-20 10:10:08.186 [Debug] StatusChanged: [NetIncomingMessage #695 11 bytes] [Disconnected]

--------------------------------------------------------------------------------
2020-02-20 10:10:08.187 [Debug] Connectioned terminated to remote [ca5bb619-712d-4e1a-b892-945e13427da0/127.0.0.1:51000].

--------------------------------------------------------------------------------
2020-02-20 10:10:08.188 [Info] Disconnected [ca5bb619-712d-4e1a-b892-945e13427da0].

--------------------------------------------------------------------------------
2020-02-20 10:10:08.190 [Debug] Client disconnected (AEON->AEON)

--------------------------------------------------------------------------------
2020-02-20 10:10:11.355 [Info] Connection approved [964816fe-9ab2-4173-a2c8-8a64c84e8c4b].

--------------------------------------------------------------------------------
2020-02-20 10:10:11.361 [Debug] Connection established to remote [964816fe-9ab2-4173-a2c8-8a64c84e8c4b/127.0.0.1:50613].

--------------------------------------------------------------------------------
2020-02-20 10:10:11.361 [Info] Connected [964816fe-9ab2-4173-a2c8-8a64c84e8c4b].

--------------------------------------------------------------------------------
2020-02-20 10:10:12.059 [Debug] Took 11ms to load player from db!

--------------------------------------------------------------------------------
2020-02-20 10:11:43.377 [Info] Acquiring context lock... (0ms)

--------------------------------------------------------------------------------
2020-02-20 10:11:43.378 [Info] Acquired. (0ms)

--------------------------------------------------------------------------------
2020-02-20 10:11:43.378 [Info] Beginning context dispose. (0ms)

--------------------------------------------------------------------------------
2020-02-20 10:11:43.381 [Info] Disposing network... (1ms)

--------------------------------------------------------------------------------
2020-02-20 10:11:43.384 [Debug] StatusChanged: [NetIncomingMessage #16 11 bytes] [Disconnecting]

--------------------------------------------------------------------------------
2020-02-20 10:11:43.386 [Info] Saving player database... (7ms)

--------------------------------------------------------------------------------
2020-02-20 10:11:43.391 [Debug] StatusChanged: [NetIncomingMessage #17 11 bytes] [Disconnected]

--------------------------------------------------------------------------------
2020-02-20 10:11:43.393 [Info] Saving game database... (14ms)

--------------------------------------------------------------------------------
2020-02-20 10:11:43.399 [Info] Shutting down the API... (20ms)

--------------------------------------------------------------------------------
2020-02-20 10:11:43.401 [Info] Base dispose. (21ms)

--------------------------------------------------------------------------------
2020-02-20 10:11:43.401 [Info] Finished disposing server context. (22ms)

--------------------------------------------------------------------------------
2020-02-20 10:11:43.401 [Info] GC.SuppressFinalize (23ms)

--------------------------------------------------------------------------------
2020-02-20 10:11:43.401 [Info] InternalDispose() completed. (23ms)

--------------------------------------------------------------------------------
2020-02-20 10:11:43.401 [Info] Clearing instance... (24ms)

--------------------------------------------------------------------------------
2020-02-20 10:11:43.402 [Info] Releasing context lock... (24ms)

--------------------------------------------------------------------------------
2020-02-20 10:11:43.402 [Info] Released. (24ms)

--------------------------------------------------------------------------------
