2020-02-28 19:04:03.150 [Debug] Loaded new formula from BaseExp * Power(Gain, Level).

--------------------------------------------------------------------------------
2020-02-28 19:04:03.157 [Debug] Loaded new formula from BaseExp * Power(Gain, Level).

--------------------------------------------------------------------------------
Listening on 0.0.0.0:5400.

--------------------------------------------------------------------------------
UPnP Service Initialization Succeeded

--------------------------------------------------------------------------------
Successfully auto port forwarded udp port 5400 using UPnP.

--------------------------------------------------------------------------------
2020-02-28 19:04:11.267 [Info] Connection approved [ac9164c3-d4fa-479b-94b7-ccd6dd7dc5d5].

--------------------------------------------------------------------------------
2020-02-28 19:04:11.273 [Debug] Connection established to remote [ac9164c3-d4fa-479b-94b7-ccd6dd7dc5d5/127.0.0.1:54936].

--------------------------------------------------------------------------------
2020-02-28 19:04:11.274 [Info] Connected [ac9164c3-d4fa-479b-94b7-ccd6dd7dc5d5].

--------------------------------------------------------------------------------
2020-02-28 19:04:12.540 [Debug] Took 331ms to load player from db!

--------------------------------------------------------------------------------
2020-02-28 19:30:07.637 [Info] Connection approved [c6826b1e-4d0d-4102-9cb2-c89121ee5387].

--------------------------------------------------------------------------------
2020-02-28 19:30:07.647 [Debug] Connection established to remote [c6826b1e-4d0d-4102-9cb2-c89121ee5387/127.0.0.1:63282].

--------------------------------------------------------------------------------
2020-02-28 19:30:07.647 [Info] Connected [c6826b1e-4d0d-4102-9cb2-c89121ee5387].

--------------------------------------------------------------------------------
2020-02-28 19:30:10.131 [Debug] Took 0ms to send game data to client!

--------------------------------------------------------------------------------
2020-02-28 19:31:14.830 [Debug] StatusChanged: [NetIncomingMessage #219 11 bytes] [Disconnected]

--------------------------------------------------------------------------------
2020-02-28 19:31:14.831 [Debug] Connectioned terminated to remote [c6826b1e-4d0d-4102-9cb2-c89121ee5387/127.0.0.1:63282].

--------------------------------------------------------------------------------
2020-02-28 19:31:14.831 [Info] Disconnected [c6826b1e-4d0d-4102-9cb2-c89121ee5387].

--------------------------------------------------------------------------------
2020-02-28 19:31:14.831 [Debug] Client disconnected (AEON->AEON)

--------------------------------------------------------------------------------
2020-02-28 19:31:28.572 [Info] Connection approved [55e7e4a3-dae1-4469-987f-c04713bcbe9b].

--------------------------------------------------------------------------------
2020-02-28 19:31:28.587 [Debug] Connection established to remote [55e7e4a3-dae1-4469-987f-c04713bcbe9b/127.0.0.1:49662].

--------------------------------------------------------------------------------
2020-02-28 19:31:28.587 [Info] Connected [55e7e4a3-dae1-4469-987f-c04713bcbe9b].

--------------------------------------------------------------------------------
2020-02-28 19:31:32.345 [Debug] Took 0ms to send game data to client!

--------------------------------------------------------------------------------
2020-02-28 19:35:07.330 [Debug] StatusChanged: [NetIncomingMessage #792 11 bytes] [Disconnected]

--------------------------------------------------------------------------------
2020-02-28 19:35:07.330 [Debug] Connectioned terminated to remote [55e7e4a3-dae1-4469-987f-c04713bcbe9b/127.0.0.1:49662].

--------------------------------------------------------------------------------
2020-02-28 19:35:07.330 [Info] Disconnected [55e7e4a3-dae1-4469-987f-c04713bcbe9b].

--------------------------------------------------------------------------------
2020-02-28 19:35:07.330 [Debug] Client disconnected (AEON->AEON)

--------------------------------------------------------------------------------
2020-02-28 19:44:05.601 [Info] Connection approved [5f918353-92a8-439e-b798-2d822dfa6dc9].

--------------------------------------------------------------------------------
2020-02-28 19:44:05.616 [Debug] Connection established to remote [5f918353-92a8-439e-b798-2d822dfa6dc9/127.0.0.1:51726].

--------------------------------------------------------------------------------
2020-02-28 19:44:05.616 [Info] Connected [5f918353-92a8-439e-b798-2d822dfa6dc9].

--------------------------------------------------------------------------------
2020-02-28 19:44:07.673 [Debug] Took 0ms to send game data to client!

--------------------------------------------------------------------------------
2020-02-28 19:46:02.955 [Debug] StatusChanged: [NetIncomingMessage #324 11 bytes] [Disconnected]

--------------------------------------------------------------------------------
2020-02-28 19:46:02.955 [Debug] Connectioned terminated to remote [5f918353-92a8-439e-b798-2d822dfa6dc9/127.0.0.1:51726].

--------------------------------------------------------------------------------
2020-02-28 19:46:02.955 [Info] Disconnected [5f918353-92a8-439e-b798-2d822dfa6dc9].

--------------------------------------------------------------------------------
2020-02-28 19:46:02.955 [Debug] Client disconnected (AEON->AEON)

--------------------------------------------------------------------------------
2020-02-28 19:46:17.705 [Debug] StatusChanged: [NetIncomingMessage #487 10 bytes] [Disconnected]

--------------------------------------------------------------------------------
2020-02-28 19:46:17.705 [Debug] Connectioned terminated to remote [ac9164c3-d4fa-479b-94b7-ccd6dd7dc5d5/127.0.0.1:54936].

--------------------------------------------------------------------------------
2020-02-28 19:46:17.705 [Info] Disconnected [ac9164c3-d4fa-479b-94b7-ccd6dd7dc5d5].

--------------------------------------------------------------------------------
2020-02-28 19:46:17.705 [Debug] Client disconnected (AEON->[editor])

--------------------------------------------------------------------------------
2020-02-28 19:46:23.184 [Info] Acquiring context lock... (0ms)

--------------------------------------------------------------------------------
2020-02-28 19:46:23.184 [Info] Acquired. (0ms)

--------------------------------------------------------------------------------
2020-02-28 19:46:23.184 [Info] Beginning context dispose. (0ms)

--------------------------------------------------------------------------------
2020-02-28 19:46:23.185 [Info] Disposing network... (0ms)

--------------------------------------------------------------------------------
2020-02-28 19:46:23.186 [Info] Saving player database... (1ms)

--------------------------------------------------------------------------------
2020-02-28 19:46:23.189 [Info] Saving game database... (3ms)

--------------------------------------------------------------------------------
2020-02-28 19:46:23.194 [Info] Shutting down the API... (9ms)

--------------------------------------------------------------------------------
2020-02-28 19:46:23.195 [Info] Base dispose. (10ms)

--------------------------------------------------------------------------------
2020-02-28 19:46:23.195 [Info] Finished disposing server context. (10ms)

--------------------------------------------------------------------------------
2020-02-28 19:46:23.195 [Info] GC.SuppressFinalize (10ms)

--------------------------------------------------------------------------------
2020-02-28 19:46:23.195 [Info] InternalDispose() completed. (10ms)

--------------------------------------------------------------------------------
2020-02-28 19:46:23.195 [Info] Clearing instance... (11ms)

--------------------------------------------------------------------------------
2020-02-28 19:46:23.195 [Info] Releasing context lock... (11ms)

--------------------------------------------------------------------------------
2020-02-28 19:46:23.195 [Info] Released. (11ms)

--------------------------------------------------------------------------------
