2020-02-27 19:35:39.394 [Debug] Loaded new formula from BaseExp * Power(Gain, Level).

--------------------------------------------------------------------------------
2020-02-27 19:35:39.401 [Debug] Loaded new formula from BaseExp * Power(Gain, Level).

--------------------------------------------------------------------------------
Listening on 0.0.0.0:5400.

--------------------------------------------------------------------------------
UPnP Service Initialization Succeeded

--------------------------------------------------------------------------------
Successfully auto port forwarded udp port 5400 using UPnP.

--------------------------------------------------------------------------------
2020-02-27 19:37:03.195 [Info] Connection approved [04b1369b-baca-48ce-98ee-6e923883327d].

--------------------------------------------------------------------------------
2020-02-27 19:37:03.212 [Debug] Connection established to remote [04b1369b-baca-48ce-98ee-6e923883327d/127.0.0.1:54924].

--------------------------------------------------------------------------------
2020-02-27 19:37:03.212 [Info] Connected [04b1369b-baca-48ce-98ee-6e923883327d].

--------------------------------------------------------------------------------
2020-02-27 19:37:19.511 [Debug] Took 353ms to load player from db!

--------------------------------------------------------------------------------
2020-02-27 19:54:06.871 [Info] Connection approved [1fb4925b-6105-4974-a2e8-4167c9a793fc].

--------------------------------------------------------------------------------
2020-02-27 19:54:06.882 [Debug] Connection established to remote [1fb4925b-6105-4974-a2e8-4167c9a793fc/127.0.0.1:56538].

--------------------------------------------------------------------------------
2020-02-27 19:54:06.882 [Info] Connected [1fb4925b-6105-4974-a2e8-4167c9a793fc].

--------------------------------------------------------------------------------
2020-02-27 19:54:09.255 [Debug] Took 0ms to send game data to client!

--------------------------------------------------------------------------------
2020-02-27 19:55:14.581 [Debug] StatusChanged: [NetIncomingMessage #139 11 bytes] [Disconnected]

--------------------------------------------------------------------------------
2020-02-27 19:55:14.581 [Debug] Connectioned terminated to remote [1fb4925b-6105-4974-a2e8-4167c9a793fc/127.0.0.1:56538].

--------------------------------------------------------------------------------
2020-02-27 19:55:14.582 [Info] Disconnected [1fb4925b-6105-4974-a2e8-4167c9a793fc].

--------------------------------------------------------------------------------
2020-02-27 19:55:14.582 [Debug] Client disconnected (AEON->AEON)

--------------------------------------------------------------------------------
2020-02-27 19:56:35.166 [Info] Connection approved [fdbdee36-f1ba-47a0-afdd-bd6cc0d04395].

--------------------------------------------------------------------------------
2020-02-27 19:56:35.180 [Debug] Connection established to remote [fdbdee36-f1ba-47a0-afdd-bd6cc0d04395/127.0.0.1:50725].

--------------------------------------------------------------------------------
2020-02-27 19:56:35.180 [Info] Connected [fdbdee36-f1ba-47a0-afdd-bd6cc0d04395].

--------------------------------------------------------------------------------
2020-02-27 19:56:37.077 [Debug] Took 0ms to send game data to client!

--------------------------------------------------------------------------------
2020-02-27 19:56:45.832 [Debug] StatusChanged: [NetIncomingMessage #14 11 bytes] [Disconnected]

--------------------------------------------------------------------------------
2020-02-27 19:56:45.832 [Debug] Connectioned terminated to remote [fdbdee36-f1ba-47a0-afdd-bd6cc0d04395/127.0.0.1:50725].

--------------------------------------------------------------------------------
2020-02-27 19:56:45.832 [Info] Disconnected [fdbdee36-f1ba-47a0-afdd-bd6cc0d04395].

--------------------------------------------------------------------------------
2020-02-27 19:56:45.832 [Debug] Client disconnected (AEON->AEON)

--------------------------------------------------------------------------------
2020-02-27 19:57:23.323 [Info] Connection approved [95278c9b-a3fb-4e29-941b-6d6462800709].

--------------------------------------------------------------------------------
2020-02-27 19:57:23.335 [Debug] Connection established to remote [95278c9b-a3fb-4e29-941b-6d6462800709/127.0.0.1:57152].

--------------------------------------------------------------------------------
2020-02-27 19:57:23.335 [Info] Connected [95278c9b-a3fb-4e29-941b-6d6462800709].

--------------------------------------------------------------------------------
2020-02-27 19:57:25.211 [Debug] Took 0ms to send game data to client!

--------------------------------------------------------------------------------
2020-02-27 19:58:13.330 [Debug] StatusChanged: [NetIncomingMessage #61 11 bytes] [Disconnected]

--------------------------------------------------------------------------------
2020-02-27 19:58:13.330 [Debug] Connectioned terminated to remote [95278c9b-a3fb-4e29-941b-6d6462800709/127.0.0.1:57152].

--------------------------------------------------------------------------------
2020-02-27 19:58:13.330 [Info] Disconnected [95278c9b-a3fb-4e29-941b-6d6462800709].

--------------------------------------------------------------------------------
2020-02-27 19:58:13.330 [Debug] Client disconnected (AEON->AEON)

--------------------------------------------------------------------------------
2020-02-27 19:59:07.205 [Debug] StatusChanged: [NetIncomingMessage #147 10 bytes] [Disconnected]

--------------------------------------------------------------------------------
2020-02-27 19:59:07.205 [Debug] Connectioned terminated to remote [04b1369b-baca-48ce-98ee-6e923883327d/127.0.0.1:54924].

--------------------------------------------------------------------------------
2020-02-27 19:59:07.205 [Info] Disconnected [04b1369b-baca-48ce-98ee-6e923883327d].

--------------------------------------------------------------------------------
2020-02-27 19:59:07.205 [Debug] Client disconnected (AEON->[editor])

--------------------------------------------------------------------------------
2020-02-27 19:59:20.614 [Info] Acquiring context lock... (0ms)

--------------------------------------------------------------------------------
2020-02-27 19:59:20.614 [Info] Acquired. (0ms)

--------------------------------------------------------------------------------
2020-02-27 19:59:20.614 [Info] Beginning context dispose. (0ms)

--------------------------------------------------------------------------------
2020-02-27 19:59:20.615 [Info] Disposing network... (0ms)

--------------------------------------------------------------------------------
2020-02-27 19:59:20.616 [Info] Saving player database... (1ms)

--------------------------------------------------------------------------------
2020-02-27 19:59:20.619 [Info] Saving game database... (3ms)

--------------------------------------------------------------------------------
2020-02-27 19:59:20.624 [Info] Shutting down the API... (9ms)

--------------------------------------------------------------------------------
2020-02-27 19:59:20.624 [Info] Base dispose. (9ms)

--------------------------------------------------------------------------------
2020-02-27 19:59:20.624 [Info] Finished disposing server context. (9ms)

--------------------------------------------------------------------------------
2020-02-27 19:59:20.625 [Info] GC.SuppressFinalize (10ms)

--------------------------------------------------------------------------------
2020-02-27 19:59:20.625 [Info] InternalDispose() completed. (10ms)

--------------------------------------------------------------------------------
2020-02-27 19:59:20.625 [Info] Clearing instance... (10ms)

--------------------------------------------------------------------------------
2020-02-27 19:59:20.625 [Info] Releasing context lock... (10ms)

--------------------------------------------------------------------------------
2020-02-27 19:59:20.625 [Info] Released. (10ms)

--------------------------------------------------------------------------------
