2020-03-13 09:05:28.100 [Debug] Loaded new formula from BaseExp * Power(Gain, Level).

--------------------------------------------------------------------------------
2020-03-13 09:05:28.112 [Debug] Loaded new formula from BaseExp * Power(Gain, Level).

--------------------------------------------------------------------------------
Listening on 0.0.0.0:5400.

--------------------------------------------------------------------------------
2020-03-13 09:05:34.463 [Info] Connection approved [eaaddf44-8d8c-48a6-8fae-bf4ca3661208].

--------------------------------------------------------------------------------
2020-03-13 09:05:34.476 [Debug] Connection established to remote [eaaddf44-8d8c-48a6-8fae-bf4ca3661208/127.0.0.1:64507].

--------------------------------------------------------------------------------
2020-03-13 09:05:34.476 [Info] Connected [eaaddf44-8d8c-48a6-8fae-bf4ca3661208].

--------------------------------------------------------------------------------
2020-03-13 09:05:36.188 [Debug] Took 560ms to load player from db!

--------------------------------------------------------------------------------
UPnP Service Initialization Failed. You might not have a router, or UPnP on your router might be disabled.
  Message: Exception of type 'Open.Nat.NatDeviceNotFoundException' was thrown.
    Stack:    at Open.Nat.NatDiscoverer.<DiscoverDeviceAsync>d__5.MoveNext()
--- End of stack trace from previous location where exception was thrown ---
   at System.Runtime.ExceptionServices.ExceptionDispatchInfo.Throw()
   at System.Runtime.CompilerServices.TaskAwaiter.HandleNonSuccessAndDebuggerNotification(Task task)
   at System.Runtime.CompilerServices.TaskAwaiter`1.GetResult()
   at Intersect.Server.Networking.Helpers.UpnP.<ConnectNatDevice>d__4.MoveNext() in C:\TeamCity\buildAgent\work\6c64f60308be6068\Intersect.Server\Classes\Networking\Helpers\UPnP.cs:line 24


--------------------------------------------------------------------------------
2020-03-13 09:14:22.284 [Debug] StatusChanged: [NetIncomingMessage #172 10 bytes] [Disconnected]

--------------------------------------------------------------------------------
2020-03-13 09:14:22.284 [Debug] Connectioned terminated to remote [eaaddf44-8d8c-48a6-8fae-bf4ca3661208/127.0.0.1:64507].

--------------------------------------------------------------------------------
2020-03-13 09:14:22.284 [Info] Disconnected [eaaddf44-8d8c-48a6-8fae-bf4ca3661208].

--------------------------------------------------------------------------------
2020-03-13 09:14:22.285 [Debug] Client disconnected (AEON->[editor])

--------------------------------------------------------------------------------
2020-03-13 09:14:23.661 [Info] Acquiring context lock... (0ms)

--------------------------------------------------------------------------------
2020-03-13 09:14:23.661 [Info] Acquired. (0ms)

--------------------------------------------------------------------------------
2020-03-13 09:14:23.662 [Info] Beginning context dispose. (0ms)

--------------------------------------------------------------------------------
2020-03-13 09:14:23.664 [Info] Disposing network... (0ms)

--------------------------------------------------------------------------------
2020-03-13 09:14:23.666 [Info] Saving player database... (3ms)

--------------------------------------------------------------------------------
2020-03-13 09:14:23.670 [Info] Saving game database... (7ms)

--------------------------------------------------------------------------------
2020-03-13 09:14:23.685 [Info] Shutting down the API... (21ms)

--------------------------------------------------------------------------------
2020-03-13 09:14:23.685 [Info] Shutting down the console thread... (21ms)

--------------------------------------------------------------------------------
2020-03-13 09:14:24.690 [Info] Base dispose. (1026ms)

--------------------------------------------------------------------------------
2020-03-13 09:14:24.691 [Info] Finished disposing server context. (1026ms)

--------------------------------------------------------------------------------
2020-03-13 09:14:24.691 [Info] GC.SuppressFinalize (1028ms)

--------------------------------------------------------------------------------
2020-03-13 09:14:24.691 [Info] InternalDispose() completed. (1028ms)

--------------------------------------------------------------------------------
2020-03-13 09:14:24.691 [Info] Clearing instance... (1029ms)

--------------------------------------------------------------------------------
2020-03-13 09:14:24.692 [Info] Releasing context lock... (1030ms)

--------------------------------------------------------------------------------
2020-03-13 09:14:24.692 [Info] Released. (1030ms)

--------------------------------------------------------------------------------
