2020-02-15 23:15:48.259 [Debug] Loaded new formula from BaseExp * Power(Gain, Level).

--------------------------------------------------------------------------------
2020-02-15 23:15:48.266 [Debug] Loaded new formula from BaseExp * Power(Gain, Level).

--------------------------------------------------------------------------------
Listening on 0.0.0.0:5400.

--------------------------------------------------------------------------------
UPnP Service Initialization Succeeded

--------------------------------------------------------------------------------
2020-02-15 23:15:54.773 [Info] Connection approved [97462784-8a11-4288-bbcb-8b8fbbfce528].

--------------------------------------------------------------------------------
2020-02-15 23:15:54.790 [Debug] Connection established to remote [97462784-8a11-4288-bbcb-8b8fbbfce528/127.0.0.1:49985].

--------------------------------------------------------------------------------
2020-02-15 23:15:54.790 [Info] Connected [97462784-8a11-4288-bbcb-8b8fbbfce528].

--------------------------------------------------------------------------------
Successfully auto port forwarded udp port 5400 using UPnP.

--------------------------------------------------------------------------------
2020-02-15 23:20:08.084 [Debug] Took 393ms to load player from db!

--------------------------------------------------------------------------------
2020-02-15 23:32:44.269 [Debug] StatusChanged: [NetIncomingMessage #37 10 bytes] [Disconnected]

--------------------------------------------------------------------------------
2020-02-15 23:32:44.270 [Debug] Connectioned terminated to remote [97462784-8a11-4288-bbcb-8b8fbbfce528/127.0.0.1:49985].

--------------------------------------------------------------------------------
2020-02-15 23:32:44.270 [Info] Disconnected [97462784-8a11-4288-bbcb-8b8fbbfce528].

--------------------------------------------------------------------------------
2020-02-15 23:32:44.270 [Debug] Client disconnected (AEON->[editor])

--------------------------------------------------------------------------------
2020-02-16 02:35:11.735 [Info] Acquiring context lock... (0ms)

--------------------------------------------------------------------------------
2020-02-16 02:35:11.735 [Info] Acquired. (0ms)

--------------------------------------------------------------------------------
2020-02-16 02:35:11.735 [Info] Beginning context dispose. (0ms)

--------------------------------------------------------------------------------
2020-02-16 02:35:11.736 [Info] Disposing network... (0ms)

--------------------------------------------------------------------------------
2020-02-16 02:35:11.737 [Info] Saving player database... (1ms)

--------------------------------------------------------------------------------
2020-02-16 02:35:11.739 [Info] Saving game database... (3ms)

--------------------------------------------------------------------------------
2020-02-16 02:35:11.742 [Info] Shutting down the API... (6ms)

--------------------------------------------------------------------------------
2020-02-16 02:35:11.742 [Info] Shutting down the logic thread... (6ms)

--------------------------------------------------------------------------------
2020-02-16 02:35:11.744 [Info] Base dispose. (8ms)

--------------------------------------------------------------------------------
2020-02-16 02:35:11.744 [Info] Finished disposing server context. (8ms)

--------------------------------------------------------------------------------
2020-02-16 02:35:11.744 [Info] GC.SuppressFinalize (8ms)

--------------------------------------------------------------------------------
2020-02-16 02:35:11.744 [Info] InternalDispose() completed. (8ms)

--------------------------------------------------------------------------------
2020-02-16 02:35:11.744 [Info] Clearing instance... (9ms)

--------------------------------------------------------------------------------
2020-02-16 02:35:11.744 [Info] Releasing context lock... (9ms)

--------------------------------------------------------------------------------
2020-02-16 02:35:11.744 [Info] Released. (9ms)

--------------------------------------------------------------------------------
