2020-02-28 14:17:59.459 [Debug] Loaded new formula from BaseExp * Power(Gain, Level).

--------------------------------------------------------------------------------
2020-02-28 14:17:59.472 [Debug] Loaded new formula from BaseExp * Power(Gain, Level).

--------------------------------------------------------------------------------
Listening on 0.0.0.0:5400.

--------------------------------------------------------------------------------
2020-02-28 14:18:03.951 [Info] Connection approved [dbdb0108-e83e-4605-95eb-81abc60aac8e].

--------------------------------------------------------------------------------
2020-02-28 14:18:03.963 [Debug] Connection established to remote [dbdb0108-e83e-4605-95eb-81abc60aac8e/127.0.0.1:54690].

--------------------------------------------------------------------------------
2020-02-28 14:18:03.963 [Info] Connected [dbdb0108-e83e-4605-95eb-81abc60aac8e].

--------------------------------------------------------------------------------
UPnP Service Initialization Failed. You might not have a router, or UPnP on your router might be disabled.
  Message: Exception of type 'Open.Nat.NatDeviceNotFoundException' was thrown.
    Stack:    at Open.Nat.NatDiscoverer.<DiscoverDeviceAsync>d__5.MoveNext()
--- End of stack trace from previous location where exception was thrown ---
   at System.Runtime.ExceptionServices.ExceptionDispatchInfo.Throw()
   at System.Runtime.CompilerServices.TaskAwaiter.HandleNonSuccessAndDebuggerNotification(Task task)
   at System.Runtime.CompilerServices.TaskAwaiter`1.GetResult()
   at Intersect.Server.Networking.Helpers.UpnP.<ConnectNatDevice>d__4.MoveNext() in C:\TeamCity\buildAgent\work\6c64f60308be6068\Intersect.Server\Classes\Networking\Helpers\UPnP.cs:line 24


--------------------------------------------------------------------------------
2020-02-28 14:18:09.929 [Debug] Took 29ms to send game data to client!

--------------------------------------------------------------------------------
2020-02-28 14:19:09.346 [Debug] StatusChanged: [NetIncomingMessage #171 11 bytes] [Disconnected]

--------------------------------------------------------------------------------
2020-02-28 14:19:09.346 [Debug] Connectioned terminated to remote [dbdb0108-e83e-4605-95eb-81abc60aac8e/127.0.0.1:54690].

--------------------------------------------------------------------------------
2020-02-28 14:19:09.346 [Info] Disconnected [dbdb0108-e83e-4605-95eb-81abc60aac8e].

--------------------------------------------------------------------------------
2020-02-28 14:19:09.347 [Debug] Client disconnected (AEON->AEON)

--------------------------------------------------------------------------------
2020-02-28 14:19:12.345 [Info] Connection approved [5c1642ba-7488-4012-8c83-e669c72cd017].

--------------------------------------------------------------------------------
2020-02-28 14:19:12.363 [Debug] Connection established to remote [5c1642ba-7488-4012-8c83-e669c72cd017/127.0.0.1:58794].

--------------------------------------------------------------------------------
2020-02-28 14:19:12.363 [Info] Connected [5c1642ba-7488-4012-8c83-e669c72cd017].

--------------------------------------------------------------------------------
2020-02-28 14:19:12.935 [Debug] Took 11ms to load player from db!

--------------------------------------------------------------------------------
2020-02-28 14:20:33.304 [Info] Connection approved [77ce255b-cb91-4b02-9ec0-afa36b25a4b5].

--------------------------------------------------------------------------------
2020-02-28 14:20:33.320 [Debug] Connection established to remote [77ce255b-cb91-4b02-9ec0-afa36b25a4b5/127.0.0.1:65483].

--------------------------------------------------------------------------------
2020-02-28 14:20:33.320 [Info] Connected [77ce255b-cb91-4b02-9ec0-afa36b25a4b5].

--------------------------------------------------------------------------------
2020-02-28 14:20:36.182 [Debug] Took 2ms to send game data to client!

--------------------------------------------------------------------------------
2020-02-28 14:20:53.343 [Debug] StatusChanged: [NetIncomingMessage #18 11 bytes] [Disconnected]

--------------------------------------------------------------------------------
2020-02-28 14:20:53.343 [Debug] Connectioned terminated to remote [77ce255b-cb91-4b02-9ec0-afa36b25a4b5/127.0.0.1:65483].

--------------------------------------------------------------------------------
2020-02-28 14:20:53.343 [Info] Disconnected [77ce255b-cb91-4b02-9ec0-afa36b25a4b5].

--------------------------------------------------------------------------------
2020-02-28 14:20:53.343 [Debug] Client disconnected (AEON->AEON)

--------------------------------------------------------------------------------
2020-02-28 14:20:58.093 [Debug] StatusChanged: [NetIncomingMessage #19 10 bytes] [Disconnected]

--------------------------------------------------------------------------------
2020-02-28 14:20:58.093 [Debug] Connectioned terminated to remote [5c1642ba-7488-4012-8c83-e669c72cd017/127.0.0.1:58794].

--------------------------------------------------------------------------------
2020-02-28 14:20:58.093 [Info] Disconnected [5c1642ba-7488-4012-8c83-e669c72cd017].

--------------------------------------------------------------------------------
2020-02-28 14:20:58.093 [Debug] Client disconnected (AEON->[editor])

--------------------------------------------------------------------------------
2020-02-28 14:21:01.445 [Info] Acquiring context lock... (0ms)

--------------------------------------------------------------------------------
2020-02-28 14:21:01.445 [Info] Acquired. (0ms)

--------------------------------------------------------------------------------
2020-02-28 14:21:01.445 [Info] Beginning context dispose. (0ms)

--------------------------------------------------------------------------------
2020-02-28 14:21:01.446 [Info] Disposing network... (0ms)

--------------------------------------------------------------------------------
2020-02-28 14:21:01.448 [Info] Saving player database... (2ms)

--------------------------------------------------------------------------------
2020-02-28 14:21:01.453 [Info] Saving game database... (6ms)

--------------------------------------------------------------------------------
2020-02-28 14:21:01.460 [Info] Shutting down the API... (14ms)

--------------------------------------------------------------------------------
2020-02-28 14:21:01.461 [Info] Base dispose. (14ms)

--------------------------------------------------------------------------------
2020-02-28 14:21:01.461 [Info] Finished disposing server context. (14ms)

--------------------------------------------------------------------------------
2020-02-28 14:21:01.461 [Info] GC.SuppressFinalize (15ms)

--------------------------------------------------------------------------------
2020-02-28 14:21:01.461 [Info] InternalDispose() completed. (15ms)

--------------------------------------------------------------------------------
2020-02-28 14:21:01.461 [Info] Clearing instance... (16ms)

--------------------------------------------------------------------------------
2020-02-28 14:21:01.461 [Info] Releasing context lock... (16ms)

--------------------------------------------------------------------------------
2020-02-28 14:21:01.461 [Info] Released. (16ms)

--------------------------------------------------------------------------------
