2020-02-12 21:39:01.454 [Debug] Loaded new formula from BaseExp * Power(Gain, Level).

--------------------------------------------------------------------------------
2020-02-12 21:39:01.457 [Debug] Loaded new formula from BaseExp * Power(Gain, Level).

--------------------------------------------------------------------------------
Listening on 0.0.0.0:5400.

--------------------------------------------------------------------------------
UPnP Service Initialization Succeeded

--------------------------------------------------------------------------------
Successfully auto port forwarded udp port 5400 using UPnP.

--------------------------------------------------------------------------------
2020-02-12 21:39:06.453 [Info] Connection approved [3505aae7-4ab9-49bd-9a98-ae856726ca9f].

--------------------------------------------------------------------------------
2020-02-12 21:39:06.462 [Debug] Connection established to remote [3505aae7-4ab9-49bd-9a98-ae856726ca9f/127.0.0.1:62956].

--------------------------------------------------------------------------------
2020-02-12 21:39:06.462 [Info] Connected [3505aae7-4ab9-49bd-9a98-ae856726ca9f].

--------------------------------------------------------------------------------
2020-02-12 21:39:16.931 [Debug] Took 11ms to send game data to client!

--------------------------------------------------------------------------------
2020-02-12 21:41:31.878 [Debug] StatusChanged: [NetIncomingMessage #244 11 bytes] [Disconnected]

--------------------------------------------------------------------------------
2020-02-12 21:41:31.879 [Debug] Connectioned terminated to remote [3505aae7-4ab9-49bd-9a98-ae856726ca9f/127.0.0.1:62956].

--------------------------------------------------------------------------------
2020-02-12 21:41:31.879 [Info] Disconnected [3505aae7-4ab9-49bd-9a98-ae856726ca9f].

--------------------------------------------------------------------------------
2020-02-12 21:41:31.879 [Debug] Client disconnected (AEON->AEON)

--------------------------------------------------------------------------------
2020-02-12 21:41:35.072 [Info] Connection approved [ff5287fd-8e76-4cc0-ab40-b410a8ef2d37].

--------------------------------------------------------------------------------
2020-02-12 21:41:35.083 [Debug] Connection established to remote [ff5287fd-8e76-4cc0-ab40-b410a8ef2d37/127.0.0.1:62951].

--------------------------------------------------------------------------------
2020-02-12 21:41:35.083 [Info] Connected [ff5287fd-8e76-4cc0-ab40-b410a8ef2d37].

--------------------------------------------------------------------------------
2020-02-12 21:41:35.814 [Debug] Took 4ms to load player from db!

--------------------------------------------------------------------------------
2020-02-12 21:50:52.376 [Debug] StatusChanged: [NetIncomingMessage #52 10 bytes] [Disconnected]

--------------------------------------------------------------------------------
2020-02-12 21:50:52.376 [Debug] Connectioned terminated to remote [ff5287fd-8e76-4cc0-ab40-b410a8ef2d37/127.0.0.1:62951].

--------------------------------------------------------------------------------
2020-02-12 21:50:52.376 [Info] Disconnected [ff5287fd-8e76-4cc0-ab40-b410a8ef2d37].

--------------------------------------------------------------------------------
2020-02-12 21:50:52.376 [Debug] Client disconnected (AEON->[editor])

--------------------------------------------------------------------------------
2020-02-12 21:50:54.368 [Info] Acquiring context lock... (0ms)

--------------------------------------------------------------------------------
2020-02-12 21:50:54.368 [Info] Acquired. (0ms)

--------------------------------------------------------------------------------
2020-02-12 21:50:54.368 [Info] Beginning context dispose. (0ms)

--------------------------------------------------------------------------------
2020-02-12 21:50:54.369 [Info] Disposing network... (0ms)

--------------------------------------------------------------------------------
2020-02-12 21:50:54.370 [Info] Saving player database... (1ms)

--------------------------------------------------------------------------------
2020-02-12 21:50:54.372 [Info] Saving game database... (3ms)

--------------------------------------------------------------------------------
2020-02-12 21:50:54.373 [Info] Shutting down the API... (4ms)

--------------------------------------------------------------------------------
2020-02-12 21:50:54.373 [Info] Shutting down the console thread... (4ms)

--------------------------------------------------------------------------------
2020-02-12 21:50:55.374 [Info] Base dispose. (1004ms)

--------------------------------------------------------------------------------
2020-02-12 21:50:55.374 [Info] Finished disposing server context. (1005ms)

--------------------------------------------------------------------------------
2020-02-12 21:50:55.374 [Info] GC.SuppressFinalize (1005ms)

--------------------------------------------------------------------------------
2020-02-12 21:50:55.374 [Info] InternalDispose() completed. (1005ms)

--------------------------------------------------------------------------------
2020-02-12 21:50:55.374 [Info] Clearing instance... (1006ms)

--------------------------------------------------------------------------------
2020-02-12 21:50:55.374 [Info] Releasing context lock... (1006ms)

--------------------------------------------------------------------------------
2020-02-12 21:50:55.374 [Info] Released. (1006ms)

--------------------------------------------------------------------------------
