2020-03-11 12:27:49.406 [Debug] Loaded new formula from BaseExp * Power(Gain, Level).

--------------------------------------------------------------------------------
2020-03-11 12:27:49.419 [Debug] Loaded new formula from BaseExp * Power(Gain, Level).

--------------------------------------------------------------------------------
Listening on 0.0.0.0:5400.

--------------------------------------------------------------------------------
UPnP Service Initialization Failed. You might not have a router, or UPnP on your router might be disabled.
  Message: Exception of type 'Open.Nat.NatDeviceNotFoundException' was thrown.
    Stack:    at Open.Nat.NatDiscoverer.<DiscoverDeviceAsync>d__5.MoveNext()
--- End of stack trace from previous location where exception was thrown ---
   at System.Runtime.ExceptionServices.ExceptionDispatchInfo.Throw()
   at System.Runtime.CompilerServices.TaskAwaiter.HandleNonSuccessAndDebuggerNotification(Task task)
   at System.Runtime.CompilerServices.TaskAwaiter`1.GetResult()
   at Intersect.Server.Networking.Helpers.UpnP.<ConnectNatDevice>d__4.MoveNext() in C:\TeamCity\buildAgent\work\6c64f60308be6068\Intersect.Server\Classes\Networking\Helpers\UPnP.cs:line 24


--------------------------------------------------------------------------------
2020-03-11 12:28:17.617 [Info] Connection approved [edf1fb33-337b-4463-aa2b-41027a99ea73].

--------------------------------------------------------------------------------
2020-03-11 12:28:17.627 [Debug] Connection established to remote [edf1fb33-337b-4463-aa2b-41027a99ea73/127.0.0.1:61650].

--------------------------------------------------------------------------------
2020-03-11 12:28:17.628 [Info] Connected [edf1fb33-337b-4463-aa2b-41027a99ea73].

--------------------------------------------------------------------------------
2020-03-11 12:28:38.324 [Debug] Took 539ms to load player from db!

--------------------------------------------------------------------------------
2020-03-11 13:24:55.030 [Debug] StatusChanged: [NetIncomingMessage #542 10 bytes] [Disconnected]

--------------------------------------------------------------------------------
2020-03-11 13:24:55.031 [Debug] Connectioned terminated to remote [edf1fb33-337b-4463-aa2b-41027a99ea73/127.0.0.1:61650].

--------------------------------------------------------------------------------
2020-03-11 13:24:55.031 [Info] Disconnected [edf1fb33-337b-4463-aa2b-41027a99ea73].

--------------------------------------------------------------------------------
2020-03-11 13:24:55.032 [Debug] Client disconnected (AEON->[editor])

--------------------------------------------------------------------------------
2020-03-11 13:25:21.511 [Info] Acquiring context lock... (0ms)

--------------------------------------------------------------------------------
2020-03-11 13:25:21.511 [Info] Acquired. (0ms)

--------------------------------------------------------------------------------
2020-03-11 13:25:21.511 [Info] Beginning context dispose. (0ms)

--------------------------------------------------------------------------------
2020-03-11 13:25:21.513 [Info] Disposing network... (1ms)

--------------------------------------------------------------------------------
2020-03-11 13:25:21.517 [Info] Saving player database... (4ms)

--------------------------------------------------------------------------------
2020-03-11 13:25:21.521 [Info] Saving game database... (9ms)

--------------------------------------------------------------------------------
2020-03-11 13:25:21.533 [Info] Shutting down the API... (21ms)

--------------------------------------------------------------------------------
2020-03-11 13:25:21.534 [Info] Base dispose. (21ms)

--------------------------------------------------------------------------------
2020-03-11 13:25:21.534 [Info] Finished disposing server context. (21ms)

--------------------------------------------------------------------------------
2020-03-11 13:25:21.534 [Info] GC.SuppressFinalize (22ms)

--------------------------------------------------------------------------------
2020-03-11 13:25:21.535 [Info] InternalDispose() completed. (22ms)

--------------------------------------------------------------------------------
2020-03-11 13:25:21.535 [Info] Clearing instance... (23ms)

--------------------------------------------------------------------------------
2020-03-11 13:25:21.535 [Info] Releasing context lock... (23ms)

--------------------------------------------------------------------------------
2020-03-11 13:25:21.535 [Info] Released. (23ms)

--------------------------------------------------------------------------------
