2020-02-14 12:39:17.375 [Debug] Loaded new formula from BaseExp * Power(Gain, Level).

--------------------------------------------------------------------------------
2020-02-14 12:39:17.387 [Debug] Loaded new formula from BaseExp * Power(Gain, Level).

--------------------------------------------------------------------------------
Listening on 0.0.0.0:5400.

--------------------------------------------------------------------------------
2020-02-14 12:39:22.048 [Info] Connection approved [d9f6c8af-3934-453a-a8d6-d03521d3423a].

--------------------------------------------------------------------------------
2020-02-14 12:39:22.065 [Debug] Connection established to remote [d9f6c8af-3934-453a-a8d6-d03521d3423a/127.0.0.1:54524].

--------------------------------------------------------------------------------
2020-02-14 12:39:22.065 [Info] Connected [d9f6c8af-3934-453a-a8d6-d03521d3423a].

--------------------------------------------------------------------------------
UPnP Service Initialization Failed. You might not have a router, or UPnP on your router might be disabled.
  Message: Exception of type 'Open.Nat.NatDeviceNotFoundException' was thrown.
    Stack:    at Open.Nat.NatDiscoverer.<DiscoverDeviceAsync>d__5.MoveNext()
--- End of stack trace from previous location where exception was thrown ---
   at System.Runtime.ExceptionServices.ExceptionDispatchInfo.Throw()
   at System.Runtime.CompilerServices.TaskAwaiter.HandleNonSuccessAndDebuggerNotification(Task task)
   at System.Runtime.CompilerServices.TaskAwaiter`1.GetResult()
   at Intersect.Server.Networking.Helpers.UpnP.<ConnectNatDevice>d__4.MoveNext() in C:\TeamCity\buildAgent\work\6c64f60308be6068\Intersect.Server\Classes\Networking\Helpers\UPnP.cs:line 24


--------------------------------------------------------------------------------
2020-02-14 12:39:27.757 [Debug] Took 30ms to send game data to client!

--------------------------------------------------------------------------------
2020-02-14 12:45:35.416 [Debug] StatusChanged: [NetIncomingMessage #419 11 bytes] [Disconnected]

--------------------------------------------------------------------------------
2020-02-14 12:45:35.417 [Debug] Connectioned terminated to remote [d9f6c8af-3934-453a-a8d6-d03521d3423a/127.0.0.1:54524].

--------------------------------------------------------------------------------
2020-02-14 12:45:35.417 [Info] Disconnected [d9f6c8af-3934-453a-a8d6-d03521d3423a].

--------------------------------------------------------------------------------
2020-02-14 12:45:35.419 [Debug] Client disconnected (AEON->AEON)

--------------------------------------------------------------------------------
2020-02-14 12:45:40.619 [Info] Connection approved [806e7123-e682-49bd-9ac0-209431dc87c0].

--------------------------------------------------------------------------------
2020-02-14 12:45:40.639 [Debug] Connection established to remote [806e7123-e682-49bd-9ac0-209431dc87c0/127.0.0.1:49156].

--------------------------------------------------------------------------------
2020-02-14 12:45:40.639 [Info] Connected [806e7123-e682-49bd-9ac0-209431dc87c0].

--------------------------------------------------------------------------------
2020-02-14 12:45:41.396 [Debug] Took 6ms to load player from db!

--------------------------------------------------------------------------------
2020-02-14 12:50:56.295 [Debug] StatusChanged: [NetIncomingMessage #36 10 bytes] [Disconnected]

--------------------------------------------------------------------------------
2020-02-14 12:50:56.295 [Debug] Connectioned terminated to remote [806e7123-e682-49bd-9ac0-209431dc87c0/127.0.0.1:49156].

--------------------------------------------------------------------------------
2020-02-14 12:50:56.295 [Info] Disconnected [806e7123-e682-49bd-9ac0-209431dc87c0].

--------------------------------------------------------------------------------
2020-02-14 12:50:56.295 [Debug] Client disconnected (AEON->[editor])

--------------------------------------------------------------------------------
2020-02-14 12:51:00.147 [Info] Acquiring context lock... (0ms)

--------------------------------------------------------------------------------
2020-02-14 12:51:00.147 [Info] Acquired. (0ms)

--------------------------------------------------------------------------------
2020-02-14 12:51:00.147 [Info] Beginning context dispose. (0ms)

--------------------------------------------------------------------------------
2020-02-14 12:51:00.180 [Info] Disposing network... (31ms)

--------------------------------------------------------------------------------
2020-02-14 12:51:00.183 [Info] Saving player database... (34ms)

--------------------------------------------------------------------------------
2020-02-14 12:51:00.188 [Info] Saving game database... (39ms)

--------------------------------------------------------------------------------
2020-02-14 12:51:00.190 [Info] Shutting down the API... (41ms)

--------------------------------------------------------------------------------
2020-02-14 12:51:00.190 [Info] Base dispose. (42ms)

--------------------------------------------------------------------------------
2020-02-14 12:51:00.191 [Info] Finished disposing server context. (42ms)

--------------------------------------------------------------------------------
2020-02-14 12:51:00.205 [Info] GC.SuppressFinalize (57ms)

--------------------------------------------------------------------------------
2020-02-14 12:51:00.205 [Info] InternalDispose() completed. (57ms)

--------------------------------------------------------------------------------
2020-02-14 12:51:00.205 [Info] Clearing instance... (57ms)

--------------------------------------------------------------------------------
2020-02-14 12:51:00.205 [Info] Releasing context lock... (57ms)

--------------------------------------------------------------------------------
2020-02-14 12:51:00.205 [Info] Released. (58ms)

--------------------------------------------------------------------------------
