2020-02-15 00:31:40.898 [Debug] Loaded new formula from BaseExp * Power(Gain, Level).

--------------------------------------------------------------------------------
2020-02-15 00:31:40.903 [Debug] Loaded new formula from BaseExp * Power(Gain, Level).

--------------------------------------------------------------------------------
Listening on 0.0.0.0:5400.

--------------------------------------------------------------------------------
UPnP Service Initialization Succeeded

--------------------------------------------------------------------------------
Successfully auto port forwarded udp port 5400 using UPnP.

--------------------------------------------------------------------------------
2020-02-15 00:31:49.827 [Info] Connection approved [f45b2fa6-51ac-49c5-8c2c-8ff53652aa75].

--------------------------------------------------------------------------------
2020-02-15 00:31:49.843 [Debug] Connection established to remote [f45b2fa6-51ac-49c5-8c2c-8ff53652aa75/127.0.0.1:60769].

--------------------------------------------------------------------------------
2020-02-15 00:31:49.843 [Info] Connected [f45b2fa6-51ac-49c5-8c2c-8ff53652aa75].

--------------------------------------------------------------------------------
2020-02-15 00:31:52.414 [Debug] Took 11ms to send game data to client!

--------------------------------------------------------------------------------
2020-02-15 00:34:00.603 [Debug] StatusChanged: [NetIncomingMessage #155 11 bytes] [Disconnected]

--------------------------------------------------------------------------------
2020-02-15 00:34:00.603 [Debug] Connectioned terminated to remote [f45b2fa6-51ac-49c5-8c2c-8ff53652aa75/127.0.0.1:60769].

--------------------------------------------------------------------------------
2020-02-15 00:34:00.604 [Info] Disconnected [f45b2fa6-51ac-49c5-8c2c-8ff53652aa75].

--------------------------------------------------------------------------------
2020-02-15 00:34:00.604 [Debug] Client disconnected (AEON->AEON)

--------------------------------------------------------------------------------
2020-02-15 00:34:03.482 [Info] Connection approved [9da1f7f3-d197-4b11-89c9-f4a3f1d7be85].

--------------------------------------------------------------------------------
2020-02-15 00:34:03.496 [Debug] Connection established to remote [9da1f7f3-d197-4b11-89c9-f4a3f1d7be85/127.0.0.1:51940].

--------------------------------------------------------------------------------
2020-02-15 00:34:03.496 [Info] Connected [9da1f7f3-d197-4b11-89c9-f4a3f1d7be85].

--------------------------------------------------------------------------------
2020-02-15 00:34:03.993 [Debug] Took 6ms to load player from db!

--------------------------------------------------------------------------------
2020-02-15 01:24:23.728 [Debug] StatusChanged: [NetIncomingMessage #332 10 bytes] [Disconnected]

--------------------------------------------------------------------------------
2020-02-15 01:24:23.728 [Debug] Connectioned terminated to remote [9da1f7f3-d197-4b11-89c9-f4a3f1d7be85/127.0.0.1:51940].

--------------------------------------------------------------------------------
2020-02-15 01:24:23.728 [Info] Disconnected [9da1f7f3-d197-4b11-89c9-f4a3f1d7be85].

--------------------------------------------------------------------------------
2020-02-15 01:24:23.728 [Debug] Client disconnected (AEON->[editor])

--------------------------------------------------------------------------------
2020-02-15 01:24:33.030 [Info] Acquiring context lock... (0ms)

--------------------------------------------------------------------------------
2020-02-15 01:24:33.030 [Info] Acquired. (0ms)

--------------------------------------------------------------------------------
2020-02-15 01:24:33.030 [Info] Beginning context dispose. (0ms)

--------------------------------------------------------------------------------
2020-02-15 01:24:33.031 [Info] Disposing network... (0ms)

--------------------------------------------------------------------------------
2020-02-15 01:24:33.032 [Info] Saving player database... (1ms)

--------------------------------------------------------------------------------
2020-02-15 01:24:33.034 [Info] Saving game database... (3ms)

--------------------------------------------------------------------------------
2020-02-15 01:24:33.037 [Info] Shutting down the API... (6ms)

--------------------------------------------------------------------------------
2020-02-15 01:24:33.037 [Info] Base dispose. (6ms)

--------------------------------------------------------------------------------
2020-02-15 01:24:33.037 [Info] Finished disposing server context. (6ms)

--------------------------------------------------------------------------------
2020-02-15 01:24:33.037 [Info] GC.SuppressFinalize (7ms)

--------------------------------------------------------------------------------
2020-02-15 01:24:33.037 [Info] InternalDispose() completed. (7ms)

--------------------------------------------------------------------------------
2020-02-15 01:24:33.037 [Info] Clearing instance... (7ms)

--------------------------------------------------------------------------------
2020-02-15 01:24:33.037 [Info] Releasing context lock... (7ms)

--------------------------------------------------------------------------------
2020-02-15 01:24:33.037 [Info] Released. (7ms)

--------------------------------------------------------------------------------
