2020-03-06 09:13:33.600 [Debug] Loaded new formula from BaseExp * Power(Gain, Level).

--------------------------------------------------------------------------------
2020-03-06 09:13:33.610 [Debug] Loaded new formula from BaseExp * Power(Gain, Level).

--------------------------------------------------------------------------------
Listening on 0.0.0.0:5400.

--------------------------------------------------------------------------------
2020-03-06 09:13:38.091 [Info] Connection approved [1e49456d-44e8-40c0-bea4-eb484aafa74c].

--------------------------------------------------------------------------------
2020-03-06 09:13:38.113 [Debug] Connection established to remote [1e49456d-44e8-40c0-bea4-eb484aafa74c/127.0.0.1:59339].

--------------------------------------------------------------------------------
2020-03-06 09:13:38.113 [Info] Connected [1e49456d-44e8-40c0-bea4-eb484aafa74c].

--------------------------------------------------------------------------------
2020-03-06 09:13:39.045 [Debug] Took 519ms to load player from db!

--------------------------------------------------------------------------------
UPnP Service Initialization Failed. You might not have a router, or UPnP on your router might be disabled.
  Message: Exception of type 'Open.Nat.NatDeviceNotFoundException' was thrown.
    Stack:    at Open.Nat.NatDiscoverer.<DiscoverDeviceAsync>d__5.MoveNext()
--- End of stack trace from previous location where exception was thrown ---
   at System.Runtime.ExceptionServices.ExceptionDispatchInfo.Throw()
   at System.Runtime.CompilerServices.TaskAwaiter.HandleNonSuccessAndDebuggerNotification(Task task)
   at System.Runtime.CompilerServices.TaskAwaiter`1.GetResult()
   at Intersect.Server.Networking.Helpers.UpnP.<ConnectNatDevice>d__4.MoveNext() in C:\TeamCity\buildAgent\work\6c64f60308be6068\Intersect.Server\Classes\Networking\Helpers\UPnP.cs:line 24


--------------------------------------------------------------------------------
2020-03-06 10:03:24.899 [Info] Connection approved [0f0a4052-92e3-4787-89e7-387f984efd4b].

--------------------------------------------------------------------------------
2020-03-06 10:03:24.910 [Debug] Connection established to remote [0f0a4052-92e3-4787-89e7-387f984efd4b/127.0.0.1:52622].

--------------------------------------------------------------------------------
2020-03-06 10:03:24.910 [Info] Connected [0f0a4052-92e3-4787-89e7-387f984efd4b].

--------------------------------------------------------------------------------
2020-03-06 10:03:40.295 [Debug] Took 2ms to send game data to client!

--------------------------------------------------------------------------------
2020-03-06 10:19:43.748 [Debug] StatusChanged: [NetIncomingMessage #664 11 bytes] [Disconnected]

--------------------------------------------------------------------------------
2020-03-06 10:19:43.750 [Debug] Connectioned terminated to remote [0f0a4052-92e3-4787-89e7-387f984efd4b/127.0.0.1:52622].

--------------------------------------------------------------------------------
2020-03-06 10:19:43.750 [Info] Disconnected [0f0a4052-92e3-4787-89e7-387f984efd4b].

--------------------------------------------------------------------------------
2020-03-06 10:19:43.751 [Debug] Client disconnected (AEON->AEON)

--------------------------------------------------------------------------------
2020-03-06 10:20:22.618 [Info] Connection approved [7657e67d-dcf9-4c8c-800c-bbeac521cb41].

--------------------------------------------------------------------------------
2020-03-06 10:20:22.633 [Debug] Connection established to remote [7657e67d-dcf9-4c8c-800c-bbeac521cb41/127.0.0.1:59594].

--------------------------------------------------------------------------------
2020-03-06 10:20:22.633 [Info] Connected [7657e67d-dcf9-4c8c-800c-bbeac521cb41].

--------------------------------------------------------------------------------
2020-03-06 10:20:25.945 [Debug] Took 4ms to send game data to client!

--------------------------------------------------------------------------------
2020-03-06 10:23:23.340 [Debug] StatusChanged: [NetIncomingMessage #104 11 bytes] [Disconnected]

--------------------------------------------------------------------------------
2020-03-06 10:23:23.341 [Debug] Connectioned terminated to remote [7657e67d-dcf9-4c8c-800c-bbeac521cb41/127.0.0.1:59594].

--------------------------------------------------------------------------------
2020-03-06 10:23:23.341 [Info] Disconnected [7657e67d-dcf9-4c8c-800c-bbeac521cb41].

--------------------------------------------------------------------------------
2020-03-06 10:23:23.341 [Debug] Client disconnected (AEON->AEON)

--------------------------------------------------------------------------------
2020-03-06 10:24:39.717 [Debug] StatusChanged: [NetIncomingMessage #115 10 bytes] [Disconnected]

--------------------------------------------------------------------------------
2020-03-06 10:24:39.718 [Debug] Connectioned terminated to remote [1e49456d-44e8-40c0-bea4-eb484aafa74c/127.0.0.1:59339].

--------------------------------------------------------------------------------
2020-03-06 10:24:39.719 [Info] Disconnected [1e49456d-44e8-40c0-bea4-eb484aafa74c].

--------------------------------------------------------------------------------
2020-03-06 10:24:39.719 [Debug] Client disconnected (AEON->[editor])

--------------------------------------------------------------------------------
2020-03-06 10:24:42.313 [Info] Acquiring context lock... (0ms)

--------------------------------------------------------------------------------
2020-03-06 10:24:42.313 [Info] Acquired. (0ms)

--------------------------------------------------------------------------------
2020-03-06 10:24:42.313 [Info] Beginning context dispose. (0ms)

--------------------------------------------------------------------------------
2020-03-06 10:24:42.315 [Info] Disposing network... (1ms)

--------------------------------------------------------------------------------
2020-03-06 10:24:42.317 [Info] Saving player database... (3ms)

--------------------------------------------------------------------------------
2020-03-06 10:24:42.321 [Info] Saving game database... (6ms)

--------------------------------------------------------------------------------
2020-03-06 10:24:42.331 [Info] Shutting down the API... (17ms)

--------------------------------------------------------------------------------
2020-03-06 10:24:42.332 [Info] Base dispose. (17ms)

--------------------------------------------------------------------------------
2020-03-06 10:24:42.332 [Info] Finished disposing server context. (17ms)

--------------------------------------------------------------------------------
2020-03-06 10:24:42.332 [Info] GC.SuppressFinalize (19ms)

--------------------------------------------------------------------------------
2020-03-06 10:24:42.332 [Info] InternalDispose() completed. (19ms)

--------------------------------------------------------------------------------
2020-03-06 10:24:42.332 [Info] Clearing instance... (19ms)

--------------------------------------------------------------------------------
2020-03-06 10:24:42.333 [Info] Releasing context lock... (19ms)

--------------------------------------------------------------------------------
2020-03-06 10:24:42.333 [Info] Released. (19ms)

--------------------------------------------------------------------------------
