2020-03-11 08:30:57.916 [Debug] Loaded new formula from BaseExp * Power(Gain, Level).

--------------------------------------------------------------------------------
2020-03-11 08:30:57.925 [Debug] Loaded new formula from BaseExp * Power(Gain, Level).

--------------------------------------------------------------------------------
Listening on 0.0.0.0:5400.

--------------------------------------------------------------------------------
UPnP Service Initialization Failed. You might not have a router, or UPnP on your router might be disabled.
  Message: Exception of type 'Open.Nat.NatDeviceNotFoundException' was thrown.
    Stack:    at Open.Nat.NatDiscoverer.<DiscoverDeviceAsync>d__5.MoveNext()
--- End of stack trace from previous location where exception was thrown ---
   at System.Runtime.ExceptionServices.ExceptionDispatchInfo.Throw()
   at System.Runtime.CompilerServices.TaskAwaiter.HandleNonSuccessAndDebuggerNotification(Task task)
   at System.Runtime.CompilerServices.TaskAwaiter`1.GetResult()
   at Intersect.Server.Networking.Helpers.UpnP.<ConnectNatDevice>d__4.MoveNext() in C:\TeamCity\buildAgent\work\6c64f60308be6068\Intersect.Server\Classes\Networking\Helpers\UPnP.cs:line 24


--------------------------------------------------------------------------------
2020-03-11 08:31:13.147 [Info] Connection approved [07916ed4-4f13-4a76-acf9-9b1552cbd394].

--------------------------------------------------------------------------------
2020-03-11 08:31:13.184 [Debug] Connection established to remote [07916ed4-4f13-4a76-acf9-9b1552cbd394/127.0.0.1:60732].

--------------------------------------------------------------------------------
2020-03-11 08:31:13.185 [Info] Connected [07916ed4-4f13-4a76-acf9-9b1552cbd394].

--------------------------------------------------------------------------------
2020-03-11 08:31:14.136 [Debug] Took 572ms to load player from db!

--------------------------------------------------------------------------------
2020-03-11 09:42:36.784 [Debug] StatusChanged: [NetIncomingMessage #0 10 bytes] [Disconnected]

--------------------------------------------------------------------------------
2020-03-11 09:42:36.785 [Debug] Connectioned terminated to remote [07916ed4-4f13-4a76-acf9-9b1552cbd394/127.0.0.1:60732].

--------------------------------------------------------------------------------
2020-03-11 09:42:36.786 [Info] Disconnected [07916ed4-4f13-4a76-acf9-9b1552cbd394].

--------------------------------------------------------------------------------
2020-03-11 09:42:36.787 [Debug] Client disconnected (AEON->[editor])

--------------------------------------------------------------------------------
2020-03-11 09:42:39.427 [Info] Acquiring context lock... (0ms)

--------------------------------------------------------------------------------
2020-03-11 09:42:39.427 [Info] Acquired. (0ms)

--------------------------------------------------------------------------------
2020-03-11 09:42:39.427 [Info] Beginning context dispose. (0ms)

--------------------------------------------------------------------------------
2020-03-11 09:42:39.430 [Info] Disposing network... (1ms)

--------------------------------------------------------------------------------
2020-03-11 09:42:39.432 [Info] Saving player database... (3ms)

--------------------------------------------------------------------------------
2020-03-11 09:42:39.436 [Info] Saving game database... (7ms)

--------------------------------------------------------------------------------
2020-03-11 09:42:39.448 [Info] Shutting down the API... (19ms)

--------------------------------------------------------------------------------
2020-03-11 09:42:39.448 [Info] Base dispose. (20ms)

--------------------------------------------------------------------------------
2020-03-11 09:42:39.448 [Info] Finished disposing server context. (20ms)

--------------------------------------------------------------------------------
2020-03-11 09:42:39.449 [Info] GC.SuppressFinalize (21ms)

--------------------------------------------------------------------------------
2020-03-11 09:42:39.449 [Info] InternalDispose() completed. (21ms)

--------------------------------------------------------------------------------
2020-03-11 09:42:39.449 [Info] Clearing instance... (21ms)

--------------------------------------------------------------------------------
2020-03-11 09:42:39.449 [Info] Releasing context lock... (21ms)

--------------------------------------------------------------------------------
2020-03-11 09:42:39.449 [Info] Released. (21ms)

--------------------------------------------------------------------------------
