2020-02-18 21:11:36.534 [Debug] Loaded new formula from BaseExp * Power(Gain, Level).

--------------------------------------------------------------------------------
2020-02-18 21:11:36.537 [Debug] Loaded new formula from BaseExp * Power(Gain, Level).

--------------------------------------------------------------------------------
Listening on 0.0.0.0:5400.

--------------------------------------------------------------------------------
UPnP Service Initialization Succeeded

--------------------------------------------------------------------------------
Successfully auto port forwarded udp port 5400 using UPnP.

--------------------------------------------------------------------------------
2020-02-18 21:11:42.154 [Info] Connection approved [8bdf5946-2644-4f2d-a9ba-e88c9276c462].

--------------------------------------------------------------------------------
2020-02-18 21:11:42.169 [Debug] Connection established to remote [8bdf5946-2644-4f2d-a9ba-e88c9276c462/127.0.0.1:62577].

--------------------------------------------------------------------------------
2020-02-18 21:11:42.169 [Info] Connected [8bdf5946-2644-4f2d-a9ba-e88c9276c462].

--------------------------------------------------------------------------------
2020-02-18 21:11:47.090 [Debug] Took 328ms to load player from db!

--------------------------------------------------------------------------------
2020-02-18 21:24:32.453 [Info] Connection approved [d1e3e219-dec7-4e35-a7a0-5639c3a5ee76].

--------------------------------------------------------------------------------
2020-02-18 21:24:32.465 [Debug] Connection established to remote [d1e3e219-dec7-4e35-a7a0-5639c3a5ee76/127.0.0.1:55136].

--------------------------------------------------------------------------------
2020-02-18 21:24:32.465 [Info] Connected [d1e3e219-dec7-4e35-a7a0-5639c3a5ee76].

--------------------------------------------------------------------------------
2020-02-18 21:25:14.663 [Debug] StatusChanged: [NetIncomingMessage #48 11 bytes] [Disconnected]

--------------------------------------------------------------------------------
2020-02-18 21:25:14.663 [Debug] Connectioned terminated to remote [d1e3e219-dec7-4e35-a7a0-5639c3a5ee76/127.0.0.1:55136].

--------------------------------------------------------------------------------
2020-02-18 21:25:14.664 [Info] Disconnected [d1e3e219-dec7-4e35-a7a0-5639c3a5ee76].

--------------------------------------------------------------------------------
2020-02-18 21:25:14.664 [Debug] Client disconnected ([menu])

--------------------------------------------------------------------------------
2020-02-18 21:25:48.045 [Info] Connection approved [d134dd4d-3ba5-4d0d-a088-4cbc6e1a977e].

--------------------------------------------------------------------------------
2020-02-18 21:25:48.058 [Debug] Connection established to remote [d134dd4d-3ba5-4d0d-a088-4cbc6e1a977e/127.0.0.1:60151].

--------------------------------------------------------------------------------
2020-02-18 21:25:48.058 [Info] Connected [d134dd4d-3ba5-4d0d-a088-4cbc6e1a977e].

--------------------------------------------------------------------------------
2020-02-18 21:26:27.913 [Debug] StatusChanged: [NetIncomingMessage #4 11 bytes] [Disconnected]

--------------------------------------------------------------------------------
2020-02-18 21:26:27.913 [Debug] Connectioned terminated to remote [d134dd4d-3ba5-4d0d-a088-4cbc6e1a977e/127.0.0.1:60151].

--------------------------------------------------------------------------------
2020-02-18 21:26:27.913 [Info] Disconnected [d134dd4d-3ba5-4d0d-a088-4cbc6e1a977e].

--------------------------------------------------------------------------------
2020-02-18 21:26:27.913 [Debug] Client disconnected ([menu])

--------------------------------------------------------------------------------
2020-02-18 21:27:54.913 [Debug] StatusChanged: [NetIncomingMessage #0 10 bytes] [Disconnected]

--------------------------------------------------------------------------------
2020-02-18 21:27:54.913 [Debug] Connectioned terminated to remote [8bdf5946-2644-4f2d-a9ba-e88c9276c462/127.0.0.1:62577].

--------------------------------------------------------------------------------
2020-02-18 21:27:54.913 [Info] Disconnected [8bdf5946-2644-4f2d-a9ba-e88c9276c462].

--------------------------------------------------------------------------------
2020-02-18 21:27:54.913 [Debug] Client disconnected (AEON->[editor])

--------------------------------------------------------------------------------
2020-02-18 21:27:59.673 [Info] Acquiring context lock... (0ms)

--------------------------------------------------------------------------------
2020-02-18 21:27:59.673 [Info] Acquired. (0ms)

--------------------------------------------------------------------------------
2020-02-18 21:27:59.673 [Info] Beginning context dispose. (0ms)

--------------------------------------------------------------------------------
2020-02-18 21:27:59.673 [Info] Disposing network... (0ms)

--------------------------------------------------------------------------------
2020-02-18 21:27:59.675 [Info] Saving player database... (1ms)

--------------------------------------------------------------------------------
2020-02-18 21:27:59.676 [Info] Saving game database... (3ms)

--------------------------------------------------------------------------------
2020-02-18 21:27:59.680 [Info] Shutting down the API... (6ms)

--------------------------------------------------------------------------------
2020-02-18 21:27:59.680 [Info] Base dispose. (7ms)

--------------------------------------------------------------------------------
2020-02-18 21:27:59.680 [Info] Finished disposing server context. (7ms)

--------------------------------------------------------------------------------
2020-02-18 21:27:59.680 [Info] GC.SuppressFinalize (7ms)

--------------------------------------------------------------------------------
2020-02-18 21:27:59.680 [Info] InternalDispose() completed. (7ms)

--------------------------------------------------------------------------------
2020-02-18 21:27:59.680 [Info] Clearing instance... (8ms)

--------------------------------------------------------------------------------
2020-02-18 21:27:59.680 [Info] Releasing context lock... (8ms)

--------------------------------------------------------------------------------
2020-02-18 21:27:59.680 [Info] Released. (8ms)

--------------------------------------------------------------------------------
