2020-02-18 20:33:11.662 [Debug] Loaded new formula from BaseExp * Power(Gain, Level).

--------------------------------------------------------------------------------
2020-02-18 20:33:11.665 [Debug] Loaded new formula from BaseExp * Power(Gain, Level).

--------------------------------------------------------------------------------
Listening on 0.0.0.0:5400.

--------------------------------------------------------------------------------
UPnP Service Initialization Succeeded

--------------------------------------------------------------------------------
Successfully auto port forwarded udp port 5400 using UPnP.

--------------------------------------------------------------------------------
2020-02-18 20:33:25.857 [Info] Connection approved [e94068fd-ba7b-4683-a047-6dbb79bd5097].

--------------------------------------------------------------------------------
2020-02-18 20:33:25.873 [Debug] Connection established to remote [e94068fd-ba7b-4683-a047-6dbb79bd5097/127.0.0.1:49585].

--------------------------------------------------------------------------------
2020-02-18 20:33:25.873 [Info] Connected [e94068fd-ba7b-4683-a047-6dbb79bd5097].

--------------------------------------------------------------------------------
2020-02-18 20:33:31.303 [Debug] StatusChanged: [NetIncomingMessage #0 11 bytes] [Disconnected]

--------------------------------------------------------------------------------
2020-02-18 20:33:31.303 [Debug] Connectioned terminated to remote [e94068fd-ba7b-4683-a047-6dbb79bd5097/127.0.0.1:49585].

--------------------------------------------------------------------------------
2020-02-18 20:33:31.304 [Info] Disconnected [e94068fd-ba7b-4683-a047-6dbb79bd5097].

--------------------------------------------------------------------------------
2020-02-18 20:33:31.304 [Debug] Client disconnected ([menu])

--------------------------------------------------------------------------------
2020-02-18 20:33:44.281 [Info] Connection approved [6bbf0acb-62fb-4be0-8e2a-9cba156cf595].

--------------------------------------------------------------------------------
2020-02-18 20:33:44.292 [Debug] Connection established to remote [6bbf0acb-62fb-4be0-8e2a-9cba156cf595/127.0.0.1:60909].

--------------------------------------------------------------------------------
2020-02-18 20:33:44.292 [Info] Connected [6bbf0acb-62fb-4be0-8e2a-9cba156cf595].

--------------------------------------------------------------------------------
2020-02-18 20:34:16.429 [Debug] StatusChanged: [NetIncomingMessage #0 11 bytes] [Disconnected]

--------------------------------------------------------------------------------
2020-02-18 20:34:16.429 [Debug] Connectioned terminated to remote [6bbf0acb-62fb-4be0-8e2a-9cba156cf595/127.0.0.1:60909].

--------------------------------------------------------------------------------
2020-02-18 20:34:16.429 [Info] Disconnected [6bbf0acb-62fb-4be0-8e2a-9cba156cf595].

--------------------------------------------------------------------------------
2020-02-18 20:34:16.429 [Debug] Client disconnected ([menu])

--------------------------------------------------------------------------------
2020-02-18 20:34:20.144 [Info] Connection approved [9e3a7ef0-c535-4655-90d9-6d133028afc5].

--------------------------------------------------------------------------------
2020-02-18 20:34:20.151 [Debug] Connection established to remote [9e3a7ef0-c535-4655-90d9-6d133028afc5/127.0.0.1:58481].

--------------------------------------------------------------------------------
2020-02-18 20:34:20.151 [Info] Connected [9e3a7ef0-c535-4655-90d9-6d133028afc5].

--------------------------------------------------------------------------------
2020-02-18 20:35:50.159 [Debug] Took 11ms to send game data to client!

--------------------------------------------------------------------------------
2020-02-18 20:42:08.303 [Debug] StatusChanged: [NetIncomingMessage #33 11 bytes] [Disconnected]

--------------------------------------------------------------------------------
2020-02-18 20:42:08.303 [Debug] Connectioned terminated to remote [9e3a7ef0-c535-4655-90d9-6d133028afc5/127.0.0.1:58481].

--------------------------------------------------------------------------------
2020-02-18 20:42:08.303 [Info] Disconnected [9e3a7ef0-c535-4655-90d9-6d133028afc5].

--------------------------------------------------------------------------------
2020-02-18 20:42:08.303 [Debug] Client disconnected (pussy->Pussy)

--------------------------------------------------------------------------------
2020-02-18 20:42:20.101 [Info] Connection approved [476c4de6-322f-4414-85d9-08d5325a767f].

--------------------------------------------------------------------------------
2020-02-18 20:42:20.119 [Debug] Connection established to remote [476c4de6-322f-4414-85d9-08d5325a767f/127.0.0.1:50877].

--------------------------------------------------------------------------------
2020-02-18 20:42:20.119 [Info] Connected [476c4de6-322f-4414-85d9-08d5325a767f].

--------------------------------------------------------------------------------
2020-02-18 20:42:23.861 [Debug] Took 16ms to load player from db!

--------------------------------------------------------------------------------
2020-02-18 20:48:15.679 [Debug] StatusChanged: [NetIncomingMessage #29 10 bytes] [Disconnected]

--------------------------------------------------------------------------------
2020-02-18 20:48:15.679 [Debug] Connectioned terminated to remote [476c4de6-322f-4414-85d9-08d5325a767f/127.0.0.1:50877].

--------------------------------------------------------------------------------
2020-02-18 20:48:15.679 [Info] Disconnected [476c4de6-322f-4414-85d9-08d5325a767f].

--------------------------------------------------------------------------------
2020-02-18 20:48:15.679 [Debug] Client disconnected (AEON->[editor])

--------------------------------------------------------------------------------
2020-02-18 20:48:18.379 [Info] Acquiring context lock... (0ms)

--------------------------------------------------------------------------------
2020-02-18 20:48:18.379 [Info] Acquired. (0ms)

--------------------------------------------------------------------------------
2020-02-18 20:48:18.379 [Info] Beginning context dispose. (0ms)

--------------------------------------------------------------------------------
2020-02-18 20:48:18.380 [Info] Disposing network... (0ms)

--------------------------------------------------------------------------------
2020-02-18 20:48:18.382 [Info] Saving player database... (1ms)

--------------------------------------------------------------------------------
2020-02-18 20:48:18.384 [Info] Saving game database... (4ms)

--------------------------------------------------------------------------------
2020-02-18 20:48:18.388 [Info] Shutting down the API... (7ms)

--------------------------------------------------------------------------------
2020-02-18 20:48:18.388 [Info] Base dispose. (8ms)

--------------------------------------------------------------------------------
2020-02-18 20:48:18.388 [Info] Finished disposing server context. (8ms)

--------------------------------------------------------------------------------
2020-02-18 20:48:18.388 [Info] GC.SuppressFinalize (8ms)

--------------------------------------------------------------------------------
2020-02-18 20:48:18.388 [Info] InternalDispose() completed. (8ms)

--------------------------------------------------------------------------------
2020-02-18 20:48:18.388 [Info] Clearing instance... (9ms)

--------------------------------------------------------------------------------
2020-02-18 20:48:18.389 [Info] Releasing context lock... (9ms)

--------------------------------------------------------------------------------
2020-02-18 20:48:18.389 [Info] Released. (9ms)

--------------------------------------------------------------------------------
