2020-03-10 09:48:38.648 [Debug] Loaded new formula from BaseExp * Power(Gain, Level).

--------------------------------------------------------------------------------
2020-03-10 09:48:38.663 [Debug] Loaded new formula from BaseExp * Power(Gain, Level).

--------------------------------------------------------------------------------
Listening on 0.0.0.0:5400.

--------------------------------------------------------------------------------
2020-03-10 09:48:44.424 [Info] Connection approved [104064ab-5209-4655-92e4-8adf4af0b716].

--------------------------------------------------------------------------------
2020-03-10 09:48:44.435 [Debug] Connection established to remote [104064ab-5209-4655-92e4-8adf4af0b716/127.0.0.1:57975].

--------------------------------------------------------------------------------
2020-03-10 09:48:44.436 [Info] Connected [104064ab-5209-4655-92e4-8adf4af0b716].

--------------------------------------------------------------------------------
UPnP Service Initialization Failed. You might not have a router, or UPnP on your router might be disabled.
  Message: Exception of type 'Open.Nat.NatDeviceNotFoundException' was thrown.
    Stack:    at Open.Nat.NatDiscoverer.<DiscoverDeviceAsync>d__5.MoveNext()
--- End of stack trace from previous location where exception was thrown ---
   at System.Runtime.ExceptionServices.ExceptionDispatchInfo.Throw()
   at System.Runtime.CompilerServices.TaskAwaiter.HandleNonSuccessAndDebuggerNotification(Task task)
   at System.Runtime.CompilerServices.TaskAwaiter`1.GetResult()
   at Intersect.Server.Networking.Helpers.UpnP.<ConnectNatDevice>d__4.MoveNext() in C:\TeamCity\buildAgent\work\6c64f60308be6068\Intersect.Server\Classes\Networking\Helpers\UPnP.cs:line 24


--------------------------------------------------------------------------------
2020-03-10 09:48:54.979 [Debug] Took 509ms to load player from db!

--------------------------------------------------------------------------------
2020-03-10 10:47:14.468 [Info] Connection approved [71c0a24b-f46b-4345-8d8a-6b6aa4630a5e].

--------------------------------------------------------------------------------
2020-03-10 10:47:14.478 [Debug] Connection established to remote [71c0a24b-f46b-4345-8d8a-6b6aa4630a5e/127.0.0.1:49316].

--------------------------------------------------------------------------------
2020-03-10 10:47:14.478 [Info] Connected [71c0a24b-f46b-4345-8d8a-6b6aa4630a5e].

--------------------------------------------------------------------------------
2020-03-10 10:47:19.958 [Debug] Took 14ms to load player from db!

--------------------------------------------------------------------------------
2020-03-10 10:47:19.965 [Debug] StatusChanged: [NetIncomingMessage #631 18 bytes] [Disconnecting]

--------------------------------------------------------------------------------
2020-03-10 10:47:20.069 [Debug] StatusChanged: [NetIncomingMessage #632 18 bytes] [Disconnected]

--------------------------------------------------------------------------------
2020-03-10 10:47:20.070 [Debug] Connectioned terminated to remote [104064ab-5209-4655-92e4-8adf4af0b716/127.0.0.1:57975].

--------------------------------------------------------------------------------
2020-03-10 10:47:20.070 [Info] Disconnected [104064ab-5209-4655-92e4-8adf4af0b716].

--------------------------------------------------------------------------------
2020-03-10 10:47:20.071 [Debug] Client disconnected (AEON->[editor])

--------------------------------------------------------------------------------
2020-03-10 11:01:56.836 [Debug] StatusChanged: [NetIncomingMessage #247 10 bytes] [Disconnected]

--------------------------------------------------------------------------------
2020-03-10 11:01:56.836 [Debug] Connectioned terminated to remote [71c0a24b-f46b-4345-8d8a-6b6aa4630a5e/127.0.0.1:49316].

--------------------------------------------------------------------------------
2020-03-10 11:01:56.836 [Info] Disconnected [71c0a24b-f46b-4345-8d8a-6b6aa4630a5e].

--------------------------------------------------------------------------------
2020-03-10 11:01:56.836 [Debug] Client disconnected (AEON->[editor])

--------------------------------------------------------------------------------
2020-03-10 11:05:26.641 [Info] Acquiring context lock... (0ms)

--------------------------------------------------------------------------------
2020-03-10 11:05:26.641 [Info] Acquired. (0ms)

--------------------------------------------------------------------------------
2020-03-10 11:05:26.642 [Info] Beginning context dispose. (0ms)

--------------------------------------------------------------------------------
2020-03-10 11:05:26.644 [Info] Disposing network... (1ms)

--------------------------------------------------------------------------------
2020-03-10 11:05:26.646 [Info] Saving player database... (3ms)

--------------------------------------------------------------------------------
2020-03-10 11:05:26.649 [Info] Saving game database... (7ms)

--------------------------------------------------------------------------------
2020-03-10 11:05:26.665 [Info] Shutting down the API... (23ms)

--------------------------------------------------------------------------------
2020-03-10 11:05:26.665 [Info] Base dispose. (23ms)

--------------------------------------------------------------------------------
2020-03-10 11:05:26.666 [Info] Finished disposing server context. (24ms)

--------------------------------------------------------------------------------
2020-03-10 11:05:26.666 [Info] GC.SuppressFinalize (24ms)

--------------------------------------------------------------------------------
2020-03-10 11:05:26.666 [Info] InternalDispose() completed. (24ms)

--------------------------------------------------------------------------------
2020-03-10 11:05:26.666 [Info] Clearing instance... (25ms)

--------------------------------------------------------------------------------
2020-03-10 11:05:26.666 [Info] Releasing context lock... (25ms)

--------------------------------------------------------------------------------
2020-03-10 11:05:26.666 [Info] Released. (25ms)

--------------------------------------------------------------------------------
