2020-02-19 16:50:08.919 [Debug] Loaded new formula from BaseExp * Power(Gain, Level).

--------------------------------------------------------------------------------
2020-02-19 16:50:08.922 [Debug] Loaded new formula from BaseExp * Power(Gain, Level).

--------------------------------------------------------------------------------
Listening on 0.0.0.0:5400.

--------------------------------------------------------------------------------
UPnP Service Initialization Succeeded

--------------------------------------------------------------------------------
Successfully auto port forwarded udp port 5400 using UPnP.

--------------------------------------------------------------------------------
2020-02-19 16:50:13.998 [Info] Connection approved [a139c2ac-9001-46d6-a0b4-912bdfed5979].

--------------------------------------------------------------------------------
2020-02-19 16:50:14.013 [Debug] Connection established to remote [a139c2ac-9001-46d6-a0b4-912bdfed5979/127.0.0.1:57391].

--------------------------------------------------------------------------------
2020-02-19 16:50:14.013 [Info] Connected [a139c2ac-9001-46d6-a0b4-912bdfed5979].

--------------------------------------------------------------------------------
2020-02-19 16:50:14.682 [Debug] Took 351ms to load player from db!

--------------------------------------------------------------------------------
2020-02-19 17:44:47.742 [Debug] StatusChanged: [NetIncomingMessage #84 10 bytes] [Disconnected]

--------------------------------------------------------------------------------
2020-02-19 17:44:47.743 [Debug] Connectioned terminated to remote [a139c2ac-9001-46d6-a0b4-912bdfed5979/127.0.0.1:57391].

--------------------------------------------------------------------------------
2020-02-19 17:44:47.743 [Info] Disconnected [a139c2ac-9001-46d6-a0b4-912bdfed5979].

--------------------------------------------------------------------------------
2020-02-19 17:44:47.743 [Debug] Client disconnected (AEON->[editor])

--------------------------------------------------------------------------------
2020-02-19 17:45:30.792 [Info] Connection approved [f0fcef5d-afdc-474b-b77c-ad55446cbef9].

--------------------------------------------------------------------------------
2020-02-19 17:45:30.808 [Debug] Connection established to remote [f0fcef5d-afdc-474b-b77c-ad55446cbef9/127.0.0.1:50210].

--------------------------------------------------------------------------------
2020-02-19 17:45:30.808 [Info] Connected [f0fcef5d-afdc-474b-b77c-ad55446cbef9].

--------------------------------------------------------------------------------
2020-02-19 17:45:31.448 [Debug] Took 9ms to load player from db!

--------------------------------------------------------------------------------
2020-02-19 17:51:37.491 [Debug] StatusChanged: [NetIncomingMessage #31 10 bytes] [Disconnected]

--------------------------------------------------------------------------------
2020-02-19 17:51:37.491 [Debug] Connectioned terminated to remote [f0fcef5d-afdc-474b-b77c-ad55446cbef9/127.0.0.1:50210].

--------------------------------------------------------------------------------
2020-02-19 17:51:37.491 [Info] Disconnected [f0fcef5d-afdc-474b-b77c-ad55446cbef9].

--------------------------------------------------------------------------------
2020-02-19 17:51:37.491 [Debug] Client disconnected (AEON->[editor])

--------------------------------------------------------------------------------
2020-02-19 17:51:40.546 [Info] Acquiring context lock... (0ms)

--------------------------------------------------------------------------------
2020-02-19 17:51:40.546 [Info] Acquired. (0ms)

--------------------------------------------------------------------------------
2020-02-19 17:51:40.546 [Info] Beginning context dispose. (0ms)

--------------------------------------------------------------------------------
2020-02-19 17:51:40.547 [Info] Disposing network... (0ms)

--------------------------------------------------------------------------------
2020-02-19 17:51:40.548 [Info] Saving player database... (1ms)

--------------------------------------------------------------------------------
2020-02-19 17:51:40.550 [Info] Saving game database... (3ms)

--------------------------------------------------------------------------------
2020-02-19 17:51:40.554 [Info] Shutting down the API... (6ms)

--------------------------------------------------------------------------------
2020-02-19 17:51:40.554 [Info] Base dispose. (7ms)

--------------------------------------------------------------------------------
2020-02-19 17:51:40.554 [Info] Finished disposing server context. (7ms)

--------------------------------------------------------------------------------
2020-02-19 17:51:40.554 [Info] GC.SuppressFinalize (7ms)

--------------------------------------------------------------------------------
2020-02-19 17:51:40.554 [Info] InternalDispose() completed. (7ms)

--------------------------------------------------------------------------------
2020-02-19 17:51:40.554 [Info] Clearing instance... (8ms)

--------------------------------------------------------------------------------
2020-02-19 17:51:40.554 [Info] Releasing context lock... (8ms)

--------------------------------------------------------------------------------
2020-02-19 17:51:40.554 [Info] Released. (8ms)

--------------------------------------------------------------------------------
