2020-02-16 13:23:43.856 [Debug] Loaded new formula from BaseExp * Power(Gain, Level).

--------------------------------------------------------------------------------
2020-02-16 13:23:43.862 [Debug] Loaded new formula from BaseExp * Power(Gain, Level).

--------------------------------------------------------------------------------
Listening on 0.0.0.0:5400.

--------------------------------------------------------------------------------
UPnP Service Initialization Succeeded

--------------------------------------------------------------------------------
Successfully auto port forwarded udp port 5400 using UPnP.

--------------------------------------------------------------------------------
2020-02-16 13:39:33.512 [Info] Connection approved [ee5c117b-d246-464c-bfe6-5343ba416e62].

--------------------------------------------------------------------------------
2020-02-16 13:39:33.516 [Debug] Connection established to remote [ee5c117b-d246-464c-bfe6-5343ba416e62/127.0.0.1:63351].

--------------------------------------------------------------------------------
2020-02-16 13:39:33.517 [Info] Connected [ee5c117b-d246-464c-bfe6-5343ba416e62].

--------------------------------------------------------------------------------
2020-02-16 13:39:34.537 [Debug] Took 336ms to load player from db!

--------------------------------------------------------------------------------
2020-02-16 13:47:38.281 [Info] Connection approved [b4625484-10eb-4000-9fb0-19f5c684d7e9].

--------------------------------------------------------------------------------
2020-02-16 13:47:38.299 [Debug] Connection established to remote [b4625484-10eb-4000-9fb0-19f5c684d7e9/127.0.0.1:61937].

--------------------------------------------------------------------------------
2020-02-16 13:47:38.299 [Info] Connected [b4625484-10eb-4000-9fb0-19f5c684d7e9].

--------------------------------------------------------------------------------
2020-02-16 13:47:42.863 [Debug] Took 0ms to send game data to client!

--------------------------------------------------------------------------------
2020-02-16 13:48:07.341 [Debug] Took 0ms to send game data to client!

--------------------------------------------------------------------------------
2020-02-16 13:48:34.888 [Debug] StatusChanged: [NetIncomingMessage #49 11 bytes] [Disconnected]

--------------------------------------------------------------------------------
2020-02-16 13:48:34.889 [Debug] Connectioned terminated to remote [b4625484-10eb-4000-9fb0-19f5c684d7e9/127.0.0.1:61937].

--------------------------------------------------------------------------------
2020-02-16 13:48:34.889 [Info] Disconnected [b4625484-10eb-4000-9fb0-19f5c684d7e9].

--------------------------------------------------------------------------------
2020-02-16 13:48:34.889 [Debug] Client disconnected (test->Test)

--------------------------------------------------------------------------------
2020-02-16 13:48:52.505 [Info] Connection approved [f4f53949-bd1b-4779-998d-4d9f57b3cdb2].

--------------------------------------------------------------------------------
2020-02-16 13:48:52.516 [Debug] Connection established to remote [f4f53949-bd1b-4779-998d-4d9f57b3cdb2/127.0.0.1:51068].

--------------------------------------------------------------------------------
2020-02-16 13:48:52.517 [Info] Connected [f4f53949-bd1b-4779-998d-4d9f57b3cdb2].

--------------------------------------------------------------------------------
2020-02-16 13:48:57.073 [Debug] Took 0ms to send game data to client!

--------------------------------------------------------------------------------
2020-02-16 13:49:01.388 [Debug] StatusChanged: [NetIncomingMessage #3 11 bytes] [Disconnected]

--------------------------------------------------------------------------------
2020-02-16 13:49:01.388 [Debug] Connectioned terminated to remote [f4f53949-bd1b-4779-998d-4d9f57b3cdb2/127.0.0.1:51068].

--------------------------------------------------------------------------------
2020-02-16 13:49:01.388 [Info] Disconnected [f4f53949-bd1b-4779-998d-4d9f57b3cdb2].

--------------------------------------------------------------------------------
2020-02-16 13:49:01.388 [Debug] Client disconnected (test->Test)

--------------------------------------------------------------------------------
2020-02-16 15:16:24.592 [Info] Acquiring context lock... (0ms)

--------------------------------------------------------------------------------
2020-02-16 15:16:24.593 [Info] Acquired. (0ms)

--------------------------------------------------------------------------------
2020-02-16 15:16:24.593 [Info] Beginning context dispose. (0ms)

--------------------------------------------------------------------------------
2020-02-16 15:16:24.593 [Info] Disposing network... (0ms)

--------------------------------------------------------------------------------
2020-02-16 15:16:24.594 [Debug] StatusChanged: [NetIncomingMessage #0 11 bytes] [Disconnecting]

--------------------------------------------------------------------------------
2020-02-16 15:16:24.595 [Info] Saving player database... (1ms)

--------------------------------------------------------------------------------
2020-02-16 15:16:24.596 [Debug] StatusChanged: [NetIncomingMessage #0 11 bytes] [Disconnected]

--------------------------------------------------------------------------------
2020-02-16 15:16:24.598 [Info] Saving game database... (4ms)

--------------------------------------------------------------------------------
2020-02-16 15:16:24.601 [Info] Shutting down the API... (7ms)

--------------------------------------------------------------------------------
2020-02-16 15:16:24.601 [Info] Base dispose. (8ms)

--------------------------------------------------------------------------------
2020-02-16 15:16:24.601 [Info] Finished disposing server context. (8ms)

--------------------------------------------------------------------------------
2020-02-16 15:16:24.601 [Info] GC.SuppressFinalize (8ms)

--------------------------------------------------------------------------------
2020-02-16 15:16:24.601 [Info] InternalDispose() completed. (8ms)

--------------------------------------------------------------------------------
2020-02-16 15:16:24.602 [Info] Clearing instance... (9ms)

--------------------------------------------------------------------------------
2020-02-16 15:16:24.602 [Info] Releasing context lock... (9ms)

--------------------------------------------------------------------------------
2020-02-16 15:16:24.602 [Info] Released. (9ms)

--------------------------------------------------------------------------------
