2020-02-14 12:51:05.088 [Debug] Loaded new formula from BaseExp * Power(Gain, Level).

--------------------------------------------------------------------------------
2020-02-14 12:51:05.093 [Debug] Loaded new formula from BaseExp * Power(Gain, Level).

--------------------------------------------------------------------------------
Listening on 0.0.0.0:5400.

--------------------------------------------------------------------------------
UPnP Service Initialization Failed. You might not have a router, or UPnP on your router might be disabled.
  Message: Exception of type 'Open.Nat.NatDeviceNotFoundException' was thrown.
    Stack:    at Open.Nat.NatDiscoverer.<DiscoverDeviceAsync>d__5.MoveNext()
--- End of stack trace from previous location where exception was thrown ---
   at System.Runtime.ExceptionServices.ExceptionDispatchInfo.Throw()
   at System.Runtime.CompilerServices.TaskAwaiter.HandleNonSuccessAndDebuggerNotification(Task task)
   at System.Runtime.CompilerServices.TaskAwaiter`1.GetResult()
   at Intersect.Server.Networking.Helpers.UpnP.<ConnectNatDevice>d__4.MoveNext() in C:\TeamCity\buildAgent\work\6c64f60308be6068\Intersect.Server\Classes\Networking\Helpers\UPnP.cs:line 24


--------------------------------------------------------------------------------
2020-02-14 12:51:15.748 [Info] Connection approved [5ea7a453-3045-49a8-8830-9a297843eacb].

--------------------------------------------------------------------------------
2020-02-14 12:51:15.775 [Debug] Connection established to remote [5ea7a453-3045-49a8-8830-9a297843eacb/127.0.0.1:57871].

--------------------------------------------------------------------------------
2020-02-14 12:51:15.776 [Info] Connected [5ea7a453-3045-49a8-8830-9a297843eacb].

--------------------------------------------------------------------------------
2020-02-14 12:51:20.750 [Debug] Took 26ms to send game data to client!

--------------------------------------------------------------------------------
2020-02-14 12:52:23.403 [Debug] StatusChanged: [NetIncomingMessage #74 11 bytes] [Disconnected]

--------------------------------------------------------------------------------
2020-02-14 12:52:23.403 [Debug] Connectioned terminated to remote [5ea7a453-3045-49a8-8830-9a297843eacb/127.0.0.1:57871].

--------------------------------------------------------------------------------
2020-02-14 12:52:23.403 [Info] Disconnected [5ea7a453-3045-49a8-8830-9a297843eacb].

--------------------------------------------------------------------------------
2020-02-14 12:52:23.404 [Debug] Client disconnected (AEON->AEON)

--------------------------------------------------------------------------------
2020-02-14 12:52:28.466 [Info] Connection approved [11d2cbec-7678-4f1f-bf31-19b887b5fb81].

--------------------------------------------------------------------------------
2020-02-14 12:52:28.485 [Debug] Connection established to remote [11d2cbec-7678-4f1f-bf31-19b887b5fb81/127.0.0.1:64346].

--------------------------------------------------------------------------------
2020-02-14 12:52:28.485 [Info] Connected [11d2cbec-7678-4f1f-bf31-19b887b5fb81].

--------------------------------------------------------------------------------
2020-02-14 12:52:29.819 [Debug] Took 5ms to load player from db!

--------------------------------------------------------------------------------
2020-02-14 12:55:46.654 [Debug] StatusChanged: [NetIncomingMessage #8 10 bytes] [Disconnected]

--------------------------------------------------------------------------------
2020-02-14 12:55:46.654 [Debug] Connectioned terminated to remote [11d2cbec-7678-4f1f-bf31-19b887b5fb81/127.0.0.1:64346].

--------------------------------------------------------------------------------
2020-02-14 12:55:46.654 [Info] Disconnected [11d2cbec-7678-4f1f-bf31-19b887b5fb81].

--------------------------------------------------------------------------------
2020-02-14 12:55:46.654 [Debug] Client disconnected (AEON->[editor])

--------------------------------------------------------------------------------
2020-02-14 12:57:14.748 [Info] Connection approved [000dfe37-9147-4a30-89cf-bf598d98c3a4].

--------------------------------------------------------------------------------
2020-02-14 12:57:14.766 [Debug] Connection established to remote [000dfe37-9147-4a30-89cf-bf598d98c3a4/127.0.0.1:65045].

--------------------------------------------------------------------------------
2020-02-14 12:57:14.766 [Info] Connected [000dfe37-9147-4a30-89cf-bf598d98c3a4].

--------------------------------------------------------------------------------
2020-02-14 12:57:19.044 [Debug] Took 6ms to load player from db!

--------------------------------------------------------------------------------
2020-02-14 13:07:01.839 [Info] Connection approved [7366cc64-e6dc-48e9-ba02-edbe322b52e8].

--------------------------------------------------------------------------------
2020-02-14 13:07:01.853 [Debug] Connection established to remote [7366cc64-e6dc-48e9-ba02-edbe322b52e8/127.0.0.1:64284].

--------------------------------------------------------------------------------
2020-02-14 13:07:01.853 [Info] Connected [7366cc64-e6dc-48e9-ba02-edbe322b52e8].

--------------------------------------------------------------------------------
2020-02-14 13:07:05.312 [Debug] Took 0ms to send game data to client!

--------------------------------------------------------------------------------
2020-02-14 13:07:28.657 [Debug] StatusChanged: [NetIncomingMessage #28 11 bytes] [Disconnected]

--------------------------------------------------------------------------------
2020-02-14 13:07:28.657 [Debug] Connectioned terminated to remote [7366cc64-e6dc-48e9-ba02-edbe322b52e8/127.0.0.1:64284].

--------------------------------------------------------------------------------
2020-02-14 13:07:28.657 [Info] Disconnected [7366cc64-e6dc-48e9-ba02-edbe322b52e8].

--------------------------------------------------------------------------------
2020-02-14 13:07:28.657 [Debug] Client disconnected (AEON->AEON)

--------------------------------------------------------------------------------
2020-02-14 13:08:40.794 [Info] Connection approved [5d52fcd1-dff0-441d-bc8a-32a2e4de937d].

--------------------------------------------------------------------------------
2020-02-14 13:08:40.806 [Debug] Connection established to remote [5d52fcd1-dff0-441d-bc8a-32a2e4de937d/127.0.0.1:63159].

--------------------------------------------------------------------------------
2020-02-14 13:08:40.806 [Info] Connected [5d52fcd1-dff0-441d-bc8a-32a2e4de937d].

--------------------------------------------------------------------------------
2020-02-14 13:08:44.822 [Debug] Took 0ms to send game data to client!

--------------------------------------------------------------------------------
2020-02-14 13:08:58.782 [Debug] StatusChanged: [NetIncomingMessage #14 11 bytes] [Disconnected]

--------------------------------------------------------------------------------
2020-02-14 13:08:58.782 [Debug] Connectioned terminated to remote [5d52fcd1-dff0-441d-bc8a-32a2e4de937d/127.0.0.1:63159].

--------------------------------------------------------------------------------
2020-02-14 13:08:58.782 [Info] Disconnected [5d52fcd1-dff0-441d-bc8a-32a2e4de937d].

--------------------------------------------------------------------------------
2020-02-14 13:08:58.782 [Debug] Client disconnected (AEON->AEON)

--------------------------------------------------------------------------------
2020-02-14 13:10:30.782 [Debug] StatusChanged: [NetIncomingMessage #0 10 bytes] [Disconnected]

--------------------------------------------------------------------------------
2020-02-14 13:10:30.783 [Debug] Connectioned terminated to remote [000dfe37-9147-4a30-89cf-bf598d98c3a4/127.0.0.1:65045].

--------------------------------------------------------------------------------
2020-02-14 13:10:30.783 [Info] Disconnected [000dfe37-9147-4a30-89cf-bf598d98c3a4].

--------------------------------------------------------------------------------
2020-02-14 13:10:30.783 [Debug] Client disconnected (AEON->[editor])

--------------------------------------------------------------------------------
2020-02-14 13:10:38.031 [Info] Connection approved [604f1911-fb43-4967-9e0d-230386cde90f].

--------------------------------------------------------------------------------
2020-02-14 13:10:38.035 [Debug] Connection established to remote [604f1911-fb43-4967-9e0d-230386cde90f/127.0.0.1:49405].

--------------------------------------------------------------------------------
2020-02-14 13:10:38.035 [Info] Connected [604f1911-fb43-4967-9e0d-230386cde90f].

--------------------------------------------------------------------------------
2020-02-14 13:10:38.344 [Debug] Took 5ms to load player from db!

--------------------------------------------------------------------------------
2020-02-14 13:12:32.099 [Info] Connection approved [54097b63-1c71-4cb7-b903-321cca8ce61f].

--------------------------------------------------------------------------------
2020-02-14 13:12:32.121 [Debug] Connection established to remote [54097b63-1c71-4cb7-b903-321cca8ce61f/127.0.0.1:62282].

--------------------------------------------------------------------------------
2020-02-14 13:12:32.121 [Info] Connected [54097b63-1c71-4cb7-b903-321cca8ce61f].

--------------------------------------------------------------------------------
2020-02-14 13:12:35.294 [Debug] Took 0ms to send game data to client!

--------------------------------------------------------------------------------
2020-02-14 13:12:53.782 [Debug] StatusChanged: [NetIncomingMessage #28 11 bytes] [Disconnected]

--------------------------------------------------------------------------------
2020-02-14 13:12:53.782 [Debug] Connectioned terminated to remote [54097b63-1c71-4cb7-b903-321cca8ce61f/127.0.0.1:62282].

--------------------------------------------------------------------------------
2020-02-14 13:12:53.782 [Info] Disconnected [54097b63-1c71-4cb7-b903-321cca8ce61f].

--------------------------------------------------------------------------------
2020-02-14 13:12:53.782 [Debug] Client disconnected (AEON->AEON)

--------------------------------------------------------------------------------
2020-02-14 13:14:00.159 [Debug] StatusChanged: [NetIncomingMessage #30 10 bytes] [Disconnected]

--------------------------------------------------------------------------------
2020-02-14 13:14:00.160 [Debug] Connectioned terminated to remote [604f1911-fb43-4967-9e0d-230386cde90f/127.0.0.1:49405].

--------------------------------------------------------------------------------
2020-02-14 13:14:00.160 [Info] Disconnected [604f1911-fb43-4967-9e0d-230386cde90f].

--------------------------------------------------------------------------------
2020-02-14 13:14:00.160 [Debug] Client disconnected (AEON->[editor])

--------------------------------------------------------------------------------
2020-02-14 13:14:50.928 [Info] Connection approved [c68230ac-c6f1-4188-b49b-52be09449239].

--------------------------------------------------------------------------------
2020-02-14 13:14:50.944 [Debug] Connection established to remote [c68230ac-c6f1-4188-b49b-52be09449239/127.0.0.1:51646].

--------------------------------------------------------------------------------
2020-02-14 13:14:50.944 [Info] Connected [c68230ac-c6f1-4188-b49b-52be09449239].

--------------------------------------------------------------------------------
2020-02-14 13:14:51.657 [Debug] Took 4ms to load player from db!

--------------------------------------------------------------------------------
2020-02-14 13:17:58.663 [Debug] StatusChanged: [NetIncomingMessage #15 10 bytes] [Disconnected]

--------------------------------------------------------------------------------
2020-02-14 13:17:58.665 [Debug] Connectioned terminated to remote [c68230ac-c6f1-4188-b49b-52be09449239/127.0.0.1:51646].

--------------------------------------------------------------------------------
2020-02-14 13:17:58.665 [Info] Disconnected [c68230ac-c6f1-4188-b49b-52be09449239].

--------------------------------------------------------------------------------
2020-02-14 13:17:58.665 [Debug] Client disconnected (AEON->[editor])

--------------------------------------------------------------------------------
2020-02-14 13:18:12.429 [Info] Connection approved [10588ec3-dd01-491f-9f46-89b98425e7d2].

--------------------------------------------------------------------------------
2020-02-14 13:18:12.445 [Debug] Connection established to remote [10588ec3-dd01-491f-9f46-89b98425e7d2/127.0.0.1:55211].

--------------------------------------------------------------------------------
2020-02-14 13:18:12.445 [Info] Connected [10588ec3-dd01-491f-9f46-89b98425e7d2].

--------------------------------------------------------------------------------
2020-02-14 13:18:17.613 [Debug] Took 6ms to load player from db!

--------------------------------------------------------------------------------
2020-02-14 13:19:42.535 [Debug] StatusChanged: [NetIncomingMessage #17 10 bytes] [Disconnected]

--------------------------------------------------------------------------------
2020-02-14 13:19:42.535 [Debug] Connectioned terminated to remote [10588ec3-dd01-491f-9f46-89b98425e7d2/127.0.0.1:55211].

--------------------------------------------------------------------------------
2020-02-14 13:19:42.535 [Info] Disconnected [10588ec3-dd01-491f-9f46-89b98425e7d2].

--------------------------------------------------------------------------------
2020-02-14 13:19:42.535 [Debug] Client disconnected (AEON->[editor])

--------------------------------------------------------------------------------
2020-02-14 13:21:10.470 [Info] Connection approved [9b9132a8-216d-4dc2-bcf6-aef327c135ae].

--------------------------------------------------------------------------------
2020-02-14 13:21:10.476 [Debug] Connection established to remote [9b9132a8-216d-4dc2-bcf6-aef327c135ae/127.0.0.1:50717].

--------------------------------------------------------------------------------
2020-02-14 13:21:10.476 [Info] Connected [9b9132a8-216d-4dc2-bcf6-aef327c135ae].

--------------------------------------------------------------------------------
2020-02-14 13:21:10.940 [Debug] Took 5ms to load player from db!

--------------------------------------------------------------------------------
2020-02-14 13:22:07.660 [Debug] StatusChanged: [NetIncomingMessage #14 10 bytes] [Disconnected]

--------------------------------------------------------------------------------
2020-02-14 13:22:07.660 [Debug] Connectioned terminated to remote [9b9132a8-216d-4dc2-bcf6-aef327c135ae/127.0.0.1:50717].

--------------------------------------------------------------------------------
2020-02-14 13:22:07.660 [Info] Disconnected [9b9132a8-216d-4dc2-bcf6-aef327c135ae].

--------------------------------------------------------------------------------
2020-02-14 13:22:07.660 [Debug] Client disconnected (AEON->[editor])

--------------------------------------------------------------------------------
2020-02-14 13:22:51.960 [Info] Connection approved [0c311183-6f42-4e83-8d88-365755e16072].

--------------------------------------------------------------------------------
2020-02-14 13:22:51.976 [Debug] Connection established to remote [0c311183-6f42-4e83-8d88-365755e16072/127.0.0.1:49577].

--------------------------------------------------------------------------------
2020-02-14 13:22:51.976 [Info] Connected [0c311183-6f42-4e83-8d88-365755e16072].

--------------------------------------------------------------------------------
2020-02-14 13:22:52.408 [Debug] Took 4ms to load player from db!

--------------------------------------------------------------------------------
2020-02-14 13:24:43.411 [Debug] StatusChanged: [NetIncomingMessage #13 10 bytes] [Disconnected]

--------------------------------------------------------------------------------
2020-02-14 13:24:43.412 [Debug] Connectioned terminated to remote [0c311183-6f42-4e83-8d88-365755e16072/127.0.0.1:49577].

--------------------------------------------------------------------------------
2020-02-14 13:24:43.412 [Info] Disconnected [0c311183-6f42-4e83-8d88-365755e16072].

--------------------------------------------------------------------------------
2020-02-14 13:24:43.412 [Debug] Client disconnected (AEON->[editor])

--------------------------------------------------------------------------------
2020-02-14 13:24:52.259 [Info] Connection approved [ed389c74-7fb6-4edc-871f-2579da163fe1].

--------------------------------------------------------------------------------
2020-02-14 13:24:52.274 [Debug] Connection established to remote [ed389c74-7fb6-4edc-871f-2579da163fe1/127.0.0.1:52544].

--------------------------------------------------------------------------------
2020-02-14 13:24:52.274 [Info] Connected [ed389c74-7fb6-4edc-871f-2579da163fe1].

--------------------------------------------------------------------------------
2020-02-14 13:24:52.674 [Debug] Took 4ms to load player from db!

--------------------------------------------------------------------------------
2020-02-14 13:25:38.411 [Debug] StatusChanged: [NetIncomingMessage #14 10 bytes] [Disconnected]

--------------------------------------------------------------------------------
2020-02-14 13:25:38.411 [Debug] Connectioned terminated to remote [ed389c74-7fb6-4edc-871f-2579da163fe1/127.0.0.1:52544].

--------------------------------------------------------------------------------
2020-02-14 13:25:38.411 [Info] Disconnected [ed389c74-7fb6-4edc-871f-2579da163fe1].

--------------------------------------------------------------------------------
2020-02-14 13:25:38.411 [Debug] Client disconnected (AEON->[editor])

--------------------------------------------------------------------------------
2020-02-14 13:25:50.132 [Info] Connection approved [d043fc67-e066-4cca-bb73-729c141a822f].

--------------------------------------------------------------------------------
2020-02-14 13:25:50.149 [Debug] Connection established to remote [d043fc67-e066-4cca-bb73-729c141a822f/127.0.0.1:58039].

--------------------------------------------------------------------------------
2020-02-14 13:25:50.149 [Info] Connected [d043fc67-e066-4cca-bb73-729c141a822f].

--------------------------------------------------------------------------------
2020-02-14 13:25:51.647 [Debug] Took 8ms to load player from db!

--------------------------------------------------------------------------------
2020-02-14 14:09:45.795 [Debug] StatusChanged: [NetIncomingMessage #447 10 bytes] [Disconnected]

--------------------------------------------------------------------------------
2020-02-14 14:09:45.795 [Debug] Connectioned terminated to remote [d043fc67-e066-4cca-bb73-729c141a822f/127.0.0.1:58039].

--------------------------------------------------------------------------------
2020-02-14 14:09:45.795 [Info] Disconnected [d043fc67-e066-4cca-bb73-729c141a822f].

--------------------------------------------------------------------------------
2020-02-14 14:09:45.795 [Debug] Client disconnected (AEON->[editor])

--------------------------------------------------------------------------------
2020-02-14 14:09:48.795 [Info] Acquiring context lock... (0ms)

--------------------------------------------------------------------------------
2020-02-14 14:09:48.795 [Info] Acquired. (0ms)

--------------------------------------------------------------------------------
2020-02-14 14:09:48.795 [Info] Beginning context dispose. (0ms)

--------------------------------------------------------------------------------
2020-02-14 14:09:48.797 [Info] Disposing network... (1ms)

--------------------------------------------------------------------------------
2020-02-14 14:09:48.800 [Info] Saving player database... (3ms)

--------------------------------------------------------------------------------
2020-02-14 14:09:48.804 [Info] Saving game database... (7ms)

--------------------------------------------------------------------------------
2020-02-14 14:09:48.806 [Info] Shutting down the API... (10ms)

--------------------------------------------------------------------------------
2020-02-14 14:09:48.807 [Info] Base dispose. (10ms)

--------------------------------------------------------------------------------
2020-02-14 14:09:48.807 [Info] Finished disposing server context. (10ms)

--------------------------------------------------------------------------------
2020-02-14 14:09:48.807 [Info] GC.SuppressFinalize (11ms)

--------------------------------------------------------------------------------
2020-02-14 14:09:48.807 [Info] InternalDispose() completed. (11ms)

--------------------------------------------------------------------------------
2020-02-14 14:09:48.807 [Info] Clearing instance... (12ms)

--------------------------------------------------------------------------------
2020-02-14 14:09:48.807 [Info] Releasing context lock... (12ms)

--------------------------------------------------------------------------------
2020-02-14 14:09:48.807 [Info] Released. (12ms)

--------------------------------------------------------------------------------
