2020-02-12 15:05:00.898 [Debug] Loaded new formula from BaseExp * Power(Gain, Level).

--------------------------------------------------------------------------------
2020-02-12 15:05:00.909 [Debug] Loaded new formula from BaseExp * Power(Gain, Level).

--------------------------------------------------------------------------------
Listening on 0.0.0.0:5400.

--------------------------------------------------------------------------------
2020-02-12 15:05:06.707 [Info] Connection approved [ab4a1af9-a5d9-446a-a3e2-0bc01bf3c43c].

--------------------------------------------------------------------------------
2020-02-12 15:05:06.719 [Debug] Connection established to remote [ab4a1af9-a5d9-446a-a3e2-0bc01bf3c43c/127.0.0.1:59743].

--------------------------------------------------------------------------------
2020-02-12 15:05:06.719 [Info] Connected [ab4a1af9-a5d9-446a-a3e2-0bc01bf3c43c].

--------------------------------------------------------------------------------
UPnP Service Initialization Failed. You might not have a router, or UPnP on your router might be disabled.
  Message: Exception of type 'Open.Nat.NatDeviceNotFoundException' was thrown.
    Stack:    at Open.Nat.NatDiscoverer.<DiscoverDeviceAsync>d__5.MoveNext()
--- End of stack trace from previous location where exception was thrown ---
   at System.Runtime.ExceptionServices.ExceptionDispatchInfo.Throw()
   at System.Runtime.CompilerServices.TaskAwaiter.HandleNonSuccessAndDebuggerNotification(Task task)
   at System.Runtime.CompilerServices.TaskAwaiter`1.GetResult()
   at Intersect.Server.Networking.Helpers.UpnP.<ConnectNatDevice>d__4.MoveNext() in C:\TeamCity\buildAgent\work\6c64f60308be6068\Intersect.Server\Classes\Networking\Helpers\UPnP.cs:line 24


--------------------------------------------------------------------------------
2020-02-12 15:05:09.727 [Debug] StatusChanged: [NetIncomingMessage #0 10 bytes] [Disconnected]

--------------------------------------------------------------------------------
2020-02-12 15:05:09.727 [Debug] Connectioned terminated to remote [ab4a1af9-a5d9-446a-a3e2-0bc01bf3c43c/127.0.0.1:59743].

--------------------------------------------------------------------------------
2020-02-12 15:05:09.727 [Info] Disconnected [ab4a1af9-a5d9-446a-a3e2-0bc01bf3c43c].

--------------------------------------------------------------------------------
2020-02-12 15:05:09.729 [Debug] Client disconnected ([menu])

--------------------------------------------------------------------------------
2020-02-12 15:05:12.295 [Info] Connection approved [9846b2df-9406-4f4f-aeb4-961108dbffb4].

--------------------------------------------------------------------------------
2020-02-12 15:05:12.311 [Debug] Connection established to remote [9846b2df-9406-4f4f-aeb4-961108dbffb4/127.0.0.1:56613].

--------------------------------------------------------------------------------
2020-02-12 15:05:12.311 [Info] Connected [9846b2df-9406-4f4f-aeb4-961108dbffb4].

--------------------------------------------------------------------------------
2020-02-12 15:05:54.675 [Debug] Took 14ms to send game data to client!

--------------------------------------------------------------------------------
2020-02-12 15:06:41.342 [Info] Connection approved [88d01f4f-77bd-4cb4-bdb0-f1753d80faac].

--------------------------------------------------------------------------------
2020-02-12 15:06:41.359 [Debug] Connection established to remote [88d01f4f-77bd-4cb4-bdb0-f1753d80faac/127.0.0.1:64820].

--------------------------------------------------------------------------------
2020-02-12 15:06:41.359 [Info] Connected [88d01f4f-77bd-4cb4-bdb0-f1753d80faac].

--------------------------------------------------------------------------------
2020-02-12 15:06:47.695 [Debug] Took 0ms to send game data to client!

--------------------------------------------------------------------------------
2020-02-12 15:07:32.106 [Debug] StatusChanged: [NetIncomingMessage #140 11 bytes] [Disconnected]

--------------------------------------------------------------------------------
2020-02-12 15:07:32.106 [Debug] Connectioned terminated to remote [9846b2df-9406-4f4f-aeb4-961108dbffb4/127.0.0.1:56613].

--------------------------------------------------------------------------------
2020-02-12 15:07:32.106 [Info] Disconnected [9846b2df-9406-4f4f-aeb4-961108dbffb4].

--------------------------------------------------------------------------------
2020-02-12 15:07:32.106 [Debug] Client disconnected (admin->[editor])

--------------------------------------------------------------------------------
2020-02-12 15:07:37.101 [Debug] StatusChanged: [NetIncomingMessage #20 11 bytes] [Disconnected]

--------------------------------------------------------------------------------
2020-02-12 15:07:37.101 [Debug] Connectioned terminated to remote [88d01f4f-77bd-4cb4-bdb0-f1753d80faac/127.0.0.1:64820].

--------------------------------------------------------------------------------
2020-02-12 15:07:37.101 [Info] Disconnected [88d01f4f-77bd-4cb4-bdb0-f1753d80faac].

--------------------------------------------------------------------------------
2020-02-12 15:07:37.101 [Debug] Client disconnected (AEON->AEON)

--------------------------------------------------------------------------------
2020-02-12 15:07:42.288 [Info] Connection approved [d72aed9d-e702-46a9-8e96-1da3d1e1bc92].

--------------------------------------------------------------------------------
2020-02-12 15:07:42.293 [Debug] Connection established to remote [d72aed9d-e702-46a9-8e96-1da3d1e1bc92/127.0.0.1:64824].

--------------------------------------------------------------------------------
2020-02-12 15:07:42.293 [Info] Connected [d72aed9d-e702-46a9-8e96-1da3d1e1bc92].

--------------------------------------------------------------------------------
2020-02-12 15:07:43.333 [Debug] Took 5ms to load player from db!

--------------------------------------------------------------------------------
2020-02-12 15:15:48.352 [Debug] StatusChanged: [NetIncomingMessage #44 10 bytes] [Disconnected]

--------------------------------------------------------------------------------
2020-02-12 15:15:48.353 [Debug] Connectioned terminated to remote [d72aed9d-e702-46a9-8e96-1da3d1e1bc92/127.0.0.1:64824].

--------------------------------------------------------------------------------
2020-02-12 15:15:48.353 [Info] Disconnected [d72aed9d-e702-46a9-8e96-1da3d1e1bc92].

--------------------------------------------------------------------------------
2020-02-12 15:15:48.353 [Debug] Client disconnected (AEON->[editor])

--------------------------------------------------------------------------------
2020-02-12 15:15:57.039 [Info] Acquiring context lock... (0ms)

--------------------------------------------------------------------------------
2020-02-12 15:15:57.039 [Info] Acquired. (0ms)

--------------------------------------------------------------------------------
2020-02-12 15:15:57.039 [Info] Beginning context dispose. (0ms)

--------------------------------------------------------------------------------
2020-02-12 15:15:57.042 [Info] Disposing network... (1ms)

--------------------------------------------------------------------------------
2020-02-12 15:15:57.044 [Info] Saving player database... (3ms)

--------------------------------------------------------------------------------
2020-02-12 15:15:57.049 [Info] Saving game database... (9ms)

--------------------------------------------------------------------------------
2020-02-12 15:15:57.050 [Info] Shutting down the API... (9ms)

--------------------------------------------------------------------------------
2020-02-12 15:15:57.051 [Info] Base dispose. (10ms)

--------------------------------------------------------------------------------
2020-02-12 15:15:57.051 [Info] Finished disposing server context. (10ms)

--------------------------------------------------------------------------------
2020-02-12 15:15:57.051 [Info] GC.SuppressFinalize (11ms)

--------------------------------------------------------------------------------
2020-02-12 15:15:57.051 [Info] InternalDispose() completed. (11ms)

--------------------------------------------------------------------------------
2020-02-12 15:15:57.051 [Info] Clearing instance... (11ms)

--------------------------------------------------------------------------------
2020-02-12 15:15:57.051 [Info] Releasing context lock... (12ms)

--------------------------------------------------------------------------------
2020-02-12 15:15:57.051 [Info] Released. (12ms)

--------------------------------------------------------------------------------
