2020-03-18 11:17:58.584 [Debug] Loaded new formula from BaseExp * Power(Gain, Level).

--------------------------------------------------------------------------------
2020-03-18 11:17:58.595 [Debug] Loaded new formula from BaseExp * Power(Gain, Level).

--------------------------------------------------------------------------------
Listening on 0.0.0.0:5400.

--------------------------------------------------------------------------------
2020-03-18 11:18:03.422 [Info] Connection approved [1bac8bf7-b743-47bb-9d4c-270a003f93d7].

--------------------------------------------------------------------------------
2020-03-18 11:18:03.445 [Debug] Connection established to remote [1bac8bf7-b743-47bb-9d4c-270a003f93d7/127.0.0.1:64228].

--------------------------------------------------------------------------------
2020-03-18 11:18:03.445 [Info] Connected [1bac8bf7-b743-47bb-9d4c-270a003f93d7].

--------------------------------------------------------------------------------
2020-03-18 11:18:04.401 [Debug] Took 541ms to load player from db!

--------------------------------------------------------------------------------
UPnP Service Initialization Failed. You might not have a router, or UPnP on your router might be disabled.
  Message: Exception of type 'Open.Nat.NatDeviceNotFoundException' was thrown.
    Stack:    at Open.Nat.NatDiscoverer.<DiscoverDeviceAsync>d__5.MoveNext()
--- End of stack trace from previous location where exception was thrown ---
   at System.Runtime.ExceptionServices.ExceptionDispatchInfo.Throw()
   at System.Runtime.CompilerServices.TaskAwaiter.HandleNonSuccessAndDebuggerNotification(Task task)
   at System.Runtime.CompilerServices.TaskAwaiter`1.GetResult()
   at Intersect.Server.Networking.Helpers.UpnP.<ConnectNatDevice>d__4.MoveNext() in C:\TeamCity\buildAgent\work\6c64f60308be6068\Intersect.Server\Classes\Networking\Helpers\UPnP.cs:line 24


--------------------------------------------------------------------------------
2020-03-18 11:33:58.050 [Debug] StatusChanged: [NetIncomingMessage #154 10 bytes] [Disconnected]

--------------------------------------------------------------------------------
2020-03-18 11:33:58.050 [Debug] Connectioned terminated to remote [1bac8bf7-b743-47bb-9d4c-270a003f93d7/127.0.0.1:64228].

--------------------------------------------------------------------------------
2020-03-18 11:33:58.050 [Info] Disconnected [1bac8bf7-b743-47bb-9d4c-270a003f93d7].

--------------------------------------------------------------------------------
2020-03-18 11:33:58.051 [Debug] Client disconnected (AEON->[editor])

--------------------------------------------------------------------------------
2020-03-18 11:52:54.473 [Info] Connection approved [177cdb28-40cf-41ee-9306-5d5dc1547e9f].

--------------------------------------------------------------------------------
2020-03-18 11:52:54.488 [Debug] Connection established to remote [177cdb28-40cf-41ee-9306-5d5dc1547e9f/127.0.0.1:53923].

--------------------------------------------------------------------------------
2020-03-18 11:52:54.488 [Info] Connected [177cdb28-40cf-41ee-9306-5d5dc1547e9f].

--------------------------------------------------------------------------------
2020-03-18 11:52:54.884 [Debug] Took 11ms to load player from db!

--------------------------------------------------------------------------------
2020-03-18 11:56:16.378 [Info] Connection approved [acf6e671-b7a0-41d5-b488-7e9cfa7c834b].

--------------------------------------------------------------------------------
2020-03-18 11:56:16.403 [Debug] Connection established to remote [acf6e671-b7a0-41d5-b488-7e9cfa7c834b/127.0.0.1:52100].

--------------------------------------------------------------------------------
2020-03-18 11:56:16.403 [Info] Connected [acf6e671-b7a0-41d5-b488-7e9cfa7c834b].

--------------------------------------------------------------------------------
2020-03-18 11:56:21.102 [Debug] Took 24ms to send game data to client!

--------------------------------------------------------------------------------
2020-03-18 11:57:55.322 [Debug] Took 3ms to send game data to client!

--------------------------------------------------------------------------------
2020-03-18 11:58:06.085 [Debug] StatusChanged: [NetIncomingMessage #73 11 bytes] [Disconnected]

--------------------------------------------------------------------------------
2020-03-18 11:58:06.086 [Debug] Connectioned terminated to remote [acf6e671-b7a0-41d5-b488-7e9cfa7c834b/127.0.0.1:52100].

--------------------------------------------------------------------------------
2020-03-18 11:58:06.086 [Info] Disconnected [acf6e671-b7a0-41d5-b488-7e9cfa7c834b].

--------------------------------------------------------------------------------
2020-03-18 11:58:06.086 [Debug] Client disconnected (AEON->AEON)

--------------------------------------------------------------------------------
2020-03-18 11:59:32.581 [Debug] StatusChanged: [NetIncomingMessage #101 10 bytes] [Disconnected]

--------------------------------------------------------------------------------
2020-03-18 11:59:32.581 [Debug] Connectioned terminated to remote [177cdb28-40cf-41ee-9306-5d5dc1547e9f/127.0.0.1:53923].

--------------------------------------------------------------------------------
2020-03-18 11:59:32.582 [Info] Disconnected [177cdb28-40cf-41ee-9306-5d5dc1547e9f].

--------------------------------------------------------------------------------
2020-03-18 11:59:32.582 [Debug] Client disconnected (AEON->[editor])

--------------------------------------------------------------------------------
2020-03-18 11:59:38.785 [Info] Connection approved [9a33282a-8fc6-4aec-99bf-bf181b9748ab].

--------------------------------------------------------------------------------
2020-03-18 11:59:38.804 [Debug] Connection established to remote [9a33282a-8fc6-4aec-99bf-bf181b9748ab/127.0.0.1:53489].

--------------------------------------------------------------------------------
2020-03-18 11:59:38.804 [Info] Connected [9a33282a-8fc6-4aec-99bf-bf181b9748ab].

--------------------------------------------------------------------------------
2020-03-18 11:59:43.473 [Debug] Took 1ms to send game data to client!

--------------------------------------------------------------------------------
2020-03-18 12:01:25.471 [Debug] StatusChanged: [NetIncomingMessage #170 11 bytes] [Disconnected]

--------------------------------------------------------------------------------
2020-03-18 12:01:25.471 [Debug] Connectioned terminated to remote [9a33282a-8fc6-4aec-99bf-bf181b9748ab/127.0.0.1:53489].

--------------------------------------------------------------------------------
2020-03-18 12:01:25.471 [Info] Disconnected [9a33282a-8fc6-4aec-99bf-bf181b9748ab].

--------------------------------------------------------------------------------
2020-03-18 12:01:25.471 [Debug] Client disconnected (AEON->AEON)

--------------------------------------------------------------------------------
2020-03-18 12:01:30.697 [Info] Acquiring context lock... (0ms)

--------------------------------------------------------------------------------
2020-03-18 12:01:30.697 [Info] Acquired. (0ms)

--------------------------------------------------------------------------------
2020-03-18 12:01:30.698 [Info] Beginning context dispose. (0ms)

--------------------------------------------------------------------------------
2020-03-18 12:01:30.700 [Info] Disposing network... (1ms)

--------------------------------------------------------------------------------
2020-03-18 12:01:30.702 [Info] Saving player database... (3ms)

--------------------------------------------------------------------------------
2020-03-18 12:01:30.706 [Info] Saving game database... (8ms)

--------------------------------------------------------------------------------
2020-03-18 12:01:30.719 [Info] Shutting down the API... (20ms)

--------------------------------------------------------------------------------
2020-03-18 12:01:30.720 [Info] Base dispose. (21ms)

--------------------------------------------------------------------------------
2020-03-18 12:01:30.720 [Info] Finished disposing server context. (21ms)

--------------------------------------------------------------------------------
2020-03-18 12:01:30.720 [Info] GC.SuppressFinalize (22ms)

--------------------------------------------------------------------------------
2020-03-18 12:01:30.720 [Info] InternalDispose() completed. (22ms)

--------------------------------------------------------------------------------
2020-03-18 12:01:30.720 [Info] Clearing instance... (22ms)

--------------------------------------------------------------------------------
2020-03-18 12:01:30.720 [Info] Releasing context lock... (22ms)

--------------------------------------------------------------------------------
2020-03-18 12:01:30.720 [Info] Released. (22ms)

--------------------------------------------------------------------------------
