2020-02-23 21:36:29.865 [Debug] Loaded new formula from BaseExp * Power(Gain, Level).

--------------------------------------------------------------------------------
2020-02-23 21:36:29.871 [Debug] Loaded new formula from BaseExp * Power(Gain, Level).

--------------------------------------------------------------------------------
Listening on 0.0.0.0:5400.

--------------------------------------------------------------------------------
UPnP Service Initialization Succeeded

--------------------------------------------------------------------------------
Successfully auto port forwarded udp port 5400 using UPnP.

--------------------------------------------------------------------------------
2020-02-23 21:36:40.935 [Info] Connection approved [328d077f-ac8a-44bc-bdbb-bba080e6d5b7].

--------------------------------------------------------------------------------
2020-02-23 21:36:40.951 [Debug] Connection established to remote [328d077f-ac8a-44bc-bdbb-bba080e6d5b7/127.0.0.1:65457].

--------------------------------------------------------------------------------
2020-02-23 21:36:40.952 [Info] Connected [328d077f-ac8a-44bc-bdbb-bba080e6d5b7].

--------------------------------------------------------------------------------
2020-02-23 21:37:03.192 [Debug] Took 332ms to load player from db!

--------------------------------------------------------------------------------
2020-02-23 21:48:07.315 [Info] Connection approved [2eaba159-6e71-49d7-97eb-c02b7e8c61fe].

--------------------------------------------------------------------------------
2020-02-23 21:48:07.327 [Debug] Connection established to remote [2eaba159-6e71-49d7-97eb-c02b7e8c61fe/127.0.0.1:50887].

--------------------------------------------------------------------------------
2020-02-23 21:48:07.327 [Info] Connected [2eaba159-6e71-49d7-97eb-c02b7e8c61fe].

--------------------------------------------------------------------------------
2020-02-23 21:48:09.437 [Debug] Took 0ms to send game data to client!

--------------------------------------------------------------------------------
2020-02-23 21:48:23.446 [Debug] StatusChanged: [NetIncomingMessage #11 11 bytes] [Disconnected]

--------------------------------------------------------------------------------
2020-02-23 21:48:23.446 [Debug] Connectioned terminated to remote [2eaba159-6e71-49d7-97eb-c02b7e8c61fe/127.0.0.1:50887].

--------------------------------------------------------------------------------
2020-02-23 21:48:23.447 [Info] Disconnected [2eaba159-6e71-49d7-97eb-c02b7e8c61fe].

--------------------------------------------------------------------------------
2020-02-23 21:48:23.447 [Debug] Client disconnected (AEON->AEON)

--------------------------------------------------------------------------------
2020-02-23 21:48:36.937 [Info] Connection approved [5b69230d-d2ac-491c-98f1-e3be0ca8e8a1].

--------------------------------------------------------------------------------
2020-02-23 21:48:36.951 [Debug] Connection established to remote [5b69230d-d2ac-491c-98f1-e3be0ca8e8a1/127.0.0.1:65388].

--------------------------------------------------------------------------------
2020-02-23 21:48:36.951 [Info] Connected [5b69230d-d2ac-491c-98f1-e3be0ca8e8a1].

--------------------------------------------------------------------------------
2020-02-23 21:48:39.274 [Debug] Took 0ms to send game data to client!

--------------------------------------------------------------------------------
2020-02-23 21:49:21.572 [Debug] StatusChanged: [NetIncomingMessage #74 11 bytes] [Disconnected]

--------------------------------------------------------------------------------
2020-02-23 21:49:21.572 [Debug] Connectioned terminated to remote [5b69230d-d2ac-491c-98f1-e3be0ca8e8a1/127.0.0.1:65388].

--------------------------------------------------------------------------------
2020-02-23 21:49:21.572 [Info] Disconnected [5b69230d-d2ac-491c-98f1-e3be0ca8e8a1].

--------------------------------------------------------------------------------
2020-02-23 21:49:21.572 [Debug] Client disconnected (AEON->AEON)

--------------------------------------------------------------------------------
2020-02-23 21:56:43.823 [Debug] StatusChanged: [NetIncomingMessage #186 10 bytes] [Disconnected]

--------------------------------------------------------------------------------
2020-02-23 21:56:43.823 [Debug] Connectioned terminated to remote [328d077f-ac8a-44bc-bdbb-bba080e6d5b7/127.0.0.1:65457].

--------------------------------------------------------------------------------
2020-02-23 21:56:43.823 [Info] Disconnected [328d077f-ac8a-44bc-bdbb-bba080e6d5b7].

--------------------------------------------------------------------------------
2020-02-23 21:56:43.823 [Debug] Client disconnected (AEON->[editor])

--------------------------------------------------------------------------------
2020-02-23 21:56:46.830 [Info] Acquiring context lock... (0ms)

--------------------------------------------------------------------------------
2020-02-23 21:56:46.831 [Info] Acquired. (0ms)

--------------------------------------------------------------------------------
2020-02-23 21:56:46.831 [Info] Beginning context dispose. (0ms)

--------------------------------------------------------------------------------
2020-02-23 21:56:46.832 [Info] Disposing network... (0ms)

--------------------------------------------------------------------------------
2020-02-23 21:56:46.833 [Info] Saving player database... (1ms)

--------------------------------------------------------------------------------
2020-02-23 21:56:46.835 [Info] Saving game database... (3ms)

--------------------------------------------------------------------------------
2020-02-23 21:56:46.840 [Info] Shutting down the API... (8ms)

--------------------------------------------------------------------------------
2020-02-23 21:56:46.840 [Info] Base dispose. (8ms)

--------------------------------------------------------------------------------
2020-02-23 21:56:46.840 [Info] Finished disposing server context. (8ms)

--------------------------------------------------------------------------------
2020-02-23 21:56:46.840 [Info] GC.SuppressFinalize (9ms)

--------------------------------------------------------------------------------
2020-02-23 21:56:46.840 [Info] InternalDispose() completed. (9ms)

--------------------------------------------------------------------------------
2020-02-23 21:56:46.840 [Info] Clearing instance... (9ms)

--------------------------------------------------------------------------------
2020-02-23 21:56:46.840 [Info] Releasing context lock... (9ms)

--------------------------------------------------------------------------------
2020-02-23 21:56:46.840 [Info] Released. (9ms)

--------------------------------------------------------------------------------
