2020-02-16 16:41:17.232 [Debug] Loaded new formula from BaseExp * Power(Gain, Level).

--------------------------------------------------------------------------------
2020-02-16 16:41:17.235 [Debug] Loaded new formula from BaseExp * Power(Gain, Level).

--------------------------------------------------------------------------------
Listening on 0.0.0.0:5400.

--------------------------------------------------------------------------------
UPnP Service Initialization Succeeded

--------------------------------------------------------------------------------
Successfully auto port forwarded udp port 5400 using UPnP.

--------------------------------------------------------------------------------
2020-02-16 16:41:23.422 [Info] Connection approved [68377641-a06f-4616-9333-d5b5f3a239ec].

--------------------------------------------------------------------------------
2020-02-16 16:41:23.439 [Debug] Connection established to remote [68377641-a06f-4616-9333-d5b5f3a239ec/127.0.0.1:57808].

--------------------------------------------------------------------------------
2020-02-16 16:41:23.440 [Info] Connected [68377641-a06f-4616-9333-d5b5f3a239ec].

--------------------------------------------------------------------------------
2020-02-16 16:41:24.309 [Debug] Took 340ms to load player from db!

--------------------------------------------------------------------------------
2020-02-16 19:36:06.543 [Debug] StatusChanged: [NetIncomingMessage #95 10 bytes] [Disconnected]

--------------------------------------------------------------------------------
2020-02-16 19:36:06.544 [Debug] Connectioned terminated to remote [68377641-a06f-4616-9333-d5b5f3a239ec/127.0.0.1:57808].

--------------------------------------------------------------------------------
2020-02-16 19:36:06.544 [Info] Disconnected [68377641-a06f-4616-9333-d5b5f3a239ec].

--------------------------------------------------------------------------------
2020-02-16 19:36:06.544 [Debug] Client disconnected (AEON->[editor])

--------------------------------------------------------------------------------
2020-02-16 19:57:21.233 [Info] Acquiring context lock... (0ms)

--------------------------------------------------------------------------------
2020-02-16 19:57:21.233 [Info] Acquired. (0ms)

--------------------------------------------------------------------------------
2020-02-16 19:57:21.233 [Info] Beginning context dispose. (0ms)

--------------------------------------------------------------------------------
2020-02-16 19:57:21.234 [Info] Disposing network... (0ms)

--------------------------------------------------------------------------------
2020-02-16 19:57:21.235 [Info] Saving player database... (1ms)

--------------------------------------------------------------------------------
2020-02-16 19:57:21.237 [Info] Saving game database... (3ms)

--------------------------------------------------------------------------------
2020-02-16 19:57:21.240 [Info] Shutting down the API... (6ms)

--------------------------------------------------------------------------------
2020-02-16 19:57:21.240 [Info] Shutting down the logic thread... (6ms)

--------------------------------------------------------------------------------
2020-02-16 19:57:21.243 [Info] Base dispose. (9ms)

--------------------------------------------------------------------------------
2020-02-16 19:57:21.243 [Info] Finished disposing server context. (9ms)

--------------------------------------------------------------------------------
2020-02-16 19:57:21.243 [Info] GC.SuppressFinalize (9ms)

--------------------------------------------------------------------------------
2020-02-16 19:57:21.243 [Info] InternalDispose() completed. (9ms)

--------------------------------------------------------------------------------
2020-02-16 19:57:21.243 [Info] Clearing instance... (10ms)

--------------------------------------------------------------------------------
2020-02-16 19:57:21.243 [Info] Releasing context lock... (10ms)

--------------------------------------------------------------------------------
2020-02-16 19:57:21.243 [Info] Released. (10ms)

--------------------------------------------------------------------------------
