2020-02-14 20:22:46.881 [Debug] Loaded new formula from BaseExp * Power(Gain, Level).

--------------------------------------------------------------------------------
2020-02-14 20:22:46.884 [Debug] Loaded new formula from BaseExp * Power(Gain, Level).

--------------------------------------------------------------------------------
Listening on 0.0.0.0:5400.

--------------------------------------------------------------------------------
UPnP Service Initialization Succeeded

--------------------------------------------------------------------------------
Successfully auto port forwarded udp port 5400 using UPnP.

--------------------------------------------------------------------------------
2020-02-14 20:22:51.334 [Info] Connection approved [f9c30139-997c-4f2b-a680-a5eeb0a35065].

--------------------------------------------------------------------------------
2020-02-14 20:22:51.353 [Debug] Connection established to remote [f9c30139-997c-4f2b-a680-a5eeb0a35065/127.0.0.1:54331].

--------------------------------------------------------------------------------
2020-02-14 20:22:51.354 [Info] Connected [f9c30139-997c-4f2b-a680-a5eeb0a35065].

--------------------------------------------------------------------------------
2020-02-14 20:23:18.287 [Debug] Took 5ms to send game data to client!

--------------------------------------------------------------------------------
2020-02-14 20:30:48.940 [Debug] StatusChanged: [NetIncomingMessage #28 11 bytes] [Disconnected]

--------------------------------------------------------------------------------
2020-02-14 20:30:48.941 [Debug] Connectioned terminated to remote [f9c30139-997c-4f2b-a680-a5eeb0a35065/127.0.0.1:54331].

--------------------------------------------------------------------------------
2020-02-14 20:30:48.941 [Info] Disconnected [f9c30139-997c-4f2b-a680-a5eeb0a35065].

--------------------------------------------------------------------------------
2020-02-14 20:30:48.941 [Debug] Client disconnected (suckass->Suckass)

--------------------------------------------------------------------------------
2020-02-14 20:30:55.103 [Info] Connection approved [f4cf6899-4725-4e49-930a-b69a8c06e8a0].

--------------------------------------------------------------------------------
2020-02-14 20:30:55.115 [Debug] Connection established to remote [f4cf6899-4725-4e49-930a-b69a8c06e8a0/127.0.0.1:50043].

--------------------------------------------------------------------------------
2020-02-14 20:30:55.115 [Info] Connected [f4cf6899-4725-4e49-930a-b69a8c06e8a0].

--------------------------------------------------------------------------------
2020-02-14 20:30:56.078 [Debug] Took 275ms to load player from db!

--------------------------------------------------------------------------------
2020-02-14 20:45:44.815 [Debug] StatusChanged: [NetIncomingMessage #165 10 bytes] [Disconnected]

--------------------------------------------------------------------------------
2020-02-14 20:45:44.815 [Debug] Connectioned terminated to remote [f4cf6899-4725-4e49-930a-b69a8c06e8a0/127.0.0.1:50043].

--------------------------------------------------------------------------------
2020-02-14 20:45:44.815 [Info] Disconnected [f4cf6899-4725-4e49-930a-b69a8c06e8a0].

--------------------------------------------------------------------------------
2020-02-14 20:45:44.815 [Debug] Client disconnected (AEON->[editor])

--------------------------------------------------------------------------------
2020-02-14 20:45:46.738 [Info] Acquiring context lock... (0ms)

--------------------------------------------------------------------------------
2020-02-14 20:45:46.738 [Info] Acquired. (0ms)

--------------------------------------------------------------------------------
2020-02-14 20:45:46.738 [Info] Beginning context dispose. (0ms)

--------------------------------------------------------------------------------
2020-02-14 20:45:46.739 [Info] Disposing network... (0ms)

--------------------------------------------------------------------------------
2020-02-14 20:45:46.740 [Info] Saving player database... (1ms)

--------------------------------------------------------------------------------
2020-02-14 20:45:46.743 [Info] Saving game database... (4ms)

--------------------------------------------------------------------------------
2020-02-14 20:45:46.745 [Info] Shutting down the API... (6ms)

--------------------------------------------------------------------------------
2020-02-14 20:45:46.745 [Info] Shutting down the console thread... (6ms)

--------------------------------------------------------------------------------
2020-02-14 20:45:47.748 [Info] Base dispose. (1008ms)

--------------------------------------------------------------------------------
2020-02-14 20:45:47.748 [Info] Finished disposing server context. (1009ms)

--------------------------------------------------------------------------------
2020-02-14 20:45:47.748 [Info] GC.SuppressFinalize (1009ms)

--------------------------------------------------------------------------------
2020-02-14 20:45:47.748 [Info] InternalDispose() completed. (1009ms)

--------------------------------------------------------------------------------
2020-02-14 20:45:47.748 [Info] Clearing instance... (1010ms)

--------------------------------------------------------------------------------
2020-02-14 20:45:47.748 [Info] Releasing context lock... (1010ms)

--------------------------------------------------------------------------------
2020-02-14 20:45:47.748 [Info] Released. (1010ms)

--------------------------------------------------------------------------------
