2020-02-24 14:31:44.990 [Debug] Loaded new formula from BaseExp * Power(Gain, Level).

--------------------------------------------------------------------------------
2020-02-24 14:31:45.000 [Debug] Loaded new formula from BaseExp * Power(Gain, Level).

--------------------------------------------------------------------------------
Listening on 0.0.0.0:5400.

--------------------------------------------------------------------------------
UPnP Service Initialization Failed. You might not have a router, or UPnP on your router might be disabled.
  Message: Exception of type 'Open.Nat.NatDeviceNotFoundException' was thrown.
    Stack:    at Open.Nat.NatDiscoverer.<DiscoverDeviceAsync>d__5.MoveNext()
--- End of stack trace from previous location where exception was thrown ---
   at System.Runtime.ExceptionServices.ExceptionDispatchInfo.Throw()
   at System.Runtime.CompilerServices.TaskAwaiter.HandleNonSuccessAndDebuggerNotification(Task task)
   at System.Runtime.CompilerServices.TaskAwaiter`1.GetResult()
   at Intersect.Server.Networking.Helpers.UpnP.<ConnectNatDevice>d__4.MoveNext() in C:\TeamCity\buildAgent\work\6c64f60308be6068\Intersect.Server\Classes\Networking\Helpers\UPnP.cs:line 24


--------------------------------------------------------------------------------
2020-02-24 14:31:54.849 [Info] Connection approved [117dd3f7-17c6-4300-8fdb-f1f880d65a43].

--------------------------------------------------------------------------------
2020-02-24 14:31:54.861 [Debug] Connection established to remote [117dd3f7-17c6-4300-8fdb-f1f880d65a43/127.0.0.1:63057].

--------------------------------------------------------------------------------
2020-02-24 14:31:54.861 [Info] Connected [117dd3f7-17c6-4300-8fdb-f1f880d65a43].

--------------------------------------------------------------------------------
2020-02-24 14:32:00.548 [Debug] Took 42ms to send game data to client!

--------------------------------------------------------------------------------
2020-02-24 14:32:04.333 [Debug] StatusChanged: [NetIncomingMessage #0 11 bytes] [Disconnected]

--------------------------------------------------------------------------------
2020-02-24 14:32:04.334 [Debug] Connectioned terminated to remote [117dd3f7-17c6-4300-8fdb-f1f880d65a43/127.0.0.1:63057].

--------------------------------------------------------------------------------
2020-02-24 14:32:04.334 [Info] Disconnected [117dd3f7-17c6-4300-8fdb-f1f880d65a43].

--------------------------------------------------------------------------------
2020-02-24 14:32:04.335 [Debug] Client disconnected (test->Test)

--------------------------------------------------------------------------------
2020-02-24 14:32:07.614 [Info] Connection approved [edcffdab-9798-4dc3-9e58-b353d6a04dea].

--------------------------------------------------------------------------------
2020-02-24 14:32:07.633 [Debug] Connection established to remote [edcffdab-9798-4dc3-9e58-b353d6a04dea/127.0.0.1:63059].

--------------------------------------------------------------------------------
2020-02-24 14:32:07.634 [Info] Connected [edcffdab-9798-4dc3-9e58-b353d6a04dea].

--------------------------------------------------------------------------------
2020-02-24 14:32:07.878 [Debug] Took 22ms to load player from db!

--------------------------------------------------------------------------------
2020-02-24 14:32:50.689 [Info] Connection approved [0813070f-a41b-4d1d-925e-3ebf259c778c].

--------------------------------------------------------------------------------
2020-02-24 14:32:50.700 [Debug] Connection established to remote [0813070f-a41b-4d1d-925e-3ebf259c778c/127.0.0.1:63060].

--------------------------------------------------------------------------------
2020-02-24 14:32:50.700 [Info] Connected [0813070f-a41b-4d1d-925e-3ebf259c778c].

--------------------------------------------------------------------------------
2020-02-24 14:32:53.829 [Debug] Took 0ms to send game data to client!

--------------------------------------------------------------------------------
2020-02-24 14:33:01.209 [Debug] StatusChanged: [NetIncomingMessage #5 10 bytes] [Disconnected]

--------------------------------------------------------------------------------
2020-02-24 14:33:01.209 [Debug] Connectioned terminated to remote [0813070f-a41b-4d1d-925e-3ebf259c778c/127.0.0.1:63060].

--------------------------------------------------------------------------------
2020-02-24 14:33:01.209 [Info] Disconnected [0813070f-a41b-4d1d-925e-3ebf259c778c].

--------------------------------------------------------------------------------
2020-02-24 14:33:01.209 [Debug] Client disconnected (test->Test)

--------------------------------------------------------------------------------
2020-02-24 14:33:24.414 [Info] Connection approved [9cb9187c-e97e-471f-a98f-3bce436706da].

--------------------------------------------------------------------------------
2020-02-24 14:33:24.436 [Debug] Connection established to remote [9cb9187c-e97e-471f-a98f-3bce436706da/127.0.0.1:65278].

--------------------------------------------------------------------------------
2020-02-24 14:33:24.436 [Info] Connected [9cb9187c-e97e-471f-a98f-3bce436706da].

--------------------------------------------------------------------------------
2020-02-24 14:33:27.147 [Debug] Took 2ms to send game data to client!

--------------------------------------------------------------------------------
2020-02-24 14:33:55.334 [Debug] StatusChanged: [NetIncomingMessage #17 11 bytes] [Disconnected]

--------------------------------------------------------------------------------
2020-02-24 14:33:55.335 [Debug] Connectioned terminated to remote [9cb9187c-e97e-471f-a98f-3bce436706da/127.0.0.1:65278].

--------------------------------------------------------------------------------
2020-02-24 14:33:55.335 [Info] Disconnected [9cb9187c-e97e-471f-a98f-3bce436706da].

--------------------------------------------------------------------------------
2020-02-24 14:33:55.335 [Debug] Client disconnected (test->Test)

--------------------------------------------------------------------------------
2020-02-24 14:37:28.070 [Info] Connection approved [50c84487-f0ca-4ced-ab14-81fce234c0f0].

--------------------------------------------------------------------------------
2020-02-24 14:37:28.094 [Debug] Connection established to remote [50c84487-f0ca-4ced-ab14-81fce234c0f0/127.0.0.1:60085].

--------------------------------------------------------------------------------
2020-02-24 14:37:28.094 [Info] Connected [50c84487-f0ca-4ced-ab14-81fce234c0f0].

--------------------------------------------------------------------------------
2020-02-24 14:37:31.138 [Debug] Took 2ms to send game data to client!

--------------------------------------------------------------------------------
2020-02-24 14:37:35.711 [Debug] StatusChanged: [NetIncomingMessage #0 11 bytes] [Disconnected]

--------------------------------------------------------------------------------
2020-02-24 14:37:35.712 [Debug] Connectioned terminated to remote [50c84487-f0ca-4ced-ab14-81fce234c0f0/127.0.0.1:60085].

--------------------------------------------------------------------------------
2020-02-24 14:37:35.712 [Info] Disconnected [50c84487-f0ca-4ced-ab14-81fce234c0f0].

--------------------------------------------------------------------------------
2020-02-24 14:37:35.712 [Debug] Client disconnected (test->Test)

--------------------------------------------------------------------------------
2020-02-24 14:38:17.009 [Info] Connection approved [325846f3-5007-4eb8-a87f-d90723edb49f].

--------------------------------------------------------------------------------
2020-02-24 14:38:17.030 [Debug] Connection established to remote [325846f3-5007-4eb8-a87f-d90723edb49f/127.0.0.1:60086].

--------------------------------------------------------------------------------
2020-02-24 14:38:17.030 [Info] Connected [325846f3-5007-4eb8-a87f-d90723edb49f].

--------------------------------------------------------------------------------
2020-02-24 14:38:19.821 [Debug] Took 2ms to send game data to client!

--------------------------------------------------------------------------------
2020-02-24 14:40:44.665 [Debug] StatusChanged: [NetIncomingMessage #23 11 bytes] [Disconnected]

--------------------------------------------------------------------------------
2020-02-24 14:40:44.665 [Debug] Connectioned terminated to remote [325846f3-5007-4eb8-a87f-d90723edb49f/127.0.0.1:60086].

--------------------------------------------------------------------------------
2020-02-24 14:40:44.665 [Info] Disconnected [325846f3-5007-4eb8-a87f-d90723edb49f].

--------------------------------------------------------------------------------
2020-02-24 14:40:44.665 [Debug] Client disconnected (test->Test)

--------------------------------------------------------------------------------
2020-02-24 14:41:04.883 [Info] Connection approved [2772d37d-5f93-4892-b2ef-b6277a71431e].

--------------------------------------------------------------------------------
2020-02-24 14:41:04.907 [Debug] Connection established to remote [2772d37d-5f93-4892-b2ef-b6277a71431e/127.0.0.1:56633].

--------------------------------------------------------------------------------
2020-02-24 14:41:04.907 [Info] Connected [2772d37d-5f93-4892-b2ef-b6277a71431e].

--------------------------------------------------------------------------------
2020-02-24 14:41:07.587 [Debug] Took 0ms to send game data to client!

--------------------------------------------------------------------------------
2020-02-24 14:41:12.163 [Debug] StatusChanged: [NetIncomingMessage #3 11 bytes] [Disconnected]

--------------------------------------------------------------------------------
2020-02-24 14:41:12.164 [Debug] Connectioned terminated to remote [2772d37d-5f93-4892-b2ef-b6277a71431e/127.0.0.1:56633].

--------------------------------------------------------------------------------
2020-02-24 14:41:12.164 [Info] Disconnected [2772d37d-5f93-4892-b2ef-b6277a71431e].

--------------------------------------------------------------------------------
2020-02-24 14:41:12.164 [Debug] Client disconnected (test->Test)

--------------------------------------------------------------------------------
2020-02-24 14:45:25.625 [Info] Connection approved [2d27fe8e-e75e-4add-a404-da7e00eabefa].

--------------------------------------------------------------------------------
2020-02-24 14:45:25.643 [Debug] Connection established to remote [2d27fe8e-e75e-4add-a404-da7e00eabefa/127.0.0.1:49906].

--------------------------------------------------------------------------------
2020-02-24 14:45:25.644 [Info] Connected [2d27fe8e-e75e-4add-a404-da7e00eabefa].

--------------------------------------------------------------------------------
2020-02-24 14:45:28.771 [Debug] Took 1ms to send game data to client!

--------------------------------------------------------------------------------
2020-02-24 14:46:04.789 [Debug] StatusChanged: [NetIncomingMessage #13 11 bytes] [Disconnected]

--------------------------------------------------------------------------------
2020-02-24 14:46:04.790 [Debug] Connectioned terminated to remote [2d27fe8e-e75e-4add-a404-da7e00eabefa/127.0.0.1:49906].

--------------------------------------------------------------------------------
2020-02-24 14:46:04.790 [Info] Disconnected [2d27fe8e-e75e-4add-a404-da7e00eabefa].

--------------------------------------------------------------------------------
2020-02-24 14:46:04.790 [Debug] Client disconnected (test->Test)

--------------------------------------------------------------------------------
2020-02-24 14:46:08.464 [Info] Connection approved [9f68f1a4-3fd0-4f40-814f-eababbe210f5].

--------------------------------------------------------------------------------
2020-02-24 14:46:08.486 [Debug] Connection established to remote [9f68f1a4-3fd0-4f40-814f-eababbe210f5/127.0.0.1:57997].

--------------------------------------------------------------------------------
2020-02-24 14:46:08.486 [Info] Connected [9f68f1a4-3fd0-4f40-814f-eababbe210f5].

--------------------------------------------------------------------------------
2020-02-24 14:46:10.169 [Debug] StatusChanged: [NetIncomingMessage #0 11 bytes] [Disconnected]

--------------------------------------------------------------------------------
2020-02-24 14:46:10.169 [Debug] Connectioned terminated to remote [9f68f1a4-3fd0-4f40-814f-eababbe210f5/127.0.0.1:57997].

--------------------------------------------------------------------------------
2020-02-24 14:46:10.170 [Info] Disconnected [9f68f1a4-3fd0-4f40-814f-eababbe210f5].

--------------------------------------------------------------------------------
2020-02-24 14:46:10.171 [Debug] Client disconnected ([menu])

--------------------------------------------------------------------------------
2020-02-24 14:46:53.882 [Info] Connection approved [8f7a4567-a81d-4d21-be94-fbdc2e0a5533].

--------------------------------------------------------------------------------
2020-02-24 14:46:53.890 [Debug] Connection established to remote [8f7a4567-a81d-4d21-be94-fbdc2e0a5533/127.0.0.1:56055].

--------------------------------------------------------------------------------
2020-02-24 14:46:53.891 [Info] Connected [8f7a4567-a81d-4d21-be94-fbdc2e0a5533].

--------------------------------------------------------------------------------
2020-02-24 14:47:00.503 [Debug] Took 2ms to send game data to client!

--------------------------------------------------------------------------------
2020-02-24 14:48:12.040 [Debug] StatusChanged: [NetIncomingMessage #159 11 bytes] [Disconnected]

--------------------------------------------------------------------------------
2020-02-24 14:48:12.040 [Debug] Connectioned terminated to remote [8f7a4567-a81d-4d21-be94-fbdc2e0a5533/127.0.0.1:56055].

--------------------------------------------------------------------------------
2020-02-24 14:48:12.040 [Info] Disconnected [8f7a4567-a81d-4d21-be94-fbdc2e0a5533].

--------------------------------------------------------------------------------
2020-02-24 14:48:12.040 [Debug] Client disconnected (carl->Carl)

--------------------------------------------------------------------------------
2020-02-24 14:52:12.342 [Info] Connection approved [d768d121-1de1-43eb-bf59-d5ed09161ab4].

--------------------------------------------------------------------------------
2020-02-24 14:52:12.359 [Debug] Connection established to remote [d768d121-1de1-43eb-bf59-d5ed09161ab4/127.0.0.1:60336].

--------------------------------------------------------------------------------
2020-02-24 14:52:12.359 [Info] Connected [d768d121-1de1-43eb-bf59-d5ed09161ab4].

--------------------------------------------------------------------------------
2020-02-24 14:52:38.927 [Debug] Took 2ms to send game data to client!

--------------------------------------------------------------------------------
2020-02-24 14:54:20.291 [Debug] StatusChanged: [NetIncomingMessage #343 11 bytes] [Disconnected]

--------------------------------------------------------------------------------
2020-02-24 14:54:20.292 [Debug] Connectioned terminated to remote [d768d121-1de1-43eb-bf59-d5ed09161ab4/127.0.0.1:60336].

--------------------------------------------------------------------------------
2020-02-24 14:54:20.292 [Info] Disconnected [d768d121-1de1-43eb-bf59-d5ed09161ab4].

--------------------------------------------------------------------------------
2020-02-24 14:54:20.292 [Debug] Client disconnected (pussy->Pussy)

--------------------------------------------------------------------------------
2020-02-24 14:54:25.666 [Debug] StatusChanged: [NetIncomingMessage #344 10 bytes] [Disconnected]

--------------------------------------------------------------------------------
2020-02-24 14:54:25.666 [Debug] Connectioned terminated to remote [edcffdab-9798-4dc3-9e58-b353d6a04dea/127.0.0.1:63059].

--------------------------------------------------------------------------------
2020-02-24 14:54:25.666 [Info] Disconnected [edcffdab-9798-4dc3-9e58-b353d6a04dea].

--------------------------------------------------------------------------------
2020-02-24 14:54:25.666 [Debug] Client disconnected (AEON->[editor])

--------------------------------------------------------------------------------
2020-02-24 14:55:28.973 [Info] Acquiring context lock... (0ms)

--------------------------------------------------------------------------------
2020-02-24 14:55:28.973 [Info] Acquired. (0ms)

--------------------------------------------------------------------------------
2020-02-24 14:55:28.973 [Info] Beginning context dispose. (0ms)

--------------------------------------------------------------------------------
2020-02-24 14:55:28.974 [Info] Disposing network... (0ms)

--------------------------------------------------------------------------------
2020-02-24 14:55:28.976 [Info] Saving player database... (1ms)

--------------------------------------------------------------------------------
2020-02-24 14:55:28.983 [Info] Saving game database... (9ms)

--------------------------------------------------------------------------------
2020-02-24 14:55:28.989 [Info] Shutting down the API... (15ms)

--------------------------------------------------------------------------------
2020-02-24 14:55:28.989 [Info] Base dispose. (15ms)

--------------------------------------------------------------------------------
2020-02-24 14:55:28.990 [Info] Finished disposing server context. (15ms)

--------------------------------------------------------------------------------
2020-02-24 14:55:28.990 [Info] GC.SuppressFinalize (16ms)

--------------------------------------------------------------------------------
2020-02-24 14:55:28.990 [Info] InternalDispose() completed. (16ms)

--------------------------------------------------------------------------------
2020-02-24 14:55:28.990 [Info] Clearing instance... (17ms)

--------------------------------------------------------------------------------
2020-02-24 14:55:28.990 [Info] Releasing context lock... (17ms)

--------------------------------------------------------------------------------
2020-02-24 14:55:28.990 [Info] Released. (17ms)

--------------------------------------------------------------------------------
