2020-02-13 21:18:00.330 [Debug] Loaded new formula from BaseExp * Power(Gain, Level).

--------------------------------------------------------------------------------
2020-02-13 21:18:00.333 [Debug] Loaded new formula from BaseExp * Power(Gain, Level).

--------------------------------------------------------------------------------
Listening on 0.0.0.0:5400.

--------------------------------------------------------------------------------
UPnP Service Initialization Succeeded

--------------------------------------------------------------------------------
Successfully auto port forwarded udp port 5400 using UPnP.

--------------------------------------------------------------------------------
2020-02-13 21:18:04.898 [Info] Connection approved [53e7f6e5-91fc-4c6d-8e69-393ed73405cb].

--------------------------------------------------------------------------------
2020-02-13 21:18:04.916 [Debug] Connection established to remote [53e7f6e5-91fc-4c6d-8e69-393ed73405cb/127.0.0.1:64347].

--------------------------------------------------------------------------------
2020-02-13 21:18:04.916 [Info] Connected [53e7f6e5-91fc-4c6d-8e69-393ed73405cb].

--------------------------------------------------------------------------------
2020-02-13 21:18:09.243 [Debug] Took 13ms to send game data to client!

--------------------------------------------------------------------------------
2020-02-13 21:19:41.019 [Debug] StatusChanged: [NetIncomingMessage #324 11 bytes] [Disconnected]

--------------------------------------------------------------------------------
2020-02-13 21:19:41.020 [Debug] Connectioned terminated to remote [53e7f6e5-91fc-4c6d-8e69-393ed73405cb/127.0.0.1:64347].

--------------------------------------------------------------------------------
2020-02-13 21:19:41.020 [Info] Disconnected [53e7f6e5-91fc-4c6d-8e69-393ed73405cb].

--------------------------------------------------------------------------------
2020-02-13 21:19:41.020 [Debug] Client disconnected (AEON->AEON)

--------------------------------------------------------------------------------
2020-02-13 21:19:42.172 [Info] Acquiring context lock... (0ms)

--------------------------------------------------------------------------------
2020-02-13 21:19:42.172 [Info] Acquired. (0ms)

--------------------------------------------------------------------------------
2020-02-13 21:19:42.172 [Info] Beginning context dispose. (0ms)

--------------------------------------------------------------------------------
2020-02-13 21:19:42.173 [Info] Disposing network... (0ms)

--------------------------------------------------------------------------------
2020-02-13 21:19:42.174 [Info] Saving player database... (1ms)

--------------------------------------------------------------------------------
2020-02-13 21:19:42.176 [Info] Saving game database... (3ms)

--------------------------------------------------------------------------------
2020-02-13 21:19:42.177 [Info] Shutting down the API... (4ms)

--------------------------------------------------------------------------------
2020-02-13 21:19:42.178 [Info] Shutting down the console thread... (4ms)

--------------------------------------------------------------------------------
2020-02-13 21:19:43.178 [Info] Base dispose. (1005ms)

--------------------------------------------------------------------------------
2020-02-13 21:19:43.178 [Info] Finished disposing server context. (1005ms)

--------------------------------------------------------------------------------
2020-02-13 21:19:43.178 [Info] GC.SuppressFinalize (1006ms)

--------------------------------------------------------------------------------
2020-02-13 21:19:43.178 [Info] InternalDispose() completed. (1006ms)

--------------------------------------------------------------------------------
2020-02-13 21:19:43.178 [Info] Clearing instance... (1006ms)

--------------------------------------------------------------------------------
2020-02-13 21:19:43.178 [Info] Releasing context lock... (1006ms)

--------------------------------------------------------------------------------
2020-02-13 21:19:43.178 [Info] Released. (1006ms)

--------------------------------------------------------------------------------
