2020-02-27 13:48:15.417 [Debug] Loaded new formula from BaseExp * Power(Gain, Level).

--------------------------------------------------------------------------------
2020-02-27 13:48:15.429 [Debug] Loaded new formula from BaseExp * Power(Gain, Level).

--------------------------------------------------------------------------------
Listening on 0.0.0.0:5400.

--------------------------------------------------------------------------------
2020-02-27 13:48:20.917 [Info] Connection approved [e309047e-e7d9-4b50-b376-943ebc1b6da9].

--------------------------------------------------------------------------------
2020-02-27 13:48:20.927 [Debug] Connection established to remote [e309047e-e7d9-4b50-b376-943ebc1b6da9/127.0.0.1:54935].

--------------------------------------------------------------------------------
2020-02-27 13:48:20.928 [Info] Connected [e309047e-e7d9-4b50-b376-943ebc1b6da9].

--------------------------------------------------------------------------------
UPnP Service Initialization Failed. You might not have a router, or UPnP on your router might be disabled.
  Message: Exception of type 'Open.Nat.NatDeviceNotFoundException' was thrown.
    Stack:    at Open.Nat.NatDiscoverer.<DiscoverDeviceAsync>d__5.MoveNext()
--- End of stack trace from previous location where exception was thrown ---
   at System.Runtime.ExceptionServices.ExceptionDispatchInfo.Throw()
   at System.Runtime.CompilerServices.TaskAwaiter.HandleNonSuccessAndDebuggerNotification(Task task)
   at System.Runtime.CompilerServices.TaskAwaiter`1.GetResult()
   at Intersect.Server.Networking.Helpers.UpnP.<ConnectNatDevice>d__4.MoveNext() in C:\TeamCity\buildAgent\work\6c64f60308be6068\Intersect.Server\Classes\Networking\Helpers\UPnP.cs:line 24


--------------------------------------------------------------------------------
2020-02-27 13:48:27.403 [Debug] Took 511ms to load player from db!

--------------------------------------------------------------------------------
2020-02-27 14:15:59.626 [Debug] StatusChanged: [NetIncomingMessage #119 10 bytes] [Disconnected]

--------------------------------------------------------------------------------
2020-02-27 14:15:59.626 [Debug] Connectioned terminated to remote [e309047e-e7d9-4b50-b376-943ebc1b6da9/127.0.0.1:54935].

--------------------------------------------------------------------------------
2020-02-27 14:15:59.627 [Info] Disconnected [e309047e-e7d9-4b50-b376-943ebc1b6da9].

--------------------------------------------------------------------------------
2020-02-27 14:15:59.627 [Debug] Client disconnected (AEON->[editor])

--------------------------------------------------------------------------------
2020-02-27 14:28:40.104 [Info] Connection approved [0d4449d7-782a-402f-9f97-f0721418e7bc].

--------------------------------------------------------------------------------
2020-02-27 14:28:40.116 [Debug] Connection established to remote [0d4449d7-782a-402f-9f97-f0721418e7bc/127.0.0.1:55363].

--------------------------------------------------------------------------------
2020-02-27 14:28:40.116 [Info] Connected [0d4449d7-782a-402f-9f97-f0721418e7bc].

--------------------------------------------------------------------------------
2020-02-27 14:28:43.356 [Debug] Took 12ms to load player from db!

--------------------------------------------------------------------------------
2020-02-27 14:30:34.253 [Debug] StatusChanged: [NetIncomingMessage #25 10 bytes] [Disconnected]

--------------------------------------------------------------------------------
2020-02-27 14:30:34.253 [Debug] Connectioned terminated to remote [0d4449d7-782a-402f-9f97-f0721418e7bc/127.0.0.1:55363].

--------------------------------------------------------------------------------
2020-02-27 14:30:34.254 [Info] Disconnected [0d4449d7-782a-402f-9f97-f0721418e7bc].

--------------------------------------------------------------------------------
2020-02-27 14:30:34.254 [Debug] Client disconnected (AEON->[editor])

--------------------------------------------------------------------------------
2020-02-27 14:30:37.902 [Info] Connection approved [6ffaf17f-826b-48da-a473-d0bf881de10d].

--------------------------------------------------------------------------------
2020-02-27 14:30:37.912 [Debug] Connection established to remote [6ffaf17f-826b-48da-a473-d0bf881de10d/127.0.0.1:64586].

--------------------------------------------------------------------------------
2020-02-27 14:30:37.912 [Info] Connected [6ffaf17f-826b-48da-a473-d0bf881de10d].

--------------------------------------------------------------------------------
2020-02-27 14:30:40.569 [Debug] Took 10ms to load player from db!

--------------------------------------------------------------------------------
2020-02-27 15:29:08.009 [Debug] StatusChanged: [NetIncomingMessage #33 10 bytes] [Disconnected]

--------------------------------------------------------------------------------
2020-02-27 15:29:08.009 [Debug] Connectioned terminated to remote [6ffaf17f-826b-48da-a473-d0bf881de10d/127.0.0.1:64586].

--------------------------------------------------------------------------------
2020-02-27 15:29:08.009 [Info] Disconnected [6ffaf17f-826b-48da-a473-d0bf881de10d].

--------------------------------------------------------------------------------
2020-02-27 15:29:08.009 [Debug] Client disconnected (AEON->[editor])

--------------------------------------------------------------------------------
2020-02-27 15:29:15.648 [Info] Connection approved [36e6e50f-5b1f-4711-9e07-3b365126dd93].

--------------------------------------------------------------------------------
2020-02-27 15:29:15.654 [Debug] Connection established to remote [36e6e50f-5b1f-4711-9e07-3b365126dd93/127.0.0.1:54486].

--------------------------------------------------------------------------------
2020-02-27 15:29:15.654 [Info] Connected [36e6e50f-5b1f-4711-9e07-3b365126dd93].

--------------------------------------------------------------------------------
2020-02-27 15:29:17.328 [Debug] Took 11ms to load player from db!

--------------------------------------------------------------------------------
2020-02-27 15:33:57.510 [Debug] StatusChanged: [NetIncomingMessage #16 10 bytes] [Disconnected]

--------------------------------------------------------------------------------
2020-02-27 15:33:57.510 [Debug] Connectioned terminated to remote [36e6e50f-5b1f-4711-9e07-3b365126dd93/127.0.0.1:54486].

--------------------------------------------------------------------------------
2020-02-27 15:33:57.510 [Info] Disconnected [36e6e50f-5b1f-4711-9e07-3b365126dd93].

--------------------------------------------------------------------------------
2020-02-27 15:33:57.510 [Debug] Client disconnected (AEON->[editor])

--------------------------------------------------------------------------------
2020-02-27 15:34:02.045 [Info] Connection approved [863f49cc-5a71-4971-bde9-6e747e3467d2].

--------------------------------------------------------------------------------
2020-02-27 15:34:02.061 [Debug] Connection established to remote [863f49cc-5a71-4971-bde9-6e747e3467d2/127.0.0.1:51403].

--------------------------------------------------------------------------------
2020-02-27 15:34:02.061 [Info] Connected [863f49cc-5a71-4971-bde9-6e747e3467d2].

--------------------------------------------------------------------------------
2020-02-27 15:34:02.733 [Debug] Took 10ms to load player from db!

--------------------------------------------------------------------------------
2020-02-27 15:41:44.261 [Debug] StatusChanged: [NetIncomingMessage #12 10 bytes] [Disconnected]

--------------------------------------------------------------------------------
2020-02-27 15:41:44.262 [Debug] Connectioned terminated to remote [863f49cc-5a71-4971-bde9-6e747e3467d2/127.0.0.1:51403].

--------------------------------------------------------------------------------
2020-02-27 15:41:44.262 [Info] Disconnected [863f49cc-5a71-4971-bde9-6e747e3467d2].

--------------------------------------------------------------------------------
2020-02-27 15:41:44.262 [Debug] Client disconnected (AEON->[editor])

--------------------------------------------------------------------------------
2020-02-27 15:41:48.135 [Info] Connection approved [09f3aa48-c23f-4ab7-805e-5bd1cda10e87].

--------------------------------------------------------------------------------
2020-02-27 15:41:48.140 [Debug] Connection established to remote [09f3aa48-c23f-4ab7-805e-5bd1cda10e87/127.0.0.1:53147].

--------------------------------------------------------------------------------
2020-02-27 15:41:48.140 [Info] Connected [09f3aa48-c23f-4ab7-805e-5bd1cda10e87].

--------------------------------------------------------------------------------
2020-02-27 15:41:48.860 [Debug] Took 11ms to load player from db!

--------------------------------------------------------------------------------
2020-02-27 15:49:37.060 [Info] Connection approved [15c18ac6-4f41-4d4a-a58e-06c06665767f].

--------------------------------------------------------------------------------
2020-02-27 15:49:37.080 [Debug] Connection established to remote [15c18ac6-4f41-4d4a-a58e-06c06665767f/127.0.0.1:53187].

--------------------------------------------------------------------------------
2020-02-27 15:49:37.080 [Info] Connected [15c18ac6-4f41-4d4a-a58e-06c06665767f].

--------------------------------------------------------------------------------
2020-02-27 15:49:37.861 [Debug] Took 10ms to load player from db!

--------------------------------------------------------------------------------
2020-02-27 15:49:37.868 [Debug] StatusChanged: [NetIncomingMessage #67 18 bytes] [Disconnecting]

--------------------------------------------------------------------------------
2020-02-27 15:49:37.888 [Debug] StatusChanged: [NetIncomingMessage #68 18 bytes] [Disconnected]

--------------------------------------------------------------------------------
2020-02-27 15:49:37.888 [Debug] Connectioned terminated to remote [09f3aa48-c23f-4ab7-805e-5bd1cda10e87/127.0.0.1:53147].

--------------------------------------------------------------------------------
2020-02-27 15:49:37.888 [Info] Disconnected [09f3aa48-c23f-4ab7-805e-5bd1cda10e87].

--------------------------------------------------------------------------------
2020-02-27 15:49:37.888 [Debug] Client disconnected (AEON->[editor])

--------------------------------------------------------------------------------
2020-02-27 15:53:29.275 [Info] Connection approved [d09e276a-094c-4aaa-95e3-4182dbe21f40].

--------------------------------------------------------------------------------
2020-02-27 15:53:29.291 [Debug] Connection established to remote [d09e276a-094c-4aaa-95e3-4182dbe21f40/127.0.0.1:59580].

--------------------------------------------------------------------------------
2020-02-27 15:53:29.291 [Info] Connected [d09e276a-094c-4aaa-95e3-4182dbe21f40].

--------------------------------------------------------------------------------
2020-02-27 15:53:34.025 [Debug] Took 0ms to send game data to client!

--------------------------------------------------------------------------------
2020-02-27 15:54:52.810 [Debug] StatusChanged: [NetIncomingMessage #187 11 bytes] [Disconnected]

--------------------------------------------------------------------------------
2020-02-27 15:54:52.810 [Debug] Connectioned terminated to remote [d09e276a-094c-4aaa-95e3-4182dbe21f40/127.0.0.1:59580].

--------------------------------------------------------------------------------
2020-02-27 15:54:52.810 [Info] Disconnected [d09e276a-094c-4aaa-95e3-4182dbe21f40].

--------------------------------------------------------------------------------
2020-02-27 15:54:52.810 [Debug] Client disconnected (AEON->AEON)

--------------------------------------------------------------------------------
2020-02-27 15:56:19.060 [Debug] StatusChanged: [NetIncomingMessage #90 10 bytes] [Disconnected]

--------------------------------------------------------------------------------
2020-02-27 15:56:19.060 [Debug] Connectioned terminated to remote [15c18ac6-4f41-4d4a-a58e-06c06665767f/127.0.0.1:53187].

--------------------------------------------------------------------------------
2020-02-27 15:56:19.060 [Info] Disconnected [15c18ac6-4f41-4d4a-a58e-06c06665767f].

--------------------------------------------------------------------------------
2020-02-27 15:56:19.060 [Debug] Client disconnected (AEON->[editor])

--------------------------------------------------------------------------------
2020-02-27 15:56:24.049 [Info] Acquiring context lock... (0ms)

--------------------------------------------------------------------------------
2020-02-27 15:56:24.049 [Info] Acquired. (0ms)

--------------------------------------------------------------------------------
2020-02-27 15:56:24.050 [Info] Beginning context dispose. (0ms)

--------------------------------------------------------------------------------
2020-02-27 15:56:24.051 [Info] Disposing network... (1ms)

--------------------------------------------------------------------------------
2020-02-27 15:56:24.053 [Info] Saving player database... (3ms)

--------------------------------------------------------------------------------
2020-02-27 15:56:24.058 [Info] Saving game database... (7ms)

--------------------------------------------------------------------------------
2020-02-27 15:56:24.065 [Info] Shutting down the API... (14ms)

--------------------------------------------------------------------------------
2020-02-27 15:56:24.066 [Info] Base dispose. (15ms)

--------------------------------------------------------------------------------
2020-02-27 15:56:24.066 [Info] Finished disposing server context. (15ms)

--------------------------------------------------------------------------------
2020-02-27 15:56:24.066 [Info] GC.SuppressFinalize (16ms)

--------------------------------------------------------------------------------
2020-02-27 15:56:24.066 [Info] InternalDispose() completed. (16ms)

--------------------------------------------------------------------------------
2020-02-27 15:56:24.066 [Info] Clearing instance... (16ms)

--------------------------------------------------------------------------------
2020-02-27 15:56:24.066 [Info] Releasing context lock... (16ms)

--------------------------------------------------------------------------------
2020-02-27 15:56:24.066 [Info] Released. (16ms)

--------------------------------------------------------------------------------
