2020-02-18 15:19:13.770 [Debug] Loaded new formula from BaseExp * Power(Gain, Level).

--------------------------------------------------------------------------------
2020-02-18 15:19:13.776 [Debug] Loaded new formula from BaseExp * Power(Gain, Level).

--------------------------------------------------------------------------------
Listening on 0.0.0.0:5400.

--------------------------------------------------------------------------------
UPnP Service Initialization Succeeded

--------------------------------------------------------------------------------
Successfully auto port forwarded udp port 5400 using UPnP.

--------------------------------------------------------------------------------
2020-02-18 15:19:52.859 [Info] Connection approved [a6685a92-fd4b-43aa-989a-0dde93e08f65].

--------------------------------------------------------------------------------
2020-02-18 15:19:52.870 [Debug] Connection established to remote [a6685a92-fd4b-43aa-989a-0dde93e08f65/127.0.0.1:52264].

--------------------------------------------------------------------------------
2020-02-18 15:19:52.870 [Info] Connected [a6685a92-fd4b-43aa-989a-0dde93e08f65].

--------------------------------------------------------------------------------
2020-02-18 15:19:53.662 [Debug] Took 345ms to load player from db!

--------------------------------------------------------------------------------
2020-02-18 15:26:49.825 [Info] Connection approved [e6f18007-e117-4e74-b6f5-17d01525fb1f].

--------------------------------------------------------------------------------
2020-02-18 15:26:49.837 [Debug] Connection established to remote [e6f18007-e117-4e74-b6f5-17d01525fb1f/127.0.0.1:64482].

--------------------------------------------------------------------------------
2020-02-18 15:26:49.837 [Info] Connected [e6f18007-e117-4e74-b6f5-17d01525fb1f].

--------------------------------------------------------------------------------
2020-02-18 15:26:54.151 [Debug] Took 0ms to send game data to client!

--------------------------------------------------------------------------------
2020-02-18 15:27:36.046 [Debug] Took 0ms to send game data to client!

--------------------------------------------------------------------------------
2020-02-18 15:28:57.035 [Debug] StatusChanged: [NetIncomingMessage #190 11 bytes] [Disconnected]

--------------------------------------------------------------------------------
2020-02-18 15:28:57.036 [Debug] Connectioned terminated to remote [e6f18007-e117-4e74-b6f5-17d01525fb1f/127.0.0.1:64482].

--------------------------------------------------------------------------------
2020-02-18 15:28:57.036 [Info] Disconnected [e6f18007-e117-4e74-b6f5-17d01525fb1f].

--------------------------------------------------------------------------------
2020-02-18 15:28:57.036 [Debug] Client disconnected (test->Test)

--------------------------------------------------------------------------------
2020-02-18 15:36:15.036 [Debug] StatusChanged: [NetIncomingMessage #196 10 bytes] [Disconnected]

--------------------------------------------------------------------------------
2020-02-18 15:36:15.036 [Debug] Connectioned terminated to remote [a6685a92-fd4b-43aa-989a-0dde93e08f65/127.0.0.1:52264].

--------------------------------------------------------------------------------
2020-02-18 15:36:15.036 [Info] Disconnected [a6685a92-fd4b-43aa-989a-0dde93e08f65].

--------------------------------------------------------------------------------
2020-02-18 15:36:15.036 [Debug] Client disconnected (AEON->[editor])

--------------------------------------------------------------------------------
2020-02-18 15:36:18.045 [Info] Acquiring context lock... (0ms)

--------------------------------------------------------------------------------
2020-02-18 15:36:18.045 [Info] Acquired. (0ms)

--------------------------------------------------------------------------------
2020-02-18 15:36:18.046 [Info] Beginning context dispose. (0ms)

--------------------------------------------------------------------------------
2020-02-18 15:36:18.047 [Info] Disposing network... (0ms)

--------------------------------------------------------------------------------
2020-02-18 15:36:18.048 [Info] Saving player database... (1ms)

--------------------------------------------------------------------------------
2020-02-18 15:36:18.051 [Info] Saving game database... (5ms)

--------------------------------------------------------------------------------
2020-02-18 15:36:18.055 [Info] Shutting down the API... (8ms)

--------------------------------------------------------------------------------
2020-02-18 15:36:18.055 [Info] Base dispose. (8ms)

--------------------------------------------------------------------------------
2020-02-18 15:36:18.055 [Info] Finished disposing server context. (8ms)

--------------------------------------------------------------------------------
2020-02-18 15:36:18.055 [Info] GC.SuppressFinalize (9ms)

--------------------------------------------------------------------------------
2020-02-18 15:36:18.055 [Info] InternalDispose() completed. (9ms)

--------------------------------------------------------------------------------
2020-02-18 15:36:18.055 [Info] Clearing instance... (9ms)

--------------------------------------------------------------------------------
2020-02-18 15:36:18.055 [Info] Releasing context lock... (9ms)

--------------------------------------------------------------------------------
2020-02-18 15:36:18.055 [Info] Released. (9ms)

--------------------------------------------------------------------------------
