2020-02-24 12:42:37.450 [Debug] Loaded new formula from BaseExp * Power(Gain, Level).

--------------------------------------------------------------------------------
2020-02-24 12:42:37.462 [Debug] Loaded new formula from BaseExp * Power(Gain, Level).

--------------------------------------------------------------------------------
Listening on 0.0.0.0:5400.

--------------------------------------------------------------------------------
2020-02-24 12:42:42.895 [Info] Connection approved [74403ae6-346d-46a7-9653-9454c3dcd776].

--------------------------------------------------------------------------------
2020-02-24 12:42:42.909 [Debug] Connection established to remote [74403ae6-346d-46a7-9653-9454c3dcd776/127.0.0.1:50658].

--------------------------------------------------------------------------------
2020-02-24 12:42:42.910 [Info] Connected [74403ae6-346d-46a7-9653-9454c3dcd776].

--------------------------------------------------------------------------------
2020-02-24 12:42:43.813 [Debug] Took 501ms to load player from db!

--------------------------------------------------------------------------------
UPnP Service Initialization Failed. You might not have a router, or UPnP on your router might be disabled.
  Message: Exception of type 'Open.Nat.NatDeviceNotFoundException' was thrown.
    Stack:    at Open.Nat.NatDiscoverer.<DiscoverDeviceAsync>d__5.MoveNext()
--- End of stack trace from previous location where exception was thrown ---
   at System.Runtime.ExceptionServices.ExceptionDispatchInfo.Throw()
   at System.Runtime.CompilerServices.TaskAwaiter.HandleNonSuccessAndDebuggerNotification(Task task)
   at System.Runtime.CompilerServices.TaskAwaiter`1.GetResult()
   at Intersect.Server.Networking.Helpers.UpnP.<ConnectNatDevice>d__4.MoveNext() in C:\TeamCity\buildAgent\work\6c64f60308be6068\Intersect.Server\Classes\Networking\Helpers\UPnP.cs:line 24


--------------------------------------------------------------------------------
2020-02-24 13:53:06.453 [Info] Connection approved [2c57fdd8-af02-467f-8d19-cdafa7562b30].

--------------------------------------------------------------------------------
2020-02-24 13:53:06.469 [Debug] Connection established to remote [2c57fdd8-af02-467f-8d19-cdafa7562b30/127.0.0.1:60741].

--------------------------------------------------------------------------------
2020-02-24 13:53:06.469 [Info] Connected [2c57fdd8-af02-467f-8d19-cdafa7562b30].

--------------------------------------------------------------------------------
2020-02-24 13:53:11.455 [Debug] Took 3ms to send game data to client!

--------------------------------------------------------------------------------
2020-02-24 13:55:41.085 [Debug] StatusChanged: [NetIncomingMessage #413 11 bytes] [Disconnected]

--------------------------------------------------------------------------------
2020-02-24 13:55:41.087 [Debug] Connectioned terminated to remote [2c57fdd8-af02-467f-8d19-cdafa7562b30/127.0.0.1:60741].

--------------------------------------------------------------------------------
2020-02-24 13:55:41.087 [Info] Disconnected [2c57fdd8-af02-467f-8d19-cdafa7562b30].

--------------------------------------------------------------------------------
2020-02-24 13:55:41.088 [Debug] Client disconnected (AEON->AEON)

--------------------------------------------------------------------------------
2020-02-24 14:30:11.017 [Info] Connection approved [a28913f5-edd7-4789-b069-155eab73b4bf].

--------------------------------------------------------------------------------
2020-02-24 14:30:11.053 [Debug] Connection established to remote [a28913f5-edd7-4789-b069-155eab73b4bf/127.0.0.1:55221].

--------------------------------------------------------------------------------
2020-02-24 14:30:11.053 [Info] Connected [a28913f5-edd7-4789-b069-155eab73b4bf].

--------------------------------------------------------------------------------
2020-02-24 14:30:17.696 [Debug] Took 2ms to send game data to client!

--------------------------------------------------------------------------------
2020-02-24 14:30:47.272 [Debug] StatusChanged: [NetIncomingMessage #77 10 bytes] [Disconnected]

--------------------------------------------------------------------------------
2020-02-24 14:30:47.273 [Debug] Connectioned terminated to remote [a28913f5-edd7-4789-b069-155eab73b4bf/127.0.0.1:55221].

--------------------------------------------------------------------------------
2020-02-24 14:30:47.273 [Info] Disconnected [a28913f5-edd7-4789-b069-155eab73b4bf].

--------------------------------------------------------------------------------
2020-02-24 14:30:47.273 [Debug] Client disconnected (test->Test)

--------------------------------------------------------------------------------
2020-02-24 14:31:28.792 [Info] Connection approved [4bf69b24-1eae-426e-bd78-079da42d5001].

--------------------------------------------------------------------------------
2020-02-24 14:31:28.809 [Debug] Connection established to remote [4bf69b24-1eae-426e-bd78-079da42d5001/127.0.0.1:54274].

--------------------------------------------------------------------------------
2020-02-24 14:31:28.810 [Info] Connected [4bf69b24-1eae-426e-bd78-079da42d5001].

--------------------------------------------------------------------------------
2020-02-24 14:31:31.669 [Debug] Took 11ms to send game data to client!

--------------------------------------------------------------------------------
2020-02-24 14:31:35.416 [Debug] StatusChanged: [NetIncomingMessage #2 11 bytes] [Disconnected]

--------------------------------------------------------------------------------
2020-02-24 14:31:35.416 [Debug] Connectioned terminated to remote [4bf69b24-1eae-426e-bd78-079da42d5001/127.0.0.1:54274].

--------------------------------------------------------------------------------
2020-02-24 14:31:35.416 [Info] Disconnected [4bf69b24-1eae-426e-bd78-079da42d5001].

--------------------------------------------------------------------------------
2020-02-24 14:31:35.416 [Debug] Client disconnected (test->Test)

--------------------------------------------------------------------------------
2020-02-24 14:31:37.771 [Debug] StatusChanged: [NetIncomingMessage #0 10 bytes] [Disconnected]

--------------------------------------------------------------------------------
2020-02-24 14:31:37.772 [Debug] Connectioned terminated to remote [74403ae6-346d-46a7-9653-9454c3dcd776/127.0.0.1:50658].

--------------------------------------------------------------------------------
2020-02-24 14:31:37.773 [Info] Disconnected [74403ae6-346d-46a7-9653-9454c3dcd776].

--------------------------------------------------------------------------------
2020-02-24 14:31:37.773 [Debug] Client disconnected (AEON->[editor])

--------------------------------------------------------------------------------
2020-02-24 14:31:40.029 [Info] Acquiring context lock... (0ms)

--------------------------------------------------------------------------------
2020-02-24 14:31:40.029 [Info] Acquired. (0ms)

--------------------------------------------------------------------------------
2020-02-24 14:31:40.029 [Info] Beginning context dispose. (0ms)

--------------------------------------------------------------------------------
2020-02-24 14:31:40.030 [Info] Disposing network... (0ms)

--------------------------------------------------------------------------------
2020-02-24 14:31:40.032 [Info] Saving player database... (2ms)

--------------------------------------------------------------------------------
2020-02-24 14:31:40.038 [Info] Saving game database... (8ms)

--------------------------------------------------------------------------------
2020-02-24 14:31:40.045 [Info] Shutting down the API... (14ms)

--------------------------------------------------------------------------------
2020-02-24 14:31:40.045 [Info] Base dispose. (15ms)

--------------------------------------------------------------------------------
2020-02-24 14:31:40.045 [Info] Finished disposing server context. (15ms)

--------------------------------------------------------------------------------
2020-02-24 14:31:40.046 [Info] GC.SuppressFinalize (16ms)

--------------------------------------------------------------------------------
2020-02-24 14:31:40.046 [Info] InternalDispose() completed. (16ms)

--------------------------------------------------------------------------------
2020-02-24 14:31:40.046 [Info] Clearing instance... (16ms)

--------------------------------------------------------------------------------
2020-02-24 14:31:40.046 [Info] Releasing context lock... (16ms)

--------------------------------------------------------------------------------
2020-02-24 14:31:40.046 [Info] Released. (16ms)

--------------------------------------------------------------------------------
