2020-02-12 15:16:58.688 [Debug] Loaded new formula from BaseExp * Power(Gain, Level).

--------------------------------------------------------------------------------
2020-02-12 15:16:58.706 [Debug] Loaded new formula from BaseExp * Power(Gain, Level).

--------------------------------------------------------------------------------
Listening on 0.0.0.0:5400.

--------------------------------------------------------------------------------
2020-02-12 15:17:04.444 [Info] Connection approved [0ffc3f34-14fd-4cce-9367-485edac63ab9].

--------------------------------------------------------------------------------
2020-02-12 15:17:04.476 [Debug] Connection established to remote [0ffc3f34-14fd-4cce-9367-485edac63ab9/127.0.0.1:58893].

--------------------------------------------------------------------------------
2020-02-12 15:17:04.476 [Info] Connected [0ffc3f34-14fd-4cce-9367-485edac63ab9].

--------------------------------------------------------------------------------
UPnP Service Initialization Failed. You might not have a router, or UPnP on your router might be disabled.
  Message: Exception of type 'Open.Nat.NatDeviceNotFoundException' was thrown.
    Stack:    at Open.Nat.NatDiscoverer.<DiscoverDeviceAsync>d__5.MoveNext()
--- End of stack trace from previous location where exception was thrown ---
   at System.Runtime.ExceptionServices.ExceptionDispatchInfo.Throw()
   at System.Runtime.CompilerServices.TaskAwaiter.HandleNonSuccessAndDebuggerNotification(Task task)
   at System.Runtime.CompilerServices.TaskAwaiter`1.GetResult()
   at Intersect.Server.Networking.Helpers.UpnP.<ConnectNatDevice>d__4.MoveNext() in C:\TeamCity\buildAgent\work\6c64f60308be6068\Intersect.Server\Classes\Networking\Helpers\UPnP.cs:line 24


--------------------------------------------------------------------------------
2020-02-12 15:17:12.941 [Debug] Took 29ms to send game data to client!

--------------------------------------------------------------------------------
2020-02-12 15:18:18.729 [Debug] StatusChanged: [NetIncomingMessage #160 11 bytes] [Disconnected]

--------------------------------------------------------------------------------
2020-02-12 15:18:18.729 [Debug] Connectioned terminated to remote [0ffc3f34-14fd-4cce-9367-485edac63ab9/127.0.0.1:58893].

--------------------------------------------------------------------------------
2020-02-12 15:18:18.729 [Info] Disconnected [0ffc3f34-14fd-4cce-9367-485edac63ab9].

--------------------------------------------------------------------------------
2020-02-12 15:18:18.730 [Debug] Client disconnected (AEON->AEON)

--------------------------------------------------------------------------------
2020-02-12 15:18:23.916 [Info] Connection approved [ffc6abc4-7768-44cd-a338-c162e5051684].

--------------------------------------------------------------------------------
2020-02-12 15:18:23.934 [Debug] Connection established to remote [ffc6abc4-7768-44cd-a338-c162e5051684/127.0.0.1:64692].

--------------------------------------------------------------------------------
2020-02-12 15:18:23.934 [Info] Connected [ffc6abc4-7768-44cd-a338-c162e5051684].

--------------------------------------------------------------------------------
2020-02-12 15:18:24.596 [Debug] Took 5ms to load player from db!

--------------------------------------------------------------------------------
2020-02-12 15:21:22.481 [Debug] StatusChanged: [NetIncomingMessage #17 10 bytes] [Disconnected]

--------------------------------------------------------------------------------
2020-02-12 15:21:22.481 [Debug] Connectioned terminated to remote [ffc6abc4-7768-44cd-a338-c162e5051684/127.0.0.1:64692].

--------------------------------------------------------------------------------
2020-02-12 15:21:22.481 [Info] Disconnected [ffc6abc4-7768-44cd-a338-c162e5051684].

--------------------------------------------------------------------------------
2020-02-12 15:21:22.481 [Debug] Client disconnected (AEON->[editor])

--------------------------------------------------------------------------------
2020-02-12 15:21:26.954 [Info] Acquiring context lock... (0ms)

--------------------------------------------------------------------------------
2020-02-12 15:21:26.954 [Info] Acquired. (0ms)

--------------------------------------------------------------------------------
2020-02-12 15:21:26.954 [Info] Beginning context dispose. (0ms)

--------------------------------------------------------------------------------
2020-02-12 15:21:26.956 [Info] Disposing network... (1ms)

--------------------------------------------------------------------------------
2020-02-12 15:21:26.958 [Info] Saving player database... (3ms)

--------------------------------------------------------------------------------
2020-02-12 15:21:26.961 [Info] Saving game database... (5ms)

--------------------------------------------------------------------------------
2020-02-12 15:21:26.961 [Info] Shutting down the API... (6ms)

--------------------------------------------------------------------------------
2020-02-12 15:21:26.962 [Info] Base dispose. (7ms)

--------------------------------------------------------------------------------
2020-02-12 15:21:26.962 [Info] Finished disposing server context. (7ms)

--------------------------------------------------------------------------------
2020-02-12 15:21:26.962 [Info] GC.SuppressFinalize (8ms)

--------------------------------------------------------------------------------
2020-02-12 15:21:26.962 [Info] InternalDispose() completed. (8ms)

--------------------------------------------------------------------------------
2020-02-12 15:21:26.962 [Info] Clearing instance... (8ms)

--------------------------------------------------------------------------------
2020-02-12 15:21:26.962 [Info] Releasing context lock... (8ms)

--------------------------------------------------------------------------------
2020-02-12 15:21:26.962 [Info] Released. (8ms)

--------------------------------------------------------------------------------
