2020-02-13 10:16:54.916 [Debug] Loaded new formula from BaseExp * Power(Gain, Level).

--------------------------------------------------------------------------------
2020-02-13 10:16:54.926 [Debug] Loaded new formula from BaseExp * Power(Gain, Level).

--------------------------------------------------------------------------------
Listening on 0.0.0.0:5400.

--------------------------------------------------------------------------------
2020-02-13 10:17:01.378 [Info] Connection approved [d08fad19-5292-4062-b253-c72565f2d77a].

--------------------------------------------------------------------------------
2020-02-13 10:17:01.397 [Debug] Connection established to remote [d08fad19-5292-4062-b253-c72565f2d77a/127.0.0.1:63032].

--------------------------------------------------------------------------------
2020-02-13 10:17:01.397 [Info] Connected [d08fad19-5292-4062-b253-c72565f2d77a].

--------------------------------------------------------------------------------
UPnP Service Initialization Failed. You might not have a router, or UPnP on your router might be disabled.
  Message: Exception of type 'Open.Nat.NatDeviceNotFoundException' was thrown.
    Stack:    at Open.Nat.NatDiscoverer.<DiscoverDeviceAsync>d__5.MoveNext()
--- End of stack trace from previous location where exception was thrown ---
   at System.Runtime.ExceptionServices.ExceptionDispatchInfo.Throw()
   at System.Runtime.CompilerServices.TaskAwaiter.HandleNonSuccessAndDebuggerNotification(Task task)
   at System.Runtime.CompilerServices.TaskAwaiter`1.GetResult()
   at Intersect.Server.Networking.Helpers.UpnP.<ConnectNatDevice>d__4.MoveNext() in C:\TeamCity\buildAgent\work\6c64f60308be6068\Intersect.Server\Classes\Networking\Helpers\UPnP.cs:line 24


--------------------------------------------------------------------------------
2020-02-13 10:17:07.549 [Debug] Took 35ms to send game data to client!

--------------------------------------------------------------------------------
2020-02-13 10:18:02.669 [Debug] StatusChanged: [NetIncomingMessage #115 11 bytes] [Disconnected]

--------------------------------------------------------------------------------
2020-02-13 10:18:02.669 [Debug] Connectioned terminated to remote [d08fad19-5292-4062-b253-c72565f2d77a/127.0.0.1:63032].

--------------------------------------------------------------------------------
2020-02-13 10:18:02.670 [Info] Disconnected [d08fad19-5292-4062-b253-c72565f2d77a].

--------------------------------------------------------------------------------
2020-02-13 10:18:02.673 [Debug] Client disconnected (AEON->AEON)

--------------------------------------------------------------------------------
2020-02-13 10:18:05.986 [Info] Connection approved [584db02e-5970-4fb4-abfb-be158deaf944].

--------------------------------------------------------------------------------
2020-02-13 10:18:05.999 [Debug] Connection established to remote [584db02e-5970-4fb4-abfb-be158deaf944/127.0.0.1:50175].

--------------------------------------------------------------------------------
2020-02-13 10:18:05.999 [Info] Connected [584db02e-5970-4fb4-abfb-be158deaf944].

--------------------------------------------------------------------------------
2020-02-13 10:18:06.413 [Debug] Took 5ms to load player from db!

--------------------------------------------------------------------------------
2020-02-13 10:19:06.796 [Debug] StatusChanged: [NetIncomingMessage #37 10 bytes] [Disconnected]

--------------------------------------------------------------------------------
2020-02-13 10:19:06.796 [Debug] Connectioned terminated to remote [584db02e-5970-4fb4-abfb-be158deaf944/127.0.0.1:50175].

--------------------------------------------------------------------------------
2020-02-13 10:19:06.796 [Info] Disconnected [584db02e-5970-4fb4-abfb-be158deaf944].

--------------------------------------------------------------------------------
2020-02-13 10:19:06.796 [Debug] Client disconnected (AEON->[editor])

--------------------------------------------------------------------------------
2020-02-13 10:19:09.696 [Info] Acquiring context lock... (0ms)

--------------------------------------------------------------------------------
2020-02-13 10:19:09.696 [Info] Acquired. (0ms)

--------------------------------------------------------------------------------
2020-02-13 10:19:09.696 [Info] Beginning context dispose. (0ms)

--------------------------------------------------------------------------------
2020-02-13 10:19:09.698 [Info] Disposing network... (0ms)

--------------------------------------------------------------------------------
2020-02-13 10:19:09.700 [Info] Saving player database... (2ms)

--------------------------------------------------------------------------------
2020-02-13 10:19:09.703 [Info] Saving game database... (5ms)

--------------------------------------------------------------------------------
2020-02-13 10:19:09.703 [Info] Shutting down the API... (6ms)

--------------------------------------------------------------------------------
2020-02-13 10:19:09.704 [Info] Base dispose. (6ms)

--------------------------------------------------------------------------------
2020-02-13 10:19:09.704 [Info] Finished disposing server context. (7ms)

--------------------------------------------------------------------------------
2020-02-13 10:19:09.704 [Info] GC.SuppressFinalize (8ms)

--------------------------------------------------------------------------------
2020-02-13 10:19:09.704 [Info] InternalDispose() completed. (8ms)

--------------------------------------------------------------------------------
2020-02-13 10:19:09.704 [Info] Clearing instance... (8ms)

--------------------------------------------------------------------------------
2020-02-13 10:19:09.704 [Info] Releasing context lock... (8ms)

--------------------------------------------------------------------------------
2020-02-13 10:19:09.704 [Info] Released. (8ms)

--------------------------------------------------------------------------------
