2020-02-17 09:38:32.627 [Debug] Loaded new formula from BaseExp * Power(Gain, Level).

--------------------------------------------------------------------------------
2020-02-17 09:38:32.639 [Debug] Loaded new formula from BaseExp * Power(Gain, Level).

--------------------------------------------------------------------------------
Listening on 0.0.0.0:5400.

--------------------------------------------------------------------------------
UPnP Service Initialization Failed. You might not have a router, or UPnP on your router might be disabled.
  Message: Exception of type 'Open.Nat.NatDeviceNotFoundException' was thrown.
    Stack:    at Open.Nat.NatDiscoverer.<DiscoverDeviceAsync>d__5.MoveNext()
--- End of stack trace from previous location where exception was thrown ---
   at System.Runtime.ExceptionServices.ExceptionDispatchInfo.Throw()
   at System.Runtime.CompilerServices.TaskAwaiter.HandleNonSuccessAndDebuggerNotification(Task task)
   at System.Runtime.CompilerServices.TaskAwaiter`1.GetResult()
   at Intersect.Server.Networking.Helpers.UpnP.<ConnectNatDevice>d__4.MoveNext() in C:\TeamCity\buildAgent\work\6c64f60308be6068\Intersect.Server\Classes\Networking\Helpers\UPnP.cs:line 24


--------------------------------------------------------------------------------
2020-02-17 09:38:57.293 [Info] Connection approved [b6f790b1-a145-4729-902e-c0b315da1104].

--------------------------------------------------------------------------------
2020-02-17 09:38:57.303 [Debug] Connection established to remote [b6f790b1-a145-4729-902e-c0b315da1104/127.0.0.1:51436].

--------------------------------------------------------------------------------
2020-02-17 09:38:57.304 [Info] Connected [b6f790b1-a145-4729-902e-c0b315da1104].

--------------------------------------------------------------------------------
2020-02-17 09:39:01.732 [Debug] Took 544ms to load player from db!

--------------------------------------------------------------------------------
2020-02-17 09:51:38.731 [Info] Connection approved [e9a2e44d-7fe2-4abf-a7dd-e2d1e557202c].

--------------------------------------------------------------------------------
2020-02-17 09:51:38.745 [Debug] Connection established to remote [e9a2e44d-7fe2-4abf-a7dd-e2d1e557202c/127.0.0.1:64827].

--------------------------------------------------------------------------------
2020-02-17 09:51:38.745 [Info] Connected [e9a2e44d-7fe2-4abf-a7dd-e2d1e557202c].

--------------------------------------------------------------------------------
2020-02-17 09:51:43.944 [Debug] Took 0ms to send game data to client!

--------------------------------------------------------------------------------
2020-02-17 09:51:44.230 [Info] Connection approved [fa2c939a-13fd-453e-a5e4-e403e4d3a20f].

--------------------------------------------------------------------------------
2020-02-17 09:51:44.245 [Debug] Connection established to remote [fa2c939a-13fd-453e-a5e4-e403e4d3a20f/127.0.0.1:50868].

--------------------------------------------------------------------------------
2020-02-17 09:51:44.245 [Info] Connected [fa2c939a-13fd-453e-a5e4-e403e4d3a20f].

--------------------------------------------------------------------------------
2020-02-17 09:51:51.238 [Debug] StatusChanged: [NetIncomingMessage #177 11 bytes] [Disconnected]

--------------------------------------------------------------------------------
2020-02-17 09:51:51.240 [Debug] Connectioned terminated to remote [fa2c939a-13fd-453e-a5e4-e403e4d3a20f/127.0.0.1:50868].

--------------------------------------------------------------------------------
2020-02-17 09:51:51.244 [Info] Disconnected [fa2c939a-13fd-453e-a5e4-e403e4d3a20f].

--------------------------------------------------------------------------------
2020-02-17 09:51:51.251 [Debug] Client disconnected ([menu])

--------------------------------------------------------------------------------
2020-02-17 09:56:08.485 [Debug] StatusChanged: [NetIncomingMessage #786 11 bytes] [Disconnected]

--------------------------------------------------------------------------------
2020-02-17 09:56:08.486 [Debug] Connectioned terminated to remote [e9a2e44d-7fe2-4abf-a7dd-e2d1e557202c/127.0.0.1:64827].

--------------------------------------------------------------------------------
2020-02-17 09:56:08.486 [Info] Disconnected [e9a2e44d-7fe2-4abf-a7dd-e2d1e557202c].

--------------------------------------------------------------------------------
2020-02-17 09:56:08.486 [Debug] Client disconnected (AEON->AEON)

--------------------------------------------------------------------------------
2020-02-17 10:02:17.846 [Info] Connection approved [2457d740-1713-4fbf-ae7f-cde9bd9cff2b].

--------------------------------------------------------------------------------
2020-02-17 10:02:17.870 [Debug] Connection established to remote [2457d740-1713-4fbf-ae7f-cde9bd9cff2b/127.0.0.1:52932].

--------------------------------------------------------------------------------
2020-02-17 10:02:17.870 [Info] Connected [2457d740-1713-4fbf-ae7f-cde9bd9cff2b].

--------------------------------------------------------------------------------
2020-02-17 10:02:39.237 [Debug] StatusChanged: [NetIncomingMessage #0 11 bytes] [Disconnected]

--------------------------------------------------------------------------------
2020-02-17 10:02:39.238 [Debug] Connectioned terminated to remote [2457d740-1713-4fbf-ae7f-cde9bd9cff2b/127.0.0.1:52932].

--------------------------------------------------------------------------------
2020-02-17 10:02:39.238 [Info] Disconnected [2457d740-1713-4fbf-ae7f-cde9bd9cff2b].

--------------------------------------------------------------------------------
2020-02-17 10:02:39.239 [Debug] Client disconnected ([menu])

--------------------------------------------------------------------------------
2020-02-17 10:06:06.385 [Info] Connection approved [9c7ed392-bd92-48ef-a346-26cb7442c892].

--------------------------------------------------------------------------------
2020-02-17 10:06:06.403 [Debug] Connection established to remote [9c7ed392-bd92-48ef-a346-26cb7442c892/127.0.0.1:49394].

--------------------------------------------------------------------------------
2020-02-17 10:06:06.403 [Info] Connected [9c7ed392-bd92-48ef-a346-26cb7442c892].

--------------------------------------------------------------------------------
2020-02-17 10:06:27.461 [Debug] Took 1ms to send game data to client!

--------------------------------------------------------------------------------
2020-02-17 10:06:44.629 [Debug] StatusChanged: [NetIncomingMessage #0 11 bytes] [Disconnected]

--------------------------------------------------------------------------------
2020-02-17 10:06:44.629 [Debug] Connectioned terminated to remote [9c7ed392-bd92-48ef-a346-26cb7442c892/127.0.0.1:49394].

--------------------------------------------------------------------------------
2020-02-17 10:06:44.629 [Info] Disconnected [9c7ed392-bd92-48ef-a346-26cb7442c892].

--------------------------------------------------------------------------------
2020-02-17 10:06:44.629 [Debug] Client disconnected (AEON->AEON)

--------------------------------------------------------------------------------
2020-02-17 10:46:33.808 [Debug] StatusChanged: [NetIncomingMessage #312 10 bytes] [Disconnected]

--------------------------------------------------------------------------------
2020-02-17 10:46:33.809 [Debug] Connectioned terminated to remote [b6f790b1-a145-4729-902e-c0b315da1104/127.0.0.1:51436].

--------------------------------------------------------------------------------
2020-02-17 10:46:33.809 [Info] Disconnected [b6f790b1-a145-4729-902e-c0b315da1104].

--------------------------------------------------------------------------------
2020-02-17 10:46:33.809 [Debug] Client disconnected (AEON->[editor])

--------------------------------------------------------------------------------
2020-02-17 10:46:41.090 [Info] Connection approved [a6712e14-6640-4c43-979b-14b200fc9f0f].

--------------------------------------------------------------------------------
2020-02-17 10:46:41.097 [Debug] Connection established to remote [a6712e14-6640-4c43-979b-14b200fc9f0f/127.0.0.1:63704].

--------------------------------------------------------------------------------
2020-02-17 10:46:41.097 [Info] Connected [a6712e14-6640-4c43-979b-14b200fc9f0f].

--------------------------------------------------------------------------------
2020-02-17 10:46:45.059 [Debug] StatusChanged: [NetIncomingMessage #318 11 bytes] [Disconnected]

--------------------------------------------------------------------------------
2020-02-17 10:46:45.059 [Debug] Connectioned terminated to remote [a6712e14-6640-4c43-979b-14b200fc9f0f/127.0.0.1:63704].

--------------------------------------------------------------------------------
2020-02-17 10:46:45.059 [Info] Disconnected [a6712e14-6640-4c43-979b-14b200fc9f0f].

--------------------------------------------------------------------------------
2020-02-17 10:46:45.059 [Debug] Client disconnected ([menu])

--------------------------------------------------------------------------------
2020-02-17 10:46:47.810 [Info] Connection approved [ababf939-9cb6-47a6-973b-248e972e362d].

--------------------------------------------------------------------------------
2020-02-17 10:46:47.831 [Debug] Connection established to remote [ababf939-9cb6-47a6-973b-248e972e362d/127.0.0.1:50082].

--------------------------------------------------------------------------------
2020-02-17 10:46:47.831 [Info] Connected [ababf939-9cb6-47a6-973b-248e972e362d].

--------------------------------------------------------------------------------
2020-02-17 10:46:52.314 [Debug] Took 11ms to load player from db!

--------------------------------------------------------------------------------
2020-02-17 11:07:17.063 [Debug] StatusChanged: [NetIncomingMessage #416 10 bytes] [Disconnected]

--------------------------------------------------------------------------------
2020-02-17 11:07:17.070 [Debug] Connectioned terminated to remote [ababf939-9cb6-47a6-973b-248e972e362d/127.0.0.1:50082].

--------------------------------------------------------------------------------
2020-02-17 11:07:17.070 [Info] Disconnected [ababf939-9cb6-47a6-973b-248e972e362d].

--------------------------------------------------------------------------------
2020-02-17 11:07:17.071 [Debug] Client disconnected (AEON->[editor])

--------------------------------------------------------------------------------
2020-02-17 11:07:22.214 [Info] Acquiring context lock... (0ms)

--------------------------------------------------------------------------------
2020-02-17 11:07:22.214 [Info] Acquired. (0ms)

--------------------------------------------------------------------------------
2020-02-17 11:07:22.214 [Info] Beginning context dispose. (0ms)

--------------------------------------------------------------------------------
2020-02-17 11:07:22.216 [Info] Disposing network... (1ms)

--------------------------------------------------------------------------------
2020-02-17 11:07:22.218 [Info] Saving player database... (3ms)

--------------------------------------------------------------------------------
2020-02-17 11:07:22.224 [Info] Saving game database... (8ms)

--------------------------------------------------------------------------------
2020-02-17 11:07:22.228 [Info] Shutting down the API... (12ms)

--------------------------------------------------------------------------------
2020-02-17 11:07:22.228 [Info] Base dispose. (13ms)

--------------------------------------------------------------------------------
2020-02-17 11:07:22.228 [Info] Finished disposing server context. (13ms)

--------------------------------------------------------------------------------
2020-02-17 11:07:22.228 [Info] GC.SuppressFinalize (14ms)

--------------------------------------------------------------------------------
2020-02-17 11:07:22.228 [Info] InternalDispose() completed. (14ms)

--------------------------------------------------------------------------------
2020-02-17 11:07:22.229 [Info] Clearing instance... (14ms)

--------------------------------------------------------------------------------
2020-02-17 11:07:22.229 [Info] Releasing context lock... (14ms)

--------------------------------------------------------------------------------
2020-02-17 11:07:22.229 [Info] Released. (14ms)

--------------------------------------------------------------------------------
