2020-02-14 09:41:16.197 [Debug] Loaded new formula from BaseExp * Power(Gain, Level).

--------------------------------------------------------------------------------
2020-02-14 09:41:16.209 [Debug] Loaded new formula from BaseExp * Power(Gain, Level).

--------------------------------------------------------------------------------
Listening on 0.0.0.0:5400.

--------------------------------------------------------------------------------
2020-02-14 09:41:20.423 [Info] Connection approved [ee8f551e-3be7-4c9f-89fb-fa1a54246cc9].

--------------------------------------------------------------------------------
2020-02-14 09:41:20.447 [Debug] Connection established to remote [ee8f551e-3be7-4c9f-89fb-fa1a54246cc9/127.0.0.1:52588].

--------------------------------------------------------------------------------
2020-02-14 09:41:20.447 [Info] Connected [ee8f551e-3be7-4c9f-89fb-fa1a54246cc9].

--------------------------------------------------------------------------------
UPnP Service Initialization Failed. You might not have a router, or UPnP on your router might be disabled.
  Message: Exception of type 'Open.Nat.NatDeviceNotFoundException' was thrown.
    Stack:    at Open.Nat.NatDiscoverer.<DiscoverDeviceAsync>d__5.MoveNext()
--- End of stack trace from previous location where exception was thrown ---
   at System.Runtime.ExceptionServices.ExceptionDispatchInfo.Throw()
   at System.Runtime.CompilerServices.TaskAwaiter.HandleNonSuccessAndDebuggerNotification(Task task)
   at System.Runtime.CompilerServices.TaskAwaiter`1.GetResult()
   at Intersect.Server.Networking.Helpers.UpnP.<ConnectNatDevice>d__4.MoveNext() in C:\TeamCity\buildAgent\work\6c64f60308be6068\Intersect.Server\Classes\Networking\Helpers\UPnP.cs:line 24


--------------------------------------------------------------------------------
2020-02-14 09:41:27.636 [Debug] Took 33ms to send game data to client!

--------------------------------------------------------------------------------
2020-02-14 09:47:00.062 [Debug] StatusChanged: [NetIncomingMessage #554 11 bytes] [Disconnected]

--------------------------------------------------------------------------------
2020-02-14 09:47:00.063 [Debug] Connectioned terminated to remote [ee8f551e-3be7-4c9f-89fb-fa1a54246cc9/127.0.0.1:52588].

--------------------------------------------------------------------------------
2020-02-14 09:47:00.063 [Info] Disconnected [ee8f551e-3be7-4c9f-89fb-fa1a54246cc9].

--------------------------------------------------------------------------------
2020-02-14 09:47:00.064 [Debug] Client disconnected (AEON->AEON)

--------------------------------------------------------------------------------
2020-02-14 09:47:09.706 [Info] Connection approved [6d2cbfb3-9bd2-474d-84e7-2c5e3b31c792].

--------------------------------------------------------------------------------
2020-02-14 09:47:09.720 [Debug] Connection established to remote [6d2cbfb3-9bd2-474d-84e7-2c5e3b31c792/127.0.0.1:49774].

--------------------------------------------------------------------------------
2020-02-14 09:47:09.720 [Info] Connected [6d2cbfb3-9bd2-474d-84e7-2c5e3b31c792].

--------------------------------------------------------------------------------
2020-02-14 09:47:15.103 [Debug] Took 7ms to load player from db!

--------------------------------------------------------------------------------
2020-02-14 10:21:40.198 [Debug] StatusChanged: [NetIncomingMessage #221 10 bytes] [Disconnected]

--------------------------------------------------------------------------------
2020-02-14 10:21:40.199 [Debug] Connectioned terminated to remote [6d2cbfb3-9bd2-474d-84e7-2c5e3b31c792/127.0.0.1:49774].

--------------------------------------------------------------------------------
2020-02-14 10:21:40.199 [Info] Disconnected [6d2cbfb3-9bd2-474d-84e7-2c5e3b31c792].

--------------------------------------------------------------------------------
2020-02-14 10:21:40.199 [Debug] Client disconnected (AEON->[editor])

--------------------------------------------------------------------------------
2020-02-14 10:21:44.053 [Info] Acquiring context lock... (0ms)

--------------------------------------------------------------------------------
2020-02-14 10:21:44.053 [Info] Acquired. (0ms)

--------------------------------------------------------------------------------
2020-02-14 10:21:44.054 [Info] Beginning context dispose. (0ms)

--------------------------------------------------------------------------------
2020-02-14 10:21:44.056 [Info] Disposing network... (1ms)

--------------------------------------------------------------------------------
2020-02-14 10:21:44.059 [Info] Saving player database... (4ms)

--------------------------------------------------------------------------------
2020-02-14 10:21:44.063 [Info] Saving game database... (8ms)

--------------------------------------------------------------------------------
2020-02-14 10:21:44.065 [Info] Shutting down the API... (10ms)

--------------------------------------------------------------------------------
2020-02-14 10:21:44.065 [Info] Base dispose. (10ms)

--------------------------------------------------------------------------------
2020-02-14 10:21:44.065 [Info] Finished disposing server context. (10ms)

--------------------------------------------------------------------------------
2020-02-14 10:21:44.065 [Info] GC.SuppressFinalize (11ms)

--------------------------------------------------------------------------------
2020-02-14 10:21:44.065 [Info] InternalDispose() completed. (11ms)

--------------------------------------------------------------------------------
2020-02-14 10:21:44.066 [Info] Clearing instance... (12ms)

--------------------------------------------------------------------------------
2020-02-14 10:21:44.066 [Info] Releasing context lock... (12ms)

--------------------------------------------------------------------------------
2020-02-14 10:21:44.066 [Info] Released. (12ms)

--------------------------------------------------------------------------------
