2020-02-13 10:43:14.665 [Debug] Loaded new formula from BaseExp * Power(Gain, Level).

--------------------------------------------------------------------------------
2020-02-13 10:43:14.674 [Debug] Loaded new formula from BaseExp * Power(Gain, Level).

--------------------------------------------------------------------------------
Listening on 0.0.0.0:5400.

--------------------------------------------------------------------------------
2020-02-13 10:43:19.932 [Info] Connection approved [177a42ce-1cbd-4da4-9c19-41bc13854377].

--------------------------------------------------------------------------------
2020-02-13 10:43:19.945 [Debug] Connection established to remote [177a42ce-1cbd-4da4-9c19-41bc13854377/127.0.0.1:53946].

--------------------------------------------------------------------------------
2020-02-13 10:43:19.945 [Info] Connected [177a42ce-1cbd-4da4-9c19-41bc13854377].

--------------------------------------------------------------------------------
2020-02-13 10:43:20.935 [Debug] Took 487ms to load player from db!

--------------------------------------------------------------------------------
UPnP Service Initialization Failed. You might not have a router, or UPnP on your router might be disabled.
  Message: Exception of type 'Open.Nat.NatDeviceNotFoundException' was thrown.
    Stack:    at Open.Nat.NatDiscoverer.<DiscoverDeviceAsync>d__5.MoveNext()
--- End of stack trace from previous location where exception was thrown ---
   at System.Runtime.ExceptionServices.ExceptionDispatchInfo.Throw()
   at System.Runtime.CompilerServices.TaskAwaiter.HandleNonSuccessAndDebuggerNotification(Task task)
   at System.Runtime.CompilerServices.TaskAwaiter`1.GetResult()
   at Intersect.Server.Networking.Helpers.UpnP.<ConnectNatDevice>d__4.MoveNext() in C:\TeamCity\buildAgent\work\6c64f60308be6068\Intersect.Server\Classes\Networking\Helpers\UPnP.cs:line 24


--------------------------------------------------------------------------------
2020-02-13 10:44:44.377 [Info] Connection approved [eb4a1d0f-a19c-4777-b0a0-57c3da1f3c84].

--------------------------------------------------------------------------------
2020-02-13 10:44:44.396 [Debug] Connection established to remote [eb4a1d0f-a19c-4777-b0a0-57c3da1f3c84/127.0.0.1:62789].

--------------------------------------------------------------------------------
2020-02-13 10:44:44.396 [Info] Connected [eb4a1d0f-a19c-4777-b0a0-57c3da1f3c84].

--------------------------------------------------------------------------------
2020-02-13 10:44:50.354 [Debug] Took 1ms to send game data to client!

--------------------------------------------------------------------------------
2020-02-13 10:45:47.359 [Debug] StatusChanged: [NetIncomingMessage #123 10 bytes] [Disconnected]

--------------------------------------------------------------------------------
2020-02-13 10:45:47.359 [Debug] Connectioned terminated to remote [eb4a1d0f-a19c-4777-b0a0-57c3da1f3c84/127.0.0.1:62789].

--------------------------------------------------------------------------------
2020-02-13 10:45:47.360 [Info] Disconnected [eb4a1d0f-a19c-4777-b0a0-57c3da1f3c84].

--------------------------------------------------------------------------------
2020-02-13 10:45:47.361 [Debug] Client disconnected (AEON->AEON)

--------------------------------------------------------------------------------
2020-02-13 11:01:34.767 [Debug] StatusChanged: [NetIncomingMessage #58 10 bytes] [Disconnected]

--------------------------------------------------------------------------------
2020-02-13 11:01:34.767 [Debug] Connectioned terminated to remote [177a42ce-1cbd-4da4-9c19-41bc13854377/127.0.0.1:53946].

--------------------------------------------------------------------------------
2020-02-13 11:01:34.768 [Info] Disconnected [177a42ce-1cbd-4da4-9c19-41bc13854377].

--------------------------------------------------------------------------------
2020-02-13 11:01:34.768 [Debug] Client disconnected (AEON->[editor])

--------------------------------------------------------------------------------
2020-02-13 11:01:41.674 [Info] Connection approved [85dd828f-aabc-457c-ba16-d8819a9a43f5].

--------------------------------------------------------------------------------
2020-02-13 11:01:41.694 [Debug] Connection established to remote [85dd828f-aabc-457c-ba16-d8819a9a43f5/127.0.0.1:61999].

--------------------------------------------------------------------------------
2020-02-13 11:01:41.694 [Info] Connected [85dd828f-aabc-457c-ba16-d8819a9a43f5].

--------------------------------------------------------------------------------
2020-02-13 11:01:43.312 [Debug] Took 7ms to load player from db!

--------------------------------------------------------------------------------
2020-02-13 11:10:38.156 [Debug] StatusChanged: [NetIncomingMessage #0 10 bytes] [Disconnected]

--------------------------------------------------------------------------------
2020-02-13 11:10:38.156 [Debug] Connectioned terminated to remote [85dd828f-aabc-457c-ba16-d8819a9a43f5/127.0.0.1:61999].

--------------------------------------------------------------------------------
2020-02-13 11:10:38.156 [Info] Disconnected [85dd828f-aabc-457c-ba16-d8819a9a43f5].

--------------------------------------------------------------------------------
2020-02-13 11:10:38.156 [Debug] Client disconnected (AEON->[editor])

--------------------------------------------------------------------------------
2020-02-13 11:10:44.220 [Info] Connection approved [df543ed1-0666-404f-92b1-e1a206177080].

--------------------------------------------------------------------------------
2020-02-13 11:10:44.237 [Debug] Connection established to remote [df543ed1-0666-404f-92b1-e1a206177080/127.0.0.1:51979].

--------------------------------------------------------------------------------
2020-02-13 11:10:44.237 [Info] Connected [df543ed1-0666-404f-92b1-e1a206177080].

--------------------------------------------------------------------------------
2020-02-13 11:10:52.921 [Debug] Took 6ms to load player from db!

--------------------------------------------------------------------------------
2020-02-13 11:11:17.483 [Info] Connection approved [c127943a-d143-45cf-bd84-4f0626070aac].

--------------------------------------------------------------------------------
2020-02-13 11:11:17.491 [Debug] Connection established to remote [c127943a-d143-45cf-bd84-4f0626070aac/127.0.0.1:51981].

--------------------------------------------------------------------------------
2020-02-13 11:11:17.491 [Info] Connected [c127943a-d143-45cf-bd84-4f0626070aac].

--------------------------------------------------------------------------------
2020-02-13 11:11:22.523 [Debug] Took 0ms to send game data to client!

--------------------------------------------------------------------------------
2020-02-13 11:13:39.156 [Debug] StatusChanged: [NetIncomingMessage #342 11 bytes] [Disconnected]

--------------------------------------------------------------------------------
2020-02-13 11:13:39.156 [Debug] Connectioned terminated to remote [c127943a-d143-45cf-bd84-4f0626070aac/127.0.0.1:51981].

--------------------------------------------------------------------------------
2020-02-13 11:13:39.156 [Info] Disconnected [c127943a-d143-45cf-bd84-4f0626070aac].

--------------------------------------------------------------------------------
2020-02-13 11:13:39.156 [Debug] Client disconnected (AEON->AEON)

--------------------------------------------------------------------------------
2020-02-13 11:16:34.264 [Info] Connection approved [a1d47440-380f-471c-b5b3-2c64cb35a99f].

--------------------------------------------------------------------------------
2020-02-13 11:16:34.273 [Debug] Connection established to remote [a1d47440-380f-471c-b5b3-2c64cb35a99f/127.0.0.1:58405].

--------------------------------------------------------------------------------
2020-02-13 11:16:34.273 [Info] Connected [a1d47440-380f-471c-b5b3-2c64cb35a99f].

--------------------------------------------------------------------------------
2020-02-13 11:16:37.817 [Debug] Took 0ms to send game data to client!

--------------------------------------------------------------------------------
2020-02-13 11:19:10.798 [Debug] StatusChanged: [NetIncomingMessage #348 11 bytes] [Disconnected]

--------------------------------------------------------------------------------
2020-02-13 11:19:10.798 [Debug] Connectioned terminated to remote [a1d47440-380f-471c-b5b3-2c64cb35a99f/127.0.0.1:58405].

--------------------------------------------------------------------------------
2020-02-13 11:19:10.798 [Info] Disconnected [a1d47440-380f-471c-b5b3-2c64cb35a99f].

--------------------------------------------------------------------------------
2020-02-13 11:19:10.798 [Debug] Client disconnected (AEON->AEON)

--------------------------------------------------------------------------------
2020-02-13 11:19:18.922 [Debug] StatusChanged: [NetIncomingMessage #349 10 bytes] [Disconnected]

--------------------------------------------------------------------------------
2020-02-13 11:19:18.923 [Debug] Connectioned terminated to remote [df543ed1-0666-404f-92b1-e1a206177080/127.0.0.1:51979].

--------------------------------------------------------------------------------
2020-02-13 11:19:18.923 [Info] Disconnected [df543ed1-0666-404f-92b1-e1a206177080].

--------------------------------------------------------------------------------
2020-02-13 11:19:18.923 [Debug] Client disconnected (AEON->[editor])

--------------------------------------------------------------------------------
2020-02-13 11:19:21.535 [Info] Acquiring context lock... (0ms)

--------------------------------------------------------------------------------
2020-02-13 11:19:21.535 [Info] Acquired. (0ms)

--------------------------------------------------------------------------------
2020-02-13 11:19:21.536 [Info] Beginning context dispose. (0ms)

--------------------------------------------------------------------------------
2020-02-13 11:19:21.538 [Info] Disposing network... (1ms)

--------------------------------------------------------------------------------
2020-02-13 11:19:21.540 [Info] Saving player database... (3ms)

--------------------------------------------------------------------------------
2020-02-13 11:19:21.544 [Info] Saving game database... (7ms)

--------------------------------------------------------------------------------
2020-02-13 11:19:21.545 [Info] Shutting down the API... (8ms)

--------------------------------------------------------------------------------
2020-02-13 11:19:21.545 [Info] Base dispose. (9ms)

--------------------------------------------------------------------------------
2020-02-13 11:19:21.545 [Info] Finished disposing server context. (9ms)

--------------------------------------------------------------------------------
2020-02-13 11:19:21.546 [Info] GC.SuppressFinalize (10ms)

--------------------------------------------------------------------------------
2020-02-13 11:19:21.546 [Info] InternalDispose() completed. (10ms)

--------------------------------------------------------------------------------
2020-02-13 11:19:21.546 [Info] Clearing instance... (11ms)

--------------------------------------------------------------------------------
2020-02-13 11:19:21.547 [Info] Releasing context lock... (11ms)

--------------------------------------------------------------------------------
2020-02-13 11:19:21.547 [Info] Released. (11ms)

--------------------------------------------------------------------------------
