2020-02-14 14:09:54.509 [Debug] Loaded new formula from BaseExp * Power(Gain, Level).

--------------------------------------------------------------------------------
2020-02-14 14:09:54.522 [Debug] Loaded new formula from BaseExp * Power(Gain, Level).

--------------------------------------------------------------------------------
Listening on 0.0.0.0:5400.

--------------------------------------------------------------------------------
UPnP Service Initialization Failed. You might not have a router, or UPnP on your router might be disabled.
  Message: Exception of type 'Open.Nat.NatDeviceNotFoundException' was thrown.
    Stack:    at Open.Nat.NatDiscoverer.<DiscoverDeviceAsync>d__5.MoveNext()
--- End of stack trace from previous location where exception was thrown ---
   at System.Runtime.ExceptionServices.ExceptionDispatchInfo.Throw()
   at System.Runtime.CompilerServices.TaskAwaiter.HandleNonSuccessAndDebuggerNotification(Task task)
   at System.Runtime.CompilerServices.TaskAwaiter`1.GetResult()
   at Intersect.Server.Networking.Helpers.UpnP.<ConnectNatDevice>d__4.MoveNext() in C:\TeamCity\buildAgent\work\6c64f60308be6068\Intersect.Server\Classes\Networking\Helpers\UPnP.cs:line 24


--------------------------------------------------------------------------------
2020-02-14 14:10:13.294 [Info] Connection approved [e1b68230-d81d-45d5-ae1f-979e6fa8f148].

--------------------------------------------------------------------------------
2020-02-14 14:10:13.307 [Debug] Connection established to remote [e1b68230-d81d-45d5-ae1f-979e6fa8f148/127.0.0.1:59124].

--------------------------------------------------------------------------------
2020-02-14 14:10:13.307 [Info] Connected [e1b68230-d81d-45d5-ae1f-979e6fa8f148].

--------------------------------------------------------------------------------
2020-02-14 14:10:17.015 [Debug] StatusChanged: [NetIncomingMessage #0 11 bytes] [Disconnected]

--------------------------------------------------------------------------------
2020-02-14 14:10:17.016 [Debug] Connectioned terminated to remote [e1b68230-d81d-45d5-ae1f-979e6fa8f148/127.0.0.1:59124].

--------------------------------------------------------------------------------
2020-02-14 14:10:17.016 [Info] Disconnected [e1b68230-d81d-45d5-ae1f-979e6fa8f148].

--------------------------------------------------------------------------------
2020-02-14 14:10:17.017 [Debug] Client disconnected ([menu])

--------------------------------------------------------------------------------
2020-02-14 14:10:20.189 [Info] Connection approved [f6229748-7b34-479c-a8bc-d3040c2152f9].

--------------------------------------------------------------------------------
2020-02-14 14:10:20.210 [Debug] Connection established to remote [f6229748-7b34-479c-a8bc-d3040c2152f9/127.0.0.1:59125].

--------------------------------------------------------------------------------
2020-02-14 14:10:20.210 [Info] Connected [f6229748-7b34-479c-a8bc-d3040c2152f9].

--------------------------------------------------------------------------------
2020-02-14 14:10:25.185 [Debug] Took 484ms to load player from db!

--------------------------------------------------------------------------------
2020-02-14 14:10:41.139 [Debug] StatusChanged: [NetIncomingMessage #12 10 bytes] [Disconnected]

--------------------------------------------------------------------------------
2020-02-14 14:10:41.140 [Debug] Connectioned terminated to remote [f6229748-7b34-479c-a8bc-d3040c2152f9/127.0.0.1:59125].

--------------------------------------------------------------------------------
2020-02-14 14:10:41.140 [Info] Disconnected [f6229748-7b34-479c-a8bc-d3040c2152f9].

--------------------------------------------------------------------------------
2020-02-14 14:10:41.140 [Debug] Client disconnected (AEON->[editor])

--------------------------------------------------------------------------------
2020-02-14 14:10:43.654 [Info] Acquiring context lock... (0ms)

--------------------------------------------------------------------------------
2020-02-14 14:10:43.655 [Info] Acquired. (0ms)

--------------------------------------------------------------------------------
2020-02-14 14:10:43.655 [Info] Beginning context dispose. (0ms)

--------------------------------------------------------------------------------
2020-02-14 14:10:43.656 [Info] Disposing network... (0ms)

--------------------------------------------------------------------------------
2020-02-14 14:10:43.659 [Info] Saving player database... (2ms)

--------------------------------------------------------------------------------
2020-02-14 14:10:43.699 [Info] Saving game database... (43ms)

--------------------------------------------------------------------------------
2020-02-14 14:10:43.701 [Info] Shutting down the API... (45ms)

--------------------------------------------------------------------------------
2020-02-14 14:10:43.701 [Info] Base dispose. (45ms)

--------------------------------------------------------------------------------
2020-02-14 14:10:43.701 [Info] Finished disposing server context. (45ms)

--------------------------------------------------------------------------------
2020-02-14 14:10:43.702 [Info] GC.SuppressFinalize (46ms)

--------------------------------------------------------------------------------
2020-02-14 14:10:43.702 [Info] InternalDispose() completed. (46ms)

--------------------------------------------------------------------------------
2020-02-14 14:10:43.702 [Info] Clearing instance... (47ms)

--------------------------------------------------------------------------------
2020-02-14 14:10:43.702 [Info] Releasing context lock... (47ms)

--------------------------------------------------------------------------------
2020-02-14 14:10:43.702 [Info] Released. (47ms)

--------------------------------------------------------------------------------
