2020-03-03 12:17:26.932 [Debug] Loaded new formula from BaseExp * Power(Gain, Level).

--------------------------------------------------------------------------------
2020-03-03 12:17:26.945 [Debug] Loaded new formula from BaseExp * Power(Gain, Level).

--------------------------------------------------------------------------------
Listening on 0.0.0.0:5400.

--------------------------------------------------------------------------------
2020-03-03 12:17:32.320 [Info] Connection approved [3a6cdd3c-9ee0-400a-948a-eda5cab3276b].

--------------------------------------------------------------------------------
2020-03-03 12:17:32.329 [Debug] Connection established to remote [3a6cdd3c-9ee0-400a-948a-eda5cab3276b/127.0.0.1:52900].

--------------------------------------------------------------------------------
2020-03-03 12:17:32.330 [Info] Connected [3a6cdd3c-9ee0-400a-948a-eda5cab3276b].

--------------------------------------------------------------------------------
2020-03-03 12:17:35.570 [Debug] Took 502ms to load player from db!

--------------------------------------------------------------------------------
UPnP Service Initialization Failed. You might not have a router, or UPnP on your router might be disabled.
  Message: Exception of type 'Open.Nat.NatDeviceNotFoundException' was thrown.
    Stack:    at Open.Nat.NatDiscoverer.<DiscoverDeviceAsync>d__5.MoveNext()
--- End of stack trace from previous location where exception was thrown ---
   at System.Runtime.ExceptionServices.ExceptionDispatchInfo.Throw()
   at System.Runtime.CompilerServices.TaskAwaiter.HandleNonSuccessAndDebuggerNotification(Task task)
   at System.Runtime.CompilerServices.TaskAwaiter`1.GetResult()
   at Intersect.Server.Networking.Helpers.UpnP.<ConnectNatDevice>d__4.MoveNext() in C:\TeamCity\buildAgent\work\6c64f60308be6068\Intersect.Server\Classes\Networking\Helpers\UPnP.cs:line 24


--------------------------------------------------------------------------------
2020-03-03 12:42:49.151 [Debug] StatusChanged: [NetIncomingMessage #76 10 bytes] [Disconnected]

--------------------------------------------------------------------------------
2020-03-03 12:42:49.153 [Debug] Connectioned terminated to remote [3a6cdd3c-9ee0-400a-948a-eda5cab3276b/127.0.0.1:52900].

--------------------------------------------------------------------------------
2020-03-03 12:42:49.153 [Info] Disconnected [3a6cdd3c-9ee0-400a-948a-eda5cab3276b].

--------------------------------------------------------------------------------
2020-03-03 12:42:49.155 [Debug] Client disconnected (AEON->[editor])

--------------------------------------------------------------------------------
2020-03-03 13:48:43.786 [Info] Connection approved [f73049a2-1dd4-4205-95fb-8fdb7a7aae53].

--------------------------------------------------------------------------------
2020-03-03 13:48:43.799 [Debug] Connection established to remote [f73049a2-1dd4-4205-95fb-8fdb7a7aae53/127.0.0.1:58840].

--------------------------------------------------------------------------------
2020-03-03 13:48:43.799 [Info] Connected [f73049a2-1dd4-4205-95fb-8fdb7a7aae53].

--------------------------------------------------------------------------------
2020-03-03 13:48:46.189 [Debug] Took 14ms to load player from db!

--------------------------------------------------------------------------------
2020-03-03 13:52:13.677 [Info] Connection approved [f866fa5b-5a5f-44d8-ab6d-cbf33c71bb5c].

--------------------------------------------------------------------------------
2020-03-03 13:52:13.692 [Debug] Connection established to remote [f866fa5b-5a5f-44d8-ab6d-cbf33c71bb5c/127.0.0.1:54232].

--------------------------------------------------------------------------------
2020-03-03 13:52:13.693 [Info] Connected [f866fa5b-5a5f-44d8-ab6d-cbf33c71bb5c].

--------------------------------------------------------------------------------
2020-03-03 13:52:18.533 [Debug] Took 3ms to send game data to client!

--------------------------------------------------------------------------------
2020-03-03 13:53:19.812 [Debug] StatusChanged: [NetIncomingMessage #52 11 bytes] [Disconnected]

--------------------------------------------------------------------------------
2020-03-03 13:53:19.816 [Debug] Connectioned terminated to remote [f866fa5b-5a5f-44d8-ab6d-cbf33c71bb5c/127.0.0.1:54232].

--------------------------------------------------------------------------------
2020-03-03 13:53:19.816 [Info] Disconnected [f866fa5b-5a5f-44d8-ab6d-cbf33c71bb5c].

--------------------------------------------------------------------------------
2020-03-03 13:53:19.816 [Debug] Client disconnected (AEON->AEON)

--------------------------------------------------------------------------------
2020-03-03 13:59:48.312 [Debug] StatusChanged: [NetIncomingMessage #39 10 bytes] [Disconnected]

--------------------------------------------------------------------------------
2020-03-03 13:59:48.312 [Debug] Connectioned terminated to remote [f73049a2-1dd4-4205-95fb-8fdb7a7aae53/127.0.0.1:58840].

--------------------------------------------------------------------------------
2020-03-03 13:59:48.312 [Info] Disconnected [f73049a2-1dd4-4205-95fb-8fdb7a7aae53].

--------------------------------------------------------------------------------
2020-03-03 13:59:48.312 [Debug] Client disconnected (AEON->[editor])

--------------------------------------------------------------------------------
2020-03-03 13:59:55.093 [Info] Connection approved [9b9b7e42-2fb0-4a00-9b9e-be208ed6e698].

--------------------------------------------------------------------------------
2020-03-03 13:59:55.113 [Debug] Connection established to remote [9b9b7e42-2fb0-4a00-9b9e-be208ed6e698/127.0.0.1:53922].

--------------------------------------------------------------------------------
2020-03-03 13:59:55.113 [Info] Connected [9b9b7e42-2fb0-4a00-9b9e-be208ed6e698].

--------------------------------------------------------------------------------
2020-03-03 13:59:56.175 [Debug] Took 10ms to load player from db!

--------------------------------------------------------------------------------
2020-03-03 14:02:05.091 [Info] Connection approved [aa67929c-1114-4899-aa2f-1fd1a42ea4c3].

--------------------------------------------------------------------------------
2020-03-03 14:02:05.104 [Debug] Connection established to remote [aa67929c-1114-4899-aa2f-1fd1a42ea4c3/127.0.0.1:65067].

--------------------------------------------------------------------------------
2020-03-03 14:02:05.104 [Info] Connected [aa67929c-1114-4899-aa2f-1fd1a42ea4c3].

--------------------------------------------------------------------------------
2020-03-03 14:02:08.885 [Debug] Took 1ms to send game data to client!

--------------------------------------------------------------------------------
2020-03-03 14:02:36.188 [Debug] StatusChanged: [NetIncomingMessage #20 11 bytes] [Disconnected]

--------------------------------------------------------------------------------
2020-03-03 14:02:36.188 [Debug] Connectioned terminated to remote [aa67929c-1114-4899-aa2f-1fd1a42ea4c3/127.0.0.1:65067].

--------------------------------------------------------------------------------
2020-03-03 14:02:36.188 [Info] Disconnected [aa67929c-1114-4899-aa2f-1fd1a42ea4c3].

--------------------------------------------------------------------------------
2020-03-03 14:02:36.188 [Debug] Client disconnected (AEON->AEON)

--------------------------------------------------------------------------------
2020-03-03 14:04:26.543 [Info] Connection approved [da8650ab-40fe-4ce0-8a7f-3eb886197e5f].

--------------------------------------------------------------------------------
2020-03-03 14:04:26.554 [Debug] Connection established to remote [da8650ab-40fe-4ce0-8a7f-3eb886197e5f/127.0.0.1:60156].

--------------------------------------------------------------------------------
2020-03-03 14:04:26.554 [Info] Connected [da8650ab-40fe-4ce0-8a7f-3eb886197e5f].

--------------------------------------------------------------------------------
2020-03-03 14:04:51.156 [Debug] Took 5ms to send game data to client!

--------------------------------------------------------------------------------
2020-03-03 14:06:30.141 [Debug] StatusChanged: [NetIncomingMessage #313 11 bytes] [Disconnected]

--------------------------------------------------------------------------------
2020-03-03 14:06:30.141 [Debug] Connectioned terminated to remote [da8650ab-40fe-4ce0-8a7f-3eb886197e5f/127.0.0.1:60156].

--------------------------------------------------------------------------------
2020-03-03 14:06:30.141 [Info] Disconnected [da8650ab-40fe-4ce0-8a7f-3eb886197e5f].

--------------------------------------------------------------------------------
2020-03-03 14:06:30.142 [Debug] Client disconnected (AEON->AEON)

--------------------------------------------------------------------------------
2020-03-03 14:06:45.585 [Info] Connection approved [8d71a75f-f666-4a8e-bb10-24410a634417].

--------------------------------------------------------------------------------
2020-03-03 14:06:45.601 [Debug] Connection established to remote [8d71a75f-f666-4a8e-bb10-24410a634417/127.0.0.1:49535].

--------------------------------------------------------------------------------
2020-03-03 14:06:45.601 [Info] Connected [8d71a75f-f666-4a8e-bb10-24410a634417].

--------------------------------------------------------------------------------
2020-03-03 14:06:48.694 [Debug] Took 1ms to send game data to client!

--------------------------------------------------------------------------------
2020-03-03 14:09:20.284 [Debug] StatusChanged: [NetIncomingMessage #353 10 bytes] [Disconnected]

--------------------------------------------------------------------------------
2020-03-03 14:09:20.284 [Debug] Connectioned terminated to remote [8d71a75f-f666-4a8e-bb10-24410a634417/127.0.0.1:49535].

--------------------------------------------------------------------------------
2020-03-03 14:09:20.284 [Info] Disconnected [8d71a75f-f666-4a8e-bb10-24410a634417].

--------------------------------------------------------------------------------
2020-03-03 14:09:20.284 [Debug] Client disconnected (AEON->AEON)

--------------------------------------------------------------------------------
2020-03-03 15:39:14.753 [Debug] StatusChanged: [NetIncomingMessage #60 10 bytes] [Disconnected]

--------------------------------------------------------------------------------
2020-03-03 15:39:14.753 [Debug] Connectioned terminated to remote [9b9b7e42-2fb0-4a00-9b9e-be208ed6e698/127.0.0.1:53922].

--------------------------------------------------------------------------------
2020-03-03 15:39:14.753 [Info] Disconnected [9b9b7e42-2fb0-4a00-9b9e-be208ed6e698].

--------------------------------------------------------------------------------
2020-03-03 15:39:14.753 [Debug] Client disconnected (AEON->[editor])

--------------------------------------------------------------------------------
2020-03-03 15:46:59.849 [Info] Connection approved [1980f989-4710-4300-b26f-8604e7646b1e].

--------------------------------------------------------------------------------
2020-03-03 15:46:59.865 [Debug] Connection established to remote [1980f989-4710-4300-b26f-8604e7646b1e/127.0.0.1:58223].

--------------------------------------------------------------------------------
2020-03-03 15:46:59.865 [Info] Connected [1980f989-4710-4300-b26f-8604e7646b1e].

--------------------------------------------------------------------------------
2020-03-03 15:47:00.959 [Debug] Took 11ms to load player from db!

--------------------------------------------------------------------------------
2020-03-03 15:57:30.577 [Info] Connection approved [f53ff083-e940-445f-af5b-bd6812112f61].

--------------------------------------------------------------------------------
2020-03-03 15:57:30.593 [Debug] Connection established to remote [f53ff083-e940-445f-af5b-bd6812112f61/127.0.0.1:61022].

--------------------------------------------------------------------------------
2020-03-03 15:57:30.593 [Info] Connected [f53ff083-e940-445f-af5b-bd6812112f61].

--------------------------------------------------------------------------------
2020-03-03 15:57:33.965 [Debug] Took 1ms to send game data to client!

--------------------------------------------------------------------------------
2020-03-03 15:59:49.881 [Debug] StatusChanged: [NetIncomingMessage #321 11 bytes] [Disconnected]

--------------------------------------------------------------------------------
2020-03-03 15:59:49.881 [Debug] Connectioned terminated to remote [f53ff083-e940-445f-af5b-bd6812112f61/127.0.0.1:61022].

--------------------------------------------------------------------------------
2020-03-03 15:59:49.881 [Info] Disconnected [f53ff083-e940-445f-af5b-bd6812112f61].

--------------------------------------------------------------------------------
2020-03-03 15:59:49.881 [Debug] Client disconnected (AEON->AEON)

--------------------------------------------------------------------------------
2020-03-03 16:02:57.671 [Info] Connection approved [398881d7-295c-41f7-90ee-9b2750789fba].

--------------------------------------------------------------------------------
2020-03-03 16:02:57.686 [Debug] Connection established to remote [398881d7-295c-41f7-90ee-9b2750789fba/127.0.0.1:59749].

--------------------------------------------------------------------------------
2020-03-03 16:02:57.686 [Info] Connected [398881d7-295c-41f7-90ee-9b2750789fba].

--------------------------------------------------------------------------------
2020-03-03 16:03:00.939 [Debug] Took 5ms to send game data to client!

--------------------------------------------------------------------------------
2020-03-03 16:03:26.272 [Debug] StatusChanged: [NetIncomingMessage #45 11 bytes] [Disconnected]

--------------------------------------------------------------------------------
2020-03-03 16:03:26.272 [Debug] Connectioned terminated to remote [398881d7-295c-41f7-90ee-9b2750789fba/127.0.0.1:59749].

--------------------------------------------------------------------------------
2020-03-03 16:03:26.272 [Info] Disconnected [398881d7-295c-41f7-90ee-9b2750789fba].

--------------------------------------------------------------------------------
2020-03-03 16:03:26.272 [Debug] Client disconnected (AEON->AEON)

--------------------------------------------------------------------------------
2020-03-03 16:03:34.648 [Debug] StatusChanged: [NetIncomingMessage #46 10 bytes] [Disconnected]

--------------------------------------------------------------------------------
2020-03-03 16:03:34.648 [Debug] Connectioned terminated to remote [1980f989-4710-4300-b26f-8604e7646b1e/127.0.0.1:58223].

--------------------------------------------------------------------------------
2020-03-03 16:03:34.648 [Info] Disconnected [1980f989-4710-4300-b26f-8604e7646b1e].

--------------------------------------------------------------------------------
2020-03-03 16:03:34.648 [Debug] Client disconnected (AEON->[editor])

--------------------------------------------------------------------------------
2020-03-03 16:03:36.552 [Info] Acquiring context lock... (0ms)

--------------------------------------------------------------------------------
2020-03-03 16:03:36.552 [Info] Acquired. (0ms)

--------------------------------------------------------------------------------
2020-03-03 16:03:36.552 [Info] Beginning context dispose. (0ms)

--------------------------------------------------------------------------------
2020-03-03 16:03:36.554 [Info] Disposing network... (1ms)

--------------------------------------------------------------------------------
2020-03-03 16:03:36.557 [Info] Saving player database... (3ms)

--------------------------------------------------------------------------------
2020-03-03 16:03:36.561 [Info] Saving game database... (8ms)

--------------------------------------------------------------------------------
2020-03-03 16:03:36.570 [Info] Shutting down the API... (16ms)

--------------------------------------------------------------------------------
2020-03-03 16:03:36.570 [Info] Base dispose. (17ms)

--------------------------------------------------------------------------------
2020-03-03 16:03:36.570 [Info] Finished disposing server context. (17ms)

--------------------------------------------------------------------------------
2020-03-03 16:03:36.571 [Info] GC.SuppressFinalize (18ms)

--------------------------------------------------------------------------------
2020-03-03 16:03:36.571 [Info] InternalDispose() completed. (18ms)

--------------------------------------------------------------------------------
2020-03-03 16:03:36.571 [Info] Clearing instance... (19ms)

--------------------------------------------------------------------------------
2020-03-03 16:03:36.571 [Info] Releasing context lock... (19ms)

--------------------------------------------------------------------------------
2020-03-03 16:03:36.571 [Info] Released. (19ms)

--------------------------------------------------------------------------------
