2020-02-15 01:24:36.113 [Debug] Loaded new formula from BaseExp * Power(Gain, Level).

--------------------------------------------------------------------------------
2020-02-15 01:24:36.116 [Debug] Loaded new formula from BaseExp * Power(Gain, Level).

--------------------------------------------------------------------------------
Listening on 0.0.0.0:5400.

--------------------------------------------------------------------------------
UPnP Service Initialization Succeeded

--------------------------------------------------------------------------------
2020-02-15 01:24:42.397 [Info] Connection approved [ef966e4f-3e10-4107-bc3b-29c5f3f02005].

--------------------------------------------------------------------------------
2020-02-15 01:24:42.408 [Debug] Connection established to remote [ef966e4f-3e10-4107-bc3b-29c5f3f02005/127.0.0.1:54342].

--------------------------------------------------------------------------------
2020-02-15 01:24:42.408 [Info] Connected [ef966e4f-3e10-4107-bc3b-29c5f3f02005].

--------------------------------------------------------------------------------
Successfully auto port forwarded udp port 5400 using UPnP.

--------------------------------------------------------------------------------
2020-02-15 01:24:45.218 [Debug] Took 11ms to send game data to client!

--------------------------------------------------------------------------------
2020-02-15 01:25:27.665 [Debug] StatusChanged: [NetIncomingMessage #115 11 bytes] [Disconnected]

--------------------------------------------------------------------------------
2020-02-15 01:25:27.665 [Debug] Connectioned terminated to remote [ef966e4f-3e10-4107-bc3b-29c5f3f02005/127.0.0.1:54342].

--------------------------------------------------------------------------------
2020-02-15 01:25:27.666 [Info] Disconnected [ef966e4f-3e10-4107-bc3b-29c5f3f02005].

--------------------------------------------------------------------------------
2020-02-15 01:25:27.666 [Debug] Client disconnected (AEON->AEON)

--------------------------------------------------------------------------------
2020-02-15 01:25:32.124 [Info] Connection approved [1a4c64d7-6d8c-4bc1-a209-d4347dcb5bc2].

--------------------------------------------------------------------------------
2020-02-15 01:25:32.136 [Debug] Connection established to remote [1a4c64d7-6d8c-4bc1-a209-d4347dcb5bc2/127.0.0.1:60864].

--------------------------------------------------------------------------------
2020-02-15 01:25:32.136 [Info] Connected [1a4c64d7-6d8c-4bc1-a209-d4347dcb5bc2].

--------------------------------------------------------------------------------
2020-02-15 01:25:33.445 [Debug] Took 6ms to load player from db!

--------------------------------------------------------------------------------
2020-02-15 02:34:09.414 [Debug] StatusChanged: [NetIncomingMessage #421 10 bytes] [Disconnected]

--------------------------------------------------------------------------------
2020-02-15 02:34:09.414 [Debug] Connectioned terminated to remote [1a4c64d7-6d8c-4bc1-a209-d4347dcb5bc2/127.0.0.1:60864].

--------------------------------------------------------------------------------
2020-02-15 02:34:09.414 [Info] Disconnected [1a4c64d7-6d8c-4bc1-a209-d4347dcb5bc2].

--------------------------------------------------------------------------------
2020-02-15 02:34:09.414 [Debug] Client disconnected (AEON->[editor])

--------------------------------------------------------------------------------
2020-02-15 02:34:11.527 [Info] Acquiring context lock... (0ms)

--------------------------------------------------------------------------------
2020-02-15 02:34:11.527 [Info] Acquired. (0ms)

--------------------------------------------------------------------------------
2020-02-15 02:34:11.527 [Info] Beginning context dispose. (0ms)

--------------------------------------------------------------------------------
2020-02-15 02:34:11.528 [Info] Disposing network... (0ms)

--------------------------------------------------------------------------------
2020-02-15 02:34:11.529 [Info] Saving player database... (1ms)

--------------------------------------------------------------------------------
2020-02-15 02:34:11.531 [Info] Saving game database... (3ms)

--------------------------------------------------------------------------------
2020-02-15 02:34:11.533 [Info] Shutting down the API... (5ms)

--------------------------------------------------------------------------------
2020-02-15 02:34:11.534 [Info] Shutting down the logic thread... (6ms)

--------------------------------------------------------------------------------
2020-02-15 02:34:11.536 [Info] Base dispose. (8ms)

--------------------------------------------------------------------------------
2020-02-15 02:34:11.536 [Info] Finished disposing server context. (8ms)

--------------------------------------------------------------------------------
2020-02-15 02:34:11.536 [Info] GC.SuppressFinalize (9ms)

--------------------------------------------------------------------------------
2020-02-15 02:34:11.536 [Info] InternalDispose() completed. (9ms)

--------------------------------------------------------------------------------
2020-02-15 02:34:11.536 [Info] Clearing instance... (9ms)

--------------------------------------------------------------------------------
2020-02-15 02:34:11.536 [Info] Releasing context lock... (9ms)

--------------------------------------------------------------------------------
2020-02-15 02:34:11.536 [Info] Released. (9ms)

--------------------------------------------------------------------------------
