2020-02-19 17:51:44.331 [Debug] Loaded new formula from BaseExp * Power(Gain, Level).

--------------------------------------------------------------------------------
2020-02-19 17:51:44.333 [Debug] Loaded new formula from BaseExp * Power(Gain, Level).

--------------------------------------------------------------------------------
Listening on 0.0.0.0:5400.

--------------------------------------------------------------------------------
UPnP Service Initialization Succeeded

--------------------------------------------------------------------------------
Successfully auto port forwarded udp port 5400 using UPnP.

--------------------------------------------------------------------------------
2020-02-19 17:51:49.089 [Info] Connection approved [c7c6bbe4-977e-498f-a3b7-4ab23adb9b27].

--------------------------------------------------------------------------------
2020-02-19 17:51:49.106 [Debug] Connection established to remote [c7c6bbe4-977e-498f-a3b7-4ab23adb9b27/127.0.0.1:62091].

--------------------------------------------------------------------------------
2020-02-19 17:51:49.106 [Info] Connected [c7c6bbe4-977e-498f-a3b7-4ab23adb9b27].

--------------------------------------------------------------------------------
2020-02-19 17:51:57.089 [Debug] Took 12ms to send game data to client!

--------------------------------------------------------------------------------
2020-02-19 17:53:31.350 [Debug] StatusChanged: [NetIncomingMessage #88 11 bytes] [Disconnected]

--------------------------------------------------------------------------------
2020-02-19 17:53:31.350 [Debug] Connectioned terminated to remote [c7c6bbe4-977e-498f-a3b7-4ab23adb9b27/127.0.0.1:62091].

--------------------------------------------------------------------------------
2020-02-19 17:53:31.351 [Info] Disconnected [c7c6bbe4-977e-498f-a3b7-4ab23adb9b27].

--------------------------------------------------------------------------------
2020-02-19 17:53:31.351 [Debug] Client disconnected (AEON->AEON)

--------------------------------------------------------------------------------
2020-02-19 17:58:11.133 [Info] Acquiring context lock... (0ms)

--------------------------------------------------------------------------------
2020-02-19 17:58:11.133 [Info] Acquired. (0ms)

--------------------------------------------------------------------------------
2020-02-19 17:58:11.133 [Info] Beginning context dispose. (0ms)

--------------------------------------------------------------------------------
2020-02-19 17:58:11.134 [Info] Disposing network... (0ms)

--------------------------------------------------------------------------------
2020-02-19 17:58:11.135 [Info] Saving player database... (1ms)

--------------------------------------------------------------------------------
2020-02-19 17:58:11.137 [Info] Saving game database... (3ms)

--------------------------------------------------------------------------------
2020-02-19 17:58:11.140 [Info] Shutting down the API... (6ms)

--------------------------------------------------------------------------------
2020-02-19 17:58:11.141 [Info] Base dispose. (7ms)

--------------------------------------------------------------------------------
2020-02-19 17:58:11.141 [Info] Finished disposing server context. (7ms)

--------------------------------------------------------------------------------
2020-02-19 17:58:11.141 [Info] GC.SuppressFinalize (7ms)

--------------------------------------------------------------------------------
2020-02-19 17:58:11.141 [Info] InternalDispose() completed. (7ms)

--------------------------------------------------------------------------------
2020-02-19 17:58:11.141 [Info] Clearing instance... (8ms)

--------------------------------------------------------------------------------
2020-02-19 17:58:11.141 [Info] Releasing context lock... (8ms)

--------------------------------------------------------------------------------
2020-02-19 17:58:11.141 [Info] Released. (8ms)

--------------------------------------------------------------------------------
