2020-03-20 12:43:56.745 [Debug] Loaded new formula from BaseExp * Power(Gain, Level).

--------------------------------------------------------------------------------
2020-03-20 12:43:56.756 [Debug] Loaded new formula from BaseExp * Power(Gain, Level).

--------------------------------------------------------------------------------
Listening on 0.0.0.0:5400.

--------------------------------------------------------------------------------
UPnP Service Initialization Failed. You might not have a router, or UPnP on your router might be disabled.
  Message: Exception of type 'Open.Nat.NatDeviceNotFoundException' was thrown.
    Stack:    at Open.Nat.NatDiscoverer.<DiscoverDeviceAsync>d__5.MoveNext()
--- End of stack trace from previous location where exception was thrown ---
   at System.Runtime.ExceptionServices.ExceptionDispatchInfo.Throw()
   at System.Runtime.CompilerServices.TaskAwaiter.HandleNonSuccessAndDebuggerNotification(Task task)
   at System.Runtime.CompilerServices.TaskAwaiter`1.GetResult()
   at Intersect.Server.Networking.Helpers.UpnP.<ConnectNatDevice>d__4.MoveNext() in C:\TeamCity\buildAgent\work\6c64f60308be6068\Intersect.Server\Classes\Networking\Helpers\UPnP.cs:line 24


--------------------------------------------------------------------------------
2020-03-20 12:44:07.435 [Info] Connection approved [8790c5b4-c547-4a34-a61f-97d6c2f36fc1].

--------------------------------------------------------------------------------
2020-03-20 12:44:07.451 [Debug] Connection established to remote [8790c5b4-c547-4a34-a61f-97d6c2f36fc1/127.0.0.1:55320].

--------------------------------------------------------------------------------
2020-03-20 12:44:07.452 [Info] Connected [8790c5b4-c547-4a34-a61f-97d6c2f36fc1].

--------------------------------------------------------------------------------
2020-03-20 12:44:08.394 [Debug] Took 498ms to load player from db!

--------------------------------------------------------------------------------
2020-03-20 13:18:38.428 [Debug] StatusChanged: [NetIncomingMessage #292 10 bytes] [Disconnected]

--------------------------------------------------------------------------------
2020-03-20 13:18:38.429 [Debug] Connectioned terminated to remote [8790c5b4-c547-4a34-a61f-97d6c2f36fc1/127.0.0.1:55320].

--------------------------------------------------------------------------------
2020-03-20 13:18:38.429 [Info] Disconnected [8790c5b4-c547-4a34-a61f-97d6c2f36fc1].

--------------------------------------------------------------------------------
2020-03-20 13:18:38.430 [Debug] Client disconnected (AEON->[editor])

--------------------------------------------------------------------------------
2020-03-20 13:18:42.525 [Info] Acquiring context lock... (0ms)

--------------------------------------------------------------------------------
2020-03-20 13:18:42.525 [Info] Acquired. (0ms)

--------------------------------------------------------------------------------
2020-03-20 13:18:42.526 [Info] Beginning context dispose. (0ms)

--------------------------------------------------------------------------------
2020-03-20 13:18:42.529 [Info] Disposing network... (2ms)

--------------------------------------------------------------------------------
2020-03-20 13:18:42.533 [Info] Saving player database... (6ms)

--------------------------------------------------------------------------------
2020-03-20 13:18:42.537 [Info] Saving game database... (10ms)

--------------------------------------------------------------------------------
2020-03-20 13:18:42.553 [Info] Shutting down the API... (25ms)

--------------------------------------------------------------------------------
2020-03-20 13:18:42.553 [Info] Base dispose. (26ms)

--------------------------------------------------------------------------------
2020-03-20 13:18:42.554 [Info] Finished disposing server context. (26ms)

--------------------------------------------------------------------------------
2020-03-20 13:18:42.554 [Info] GC.SuppressFinalize (27ms)

--------------------------------------------------------------------------------
2020-03-20 13:18:42.554 [Info] InternalDispose() completed. (27ms)

--------------------------------------------------------------------------------
2020-03-20 13:18:42.554 [Info] Clearing instance... (28ms)

--------------------------------------------------------------------------------
2020-03-20 13:18:42.554 [Info] Releasing context lock... (28ms)

--------------------------------------------------------------------------------
2020-03-20 13:18:42.554 [Info] Released. (28ms)

--------------------------------------------------------------------------------
