2020-03-02 12:29:51.767 [Debug] Loaded new formula from BaseExp * Power(Gain, Level).

--------------------------------------------------------------------------------
2020-03-02 12:29:51.781 [Debug] Loaded new formula from BaseExp * Power(Gain, Level).

--------------------------------------------------------------------------------
Listening on 0.0.0.0:5400.

--------------------------------------------------------------------------------
2020-03-02 12:29:56.010 [Info] Connection approved [189a702d-7531-497d-9aee-726daeac51d6].

--------------------------------------------------------------------------------
2020-03-02 12:29:56.035 [Debug] Connection established to remote [189a702d-7531-497d-9aee-726daeac51d6/127.0.0.1:58187].

--------------------------------------------------------------------------------
2020-03-02 12:29:56.035 [Info] Connected [189a702d-7531-497d-9aee-726daeac51d6].

--------------------------------------------------------------------------------
2020-03-02 12:29:57.178 [Debug] Took 512ms to load player from db!

--------------------------------------------------------------------------------
UPnP Service Initialization Failed. You might not have a router, or UPnP on your router might be disabled.
  Message: Exception of type 'Open.Nat.NatDeviceNotFoundException' was thrown.
    Stack:    at Open.Nat.NatDiscoverer.<DiscoverDeviceAsync>d__5.MoveNext()
--- End of stack trace from previous location where exception was thrown ---
   at System.Runtime.ExceptionServices.ExceptionDispatchInfo.Throw()
   at System.Runtime.CompilerServices.TaskAwaiter.HandleNonSuccessAndDebuggerNotification(Task task)
   at System.Runtime.CompilerServices.TaskAwaiter`1.GetResult()
   at Intersect.Server.Networking.Helpers.UpnP.<ConnectNatDevice>d__4.MoveNext() in C:\TeamCity\buildAgent\work\6c64f60308be6068\Intersect.Server\Classes\Networking\Helpers\UPnP.cs:line 24


--------------------------------------------------------------------------------
2020-03-02 12:54:27.674 [Debug] StatusChanged: [NetIncomingMessage #31 10 bytes] [Disconnected]

--------------------------------------------------------------------------------
2020-03-02 12:54:27.674 [Debug] Connectioned terminated to remote [189a702d-7531-497d-9aee-726daeac51d6/127.0.0.1:58187].

--------------------------------------------------------------------------------
2020-03-02 12:54:27.675 [Info] Disconnected [189a702d-7531-497d-9aee-726daeac51d6].

--------------------------------------------------------------------------------
2020-03-02 12:54:27.675 [Debug] Client disconnected (AEON->[editor])

--------------------------------------------------------------------------------
2020-03-02 12:54:33.959 [Info] Connection approved [e87106f8-51d6-4844-85c1-f9e2b3270449].

--------------------------------------------------------------------------------
2020-03-02 12:54:33.978 [Debug] Connection established to remote [e87106f8-51d6-4844-85c1-f9e2b3270449/127.0.0.1:54034].

--------------------------------------------------------------------------------
2020-03-02 12:54:33.978 [Info] Connected [e87106f8-51d6-4844-85c1-f9e2b3270449].

--------------------------------------------------------------------------------
2020-03-02 12:54:34.385 [Debug] Took 12ms to load player from db!

--------------------------------------------------------------------------------
2020-03-02 13:02:21.951 [Debug] StatusChanged: [NetIncomingMessage #16 10 bytes] [Disconnected]

--------------------------------------------------------------------------------
2020-03-02 13:02:21.952 [Debug] Connectioned terminated to remote [e87106f8-51d6-4844-85c1-f9e2b3270449/127.0.0.1:54034].

--------------------------------------------------------------------------------
2020-03-02 13:02:21.952 [Info] Disconnected [e87106f8-51d6-4844-85c1-f9e2b3270449].

--------------------------------------------------------------------------------
2020-03-02 13:02:21.952 [Debug] Client disconnected (AEON->[editor])

--------------------------------------------------------------------------------
2020-03-02 13:02:26.584 [Info] Connection approved [7b67fe5f-7c22-404e-be8d-e8eae503d72e].

--------------------------------------------------------------------------------
2020-03-02 13:02:26.592 [Debug] Connection established to remote [7b67fe5f-7c22-404e-be8d-e8eae503d72e/127.0.0.1:55083].

--------------------------------------------------------------------------------
2020-03-02 13:02:26.592 [Info] Connected [7b67fe5f-7c22-404e-be8d-e8eae503d72e].

--------------------------------------------------------------------------------
2020-03-02 13:02:53.669 [Debug] Took 9ms to load player from db!

--------------------------------------------------------------------------------
2020-03-02 13:07:44.833 [Debug] StatusChanged: [NetIncomingMessage #16 10 bytes] [Disconnected]

--------------------------------------------------------------------------------
2020-03-02 13:07:44.833 [Debug] Connectioned terminated to remote [7b67fe5f-7c22-404e-be8d-e8eae503d72e/127.0.0.1:55083].

--------------------------------------------------------------------------------
2020-03-02 13:07:44.833 [Info] Disconnected [7b67fe5f-7c22-404e-be8d-e8eae503d72e].

--------------------------------------------------------------------------------
2020-03-02 13:07:44.833 [Debug] Client disconnected (AEON->[editor])

--------------------------------------------------------------------------------
2020-03-02 13:07:48.768 [Info] Connection approved [c5765554-d413-43fb-b39c-98f9e1348559].

--------------------------------------------------------------------------------
2020-03-02 13:07:48.774 [Debug] Connection established to remote [c5765554-d413-43fb-b39c-98f9e1348559/127.0.0.1:53278].

--------------------------------------------------------------------------------
2020-03-02 13:07:48.774 [Info] Connected [c5765554-d413-43fb-b39c-98f9e1348559].

--------------------------------------------------------------------------------
2020-03-02 13:07:53.600 [Debug] Took 10ms to load player from db!

--------------------------------------------------------------------------------
2020-03-02 13:13:33.963 [Debug] StatusChanged: [NetIncomingMessage #16 10 bytes] [Disconnected]

--------------------------------------------------------------------------------
2020-03-02 13:13:33.963 [Debug] Connectioned terminated to remote [c5765554-d413-43fb-b39c-98f9e1348559/127.0.0.1:53278].

--------------------------------------------------------------------------------
2020-03-02 13:13:33.963 [Info] Disconnected [c5765554-d413-43fb-b39c-98f9e1348559].

--------------------------------------------------------------------------------
2020-03-02 13:13:33.963 [Debug] Client disconnected (AEON->[editor])

--------------------------------------------------------------------------------
2020-03-02 13:13:39.628 [Info] Connection approved [8edb5150-2dce-426a-bb7e-f66fbe425a10].

--------------------------------------------------------------------------------
2020-03-02 13:13:39.639 [Debug] Connection established to remote [8edb5150-2dce-426a-bb7e-f66fbe425a10/127.0.0.1:63076].

--------------------------------------------------------------------------------
2020-03-02 13:13:39.639 [Info] Connected [8edb5150-2dce-426a-bb7e-f66fbe425a10].

--------------------------------------------------------------------------------
2020-03-02 13:13:40.404 [Debug] Took 10ms to load player from db!

--------------------------------------------------------------------------------
2020-03-02 13:38:14.665 [Debug] StatusChanged: [NetIncomingMessage #67 10 bytes] [Disconnected]

--------------------------------------------------------------------------------
2020-03-02 13:38:14.665 [Debug] Connectioned terminated to remote [8edb5150-2dce-426a-bb7e-f66fbe425a10/127.0.0.1:63076].

--------------------------------------------------------------------------------
2020-03-02 13:38:14.666 [Info] Disconnected [8edb5150-2dce-426a-bb7e-f66fbe425a10].

--------------------------------------------------------------------------------
2020-03-02 13:38:14.666 [Debug] Client disconnected (AEON->[editor])

--------------------------------------------------------------------------------
2020-03-02 13:44:09.961 [Info] Connection approved [31f75dbe-a31d-4b00-9465-6d1edbc7fd51].

--------------------------------------------------------------------------------
2020-03-02 13:44:09.966 [Debug] Connection established to remote [31f75dbe-a31d-4b00-9465-6d1edbc7fd51/127.0.0.1:56694].

--------------------------------------------------------------------------------
2020-03-02 13:44:09.966 [Info] Connected [31f75dbe-a31d-4b00-9465-6d1edbc7fd51].

--------------------------------------------------------------------------------
2020-03-02 13:44:10.373 [Debug] Took 10ms to load player from db!

--------------------------------------------------------------------------------
2020-03-02 13:44:33.216 [Info] Connection approved [e45e4d38-52cb-45ea-aaf6-32530459a4aa].

--------------------------------------------------------------------------------
2020-03-02 13:44:33.235 [Debug] Connection established to remote [e45e4d38-52cb-45ea-aaf6-32530459a4aa/127.0.0.1:58855].

--------------------------------------------------------------------------------
2020-03-02 13:44:33.235 [Info] Connected [e45e4d38-52cb-45ea-aaf6-32530459a4aa].

--------------------------------------------------------------------------------
2020-03-02 13:44:38.846 [Debug] Took 5ms to send game data to client!

--------------------------------------------------------------------------------
2020-03-02 13:45:42.340 [Debug] StatusChanged: [NetIncomingMessage #113 11 bytes] [Disconnected]

--------------------------------------------------------------------------------
2020-03-02 13:45:42.340 [Debug] Connectioned terminated to remote [e45e4d38-52cb-45ea-aaf6-32530459a4aa/127.0.0.1:58855].

--------------------------------------------------------------------------------
2020-03-02 13:45:42.340 [Info] Disconnected [e45e4d38-52cb-45ea-aaf6-32530459a4aa].

--------------------------------------------------------------------------------
2020-03-02 13:45:42.340 [Debug] Client disconnected (AEON->AEON)

--------------------------------------------------------------------------------
2020-03-02 15:44:03.567 [Info] Connection approved [54e09ab7-cbc8-4538-ba96-f8520bc5225e].

--------------------------------------------------------------------------------
2020-03-02 15:44:03.587 [Debug] Connection established to remote [54e09ab7-cbc8-4538-ba96-f8520bc5225e/127.0.0.1:52432].

--------------------------------------------------------------------------------
2020-03-02 15:44:03.587 [Info] Connected [54e09ab7-cbc8-4538-ba96-f8520bc5225e].

--------------------------------------------------------------------------------
2020-03-02 15:44:06.335 [Debug] Took 7ms to send game data to client!

--------------------------------------------------------------------------------
2020-03-02 15:49:10.002 [Debug] StatusChanged: [NetIncomingMessage #737 11 bytes] [Disconnected]

--------------------------------------------------------------------------------
2020-03-02 15:49:10.002 [Debug] Connectioned terminated to remote [54e09ab7-cbc8-4538-ba96-f8520bc5225e/127.0.0.1:52432].

--------------------------------------------------------------------------------
2020-03-02 15:49:10.002 [Info] Disconnected [54e09ab7-cbc8-4538-ba96-f8520bc5225e].

--------------------------------------------------------------------------------
2020-03-02 15:49:10.002 [Debug] Client disconnected (AEON->AEON)

--------------------------------------------------------------------------------
2020-03-02 15:57:32.877 [Debug] StatusChanged: [NetIncomingMessage #297 10 bytes] [Disconnected]

--------------------------------------------------------------------------------
2020-03-02 15:57:32.877 [Debug] Connectioned terminated to remote [31f75dbe-a31d-4b00-9465-6d1edbc7fd51/127.0.0.1:56694].

--------------------------------------------------------------------------------
2020-03-02 15:57:32.877 [Info] Disconnected [31f75dbe-a31d-4b00-9465-6d1edbc7fd51].

--------------------------------------------------------------------------------
2020-03-02 15:57:32.877 [Debug] Client disconnected (AEON->[editor])

--------------------------------------------------------------------------------
2020-03-02 15:57:37.152 [Info] Acquiring context lock... (0ms)

--------------------------------------------------------------------------------
2020-03-02 15:57:37.152 [Info] Acquired. (0ms)

--------------------------------------------------------------------------------
2020-03-02 15:57:37.152 [Info] Beginning context dispose. (0ms)

--------------------------------------------------------------------------------
2020-03-02 15:57:37.154 [Info] Disposing network... (1ms)

--------------------------------------------------------------------------------
2020-03-02 15:57:37.156 [Info] Saving player database... (2ms)

--------------------------------------------------------------------------------
2020-03-02 15:57:37.159 [Info] Saving game database... (6ms)

--------------------------------------------------------------------------------
2020-03-02 15:57:37.169 [Info] Shutting down the API... (16ms)

--------------------------------------------------------------------------------
2020-03-02 15:57:37.169 [Info] Base dispose. (16ms)

--------------------------------------------------------------------------------
2020-03-02 15:57:37.169 [Info] Finished disposing server context. (16ms)

--------------------------------------------------------------------------------
2020-03-02 15:57:37.169 [Info] GC.SuppressFinalize (17ms)

--------------------------------------------------------------------------------
2020-03-02 15:57:37.169 [Info] InternalDispose() completed. (17ms)

--------------------------------------------------------------------------------
2020-03-02 15:57:37.169 [Info] Clearing instance... (18ms)

--------------------------------------------------------------------------------
2020-03-02 15:57:37.169 [Info] Releasing context lock... (18ms)

--------------------------------------------------------------------------------
2020-03-02 15:57:37.169 [Info] Released. (18ms)

--------------------------------------------------------------------------------
