2020-03-12 09:06:13.741 [Debug] Loaded new formula from BaseExp * Power(Gain, Level).

--------------------------------------------------------------------------------
2020-03-12 09:06:13.752 [Debug] Loaded new formula from BaseExp * Power(Gain, Level).

--------------------------------------------------------------------------------
Listening on 0.0.0.0:5400.

--------------------------------------------------------------------------------
2020-03-12 09:06:18.173 [Info] Connection approved [ac2829a6-bf19-483b-8164-01d63ab3e20b].

--------------------------------------------------------------------------------
2020-03-12 09:06:18.186 [Debug] Connection established to remote [ac2829a6-bf19-483b-8164-01d63ab3e20b/127.0.0.1:59704].

--------------------------------------------------------------------------------
2020-03-12 09:06:18.187 [Info] Connected [ac2829a6-bf19-483b-8164-01d63ab3e20b].

--------------------------------------------------------------------------------
2020-03-12 09:06:19.213 [Debug] Took 494ms to load player from db!

--------------------------------------------------------------------------------
UPnP Service Initialization Failed. You might not have a router, or UPnP on your router might be disabled.
  Message: Exception of type 'Open.Nat.NatDeviceNotFoundException' was thrown.
    Stack:    at Open.Nat.NatDiscoverer.<DiscoverDeviceAsync>d__5.MoveNext()
--- End of stack trace from previous location where exception was thrown ---
   at System.Runtime.ExceptionServices.ExceptionDispatchInfo.Throw()
   at System.Runtime.CompilerServices.TaskAwaiter.HandleNonSuccessAndDebuggerNotification(Task task)
   at System.Runtime.CompilerServices.TaskAwaiter`1.GetResult()
   at Intersect.Server.Networking.Helpers.UpnP.<ConnectNatDevice>d__4.MoveNext() in C:\TeamCity\buildAgent\work\6c64f60308be6068\Intersect.Server\Classes\Networking\Helpers\UPnP.cs:line 24


--------------------------------------------------------------------------------
2020-03-12 09:07:08.212 [Debug] StatusChanged: [NetIncomingMessage #11 10 bytes] [Disconnected]

--------------------------------------------------------------------------------
2020-03-12 09:07:08.212 [Debug] Connectioned terminated to remote [ac2829a6-bf19-483b-8164-01d63ab3e20b/127.0.0.1:59704].

--------------------------------------------------------------------------------
2020-03-12 09:07:08.213 [Info] Disconnected [ac2829a6-bf19-483b-8164-01d63ab3e20b].

--------------------------------------------------------------------------------
2020-03-12 09:07:08.214 [Debug] Client disconnected (AEON->[editor])

--------------------------------------------------------------------------------
2020-03-12 09:07:10.580 [Info] Acquiring context lock... (0ms)

--------------------------------------------------------------------------------
2020-03-12 09:07:10.580 [Info] Acquired. (0ms)

--------------------------------------------------------------------------------
2020-03-12 09:07:10.580 [Info] Beginning context dispose. (0ms)

--------------------------------------------------------------------------------
2020-03-12 09:07:10.582 [Info] Disposing network... (1ms)

--------------------------------------------------------------------------------
2020-03-12 09:07:10.584 [Info] Saving player database... (3ms)

--------------------------------------------------------------------------------
2020-03-12 09:07:10.591 [Info] Saving game database... (9ms)

--------------------------------------------------------------------------------
2020-03-12 09:07:10.603 [Info] Shutting down the API... (21ms)

--------------------------------------------------------------------------------
2020-03-12 09:07:10.603 [Info] Base dispose. (22ms)

--------------------------------------------------------------------------------
2020-03-12 09:07:10.603 [Info] Finished disposing server context. (22ms)

--------------------------------------------------------------------------------
2020-03-12 09:07:10.604 [Info] GC.SuppressFinalize (23ms)

--------------------------------------------------------------------------------
2020-03-12 09:07:10.604 [Info] InternalDispose() completed. (23ms)

--------------------------------------------------------------------------------
2020-03-12 09:07:10.604 [Info] Clearing instance... (23ms)

--------------------------------------------------------------------------------
2020-03-12 09:07:10.604 [Info] Releasing context lock... (24ms)

--------------------------------------------------------------------------------
2020-03-12 09:07:10.604 [Info] Released. (24ms)

--------------------------------------------------------------------------------
