2020-02-15 12:55:22.287 [Debug] Loaded new formula from BaseExp * Power(Gain, Level).

--------------------------------------------------------------------------------
2020-02-15 12:55:22.293 [Debug] Loaded new formula from BaseExp * Power(Gain, Level).

--------------------------------------------------------------------------------
Listening on 0.0.0.0:5400.

--------------------------------------------------------------------------------
UPnP Service Initialization Succeeded

--------------------------------------------------------------------------------
Successfully auto port forwarded udp port 5400 using UPnP.

--------------------------------------------------------------------------------
2020-02-15 13:47:23.601 [Info] Connection approved [f1d0d884-e23a-4d83-b017-b7cc17134ebb].

--------------------------------------------------------------------------------
2020-02-15 13:47:23.607 [Debug] Connection established to remote [f1d0d884-e23a-4d83-b017-b7cc17134ebb/127.0.0.1:49966].

--------------------------------------------------------------------------------
2020-02-15 13:47:23.607 [Info] Connected [f1d0d884-e23a-4d83-b017-b7cc17134ebb].

--------------------------------------------------------------------------------
2020-02-15 13:47:55.399 [Debug] StatusChanged: [NetIncomingMessage #4 10 bytes] [Disconnected]

--------------------------------------------------------------------------------
2020-02-15 13:47:55.399 [Debug] Connectioned terminated to remote [f1d0d884-e23a-4d83-b017-b7cc17134ebb/127.0.0.1:49966].

--------------------------------------------------------------------------------
2020-02-15 13:47:55.400 [Info] Disconnected [f1d0d884-e23a-4d83-b017-b7cc17134ebb].

--------------------------------------------------------------------------------
2020-02-15 13:47:55.400 [Debug] Client disconnected ([menu])

--------------------------------------------------------------------------------
2020-02-15 13:47:58.107 [Info] Connection approved [ab31d684-b1f1-4614-bcb4-6603b71ee74f].

--------------------------------------------------------------------------------
2020-02-15 13:47:58.120 [Debug] Connection established to remote [ab31d684-b1f1-4614-bcb4-6603b71ee74f/127.0.0.1:63526].

--------------------------------------------------------------------------------
2020-02-15 13:47:58.120 [Info] Connected [ab31d684-b1f1-4614-bcb4-6603b71ee74f].

--------------------------------------------------------------------------------
2020-02-15 13:48:01.379 [Debug] Took 342ms to load player from db!

--------------------------------------------------------------------------------
2020-02-15 13:48:33.899 [Debug] StatusChanged: [NetIncomingMessage #19 10 bytes] [Disconnected]

--------------------------------------------------------------------------------
2020-02-15 13:48:33.899 [Debug] Connectioned terminated to remote [ab31d684-b1f1-4614-bcb4-6603b71ee74f/127.0.0.1:63526].

--------------------------------------------------------------------------------
2020-02-15 13:48:33.899 [Info] Disconnected [ab31d684-b1f1-4614-bcb4-6603b71ee74f].

--------------------------------------------------------------------------------
2020-02-15 13:48:33.899 [Debug] Client disconnected (AEON->[editor])

--------------------------------------------------------------------------------
2020-02-15 13:48:57.262 [Info] Connection approved [47ea0b39-f656-4fae-8e29-e01db1d35d15].

--------------------------------------------------------------------------------
2020-02-15 13:48:57.277 [Debug] Connection established to remote [47ea0b39-f656-4fae-8e29-e01db1d35d15/127.0.0.1:49479].

--------------------------------------------------------------------------------
2020-02-15 13:48:57.277 [Info] Connected [47ea0b39-f656-4fae-8e29-e01db1d35d15].

--------------------------------------------------------------------------------
2020-02-15 13:48:57.535 [Debug] Took 5ms to load player from db!

--------------------------------------------------------------------------------
2020-02-15 13:49:34.898 [Debug] StatusChanged: [NetIncomingMessage #17 10 bytes] [Disconnected]

--------------------------------------------------------------------------------
2020-02-15 13:49:34.898 [Debug] Connectioned terminated to remote [47ea0b39-f656-4fae-8e29-e01db1d35d15/127.0.0.1:49479].

--------------------------------------------------------------------------------
2020-02-15 13:49:34.898 [Info] Disconnected [47ea0b39-f656-4fae-8e29-e01db1d35d15].

--------------------------------------------------------------------------------
2020-02-15 13:49:34.898 [Debug] Client disconnected (AEON->[editor])

--------------------------------------------------------------------------------
2020-02-15 13:49:44.110 [Info] Connection approved [affcc14c-6e9c-4d29-bae8-44196540fa34].

--------------------------------------------------------------------------------
2020-02-15 13:49:44.122 [Debug] Connection established to remote [affcc14c-6e9c-4d29-bae8-44196540fa34/127.0.0.1:64612].

--------------------------------------------------------------------------------
2020-02-15 13:49:44.122 [Info] Connected [affcc14c-6e9c-4d29-bae8-44196540fa34].

--------------------------------------------------------------------------------
2020-02-15 13:49:54.699 [Debug] Took 0ms to send game data to client!

--------------------------------------------------------------------------------
2020-02-15 14:00:49.649 [Debug] StatusChanged: [NetIncomingMessage #1001 11 bytes] [Disconnected]

--------------------------------------------------------------------------------
2020-02-15 14:00:49.649 [Debug] Connectioned terminated to remote [affcc14c-6e9c-4d29-bae8-44196540fa34/127.0.0.1:64612].

--------------------------------------------------------------------------------
2020-02-15 14:00:49.649 [Info] Disconnected [affcc14c-6e9c-4d29-bae8-44196540fa34].

--------------------------------------------------------------------------------
2020-02-15 14:00:49.649 [Debug] Client disconnected (AEON->AEON)

--------------------------------------------------------------------------------
2020-02-15 14:01:06.827 [Info] Connection approved [325aef27-c147-47dc-9427-ac0211da8f38].

--------------------------------------------------------------------------------
2020-02-15 14:01:06.840 [Debug] Connection established to remote [325aef27-c147-47dc-9427-ac0211da8f38/127.0.0.1:64647].

--------------------------------------------------------------------------------
2020-02-15 14:01:06.840 [Info] Connected [325aef27-c147-47dc-9427-ac0211da8f38].

--------------------------------------------------------------------------------
2020-02-15 14:01:07.910 [Debug] Took 5ms to load player from db!

--------------------------------------------------------------------------------
2020-02-15 14:23:50.774 [Debug] StatusChanged: [NetIncomingMessage #132 10 bytes] [Disconnected]

--------------------------------------------------------------------------------
2020-02-15 14:23:50.774 [Debug] Connectioned terminated to remote [325aef27-c147-47dc-9427-ac0211da8f38/127.0.0.1:64647].

--------------------------------------------------------------------------------
2020-02-15 14:23:50.774 [Info] Disconnected [325aef27-c147-47dc-9427-ac0211da8f38].

--------------------------------------------------------------------------------
2020-02-15 14:23:50.774 [Debug] Client disconnected (AEON->[editor])

--------------------------------------------------------------------------------
2020-02-15 14:32:22.592 [Info] Connection approved [2ed73bed-9c86-4941-80d1-cc3948f80e47].

--------------------------------------------------------------------------------
2020-02-15 14:32:22.605 [Debug] Connection established to remote [2ed73bed-9c86-4941-80d1-cc3948f80e47/127.0.0.1:58837].

--------------------------------------------------------------------------------
2020-02-15 14:32:22.605 [Info] Connected [2ed73bed-9c86-4941-80d1-cc3948f80e47].

--------------------------------------------------------------------------------
2020-02-15 14:32:23.114 [Debug] Took 4ms to load player from db!

--------------------------------------------------------------------------------
2020-02-15 14:33:00.148 [Debug] StatusChanged: [NetIncomingMessage #22 10 bytes] [Disconnected]

--------------------------------------------------------------------------------
2020-02-15 14:33:00.148 [Debug] Connectioned terminated to remote [2ed73bed-9c86-4941-80d1-cc3948f80e47/127.0.0.1:58837].

--------------------------------------------------------------------------------
2020-02-15 14:33:00.148 [Info] Disconnected [2ed73bed-9c86-4941-80d1-cc3948f80e47].

--------------------------------------------------------------------------------
2020-02-15 14:33:00.148 [Debug] Client disconnected (AEON->[editor])

--------------------------------------------------------------------------------
2020-02-15 14:33:05.327 [Info] Connection approved [25afd3e2-d667-4174-a126-35b28d72933d].

--------------------------------------------------------------------------------
2020-02-15 14:33:05.340 [Debug] Connection established to remote [25afd3e2-d667-4174-a126-35b28d72933d/127.0.0.1:51465].

--------------------------------------------------------------------------------
2020-02-15 14:33:05.340 [Info] Connected [25afd3e2-d667-4174-a126-35b28d72933d].

--------------------------------------------------------------------------------
2020-02-15 14:33:28.350 [Debug] Took 0ms to send game data to client!

--------------------------------------------------------------------------------
2020-02-15 14:38:07.899 [Debug] StatusChanged: [NetIncomingMessage #637 11 bytes] [Disconnected]

--------------------------------------------------------------------------------
2020-02-15 14:38:07.899 [Debug] Connectioned terminated to remote [25afd3e2-d667-4174-a126-35b28d72933d/127.0.0.1:51465].

--------------------------------------------------------------------------------
2020-02-15 14:38:07.899 [Info] Disconnected [25afd3e2-d667-4174-a126-35b28d72933d].

--------------------------------------------------------------------------------
2020-02-15 14:38:07.899 [Debug] Client disconnected (carl->Carl)

--------------------------------------------------------------------------------
2020-02-15 14:38:56.059 [Info] Connection approved [9d3df2ff-59d7-4408-9bdd-4ee5600265c9].

--------------------------------------------------------------------------------
2020-02-15 14:38:56.074 [Debug] Connection established to remote [9d3df2ff-59d7-4408-9bdd-4ee5600265c9/127.0.0.1:52581].

--------------------------------------------------------------------------------
2020-02-15 14:38:56.074 [Info] Connected [9d3df2ff-59d7-4408-9bdd-4ee5600265c9].

--------------------------------------------------------------------------------
2020-02-15 14:38:56.536 [Debug] Took 5ms to load player from db!

--------------------------------------------------------------------------------
2020-02-15 14:40:16.025 [Debug] StatusChanged: [NetIncomingMessage #25 10 bytes] [Disconnected]

--------------------------------------------------------------------------------
2020-02-15 14:40:16.025 [Debug] Connectioned terminated to remote [9d3df2ff-59d7-4408-9bdd-4ee5600265c9/127.0.0.1:52581].

--------------------------------------------------------------------------------
2020-02-15 14:40:16.025 [Info] Disconnected [9d3df2ff-59d7-4408-9bdd-4ee5600265c9].

--------------------------------------------------------------------------------
2020-02-15 14:40:16.025 [Debug] Client disconnected (AEON->[editor])

--------------------------------------------------------------------------------
2020-02-15 14:40:20.112 [Info] Acquiring context lock... (0ms)

--------------------------------------------------------------------------------
2020-02-15 14:40:20.112 [Info] Acquired. (0ms)

--------------------------------------------------------------------------------
2020-02-15 14:40:20.112 [Info] Beginning context dispose. (0ms)

--------------------------------------------------------------------------------
2020-02-15 14:40:20.113 [Info] Disposing network... (0ms)

--------------------------------------------------------------------------------
2020-02-15 14:40:20.115 [Info] Saving player database... (1ms)

--------------------------------------------------------------------------------
2020-02-15 14:40:20.119 [Info] Saving game database... (5ms)

--------------------------------------------------------------------------------
2020-02-15 14:40:20.122 [Info] Shutting down the API... (8ms)

--------------------------------------------------------------------------------
2020-02-15 14:40:20.122 [Info] Base dispose. (9ms)

--------------------------------------------------------------------------------
2020-02-15 14:40:20.122 [Info] Finished disposing server context. (9ms)

--------------------------------------------------------------------------------
2020-02-15 14:40:20.122 [Info] GC.SuppressFinalize (9ms)

--------------------------------------------------------------------------------
2020-02-15 14:40:20.122 [Info] InternalDispose() completed. (9ms)

--------------------------------------------------------------------------------
2020-02-15 14:40:20.122 [Info] Clearing instance... (9ms)

--------------------------------------------------------------------------------
2020-02-15 14:40:20.122 [Info] Releasing context lock... (10ms)

--------------------------------------------------------------------------------
2020-02-15 14:40:20.122 [Info] Released. (10ms)

--------------------------------------------------------------------------------
