2020-03-20 08:38:36.227 [Debug] Loaded new formula from BaseExp * Power(Gain, Level).

--------------------------------------------------------------------------------
2020-03-20 08:38:36.238 [Debug] Loaded new formula from BaseExp * Power(Gain, Level).

--------------------------------------------------------------------------------
Listening on 0.0.0.0:5400.

--------------------------------------------------------------------------------
2020-03-20 08:38:41.736 [Info] Connection approved [331a21fd-649a-4b31-bcc7-98d508c4c205].

--------------------------------------------------------------------------------
2020-03-20 08:38:41.754 [Debug] Connection established to remote [331a21fd-649a-4b31-bcc7-98d508c4c205/127.0.0.1:59078].

--------------------------------------------------------------------------------
2020-03-20 08:38:41.754 [Info] Connected [331a21fd-649a-4b31-bcc7-98d508c4c205].

--------------------------------------------------------------------------------
2020-03-20 08:38:42.734 [Debug] Took 516ms to load player from db!

--------------------------------------------------------------------------------
UPnP Service Initialization Failed. You might not have a router, or UPnP on your router might be disabled.
  Message: Exception of type 'Open.Nat.NatDeviceNotFoundException' was thrown.
    Stack:    at Open.Nat.NatDiscoverer.<DiscoverDeviceAsync>d__5.MoveNext()
--- End of stack trace from previous location where exception was thrown ---
   at System.Runtime.ExceptionServices.ExceptionDispatchInfo.Throw()
   at System.Runtime.CompilerServices.TaskAwaiter.HandleNonSuccessAndDebuggerNotification(Task task)
   at System.Runtime.CompilerServices.TaskAwaiter`1.GetResult()
   at Intersect.Server.Networking.Helpers.UpnP.<ConnectNatDevice>d__4.MoveNext() in C:\TeamCity\buildAgent\work\6c64f60308be6068\Intersect.Server\Classes\Networking\Helpers\UPnP.cs:line 24


--------------------------------------------------------------------------------
2020-03-20 09:11:58.704 [Debug] StatusChanged: [NetIncomingMessage #7 10 bytes] [Disconnected]

--------------------------------------------------------------------------------
2020-03-20 09:11:58.714 [Debug] Connectioned terminated to remote [331a21fd-649a-4b31-bcc7-98d508c4c205/127.0.0.1:59078].

--------------------------------------------------------------------------------
2020-03-20 09:11:58.715 [Info] Disconnected [331a21fd-649a-4b31-bcc7-98d508c4c205].

--------------------------------------------------------------------------------
2020-03-20 09:11:58.716 [Debug] Client disconnected (AEON->[editor])

--------------------------------------------------------------------------------
2020-03-20 09:12:01.146 [Info] Acquiring context lock... (0ms)

--------------------------------------------------------------------------------
2020-03-20 09:12:01.146 [Info] Acquired. (0ms)

--------------------------------------------------------------------------------
2020-03-20 09:12:01.146 [Info] Beginning context dispose. (0ms)

--------------------------------------------------------------------------------
2020-03-20 09:12:01.148 [Info] Disposing network... (1ms)

--------------------------------------------------------------------------------
2020-03-20 09:12:01.151 [Info] Saving player database... (3ms)

--------------------------------------------------------------------------------
2020-03-20 09:12:01.157 [Info] Saving game database... (9ms)

--------------------------------------------------------------------------------
2020-03-20 09:12:01.171 [Info] Shutting down the API... (23ms)

--------------------------------------------------------------------------------
2020-03-20 09:12:01.171 [Info] Base dispose. (23ms)

--------------------------------------------------------------------------------
2020-03-20 09:12:01.171 [Info] Finished disposing server context. (24ms)

--------------------------------------------------------------------------------
2020-03-20 09:12:01.171 [Info] GC.SuppressFinalize (25ms)

--------------------------------------------------------------------------------
2020-03-20 09:12:01.171 [Info] InternalDispose() completed. (25ms)

--------------------------------------------------------------------------------
2020-03-20 09:12:01.172 [Info] Clearing instance... (25ms)

--------------------------------------------------------------------------------
2020-03-20 09:12:01.172 [Info] Releasing context lock... (25ms)

--------------------------------------------------------------------------------
2020-03-20 09:12:01.172 [Info] Released. (25ms)

--------------------------------------------------------------------------------
