2020-02-15 19:12:26.059 [Debug] Loaded new formula from BaseExp * Power(Gain, Level).

--------------------------------------------------------------------------------
2020-02-15 19:12:26.065 [Debug] Loaded new formula from BaseExp * Power(Gain, Level).

--------------------------------------------------------------------------------
Listening on 0.0.0.0:5400.

--------------------------------------------------------------------------------
UPnP Service Initialization Succeeded

--------------------------------------------------------------------------------
Successfully auto port forwarded udp port 5400 using UPnP.

--------------------------------------------------------------------------------
2020-02-15 19:12:38.980 [Info] Connection approved [b57a0acf-9e1d-4fef-be58-682905c29ff7].

--------------------------------------------------------------------------------
2020-02-15 19:12:38.991 [Debug] Connection established to remote [b57a0acf-9e1d-4fef-be58-682905c29ff7/127.0.0.1:58354].

--------------------------------------------------------------------------------
2020-02-15 19:12:38.992 [Info] Connected [b57a0acf-9e1d-4fef-be58-682905c29ff7].

--------------------------------------------------------------------------------
2020-02-15 19:12:43.383 [Debug] Took 351ms to load player from db!

--------------------------------------------------------------------------------
2020-02-15 19:47:19.317 [Debug] StatusChanged: [NetIncomingMessage #269 10 bytes] [Disconnected]

--------------------------------------------------------------------------------
2020-02-15 19:47:19.318 [Debug] Connectioned terminated to remote [b57a0acf-9e1d-4fef-be58-682905c29ff7/127.0.0.1:58354].

--------------------------------------------------------------------------------
2020-02-15 19:47:19.318 [Info] Disconnected [b57a0acf-9e1d-4fef-be58-682905c29ff7].

--------------------------------------------------------------------------------
2020-02-15 19:47:19.318 [Debug] Client disconnected (AEON->[editor])

--------------------------------------------------------------------------------
2020-02-15 19:47:21.329 [Info] Acquiring context lock... (0ms)

--------------------------------------------------------------------------------
2020-02-15 19:47:21.329 [Info] Acquired. (0ms)

--------------------------------------------------------------------------------
2020-02-15 19:47:21.329 [Info] Beginning context dispose. (0ms)

--------------------------------------------------------------------------------
2020-02-15 19:47:21.330 [Info] Disposing network... (0ms)

--------------------------------------------------------------------------------
2020-02-15 19:47:21.331 [Info] Saving player database... (1ms)

--------------------------------------------------------------------------------
2020-02-15 19:47:21.332 [Info] Saving game database... (3ms)

--------------------------------------------------------------------------------
2020-02-15 19:47:21.336 [Info] Shutting down the API... (6ms)

--------------------------------------------------------------------------------
2020-02-15 19:47:21.336 [Info] Shutting down the console thread... (6ms)

--------------------------------------------------------------------------------
2020-02-15 19:47:22.336 [Info] Base dispose. (1007ms)

--------------------------------------------------------------------------------
2020-02-15 19:47:22.336 [Info] Finished disposing server context. (1007ms)

--------------------------------------------------------------------------------
2020-02-15 19:47:22.337 [Info] GC.SuppressFinalize (1008ms)

--------------------------------------------------------------------------------
2020-02-15 19:47:22.337 [Info] InternalDispose() completed. (1008ms)

--------------------------------------------------------------------------------
2020-02-15 19:47:22.337 [Info] Clearing instance... (1008ms)

--------------------------------------------------------------------------------
2020-02-15 19:47:22.337 [Info] Releasing context lock... (1008ms)

--------------------------------------------------------------------------------
2020-02-15 19:47:22.337 [Info] Released. (1008ms)

--------------------------------------------------------------------------------
