2020-02-21 09:55:04.713 [Debug] Loaded new formula from BaseExp * Power(Gain, Level).

--------------------------------------------------------------------------------
2020-02-21 09:55:04.723 [Debug] Loaded new formula from BaseExp * Power(Gain, Level).

--------------------------------------------------------------------------------
Listening on 0.0.0.0:5400.

--------------------------------------------------------------------------------
2020-02-21 09:55:12.381 [Info] Connection approved [3f0d9a6b-de62-412d-b075-dfbbf11e7940].

--------------------------------------------------------------------------------
2020-02-21 09:55:12.390 [Debug] Connection established to remote [3f0d9a6b-de62-412d-b075-dfbbf11e7940/127.0.0.1:63892].

--------------------------------------------------------------------------------
2020-02-21 09:55:12.391 [Info] Connected [3f0d9a6b-de62-412d-b075-dfbbf11e7940].

--------------------------------------------------------------------------------
UPnP Service Initialization Failed. You might not have a router, or UPnP on your router might be disabled.
  Message: Exception of type 'Open.Nat.NatDeviceNotFoundException' was thrown.
    Stack:    at Open.Nat.NatDiscoverer.<DiscoverDeviceAsync>d__5.MoveNext()
--- End of stack trace from previous location where exception was thrown ---
   at System.Runtime.ExceptionServices.ExceptionDispatchInfo.Throw()
   at System.Runtime.CompilerServices.TaskAwaiter.HandleNonSuccessAndDebuggerNotification(Task task)
   at System.Runtime.CompilerServices.TaskAwaiter`1.GetResult()
   at Intersect.Server.Networking.Helpers.UpnP.<ConnectNatDevice>d__4.MoveNext() in C:\TeamCity\buildAgent\work\6c64f60308be6068\Intersect.Server\Classes\Networking\Helpers\UPnP.cs:line 24


--------------------------------------------------------------------------------
2020-02-21 09:55:13.332 [Debug] Took 508ms to load player from db!

--------------------------------------------------------------------------------
2020-02-21 10:18:02.091 [Debug] StatusChanged: [NetIncomingMessage #69 10 bytes] [Disconnected]

--------------------------------------------------------------------------------
2020-02-21 10:18:02.091 [Debug] Connectioned terminated to remote [3f0d9a6b-de62-412d-b075-dfbbf11e7940/127.0.0.1:63892].

--------------------------------------------------------------------------------
2020-02-21 10:18:02.092 [Info] Disconnected [3f0d9a6b-de62-412d-b075-dfbbf11e7940].

--------------------------------------------------------------------------------
2020-02-21 10:18:02.092 [Debug] Client disconnected (AEON->[editor])

--------------------------------------------------------------------------------
2020-02-21 10:24:53.768 [Info] Connection approved [6d500ed5-3df4-49fa-aaa1-5fcea57c450f].

--------------------------------------------------------------------------------
2020-02-21 10:24:53.782 [Debug] Connection established to remote [6d500ed5-3df4-49fa-aaa1-5fcea57c450f/127.0.0.1:56108].

--------------------------------------------------------------------------------
2020-02-21 10:24:53.782 [Info] Connected [6d500ed5-3df4-49fa-aaa1-5fcea57c450f].

--------------------------------------------------------------------------------
2020-02-21 10:24:55.340 [Debug] Took 15ms to load player from db!

--------------------------------------------------------------------------------
2020-02-21 10:27:42.091 [Debug] StatusChanged: [NetIncomingMessage #16 10 bytes] [Disconnected]

--------------------------------------------------------------------------------
2020-02-21 10:27:42.091 [Debug] Connectioned terminated to remote [6d500ed5-3df4-49fa-aaa1-5fcea57c450f/127.0.0.1:56108].

--------------------------------------------------------------------------------
2020-02-21 10:27:42.091 [Info] Disconnected [6d500ed5-3df4-49fa-aaa1-5fcea57c450f].

--------------------------------------------------------------------------------
2020-02-21 10:27:42.091 [Debug] Client disconnected (AEON->[editor])

--------------------------------------------------------------------------------
2020-02-21 10:27:45.935 [Info] Connection approved [08230220-9e77-439b-af96-25084a2036cc].

--------------------------------------------------------------------------------
2020-02-21 10:27:45.954 [Debug] Connection established to remote [08230220-9e77-439b-af96-25084a2036cc/127.0.0.1:56354].

--------------------------------------------------------------------------------
2020-02-21 10:27:45.954 [Info] Connected [08230220-9e77-439b-af96-25084a2036cc].

--------------------------------------------------------------------------------
2020-02-21 10:27:48.110 [Debug] Took 10ms to load player from db!

--------------------------------------------------------------------------------
2020-02-21 13:37:43.541 [Debug] StatusChanged: [NetIncomingMessage #77 10 bytes] [Disconnected]

--------------------------------------------------------------------------------
2020-02-21 13:37:43.542 [Debug] Connectioned terminated to remote [08230220-9e77-439b-af96-25084a2036cc/127.0.0.1:56354].

--------------------------------------------------------------------------------
2020-02-21 13:37:43.542 [Info] Disconnected [08230220-9e77-439b-af96-25084a2036cc].

--------------------------------------------------------------------------------
2020-02-21 13:37:43.542 [Debug] Client disconnected (AEON->[editor])

--------------------------------------------------------------------------------
2020-02-21 13:37:46.673 [Info] Acquiring context lock... (0ms)

--------------------------------------------------------------------------------
2020-02-21 13:37:46.673 [Info] Acquired. (0ms)

--------------------------------------------------------------------------------
2020-02-21 13:37:46.674 [Info] Beginning context dispose. (0ms)

--------------------------------------------------------------------------------
2020-02-21 13:37:46.676 [Info] Disposing network... (1ms)

--------------------------------------------------------------------------------
2020-02-21 13:37:46.679 [Info] Saving player database... (4ms)

--------------------------------------------------------------------------------
2020-02-21 13:37:46.684 [Info] Saving game database... (9ms)

--------------------------------------------------------------------------------
2020-02-21 13:37:46.689 [Info] Shutting down the API... (14ms)

--------------------------------------------------------------------------------
2020-02-21 13:37:46.689 [Info] Base dispose. (14ms)

--------------------------------------------------------------------------------
2020-02-21 13:37:46.689 [Info] Finished disposing server context. (14ms)

--------------------------------------------------------------------------------
2020-02-21 13:37:46.689 [Info] GC.SuppressFinalize (15ms)

--------------------------------------------------------------------------------
2020-02-21 13:37:46.689 [Info] InternalDispose() completed. (15ms)

--------------------------------------------------------------------------------
2020-02-21 13:37:46.689 [Info] Clearing instance... (16ms)

--------------------------------------------------------------------------------
2020-02-21 13:37:46.690 [Info] Releasing context lock... (16ms)

--------------------------------------------------------------------------------
2020-02-21 13:37:46.690 [Info] Released. (16ms)

--------------------------------------------------------------------------------
