2020-02-15 20:14:51.560 [Debug] Loaded new formula from BaseExp * Power(Gain, Level).

--------------------------------------------------------------------------------
2020-02-15 20:14:51.563 [Debug] Loaded new formula from BaseExp * Power(Gain, Level).

--------------------------------------------------------------------------------
Listening on 0.0.0.0:5400.

--------------------------------------------------------------------------------
UPnP Service Initialization Succeeded

--------------------------------------------------------------------------------
Successfully auto port forwarded udp port 5400 using UPnP.

--------------------------------------------------------------------------------
2020-02-15 20:15:29.704 [Info] Connection approved [a8f3a845-a144-4ef5-93a0-321d16d3c2b0].

--------------------------------------------------------------------------------
2020-02-15 20:15:29.714 [Debug] Connection established to remote [a8f3a845-a144-4ef5-93a0-321d16d3c2b0/127.0.0.1:57661].

--------------------------------------------------------------------------------
2020-02-15 20:15:29.715 [Info] Connected [a8f3a845-a144-4ef5-93a0-321d16d3c2b0].

--------------------------------------------------------------------------------
2020-02-15 20:16:12.304 [Debug] Took 5ms to send game data to client!

--------------------------------------------------------------------------------
2020-02-15 20:24:31.518 [Debug] StatusChanged: [NetIncomingMessage #294 11 bytes] [Disconnected]

--------------------------------------------------------------------------------
2020-02-15 20:24:31.519 [Debug] Connectioned terminated to remote [a8f3a845-a144-4ef5-93a0-321d16d3c2b0/127.0.0.1:57661].

--------------------------------------------------------------------------------
2020-02-15 20:24:31.519 [Info] Disconnected [a8f3a845-a144-4ef5-93a0-321d16d3c2b0].

--------------------------------------------------------------------------------
2020-02-15 20:24:31.519 [Debug] Client disconnected (pussy->Pussy)

--------------------------------------------------------------------------------
2020-02-15 20:24:34.260 [Info] Connection approved [44e93dfb-8662-4d64-9a3f-a22a1e7778f6].

--------------------------------------------------------------------------------
2020-02-15 20:24:34.271 [Debug] Connection established to remote [44e93dfb-8662-4d64-9a3f-a22a1e7778f6/127.0.0.1:60031].

--------------------------------------------------------------------------------
2020-02-15 20:24:34.271 [Info] Connected [44e93dfb-8662-4d64-9a3f-a22a1e7778f6].

--------------------------------------------------------------------------------
2020-02-15 20:24:35.324 [Debug] Took 301ms to load player from db!

--------------------------------------------------------------------------------
2020-02-15 20:25:36.268 [Debug] StatusChanged: [NetIncomingMessage #42 10 bytes] [Disconnected]

--------------------------------------------------------------------------------
2020-02-15 20:25:36.268 [Debug] Connectioned terminated to remote [44e93dfb-8662-4d64-9a3f-a22a1e7778f6/127.0.0.1:60031].

--------------------------------------------------------------------------------
2020-02-15 20:25:36.268 [Info] Disconnected [44e93dfb-8662-4d64-9a3f-a22a1e7778f6].

--------------------------------------------------------------------------------
2020-02-15 20:25:36.268 [Debug] Client disconnected (AEON->[editor])

--------------------------------------------------------------------------------
2020-02-15 20:25:42.272 [Info] Acquiring context lock... (0ms)

--------------------------------------------------------------------------------
2020-02-15 20:25:42.272 [Info] Acquired. (0ms)

--------------------------------------------------------------------------------
2020-02-15 20:25:42.272 [Info] Beginning context dispose. (0ms)

--------------------------------------------------------------------------------
2020-02-15 20:25:42.273 [Info] Disposing network... (0ms)

--------------------------------------------------------------------------------
2020-02-15 20:25:42.275 [Info] Saving player database... (1ms)

--------------------------------------------------------------------------------
2020-02-15 20:25:42.278 [Info] Saving game database... (4ms)

--------------------------------------------------------------------------------
2020-02-15 20:25:42.281 [Info] Shutting down the API... (8ms)

--------------------------------------------------------------------------------
2020-02-15 20:25:42.281 [Info] Base dispose. (8ms)

--------------------------------------------------------------------------------
2020-02-15 20:25:42.281 [Info] Finished disposing server context. (8ms)

--------------------------------------------------------------------------------
2020-02-15 20:25:42.282 [Info] GC.SuppressFinalize (9ms)

--------------------------------------------------------------------------------
2020-02-15 20:25:42.282 [Info] InternalDispose() completed. (9ms)

--------------------------------------------------------------------------------
2020-02-15 20:25:42.282 [Info] Clearing instance... (9ms)

--------------------------------------------------------------------------------
2020-02-15 20:25:42.282 [Info] Releasing context lock... (9ms)

--------------------------------------------------------------------------------
2020-02-15 20:25:42.282 [Info] Released. (9ms)

--------------------------------------------------------------------------------
