2020-02-19 15:14:18.176 [Debug] Loaded new formula from BaseExp * Power(Gain, Level).

--------------------------------------------------------------------------------
2020-02-19 15:14:18.181 [Debug] Loaded new formula from BaseExp * Power(Gain, Level).

--------------------------------------------------------------------------------
Listening on 0.0.0.0:5400.

--------------------------------------------------------------------------------
UPnP Service Initialization Succeeded

--------------------------------------------------------------------------------
Successfully auto port forwarded udp port 5400 using UPnP.

--------------------------------------------------------------------------------
2020-02-19 15:14:48.893 [Info] Connection approved [2840ac4b-fff1-4509-9e0d-6c7ed3428fd0].

--------------------------------------------------------------------------------
2020-02-19 15:14:48.903 [Debug] Connection established to remote [2840ac4b-fff1-4509-9e0d-6c7ed3428fd0/127.0.0.1:64033].

--------------------------------------------------------------------------------
2020-02-19 15:14:48.903 [Info] Connected [2840ac4b-fff1-4509-9e0d-6c7ed3428fd0].

--------------------------------------------------------------------------------
2020-02-19 15:14:55.123 [Debug] Took 346ms to load player from db!

--------------------------------------------------------------------------------
2020-02-19 15:22:52.955 [Info] Connection approved [3fb365c9-f810-47c1-bb5b-359d805f0d78].

--------------------------------------------------------------------------------
2020-02-19 15:22:52.967 [Debug] Connection established to remote [3fb365c9-f810-47c1-bb5b-359d805f0d78/127.0.0.1:64746].

--------------------------------------------------------------------------------
2020-02-19 15:22:52.967 [Info] Connected [3fb365c9-f810-47c1-bb5b-359d805f0d78].

--------------------------------------------------------------------------------
2020-02-19 15:22:55.638 [Debug] Took 0ms to send game data to client!

--------------------------------------------------------------------------------
2020-02-19 15:23:44.257 [Debug] StatusChanged: [NetIncomingMessage #115 11 bytes] [Disconnected]

--------------------------------------------------------------------------------
2020-02-19 15:23:44.258 [Debug] Connectioned terminated to remote [3fb365c9-f810-47c1-bb5b-359d805f0d78/127.0.0.1:64746].

--------------------------------------------------------------------------------
2020-02-19 15:23:44.258 [Info] Disconnected [3fb365c9-f810-47c1-bb5b-359d805f0d78].

--------------------------------------------------------------------------------
2020-02-19 15:23:44.258 [Debug] Client disconnected (test->Test)

--------------------------------------------------------------------------------
2020-02-19 15:24:27.507 [Debug] StatusChanged: [NetIncomingMessage #145 10 bytes] [Disconnected]

--------------------------------------------------------------------------------
2020-02-19 15:24:27.507 [Debug] Connectioned terminated to remote [2840ac4b-fff1-4509-9e0d-6c7ed3428fd0/127.0.0.1:64033].

--------------------------------------------------------------------------------
2020-02-19 15:24:27.507 [Info] Disconnected [2840ac4b-fff1-4509-9e0d-6c7ed3428fd0].

--------------------------------------------------------------------------------
2020-02-19 15:24:27.507 [Debug] Client disconnected (AEON->[editor])

--------------------------------------------------------------------------------
2020-02-19 15:24:31.475 [Info] Acquiring context lock... (0ms)

--------------------------------------------------------------------------------
2020-02-19 15:24:31.475 [Info] Acquired. (0ms)

--------------------------------------------------------------------------------
2020-02-19 15:24:31.475 [Info] Beginning context dispose. (0ms)

--------------------------------------------------------------------------------
2020-02-19 15:24:31.476 [Info] Disposing network... (0ms)

--------------------------------------------------------------------------------
2020-02-19 15:24:31.477 [Info] Saving player database... (1ms)

--------------------------------------------------------------------------------
2020-02-19 15:24:31.480 [Info] Saving game database... (5ms)

--------------------------------------------------------------------------------
2020-02-19 15:24:31.485 [Info] Shutting down the API... (9ms)

--------------------------------------------------------------------------------
2020-02-19 15:24:31.485 [Info] Base dispose. (9ms)

--------------------------------------------------------------------------------
2020-02-19 15:24:31.485 [Info] Finished disposing server context. (9ms)

--------------------------------------------------------------------------------
2020-02-19 15:24:31.485 [Info] GC.SuppressFinalize (10ms)

--------------------------------------------------------------------------------
2020-02-19 15:24:31.485 [Info] InternalDispose() completed. (10ms)

--------------------------------------------------------------------------------
2020-02-19 15:24:31.485 [Info] Clearing instance... (10ms)

--------------------------------------------------------------------------------
2020-02-19 15:24:31.485 [Info] Releasing context lock... (10ms)

--------------------------------------------------------------------------------
2020-02-19 15:24:31.485 [Info] Released. (10ms)

--------------------------------------------------------------------------------
