2020-02-12 21:22:39.817 [Debug] Loaded new formula from BaseExp * Power(Gain, Level).

--------------------------------------------------------------------------------
2020-02-12 21:22:39.820 [Debug] Loaded new formula from BaseExp * Power(Gain, Level).

--------------------------------------------------------------------------------
Listening on 0.0.0.0:5400.

--------------------------------------------------------------------------------
UPnP Service Initialization Succeeded

--------------------------------------------------------------------------------
Successfully auto port forwarded udp port 5400 using UPnP.

--------------------------------------------------------------------------------
2020-02-12 21:22:54.891 [Info] Connection approved [41a139a9-b8cd-4ad7-8b7c-9e90ca0280df].

--------------------------------------------------------------------------------
2020-02-12 21:22:54.901 [Debug] Connection established to remote [41a139a9-b8cd-4ad7-8b7c-9e90ca0280df/127.0.0.1:59211].

--------------------------------------------------------------------------------
2020-02-12 21:22:54.901 [Info] Connected [41a139a9-b8cd-4ad7-8b7c-9e90ca0280df].

--------------------------------------------------------------------------------
2020-02-12 21:23:08.458 [Debug] Took 12ms to send game data to client!

--------------------------------------------------------------------------------
2020-02-12 21:23:55.674 [Info] Connection approved [10d09894-6a76-4419-bb93-56e2d5d713d7].

--------------------------------------------------------------------------------
2020-02-12 21:23:55.694 [Debug] Connection established to remote [10d09894-6a76-4419-bb93-56e2d5d713d7/127.0.0.1:57187].

--------------------------------------------------------------------------------
2020-02-12 21:23:55.694 [Info] Connected [10d09894-6a76-4419-bb93-56e2d5d713d7].

--------------------------------------------------------------------------------
2020-02-12 21:24:59.611 [Debug] Took 0ms to send game data to client!

--------------------------------------------------------------------------------
2020-02-12 21:27:45.033 [Debug] StatusChanged: [NetIncomingMessage #272 11 bytes] [Disconnected]

--------------------------------------------------------------------------------
2020-02-12 21:27:45.033 [Debug] Connectioned terminated to remote [41a139a9-b8cd-4ad7-8b7c-9e90ca0280df/127.0.0.1:59211].

--------------------------------------------------------------------------------
2020-02-12 21:27:45.034 [Info] Disconnected [41a139a9-b8cd-4ad7-8b7c-9e90ca0280df].

--------------------------------------------------------------------------------
2020-02-12 21:27:45.034 [Debug] Client disconnected (AEON->AEON)

--------------------------------------------------------------------------------
2020-02-12 21:27:47.032 [Debug] StatusChanged: [NetIncomingMessage #0 11 bytes] [Disconnected]

--------------------------------------------------------------------------------
2020-02-12 21:27:47.032 [Debug] Connectioned terminated to remote [10d09894-6a76-4419-bb93-56e2d5d713d7/127.0.0.1:57187].

--------------------------------------------------------------------------------
2020-02-12 21:27:47.032 [Info] Disconnected [10d09894-6a76-4419-bb93-56e2d5d713d7].

--------------------------------------------------------------------------------
2020-02-12 21:27:47.032 [Debug] Client disconnected (player->PLAYER)

--------------------------------------------------------------------------------
2020-02-12 21:27:50.790 [Info] Connection approved [6cb60c1a-50a5-4c0c-b2c7-013d0a6a8e6d].

--------------------------------------------------------------------------------
2020-02-12 21:27:50.802 [Debug] Connection established to remote [6cb60c1a-50a5-4c0c-b2c7-013d0a6a8e6d/127.0.0.1:50134].

--------------------------------------------------------------------------------
2020-02-12 21:27:50.802 [Info] Connected [6cb60c1a-50a5-4c0c-b2c7-013d0a6a8e6d].

--------------------------------------------------------------------------------
2020-02-12 21:27:51.321 [Debug] Took 7ms to load player from db!

--------------------------------------------------------------------------------
2020-02-12 21:38:54.408 [Debug] StatusChanged: [NetIncomingMessage #52 10 bytes] [Disconnected]

--------------------------------------------------------------------------------
2020-02-12 21:38:54.408 [Debug] Connectioned terminated to remote [6cb60c1a-50a5-4c0c-b2c7-013d0a6a8e6d/127.0.0.1:50134].

--------------------------------------------------------------------------------
2020-02-12 21:38:54.408 [Info] Disconnected [6cb60c1a-50a5-4c0c-b2c7-013d0a6a8e6d].

--------------------------------------------------------------------------------
2020-02-12 21:38:54.408 [Debug] Client disconnected (AEON->[editor])

--------------------------------------------------------------------------------
2020-02-12 21:38:55.713 [Info] Acquiring context lock... (0ms)

--------------------------------------------------------------------------------
2020-02-12 21:38:55.713 [Info] Acquired. (0ms)

--------------------------------------------------------------------------------
2020-02-12 21:38:55.714 [Info] Beginning context dispose. (0ms)

--------------------------------------------------------------------------------
2020-02-12 21:38:55.715 [Info] Disposing network... (0ms)

--------------------------------------------------------------------------------
2020-02-12 21:38:55.716 [Info] Saving player database... (2ms)

--------------------------------------------------------------------------------
2020-02-12 21:38:55.719 [Info] Saving game database... (4ms)

--------------------------------------------------------------------------------
2020-02-12 21:38:55.719 [Info] Shutting down the API... (5ms)

--------------------------------------------------------------------------------
2020-02-12 21:38:55.719 [Info] Shutting down the console thread... (5ms)

--------------------------------------------------------------------------------
2020-02-12 21:38:56.722 [Info] Base dispose. (1007ms)

--------------------------------------------------------------------------------
2020-02-12 21:38:56.722 [Info] Finished disposing server context. (1007ms)

--------------------------------------------------------------------------------
2020-02-12 21:38:56.722 [Info] GC.SuppressFinalize (1008ms)

--------------------------------------------------------------------------------
2020-02-12 21:38:56.722 [Info] InternalDispose() completed. (1008ms)

--------------------------------------------------------------------------------
2020-02-12 21:38:56.722 [Info] Clearing instance... (1008ms)

--------------------------------------------------------------------------------
2020-02-12 21:38:56.722 [Info] Releasing context lock... (1008ms)

--------------------------------------------------------------------------------
2020-02-12 21:38:56.722 [Info] Released. (1008ms)

--------------------------------------------------------------------------------
