2020-02-14 19:23:53.671 [Debug] Loaded new formula from BaseExp * Power(Gain, Level).

--------------------------------------------------------------------------------
2020-02-14 19:23:53.675 [Debug] Loaded new formula from BaseExp * Power(Gain, Level).

--------------------------------------------------------------------------------
Listening on 0.0.0.0:5400.

--------------------------------------------------------------------------------
UPnP Service Initialization Succeeded

--------------------------------------------------------------------------------
Successfully auto port forwarded udp port 5400 using UPnP.

--------------------------------------------------------------------------------
2020-02-14 19:24:12.587 [Info] Connection approved [f4d33e60-65ac-4cda-be6a-024a130c9ee5].

--------------------------------------------------------------------------------
2020-02-14 19:24:12.603 [Debug] Connection established to remote [f4d33e60-65ac-4cda-be6a-024a130c9ee5/127.0.0.1:64228].

--------------------------------------------------------------------------------
2020-02-14 19:24:12.603 [Info] Connected [f4d33e60-65ac-4cda-be6a-024a130c9ee5].

--------------------------------------------------------------------------------
2020-02-14 19:24:13.639 [Info] Connection approved [1dbc8f57-332d-4910-b683-9bb61c09d507].

--------------------------------------------------------------------------------
2020-02-14 19:24:13.648 [Debug] Connection established to remote [1dbc8f57-332d-4910-b683-9bb61c09d507/127.0.0.1:56220].

--------------------------------------------------------------------------------
2020-02-14 19:24:13.648 [Info] Connected [1dbc8f57-332d-4910-b683-9bb61c09d507].

--------------------------------------------------------------------------------
2020-02-14 19:24:15.987 [Debug] StatusChanged: [NetIncomingMessage #0 11 bytes] [Disconnected]

--------------------------------------------------------------------------------
2020-02-14 19:24:15.988 [Debug] Connectioned terminated to remote [1dbc8f57-332d-4910-b683-9bb61c09d507/127.0.0.1:56220].

--------------------------------------------------------------------------------
2020-02-14 19:24:15.988 [Info] Disconnected [1dbc8f57-332d-4910-b683-9bb61c09d507].

--------------------------------------------------------------------------------
2020-02-14 19:24:15.988 [Debug] Client disconnected ([menu])

--------------------------------------------------------------------------------
2020-02-14 19:24:18.997 [Debug] Took 11ms to send game data to client!

--------------------------------------------------------------------------------
2020-02-14 19:24:23.112 [Debug] StatusChanged: [NetIncomingMessage #0 11 bytes] [Disconnected]

--------------------------------------------------------------------------------
2020-02-14 19:24:23.112 [Debug] Connectioned terminated to remote [f4d33e60-65ac-4cda-be6a-024a130c9ee5/127.0.0.1:64228].

--------------------------------------------------------------------------------
2020-02-14 19:24:23.112 [Info] Disconnected [f4d33e60-65ac-4cda-be6a-024a130c9ee5].

--------------------------------------------------------------------------------
2020-02-14 19:24:23.112 [Debug] Client disconnected (AEON->AEON)

--------------------------------------------------------------------------------
2020-02-14 19:24:26.352 [Info] Connection approved [f7ae995b-c5fa-407f-b508-e3d576efce19].

--------------------------------------------------------------------------------
2020-02-14 19:24:26.365 [Debug] Connection established to remote [f7ae995b-c5fa-407f-b508-e3d576efce19/127.0.0.1:60708].

--------------------------------------------------------------------------------
2020-02-14 19:24:26.365 [Info] Connected [f7ae995b-c5fa-407f-b508-e3d576efce19].

--------------------------------------------------------------------------------
2020-02-14 19:24:26.800 [Debug] Took 6ms to load player from db!

--------------------------------------------------------------------------------
2020-02-14 19:26:59.881 [Info] Acquiring context lock... (0ms)

--------------------------------------------------------------------------------
2020-02-14 19:26:59.881 [Info] Acquired. (0ms)

--------------------------------------------------------------------------------
2020-02-14 19:26:59.881 [Info] Beginning context dispose. (0ms)

--------------------------------------------------------------------------------
2020-02-14 19:26:59.882 [Info] Disposing network... (0ms)

--------------------------------------------------------------------------------
2020-02-14 19:26:59.883 [Debug] StatusChanged: [NetIncomingMessage #30 11 bytes] [Disconnecting]

--------------------------------------------------------------------------------
2020-02-14 19:26:59.884 [Info] Saving player database... (1ms)

--------------------------------------------------------------------------------
2020-02-14 19:26:59.886 [Info] Saving game database... (3ms)

--------------------------------------------------------------------------------
2020-02-14 19:26:59.886 [Debug] StatusChanged: [NetIncomingMessage #31 11 bytes] [Disconnected]

--------------------------------------------------------------------------------
2020-02-14 19:26:59.887 [Info] Shutting down the API... (5ms)

--------------------------------------------------------------------------------
2020-02-14 19:26:59.888 [Info] Base dispose. (5ms)

--------------------------------------------------------------------------------
2020-02-14 19:26:59.888 [Info] Finished disposing server context. (5ms)

--------------------------------------------------------------------------------
2020-02-14 19:26:59.888 [Info] GC.SuppressFinalize (6ms)

--------------------------------------------------------------------------------
2020-02-14 19:26:59.888 [Info] InternalDispose() completed. (6ms)

--------------------------------------------------------------------------------
2020-02-14 19:26:59.888 [Info] Clearing instance... (6ms)

--------------------------------------------------------------------------------
2020-02-14 19:26:59.889 [Info] Releasing context lock... (7ms)

--------------------------------------------------------------------------------
2020-02-14 19:26:59.889 [Info] Released. (7ms)

--------------------------------------------------------------------------------
