2020-02-12 21:52:34.643 [Debug] Loaded new formula from BaseExp * Power(Gain, Level).

--------------------------------------------------------------------------------
2020-02-12 21:52:34.647 [Debug] Loaded new formula from BaseExp * Power(Gain, Level).

--------------------------------------------------------------------------------
Listening on 0.0.0.0:5400.

--------------------------------------------------------------------------------
UPnP Service Initialization Succeeded

--------------------------------------------------------------------------------
Successfully auto port forwarded udp port 5400 using UPnP.

--------------------------------------------------------------------------------
2020-02-12 21:52:40.648 [Info] Connection approved [76cdc09a-4862-4a2f-8846-ca2d59958a98].

--------------------------------------------------------------------------------
2020-02-12 21:52:40.665 [Debug] Connection established to remote [76cdc09a-4862-4a2f-8846-ca2d59958a98/127.0.0.1:62256].

--------------------------------------------------------------------------------
2020-02-12 21:52:40.665 [Info] Connected [76cdc09a-4862-4a2f-8846-ca2d59958a98].

--------------------------------------------------------------------------------
2020-02-12 21:52:43.364 [Debug] Took 11ms to send game data to client!

--------------------------------------------------------------------------------
2020-02-12 21:54:34.674 [Debug] StatusChanged: [NetIncomingMessage #266 11 bytes] [Disconnected]

--------------------------------------------------------------------------------
2020-02-12 21:54:34.675 [Debug] Connectioned terminated to remote [76cdc09a-4862-4a2f-8846-ca2d59958a98/127.0.0.1:62256].

--------------------------------------------------------------------------------
2020-02-12 21:54:34.675 [Info] Disconnected [76cdc09a-4862-4a2f-8846-ca2d59958a98].

--------------------------------------------------------------------------------
2020-02-12 21:54:34.676 [Debug] Client disconnected (AEON->[editor])

--------------------------------------------------------------------------------
2020-02-12 21:54:39.271 [Info] Acquiring context lock... (0ms)

--------------------------------------------------------------------------------
2020-02-12 21:54:39.271 [Info] Acquired. (0ms)

--------------------------------------------------------------------------------
2020-02-12 21:54:39.271 [Info] Beginning context dispose. (0ms)

--------------------------------------------------------------------------------
2020-02-12 21:54:39.273 [Info] Disposing network... (1ms)

--------------------------------------------------------------------------------
2020-02-12 21:54:39.274 [Info] Saving player database... (2ms)

--------------------------------------------------------------------------------
2020-02-12 21:54:39.276 [Info] Saving game database... (4ms)

--------------------------------------------------------------------------------
2020-02-12 21:54:39.276 [Info] Shutting down the API... (5ms)

--------------------------------------------------------------------------------
2020-02-12 21:54:39.277 [Info] Base dispose. (5ms)

--------------------------------------------------------------------------------
2020-02-12 21:54:39.277 [Info] Finished disposing server context. (5ms)

--------------------------------------------------------------------------------
2020-02-12 21:54:39.277 [Info] GC.SuppressFinalize (6ms)

--------------------------------------------------------------------------------
2020-02-12 21:54:39.277 [Info] InternalDispose() completed. (6ms)

--------------------------------------------------------------------------------
2020-02-12 21:54:39.277 [Info] Clearing instance... (6ms)

--------------------------------------------------------------------------------
2020-02-12 21:54:39.278 [Info] Releasing context lock... (6ms)

--------------------------------------------------------------------------------
2020-02-12 21:54:39.278 [Info] Released. (6ms)

--------------------------------------------------------------------------------
