2020-02-18 14:23:21.787 [Debug] Loaded new formula from BaseExp * Power(Gain, Level).

--------------------------------------------------------------------------------
2020-02-18 14:23:21.796 [Debug] Loaded new formula from BaseExp * Power(Gain, Level).

--------------------------------------------------------------------------------
Listening on 0.0.0.0:5400.

--------------------------------------------------------------------------------
2020-02-18 14:23:26.784 [Info] Connection approved [68cc25ec-d595-4622-9dd1-ca79d8cc6970].

--------------------------------------------------------------------------------
2020-02-18 14:23:26.801 [Debug] Connection established to remote [68cc25ec-d595-4622-9dd1-ca79d8cc6970/127.0.0.1:56290].

--------------------------------------------------------------------------------
2020-02-18 14:23:26.802 [Info] Connected [68cc25ec-d595-4622-9dd1-ca79d8cc6970].

--------------------------------------------------------------------------------
UPnP Service Initialization Failed. You might not have a router, or UPnP on your router might be disabled.
  Message: Exception of type 'Open.Nat.NatDeviceNotFoundException' was thrown.
    Stack:    at Open.Nat.NatDiscoverer.<DiscoverDeviceAsync>d__5.MoveNext()
--- End of stack trace from previous location where exception was thrown ---
   at System.Runtime.ExceptionServices.ExceptionDispatchInfo.Throw()
   at System.Runtime.CompilerServices.TaskAwaiter.HandleNonSuccessAndDebuggerNotification(Task task)
   at System.Runtime.CompilerServices.TaskAwaiter`1.GetResult()
   at Intersect.Server.Networking.Helpers.UpnP.<ConnectNatDevice>d__4.MoveNext() in C:\TeamCity\buildAgent\work\6c64f60308be6068\Intersect.Server\Classes\Networking\Helpers\UPnP.cs:line 24


--------------------------------------------------------------------------------
2020-02-18 14:23:40.957 [Debug] Took 48ms to send game data to client!

--------------------------------------------------------------------------------
2020-02-18 14:29:45.216 [Debug] StatusChanged: [NetIncomingMessage #688 11 bytes] [Disconnected]

--------------------------------------------------------------------------------
2020-02-18 14:29:45.216 [Debug] Connectioned terminated to remote [68cc25ec-d595-4622-9dd1-ca79d8cc6970/127.0.0.1:56290].

--------------------------------------------------------------------------------
2020-02-18 14:29:45.217 [Info] Disconnected [68cc25ec-d595-4622-9dd1-ca79d8cc6970].

--------------------------------------------------------------------------------
2020-02-18 14:29:45.217 [Debug] Client disconnected (AEON->AEON)

--------------------------------------------------------------------------------
2020-02-18 14:29:48.180 [Info] Connection approved [09349673-3b01-4255-94da-bfc79ff9f09b].

--------------------------------------------------------------------------------
2020-02-18 14:29:48.185 [Debug] Connection established to remote [09349673-3b01-4255-94da-bfc79ff9f09b/127.0.0.1:58192].

--------------------------------------------------------------------------------
2020-02-18 14:29:48.185 [Info] Connected [09349673-3b01-4255-94da-bfc79ff9f09b].

--------------------------------------------------------------------------------
2020-02-18 14:29:48.698 [Debug] Took 11ms to load player from db!

--------------------------------------------------------------------------------
2020-02-18 14:30:48.337 [Debug] StatusChanged: [NetIncomingMessage #38 10 bytes] [Disconnected]

--------------------------------------------------------------------------------
2020-02-18 14:30:48.337 [Debug] Connectioned terminated to remote [09349673-3b01-4255-94da-bfc79ff9f09b/127.0.0.1:58192].

--------------------------------------------------------------------------------
2020-02-18 14:30:48.337 [Info] Disconnected [09349673-3b01-4255-94da-bfc79ff9f09b].

--------------------------------------------------------------------------------
2020-02-18 14:30:48.337 [Debug] Client disconnected (AEON->[editor])

--------------------------------------------------------------------------------
2020-02-18 14:30:52.357 [Info] Acquiring context lock... (0ms)

--------------------------------------------------------------------------------
2020-02-18 14:30:52.357 [Info] Acquired. (0ms)

--------------------------------------------------------------------------------
2020-02-18 14:30:52.357 [Info] Beginning context dispose. (0ms)

--------------------------------------------------------------------------------
2020-02-18 14:30:52.359 [Info] Disposing network... (0ms)

--------------------------------------------------------------------------------
2020-02-18 14:30:52.361 [Info] Saving player database... (2ms)

--------------------------------------------------------------------------------
2020-02-18 14:30:52.363 [Info] Saving game database... (5ms)

--------------------------------------------------------------------------------
2020-02-18 14:30:52.368 [Info] Shutting down the API... (9ms)

--------------------------------------------------------------------------------
2020-02-18 14:30:52.368 [Info] Base dispose. (10ms)

--------------------------------------------------------------------------------
2020-02-18 14:30:52.368 [Info] Finished disposing server context. (10ms)

--------------------------------------------------------------------------------
2020-02-18 14:30:52.369 [Info] GC.SuppressFinalize (11ms)

--------------------------------------------------------------------------------
2020-02-18 14:30:52.369 [Info] InternalDispose() completed. (11ms)

--------------------------------------------------------------------------------
2020-02-18 14:30:52.369 [Info] Clearing instance... (11ms)

--------------------------------------------------------------------------------
2020-02-18 14:30:52.369 [Info] Releasing context lock... (11ms)

--------------------------------------------------------------------------------
2020-02-18 14:30:52.369 [Info] Released. (11ms)

--------------------------------------------------------------------------------
