2020-02-28 19:58:47.193 [Debug] Loaded new formula from BaseExp * Power(Gain, Level).

--------------------------------------------------------------------------------
2020-02-28 19:58:47.196 [Debug] Loaded new formula from BaseExp * Power(Gain, Level).

--------------------------------------------------------------------------------
Listening on 0.0.0.0:5400.

--------------------------------------------------------------------------------
UPnP Service Initialization Succeeded

--------------------------------------------------------------------------------
Successfully auto port forwarded udp port 5400 using UPnP.

--------------------------------------------------------------------------------
2020-02-28 19:58:52.031 [Info] Connection approved [caefde3d-e96a-42d5-9c8f-7c5962affc64].

--------------------------------------------------------------------------------
2020-02-28 19:58:52.039 [Debug] Connection established to remote [caefde3d-e96a-42d5-9c8f-7c5962affc64/127.0.0.1:63897].

--------------------------------------------------------------------------------
2020-02-28 19:58:52.039 [Info] Connected [caefde3d-e96a-42d5-9c8f-7c5962affc64].

--------------------------------------------------------------------------------
2020-02-28 19:58:53.445 [Debug] Took 345ms to load player from db!

--------------------------------------------------------------------------------
2020-02-28 20:23:32.859 [Info] Connection approved [1cca7626-182e-4f6d-b6f3-5f93015c430d].

--------------------------------------------------------------------------------
2020-02-28 20:23:32.867 [Debug] Connection established to remote [1cca7626-182e-4f6d-b6f3-5f93015c430d/127.0.0.1:60020].

--------------------------------------------------------------------------------
2020-02-28 20:23:32.867 [Info] Connected [1cca7626-182e-4f6d-b6f3-5f93015c430d].

--------------------------------------------------------------------------------
2020-02-28 20:23:35.375 [Debug] Took 0ms to send game data to client!

--------------------------------------------------------------------------------
2020-02-28 20:26:21.112 [Debug] StatusChanged: [NetIncomingMessage #458 11 bytes] [Disconnected]

--------------------------------------------------------------------------------
2020-02-28 20:26:21.112 [Debug] Connectioned terminated to remote [1cca7626-182e-4f6d-b6f3-5f93015c430d/127.0.0.1:60020].

--------------------------------------------------------------------------------
2020-02-28 20:26:21.113 [Info] Disconnected [1cca7626-182e-4f6d-b6f3-5f93015c430d].

--------------------------------------------------------------------------------
2020-02-28 20:26:21.113 [Debug] Client disconnected (AEON->AEON)

--------------------------------------------------------------------------------
2020-02-28 20:31:48.807 [Info] Connection approved [fd21a484-8650-47a2-9723-c75ca7217f24].

--------------------------------------------------------------------------------
2020-02-28 20:31:48.822 [Debug] Connection established to remote [fd21a484-8650-47a2-9723-c75ca7217f24/127.0.0.1:65498].

--------------------------------------------------------------------------------
2020-02-28 20:31:48.822 [Info] Connected [fd21a484-8650-47a2-9723-c75ca7217f24].

--------------------------------------------------------------------------------
2020-02-28 20:31:52.049 [Debug] Took 0ms to send game data to client!

--------------------------------------------------------------------------------
2020-02-28 20:33:14.737 [Debug] StatusChanged: [NetIncomingMessage #278 11 bytes] [Disconnected]

--------------------------------------------------------------------------------
2020-02-28 20:33:14.737 [Debug] Connectioned terminated to remote [fd21a484-8650-47a2-9723-c75ca7217f24/127.0.0.1:65498].

--------------------------------------------------------------------------------
2020-02-28 20:33:14.737 [Info] Disconnected [fd21a484-8650-47a2-9723-c75ca7217f24].

--------------------------------------------------------------------------------
2020-02-28 20:33:14.737 [Debug] Client disconnected (AEON->AEON)

--------------------------------------------------------------------------------
2020-02-28 20:33:20.634 [Info] Connection approved [a6acb90e-6723-4f28-a2bb-32ac98cf350a].

--------------------------------------------------------------------------------
2020-02-28 20:33:20.646 [Debug] Connection established to remote [a6acb90e-6723-4f28-a2bb-32ac98cf350a/127.0.0.1:62815].

--------------------------------------------------------------------------------
2020-02-28 20:33:20.646 [Info] Connected [a6acb90e-6723-4f28-a2bb-32ac98cf350a].

--------------------------------------------------------------------------------
2020-02-28 20:33:23.705 [Debug] Took 1ms to send game data to client!

--------------------------------------------------------------------------------
2020-02-28 20:37:14.611 [Debug] StatusChanged: [NetIncomingMessage #815 11 bytes] [Disconnected]

--------------------------------------------------------------------------------
2020-02-28 20:37:14.611 [Debug] Connectioned terminated to remote [a6acb90e-6723-4f28-a2bb-32ac98cf350a/127.0.0.1:62815].

--------------------------------------------------------------------------------
2020-02-28 20:37:14.611 [Info] Disconnected [a6acb90e-6723-4f28-a2bb-32ac98cf350a].

--------------------------------------------------------------------------------
2020-02-28 20:37:14.611 [Debug] Client disconnected (AEON->AEON)

--------------------------------------------------------------------------------
2020-02-28 20:37:51.862 [Debug] StatusChanged: [NetIncomingMessage #298 10 bytes] [Disconnected]

--------------------------------------------------------------------------------
2020-02-28 20:37:51.862 [Debug] Connectioned terminated to remote [caefde3d-e96a-42d5-9c8f-7c5962affc64/127.0.0.1:63897].

--------------------------------------------------------------------------------
2020-02-28 20:37:51.862 [Info] Disconnected [caefde3d-e96a-42d5-9c8f-7c5962affc64].

--------------------------------------------------------------------------------
2020-02-28 20:37:51.862 [Debug] Client disconnected (AEON->[editor])

--------------------------------------------------------------------------------
2020-02-28 20:37:54.800 [Info] Acquiring context lock... (0ms)

--------------------------------------------------------------------------------
2020-02-28 20:37:54.800 [Info] Acquired. (0ms)

--------------------------------------------------------------------------------
2020-02-28 20:37:54.800 [Info] Beginning context dispose. (0ms)

--------------------------------------------------------------------------------
2020-02-28 20:37:54.801 [Info] Disposing network... (0ms)

--------------------------------------------------------------------------------
2020-02-28 20:37:54.802 [Info] Saving player database... (1ms)

--------------------------------------------------------------------------------
2020-02-28 20:37:54.841 [Info] Saving game database... (41ms)

--------------------------------------------------------------------------------
2020-02-28 20:37:54.848 [Info] Shutting down the API... (47ms)

--------------------------------------------------------------------------------
2020-02-28 20:37:54.848 [Info] Base dispose. (47ms)

--------------------------------------------------------------------------------
2020-02-28 20:37:54.848 [Info] Finished disposing server context. (47ms)

--------------------------------------------------------------------------------
2020-02-28 20:37:54.848 [Info] GC.SuppressFinalize (48ms)

--------------------------------------------------------------------------------
2020-02-28 20:37:54.848 [Info] InternalDispose() completed. (48ms)

--------------------------------------------------------------------------------
2020-02-28 20:37:54.848 [Info] Clearing instance... (48ms)

--------------------------------------------------------------------------------
2020-02-28 20:37:54.848 [Info] Releasing context lock... (48ms)

--------------------------------------------------------------------------------
2020-02-28 20:37:54.848 [Info] Released. (48ms)

--------------------------------------------------------------------------------
