2020-03-19 15:19:18.031 [Debug] Loaded new formula from BaseExp * Power(Gain, Level).

--------------------------------------------------------------------------------
2020-03-19 15:19:18.044 [Debug] Loaded new formula from BaseExp * Power(Gain, Level).

--------------------------------------------------------------------------------
Listening on 0.0.0.0:5400.

--------------------------------------------------------------------------------
2020-03-19 15:19:21.813 [Info] Connection approved [c093c020-b27f-406b-b4ed-49c76a13eebf].

--------------------------------------------------------------------------------
2020-03-19 15:19:21.836 [Debug] Connection established to remote [c093c020-b27f-406b-b4ed-49c76a13eebf/127.0.0.1:56451].

--------------------------------------------------------------------------------
2020-03-19 15:19:21.836 [Info] Connected [c093c020-b27f-406b-b4ed-49c76a13eebf].

--------------------------------------------------------------------------------
2020-03-19 15:19:26.617 [Debug] Took 550ms to load player from db!

--------------------------------------------------------------------------------
UPnP Service Initialization Failed. You might not have a router, or UPnP on your router might be disabled.
  Message: Exception of type 'Open.Nat.NatDeviceNotFoundException' was thrown.
    Stack:    at Open.Nat.NatDiscoverer.<DiscoverDeviceAsync>d__5.MoveNext()
--- End of stack trace from previous location where exception was thrown ---
   at System.Runtime.ExceptionServices.ExceptionDispatchInfo.Throw()
   at System.Runtime.CompilerServices.TaskAwaiter.HandleNonSuccessAndDebuggerNotification(Task task)
   at System.Runtime.CompilerServices.TaskAwaiter`1.GetResult()
   at Intersect.Server.Networking.Helpers.UpnP.<ConnectNatDevice>d__4.MoveNext() in C:\TeamCity\buildAgent\work\6c64f60308be6068\Intersect.Server\Classes\Networking\Helpers\UPnP.cs:line 24


--------------------------------------------------------------------------------
2020-03-19 15:44:46.210 [Info] Connection approved [e6751516-5432-48a5-933e-61e3971a85e5].

--------------------------------------------------------------------------------
2020-03-19 15:44:46.226 [Debug] Connection established to remote [e6751516-5432-48a5-933e-61e3971a85e5/127.0.0.1:59193].

--------------------------------------------------------------------------------
2020-03-19 15:44:46.226 [Info] Connected [e6751516-5432-48a5-933e-61e3971a85e5].

--------------------------------------------------------------------------------
2020-03-19 15:44:50.423 [Debug] Took 3ms to send game data to client!

--------------------------------------------------------------------------------
2020-03-19 15:47:48.678 [Debug] StatusChanged: [NetIncomingMessage #568 11 bytes] [Disconnected]

--------------------------------------------------------------------------------
2020-03-19 15:47:48.679 [Debug] Connectioned terminated to remote [e6751516-5432-48a5-933e-61e3971a85e5/127.0.0.1:59193].

--------------------------------------------------------------------------------
2020-03-19 15:47:48.679 [Info] Disconnected [e6751516-5432-48a5-933e-61e3971a85e5].

--------------------------------------------------------------------------------
2020-03-19 15:47:48.681 [Debug] Client disconnected (AEON->AEON)

--------------------------------------------------------------------------------
2020-03-19 15:47:56.297 [Debug] StatusChanged: [NetIncomingMessage #569 10 bytes] [Disconnected]

--------------------------------------------------------------------------------
2020-03-19 15:47:56.297 [Debug] Connectioned terminated to remote [c093c020-b27f-406b-b4ed-49c76a13eebf/127.0.0.1:56451].

--------------------------------------------------------------------------------
2020-03-19 15:47:56.298 [Info] Disconnected [c093c020-b27f-406b-b4ed-49c76a13eebf].

--------------------------------------------------------------------------------
2020-03-19 15:47:56.298 [Debug] Client disconnected (AEON->[editor])

--------------------------------------------------------------------------------
2020-03-19 15:47:58.846 [Info] Acquiring context lock... (0ms)

--------------------------------------------------------------------------------
2020-03-19 15:47:58.846 [Info] Acquired. (0ms)

--------------------------------------------------------------------------------
2020-03-19 15:47:58.846 [Info] Beginning context dispose. (0ms)

--------------------------------------------------------------------------------
2020-03-19 15:47:58.848 [Info] Disposing network... (1ms)

--------------------------------------------------------------------------------
2020-03-19 15:47:58.850 [Info] Saving player database... (3ms)

--------------------------------------------------------------------------------
2020-03-19 15:47:58.853 [Info] Saving game database... (5ms)

--------------------------------------------------------------------------------
2020-03-19 15:47:58.866 [Info] Shutting down the API... (19ms)

--------------------------------------------------------------------------------
2020-03-19 15:47:58.867 [Info] Base dispose. (19ms)

--------------------------------------------------------------------------------
2020-03-19 15:47:58.867 [Info] Finished disposing server context. (19ms)

--------------------------------------------------------------------------------
2020-03-19 15:47:58.867 [Info] GC.SuppressFinalize (20ms)

--------------------------------------------------------------------------------
2020-03-19 15:47:58.867 [Info] InternalDispose() completed. (20ms)

--------------------------------------------------------------------------------
2020-03-19 15:47:58.867 [Info] Clearing instance... (21ms)

--------------------------------------------------------------------------------
2020-03-19 15:47:58.867 [Info] Releasing context lock... (21ms)

--------------------------------------------------------------------------------
2020-03-19 15:47:58.867 [Info] Released. (21ms)

--------------------------------------------------------------------------------
