2020-02-13 10:19:13.366 [Debug] Loaded new formula from BaseExp * Power(Gain, Level).

--------------------------------------------------------------------------------
2020-02-13 10:19:13.371 [Debug] Loaded new formula from BaseExp * Power(Gain, Level).

--------------------------------------------------------------------------------
Listening on 0.0.0.0:5400.

--------------------------------------------------------------------------------
UPnP Service Initialization Failed. You might not have a router, or UPnP on your router might be disabled.
  Message: Exception of type 'Open.Nat.NatDeviceNotFoundException' was thrown.
    Stack:    at Open.Nat.NatDiscoverer.<DiscoverDeviceAsync>d__5.MoveNext()
--- End of stack trace from previous location where exception was thrown ---
   at System.Runtime.ExceptionServices.ExceptionDispatchInfo.Throw()
   at System.Runtime.CompilerServices.TaskAwaiter.HandleNonSuccessAndDebuggerNotification(Task task)
   at System.Runtime.CompilerServices.TaskAwaiter`1.GetResult()
   at Intersect.Server.Networking.Helpers.UpnP.<ConnectNatDevice>d__4.MoveNext() in C:\TeamCity\buildAgent\work\6c64f60308be6068\Intersect.Server\Classes\Networking\Helpers\UPnP.cs:line 24


--------------------------------------------------------------------------------
2020-02-13 10:19:26.921 [Info] Connection approved [cf9bb329-cf3d-4015-aa0a-51c9885207d0].

--------------------------------------------------------------------------------
2020-02-13 10:19:26.945 [Debug] Connection established to remote [cf9bb329-cf3d-4015-aa0a-51c9885207d0/127.0.0.1:50188].

--------------------------------------------------------------------------------
2020-02-13 10:19:26.946 [Info] Connected [cf9bb329-cf3d-4015-aa0a-51c9885207d0].

--------------------------------------------------------------------------------
2020-02-13 10:19:31.766 [Debug] Took 30ms to send game data to client!

--------------------------------------------------------------------------------
2020-02-13 10:20:43.903 [Debug] StatusChanged: [NetIncomingMessage #166 11 bytes] [Disconnected]

--------------------------------------------------------------------------------
2020-02-13 10:20:43.903 [Debug] Connectioned terminated to remote [cf9bb329-cf3d-4015-aa0a-51c9885207d0/127.0.0.1:50188].

--------------------------------------------------------------------------------
2020-02-13 10:20:43.903 [Info] Disconnected [cf9bb329-cf3d-4015-aa0a-51c9885207d0].

--------------------------------------------------------------------------------
2020-02-13 10:20:43.904 [Debug] Client disconnected (AEON->AEON)

--------------------------------------------------------------------------------
2020-02-13 10:20:46.827 [Info] Connection approved [3b14ae5b-feb3-4ab9-b4b8-4b47481141e6].

--------------------------------------------------------------------------------
2020-02-13 10:20:46.842 [Debug] Connection established to remote [3b14ae5b-feb3-4ab9-b4b8-4b47481141e6/127.0.0.1:62737].

--------------------------------------------------------------------------------
2020-02-13 10:20:46.842 [Info] Connected [3b14ae5b-feb3-4ab9-b4b8-4b47481141e6].

--------------------------------------------------------------------------------
2020-02-13 10:20:52.134 [Debug] Took 5ms to load player from db!

--------------------------------------------------------------------------------
2020-02-13 10:42:54.939 [Debug] StatusChanged: [NetIncomingMessage #36 10 bytes] [Disconnected]

--------------------------------------------------------------------------------
2020-02-13 10:42:54.940 [Debug] Connectioned terminated to remote [3b14ae5b-feb3-4ab9-b4b8-4b47481141e6/127.0.0.1:62737].

--------------------------------------------------------------------------------
2020-02-13 10:42:54.941 [Info] Disconnected [3b14ae5b-feb3-4ab9-b4b8-4b47481141e6].

--------------------------------------------------------------------------------
2020-02-13 10:42:54.941 [Debug] Client disconnected (AEON->[editor])

--------------------------------------------------------------------------------
2020-02-13 10:42:58.072 [Info] Acquiring context lock... (0ms)

--------------------------------------------------------------------------------
2020-02-13 10:42:58.072 [Info] Acquired. (0ms)

--------------------------------------------------------------------------------
2020-02-13 10:42:58.072 [Info] Beginning context dispose. (0ms)

--------------------------------------------------------------------------------
2020-02-13 10:42:58.074 [Info] Disposing network... (1ms)

--------------------------------------------------------------------------------
2020-02-13 10:42:58.076 [Info] Saving player database... (3ms)

--------------------------------------------------------------------------------
2020-02-13 10:42:58.081 [Info] Saving game database... (8ms)

--------------------------------------------------------------------------------
2020-02-13 10:42:58.082 [Info] Shutting down the API... (9ms)

--------------------------------------------------------------------------------
2020-02-13 10:42:58.083 [Info] Base dispose. (10ms)

--------------------------------------------------------------------------------
2020-02-13 10:42:58.083 [Info] Finished disposing server context. (10ms)

--------------------------------------------------------------------------------
2020-02-13 10:42:58.083 [Info] GC.SuppressFinalize (10ms)

--------------------------------------------------------------------------------
2020-02-13 10:42:58.083 [Info] InternalDispose() completed. (11ms)

--------------------------------------------------------------------------------
2020-02-13 10:42:58.083 [Info] Clearing instance... (11ms)

--------------------------------------------------------------------------------
2020-02-13 10:42:58.083 [Info] Releasing context lock... (11ms)

--------------------------------------------------------------------------------
2020-02-13 10:42:58.083 [Info] Released. (11ms)

--------------------------------------------------------------------------------
