2020-02-19 00:43:56.257 [Debug] Loaded new formula from BaseExp * Power(Gain, Level).

--------------------------------------------------------------------------------
2020-02-19 00:43:56.260 [Debug] Loaded new formula from BaseExp * Power(Gain, Level).

--------------------------------------------------------------------------------
Listening on 0.0.0.0:5400.

--------------------------------------------------------------------------------
UPnP Service Initialization Succeeded

--------------------------------------------------------------------------------
Successfully auto port forwarded udp port 5400 using UPnP.

--------------------------------------------------------------------------------
2020-02-19 00:44:01.010 [Info] Connection approved [0e18f6a8-0eea-4994-b73f-a59430af9253].

--------------------------------------------------------------------------------
2020-02-19 00:44:01.028 [Debug] Connection established to remote [0e18f6a8-0eea-4994-b73f-a59430af9253/127.0.0.1:60811].

--------------------------------------------------------------------------------
2020-02-19 00:44:01.028 [Info] Connected [0e18f6a8-0eea-4994-b73f-a59430af9253].

--------------------------------------------------------------------------------
2020-02-19 00:44:09.207 [Debug] Took 336ms to load player from db!

--------------------------------------------------------------------------------
2020-02-19 01:24:09.008 [Debug] StatusChanged: [NetIncomingMessage #158 10 bytes] [Disconnected]

--------------------------------------------------------------------------------
2020-02-19 01:24:09.009 [Debug] Connectioned terminated to remote [0e18f6a8-0eea-4994-b73f-a59430af9253/127.0.0.1:60811].

--------------------------------------------------------------------------------
2020-02-19 01:24:09.009 [Info] Disconnected [0e18f6a8-0eea-4994-b73f-a59430af9253].

--------------------------------------------------------------------------------
2020-02-19 01:24:09.010 [Debug] Client disconnected (AEON->[editor])

--------------------------------------------------------------------------------
2020-02-19 01:24:18.498 [Info] Connection approved [a3e756ca-92d8-48fb-8433-33f8f81f8812].

--------------------------------------------------------------------------------
2020-02-19 01:24:18.513 [Debug] Connection established to remote [a3e756ca-92d8-48fb-8433-33f8f81f8812/127.0.0.1:61197].

--------------------------------------------------------------------------------
2020-02-19 01:24:18.513 [Info] Connected [a3e756ca-92d8-48fb-8433-33f8f81f8812].

--------------------------------------------------------------------------------
2020-02-19 01:24:37.379 [Debug] Took 0ms to send game data to client!

--------------------------------------------------------------------------------
2020-02-19 01:28:14.507 [Debug] StatusChanged: [NetIncomingMessage #578 11 bytes] [Disconnected]

--------------------------------------------------------------------------------
2020-02-19 01:28:14.507 [Debug] Connectioned terminated to remote [a3e756ca-92d8-48fb-8433-33f8f81f8812/127.0.0.1:61197].

--------------------------------------------------------------------------------
2020-02-19 01:28:14.507 [Info] Disconnected [a3e756ca-92d8-48fb-8433-33f8f81f8812].

--------------------------------------------------------------------------------
2020-02-19 01:28:14.507 [Debug] Client disconnected (test->Test)

--------------------------------------------------------------------------------
2020-02-19 01:28:18.073 [Info] Connection approved [e44b9b90-4975-4b02-9ab1-72ab28cfbeb8].

--------------------------------------------------------------------------------
2020-02-19 01:28:18.089 [Debug] Connection established to remote [e44b9b90-4975-4b02-9ab1-72ab28cfbeb8/127.0.0.1:52467].

--------------------------------------------------------------------------------
2020-02-19 01:28:18.089 [Info] Connected [e44b9b90-4975-4b02-9ab1-72ab28cfbeb8].

--------------------------------------------------------------------------------
2020-02-19 01:28:21.130 [Debug] Took 7ms to load player from db!

--------------------------------------------------------------------------------
2020-02-19 01:30:44.756 [Debug] StatusChanged: [NetIncomingMessage #57 10 bytes] [Disconnected]

--------------------------------------------------------------------------------
2020-02-19 01:30:44.756 [Debug] Connectioned terminated to remote [e44b9b90-4975-4b02-9ab1-72ab28cfbeb8/127.0.0.1:52467].

--------------------------------------------------------------------------------
2020-02-19 01:30:44.756 [Info] Disconnected [e44b9b90-4975-4b02-9ab1-72ab28cfbeb8].

--------------------------------------------------------------------------------
2020-02-19 01:30:44.756 [Debug] Client disconnected (AEON->[editor])

--------------------------------------------------------------------------------
2020-02-19 01:30:49.287 [Info] Acquiring context lock... (0ms)

--------------------------------------------------------------------------------
2020-02-19 01:30:49.287 [Info] Acquired. (0ms)

--------------------------------------------------------------------------------
2020-02-19 01:30:49.287 [Info] Beginning context dispose. (0ms)

--------------------------------------------------------------------------------
2020-02-19 01:30:49.288 [Info] Disposing network... (0ms)

--------------------------------------------------------------------------------
2020-02-19 01:30:49.289 [Info] Saving player database... (1ms)

--------------------------------------------------------------------------------
2020-02-19 01:30:49.292 [Info] Saving game database... (4ms)

--------------------------------------------------------------------------------
2020-02-19 01:30:49.296 [Info] Shutting down the API... (7ms)

--------------------------------------------------------------------------------
2020-02-19 01:30:49.296 [Info] Shutting down the console thread... (8ms)

--------------------------------------------------------------------------------
2020-02-19 01:30:50.299 [Info] Base dispose. (1012ms)

--------------------------------------------------------------------------------
2020-02-19 01:30:50.300 [Info] Finished disposing server context. (1012ms)

--------------------------------------------------------------------------------
2020-02-19 01:30:50.300 [Info] GC.SuppressFinalize (1013ms)

--------------------------------------------------------------------------------
2020-02-19 01:30:50.300 [Info] InternalDispose() completed. (1013ms)

--------------------------------------------------------------------------------
2020-02-19 01:30:50.300 [Info] Clearing instance... (1013ms)

--------------------------------------------------------------------------------
2020-02-19 01:30:50.300 [Info] Releasing context lock... (1013ms)

--------------------------------------------------------------------------------
2020-02-19 01:30:50.300 [Info] Released. (1013ms)

--------------------------------------------------------------------------------
