2020-02-13 14:14:26.803 [Debug] Loaded new formula from BaseExp * Power(Gain, Level).

--------------------------------------------------------------------------------
2020-02-13 14:14:26.814 [Debug] Loaded new formula from BaseExp * Power(Gain, Level).

--------------------------------------------------------------------------------
Listening on 0.0.0.0:5400.

--------------------------------------------------------------------------------
2020-02-13 14:14:32.465 [Info] Connection approved [1bf862ac-36fb-4bd9-89a4-09b10b58529b].

--------------------------------------------------------------------------------
2020-02-13 14:14:32.497 [Debug] Connection established to remote [1bf862ac-36fb-4bd9-89a4-09b10b58529b/127.0.0.1:55223].

--------------------------------------------------------------------------------
2020-02-13 14:14:32.498 [Info] Connected [1bf862ac-36fb-4bd9-89a4-09b10b58529b].

--------------------------------------------------------------------------------
UPnP Service Initialization Failed. You might not have a router, or UPnP on your router might be disabled.
  Message: Exception of type 'Open.Nat.NatDeviceNotFoundException' was thrown.
    Stack:    at Open.Nat.NatDiscoverer.<DiscoverDeviceAsync>d__5.MoveNext()
--- End of stack trace from previous location where exception was thrown ---
   at System.Runtime.ExceptionServices.ExceptionDispatchInfo.Throw()
   at System.Runtime.CompilerServices.TaskAwaiter.HandleNonSuccessAndDebuggerNotification(Task task)
   at System.Runtime.CompilerServices.TaskAwaiter`1.GetResult()
   at Intersect.Server.Networking.Helpers.UpnP.<ConnectNatDevice>d__4.MoveNext() in C:\TeamCity\buildAgent\work\6c64f60308be6068\Intersect.Server\Classes\Networking\Helpers\UPnP.cs:line 24


--------------------------------------------------------------------------------
2020-02-13 14:14:39.351 [Debug] Took 24ms to send game data to client!

--------------------------------------------------------------------------------
2020-02-13 14:15:30.168 [Debug] StatusChanged: [NetIncomingMessage #63 11 bytes] [Disconnected]

--------------------------------------------------------------------------------
2020-02-13 14:15:30.169 [Debug] Connectioned terminated to remote [1bf862ac-36fb-4bd9-89a4-09b10b58529b/127.0.0.1:55223].

--------------------------------------------------------------------------------
2020-02-13 14:15:30.169 [Info] Disconnected [1bf862ac-36fb-4bd9-89a4-09b10b58529b].

--------------------------------------------------------------------------------
2020-02-13 14:15:30.170 [Debug] Client disconnected (AEON->AEON)

--------------------------------------------------------------------------------
2020-02-13 14:15:34.834 [Info] Connection approved [151a5d5f-e415-4e15-9710-8e36eb5ca6cd].

--------------------------------------------------------------------------------
2020-02-13 14:15:34.843 [Debug] Connection established to remote [151a5d5f-e415-4e15-9710-8e36eb5ca6cd/127.0.0.1:63217].

--------------------------------------------------------------------------------
2020-02-13 14:15:34.843 [Info] Connected [151a5d5f-e415-4e15-9710-8e36eb5ca6cd].

--------------------------------------------------------------------------------
2020-02-13 14:15:35.164 [Debug] Took 7ms to load player from db!

--------------------------------------------------------------------------------
2020-02-13 14:16:03.540 [Debug] StatusChanged: [NetIncomingMessage #12 10 bytes] [Disconnected]

--------------------------------------------------------------------------------
2020-02-13 14:16:03.540 [Debug] Connectioned terminated to remote [151a5d5f-e415-4e15-9710-8e36eb5ca6cd/127.0.0.1:63217].

--------------------------------------------------------------------------------
2020-02-13 14:16:03.540 [Info] Disconnected [151a5d5f-e415-4e15-9710-8e36eb5ca6cd].

--------------------------------------------------------------------------------
2020-02-13 14:16:03.540 [Debug] Client disconnected (AEON->[editor])

--------------------------------------------------------------------------------
2020-02-13 14:16:06.101 [Info] Acquiring context lock... (0ms)

--------------------------------------------------------------------------------
2020-02-13 14:16:06.101 [Info] Acquired. (0ms)

--------------------------------------------------------------------------------
2020-02-13 14:16:06.101 [Info] Beginning context dispose. (0ms)

--------------------------------------------------------------------------------
2020-02-13 14:16:06.104 [Info] Disposing network... (1ms)

--------------------------------------------------------------------------------
2020-02-13 14:16:06.107 [Info] Saving player database... (5ms)

--------------------------------------------------------------------------------
2020-02-13 14:16:06.110 [Info] Saving game database... (7ms)

--------------------------------------------------------------------------------
2020-02-13 14:16:06.111 [Info] Shutting down the API... (8ms)

--------------------------------------------------------------------------------
2020-02-13 14:16:06.111 [Info] Base dispose. (9ms)

--------------------------------------------------------------------------------
2020-02-13 14:16:06.111 [Info] Finished disposing server context. (9ms)

--------------------------------------------------------------------------------
2020-02-13 14:16:06.111 [Info] GC.SuppressFinalize (10ms)

--------------------------------------------------------------------------------
2020-02-13 14:16:06.111 [Info] InternalDispose() completed. (10ms)

--------------------------------------------------------------------------------
2020-02-13 14:16:06.111 [Info] Clearing instance... (10ms)

--------------------------------------------------------------------------------
2020-02-13 14:16:06.112 [Info] Releasing context lock... (10ms)

--------------------------------------------------------------------------------
2020-02-13 14:16:06.112 [Info] Released. (10ms)

--------------------------------------------------------------------------------
