2020-02-21 21:15:19.639 [Debug] Loaded new formula from BaseExp * Power(Gain, Level).

--------------------------------------------------------------------------------
2020-02-21 21:15:19.642 [Debug] Loaded new formula from BaseExp * Power(Gain, Level).

--------------------------------------------------------------------------------
Listening on 0.0.0.0:5400.

--------------------------------------------------------------------------------
UPnP Service Initialization Succeeded

--------------------------------------------------------------------------------
Successfully auto port forwarded udp port 5400 using UPnP.

--------------------------------------------------------------------------------
2020-02-21 21:15:27.129 [Info] Connection approved [84cd7ab0-3520-4ff4-b19b-260c8a965ac0].

--------------------------------------------------------------------------------
2020-02-21 21:15:27.144 [Debug] Connection established to remote [84cd7ab0-3520-4ff4-b19b-260c8a965ac0/127.0.0.1:56629].

--------------------------------------------------------------------------------
2020-02-21 21:15:27.144 [Info] Connected [84cd7ab0-3520-4ff4-b19b-260c8a965ac0].

--------------------------------------------------------------------------------
2020-02-21 21:15:32.360 [Debug] Took 11ms to send game data to client!

--------------------------------------------------------------------------------
2020-02-21 21:15:51.201 [Debug] StatusChanged: [NetIncomingMessage #10 11 bytes] [Disconnected]

--------------------------------------------------------------------------------
2020-02-21 21:15:51.202 [Debug] Connectioned terminated to remote [84cd7ab0-3520-4ff4-b19b-260c8a965ac0/127.0.0.1:56629].

--------------------------------------------------------------------------------
2020-02-21 21:15:51.202 [Info] Disconnected [84cd7ab0-3520-4ff4-b19b-260c8a965ac0].

--------------------------------------------------------------------------------
2020-02-21 21:15:51.202 [Debug] Client disconnected (AEON->AEON)

--------------------------------------------------------------------------------
2020-02-21 21:15:54.115 [Info] Connection approved [a2df5be8-8ce6-4280-8b97-98ef4873fe4b].

--------------------------------------------------------------------------------
2020-02-21 21:15:54.126 [Debug] Connection established to remote [a2df5be8-8ce6-4280-8b97-98ef4873fe4b/127.0.0.1:64205].

--------------------------------------------------------------------------------
2020-02-21 21:15:54.126 [Info] Connected [a2df5be8-8ce6-4280-8b97-98ef4873fe4b].

--------------------------------------------------------------------------------
2020-02-21 21:15:54.469 [Debug] Took 8ms to load player from db!

--------------------------------------------------------------------------------
2020-02-21 21:17:36.395 [Info] Connection approved [0675ad8e-b5bf-471b-bfa3-c14b60549206].

--------------------------------------------------------------------------------
2020-02-21 21:17:36.409 [Debug] Connection established to remote [0675ad8e-b5bf-471b-bfa3-c14b60549206/127.0.0.1:54658].

--------------------------------------------------------------------------------
2020-02-21 21:17:36.409 [Info] Connected [0675ad8e-b5bf-471b-bfa3-c14b60549206].

--------------------------------------------------------------------------------
2020-02-21 21:17:38.770 [Debug] Took 0ms to send game data to client!

--------------------------------------------------------------------------------
2020-02-21 21:18:47.952 [Debug] StatusChanged: [NetIncomingMessage #56 11 bytes] [Disconnected]

--------------------------------------------------------------------------------
2020-02-21 21:18:47.952 [Debug] Connectioned terminated to remote [0675ad8e-b5bf-471b-bfa3-c14b60549206/127.0.0.1:54658].

--------------------------------------------------------------------------------
2020-02-21 21:18:47.952 [Info] Disconnected [0675ad8e-b5bf-471b-bfa3-c14b60549206].

--------------------------------------------------------------------------------
2020-02-21 21:18:47.952 [Debug] Client disconnected (AEON->AEON)

--------------------------------------------------------------------------------
2020-02-21 21:18:52.816 [Info] Acquiring context lock... (0ms)

--------------------------------------------------------------------------------
2020-02-21 21:18:52.816 [Info] Acquired. (0ms)

--------------------------------------------------------------------------------
2020-02-21 21:18:52.816 [Info] Beginning context dispose. (0ms)

--------------------------------------------------------------------------------
2020-02-21 21:18:52.817 [Info] Disposing network... (0ms)

--------------------------------------------------------------------------------
2020-02-21 21:18:52.818 [Debug] StatusChanged: [NetIncomingMessage #57 11 bytes] [Disconnecting]

--------------------------------------------------------------------------------
2020-02-21 21:18:52.819 [Info] Saving player database... (2ms)

--------------------------------------------------------------------------------
2020-02-21 21:18:52.820 [Info] Saving game database... (3ms)

--------------------------------------------------------------------------------
2020-02-21 21:18:52.821 [Debug] StatusChanged: [NetIncomingMessage #58 11 bytes] [Disconnected]

--------------------------------------------------------------------------------
2020-02-21 21:18:52.825 [Info] Shutting down the API... (8ms)

--------------------------------------------------------------------------------
2020-02-21 21:18:52.826 [Info] Base dispose. (9ms)

--------------------------------------------------------------------------------
2020-02-21 21:18:52.826 [Info] Finished disposing server context. (9ms)

--------------------------------------------------------------------------------
2020-02-21 21:18:52.826 [Info] GC.SuppressFinalize (9ms)

--------------------------------------------------------------------------------
2020-02-21 21:18:52.826 [Info] InternalDispose() completed. (9ms)

--------------------------------------------------------------------------------
2020-02-21 21:18:52.826 [Info] Clearing instance... (10ms)

--------------------------------------------------------------------------------
2020-02-21 21:18:52.826 [Info] Releasing context lock... (10ms)

--------------------------------------------------------------------------------
2020-02-21 21:18:52.826 [Info] Released. (10ms)

--------------------------------------------------------------------------------
