2020-03-09 12:56:32.203 [Debug] Loaded new formula from BaseExp * Power(Gain, Level).

--------------------------------------------------------------------------------
2020-03-09 12:56:32.215 [Debug] Loaded new formula from BaseExp * Power(Gain, Level).

--------------------------------------------------------------------------------
Listening on 0.0.0.0:5400.

--------------------------------------------------------------------------------
2020-03-09 12:56:37.581 [Info] Connection approved [2bc76ef1-ae1d-4037-9f39-91116e18ee0f].

--------------------------------------------------------------------------------
2020-03-09 12:56:37.603 [Debug] Connection established to remote [2bc76ef1-ae1d-4037-9f39-91116e18ee0f/127.0.0.1:56426].

--------------------------------------------------------------------------------
2020-03-09 12:56:37.604 [Info] Connected [2bc76ef1-ae1d-4037-9f39-91116e18ee0f].

--------------------------------------------------------------------------------
UPnP Service Initialization Failed. You might not have a router, or UPnP on your router might be disabled.
  Message: Exception of type 'Open.Nat.NatDeviceNotFoundException' was thrown.
    Stack:    at Open.Nat.NatDiscoverer.<DiscoverDeviceAsync>d__5.MoveNext()
--- End of stack trace from previous location where exception was thrown ---
   at System.Runtime.ExceptionServices.ExceptionDispatchInfo.Throw()
   at System.Runtime.CompilerServices.TaskAwaiter.HandleNonSuccessAndDebuggerNotification(Task task)
   at System.Runtime.CompilerServices.TaskAwaiter`1.GetResult()
   at Intersect.Server.Networking.Helpers.UpnP.<ConnectNatDevice>d__4.MoveNext() in C:\TeamCity\buildAgent\work\6c64f60308be6068\Intersect.Server\Classes\Networking\Helpers\UPnP.cs:line 24


--------------------------------------------------------------------------------
2020-03-09 12:56:51.752 [Debug] Took 502ms to load player from db!

--------------------------------------------------------------------------------
2020-03-09 13:05:07.300 [Debug] StatusChanged: [NetIncomingMessage #29 10 bytes] [Disconnected]

--------------------------------------------------------------------------------
2020-03-09 13:05:07.301 [Debug] Connectioned terminated to remote [2bc76ef1-ae1d-4037-9f39-91116e18ee0f/127.0.0.1:56426].

--------------------------------------------------------------------------------
2020-03-09 13:05:07.301 [Info] Disconnected [2bc76ef1-ae1d-4037-9f39-91116e18ee0f].

--------------------------------------------------------------------------------
2020-03-09 13:05:07.302 [Debug] Client disconnected (AEON->[editor])

--------------------------------------------------------------------------------
2020-03-09 13:05:13.201 [Info] Connection approved [96ddd12d-061f-4757-b87d-da19e5e596fa].

--------------------------------------------------------------------------------
2020-03-09 13:05:13.210 [Debug] Connection established to remote [96ddd12d-061f-4757-b87d-da19e5e596fa/127.0.0.1:63552].

--------------------------------------------------------------------------------
2020-03-09 13:05:13.210 [Info] Connected [96ddd12d-061f-4757-b87d-da19e5e596fa].

--------------------------------------------------------------------------------
2020-03-09 13:05:13.544 [Debug] Took 14ms to load player from db!

--------------------------------------------------------------------------------
2020-03-09 14:08:44.467 [Debug] StatusChanged: [NetIncomingMessage #132 10 bytes] [Disconnected]

--------------------------------------------------------------------------------
2020-03-09 14:08:44.467 [Debug] Connectioned terminated to remote [96ddd12d-061f-4757-b87d-da19e5e596fa/127.0.0.1:63552].

--------------------------------------------------------------------------------
2020-03-09 14:08:44.468 [Info] Disconnected [96ddd12d-061f-4757-b87d-da19e5e596fa].

--------------------------------------------------------------------------------
2020-03-09 14:08:44.468 [Debug] Client disconnected (AEON->[editor])

--------------------------------------------------------------------------------
2020-03-09 14:12:29.947 [Info] Connection approved [148a87de-9892-4e6f-9d0f-c7d40b987e4b].

--------------------------------------------------------------------------------
2020-03-09 14:12:29.966 [Debug] Connection established to remote [148a87de-9892-4e6f-9d0f-c7d40b987e4b/127.0.0.1:53787].

--------------------------------------------------------------------------------
2020-03-09 14:12:29.966 [Info] Connected [148a87de-9892-4e6f-9d0f-c7d40b987e4b].

--------------------------------------------------------------------------------
2020-03-09 14:12:31.061 [Debug] Took 12ms to load player from db!

--------------------------------------------------------------------------------
2020-03-09 14:14:27.712 [Debug] StatusChanged: [NetIncomingMessage #67 10 bytes] [Disconnected]

--------------------------------------------------------------------------------
2020-03-09 14:14:27.712 [Debug] Connectioned terminated to remote [148a87de-9892-4e6f-9d0f-c7d40b987e4b/127.0.0.1:53787].

--------------------------------------------------------------------------------
2020-03-09 14:14:27.712 [Info] Disconnected [148a87de-9892-4e6f-9d0f-c7d40b987e4b].

--------------------------------------------------------------------------------
2020-03-09 14:14:27.712 [Debug] Client disconnected (AEON->[editor])

--------------------------------------------------------------------------------
2020-03-09 14:14:31.603 [Info] Connection approved [76bd9214-fb4b-4c99-8e66-7fb5b06f4b27].

--------------------------------------------------------------------------------
2020-03-09 14:14:31.621 [Debug] Connection established to remote [76bd9214-fb4b-4c99-8e66-7fb5b06f4b27/127.0.0.1:55203].

--------------------------------------------------------------------------------
2020-03-09 14:14:31.621 [Info] Connected [76bd9214-fb4b-4c99-8e66-7fb5b06f4b27].

--------------------------------------------------------------------------------
2020-03-09 14:14:33.355 [Debug] Took 10ms to load player from db!

--------------------------------------------------------------------------------
2020-03-09 14:22:13.098 [Info] Connection approved [cb94643e-62fa-48c7-9b41-c15bbd6ba232].

--------------------------------------------------------------------------------
2020-03-09 14:22:13.108 [Debug] Connection established to remote [cb94643e-62fa-48c7-9b41-c15bbd6ba232/127.0.0.1:53563].

--------------------------------------------------------------------------------
2020-03-09 14:22:13.108 [Info] Connected [cb94643e-62fa-48c7-9b41-c15bbd6ba232].

--------------------------------------------------------------------------------
2020-03-09 14:22:20.793 [Debug] Took 6ms to send game data to client!

--------------------------------------------------------------------------------
2020-03-09 14:24:23.477 [Debug] StatusChanged: [NetIncomingMessage #317 11 bytes] [Disconnected]

--------------------------------------------------------------------------------
2020-03-09 14:24:23.477 [Debug] Connectioned terminated to remote [cb94643e-62fa-48c7-9b41-c15bbd6ba232/127.0.0.1:53563].

--------------------------------------------------------------------------------
2020-03-09 14:24:23.477 [Info] Disconnected [cb94643e-62fa-48c7-9b41-c15bbd6ba232].

--------------------------------------------------------------------------------
2020-03-09 14:24:23.477 [Debug] Client disconnected (AEON->AEON)

--------------------------------------------------------------------------------
2020-03-09 14:30:30.480 [Debug] StatusChanged: [NetIncomingMessage #273 10 bytes] [Disconnected]

--------------------------------------------------------------------------------
2020-03-09 14:30:30.481 [Debug] Connectioned terminated to remote [76bd9214-fb4b-4c99-8e66-7fb5b06f4b27/127.0.0.1:55203].

--------------------------------------------------------------------------------
2020-03-09 14:30:30.481 [Info] Disconnected [76bd9214-fb4b-4c99-8e66-7fb5b06f4b27].

--------------------------------------------------------------------------------
2020-03-09 14:30:30.481 [Debug] Client disconnected (AEON->[editor])

--------------------------------------------------------------------------------
2020-03-09 14:30:34.442 [Info] Acquiring context lock... (0ms)

--------------------------------------------------------------------------------
2020-03-09 14:30:34.442 [Info] Acquired. (0ms)

--------------------------------------------------------------------------------
2020-03-09 14:30:34.443 [Info] Beginning context dispose. (0ms)

--------------------------------------------------------------------------------
2020-03-09 14:30:34.445 [Info] Disposing network... (1ms)

--------------------------------------------------------------------------------
2020-03-09 14:30:34.447 [Info] Saving player database... (3ms)

--------------------------------------------------------------------------------
2020-03-09 14:30:34.451 [Info] Saving game database... (8ms)

--------------------------------------------------------------------------------
2020-03-09 14:30:34.462 [Info] Shutting down the API... (18ms)

--------------------------------------------------------------------------------
2020-03-09 14:30:34.462 [Info] Base dispose. (19ms)

--------------------------------------------------------------------------------
2020-03-09 14:30:34.463 [Info] Finished disposing server context. (19ms)

--------------------------------------------------------------------------------
2020-03-09 14:30:34.463 [Info] GC.SuppressFinalize (20ms)

--------------------------------------------------------------------------------
2020-03-09 14:30:34.463 [Info] InternalDispose() completed. (20ms)

--------------------------------------------------------------------------------
2020-03-09 14:30:34.463 [Info] Clearing instance... (20ms)

--------------------------------------------------------------------------------
2020-03-09 14:30:34.463 [Info] Releasing context lock... (20ms)

--------------------------------------------------------------------------------
2020-03-09 14:30:34.463 [Info] Released. (20ms)

--------------------------------------------------------------------------------
