2020-03-05 14:05:07.532 [Debug] Loaded new formula from BaseExp * Power(Gain, Level).

--------------------------------------------------------------------------------
2020-03-05 14:05:07.543 [Debug] Loaded new formula from BaseExp * Power(Gain, Level).

--------------------------------------------------------------------------------
Listening on 0.0.0.0:5400.

--------------------------------------------------------------------------------
2020-03-05 14:05:13.131 [Info] Connection approved [517feea3-2af7-44c5-9835-1dabdf175f33].

--------------------------------------------------------------------------------
2020-03-05 14:05:13.140 [Debug] Connection established to remote [517feea3-2af7-44c5-9835-1dabdf175f33/127.0.0.1:60750].

--------------------------------------------------------------------------------
2020-03-05 14:05:13.141 [Info] Connected [517feea3-2af7-44c5-9835-1dabdf175f33].

--------------------------------------------------------------------------------
2020-03-05 14:05:14.519 [Debug] Took 530ms to load player from db!

--------------------------------------------------------------------------------
UPnP Service Initialization Failed. You might not have a router, or UPnP on your router might be disabled.
  Message: Exception of type 'Open.Nat.NatDeviceNotFoundException' was thrown.
    Stack:    at Open.Nat.NatDiscoverer.<DiscoverDeviceAsync>d__5.MoveNext()
--- End of stack trace from previous location where exception was thrown ---
   at System.Runtime.ExceptionServices.ExceptionDispatchInfo.Throw()
   at System.Runtime.CompilerServices.TaskAwaiter.HandleNonSuccessAndDebuggerNotification(Task task)
   at System.Runtime.CompilerServices.TaskAwaiter`1.GetResult()
   at Intersect.Server.Networking.Helpers.UpnP.<ConnectNatDevice>d__4.MoveNext() in C:\TeamCity\buildAgent\work\6c64f60308be6068\Intersect.Server\Classes\Networking\Helpers\UPnP.cs:line 24


--------------------------------------------------------------------------------
2020-03-05 14:53:39.039 [Info] Connection approved [8c583985-56ff-49e0-b7e8-6954c311c40d].

--------------------------------------------------------------------------------
2020-03-05 14:53:39.049 [Debug] Connection established to remote [8c583985-56ff-49e0-b7e8-6954c311c40d/127.0.0.1:60379].

--------------------------------------------------------------------------------
2020-03-05 14:53:39.049 [Info] Connected [8c583985-56ff-49e0-b7e8-6954c311c40d].

--------------------------------------------------------------------------------
2020-03-05 14:53:46.201 [Debug] Took 1ms to send game data to client!

--------------------------------------------------------------------------------
2020-03-05 14:53:55.266 [Debug] StatusChanged: [NetIncomingMessage #454 11 bytes] [Disconnected]

--------------------------------------------------------------------------------
2020-03-05 14:53:55.267 [Debug] Connectioned terminated to remote [8c583985-56ff-49e0-b7e8-6954c311c40d/127.0.0.1:60379].

--------------------------------------------------------------------------------
2020-03-05 14:53:55.268 [Info] Disconnected [8c583985-56ff-49e0-b7e8-6954c311c40d].

--------------------------------------------------------------------------------
2020-03-05 14:53:55.269 [Debug] Client disconnected (AEON->AEON)

--------------------------------------------------------------------------------
2020-03-05 14:57:12.154 [Info] Connection approved [6042170c-e261-45d8-890c-d1787170822b].

--------------------------------------------------------------------------------
2020-03-05 14:57:12.174 [Debug] Connection established to remote [6042170c-e261-45d8-890c-d1787170822b/127.0.0.1:64379].

--------------------------------------------------------------------------------
2020-03-05 14:57:12.174 [Info] Connected [6042170c-e261-45d8-890c-d1787170822b].

--------------------------------------------------------------------------------
2020-03-05 14:57:15.118 [Debug] Took 16ms to send game data to client!

--------------------------------------------------------------------------------
2020-03-05 14:57:21.682 [Debug] StatusChanged: [NetIncomingMessage #549 11 bytes] [Disconnected]

--------------------------------------------------------------------------------
2020-03-05 14:57:21.682 [Debug] Connectioned terminated to remote [6042170c-e261-45d8-890c-d1787170822b/127.0.0.1:64379].

--------------------------------------------------------------------------------
2020-03-05 14:57:21.682 [Info] Disconnected [6042170c-e261-45d8-890c-d1787170822b].

--------------------------------------------------------------------------------
2020-03-05 14:57:21.682 [Debug] Client disconnected (AEON->AEON)

--------------------------------------------------------------------------------
2020-03-05 14:57:37.478 [Info] Connection approved [503d473e-246f-4ad3-aefb-04411b10ad07].

--------------------------------------------------------------------------------
2020-03-05 14:57:37.488 [Debug] Connection established to remote [503d473e-246f-4ad3-aefb-04411b10ad07/127.0.0.1:64381].

--------------------------------------------------------------------------------
2020-03-05 14:57:37.488 [Info] Connected [503d473e-246f-4ad3-aefb-04411b10ad07].

--------------------------------------------------------------------------------
2020-03-05 14:57:39.815 [Debug] Took 14ms to send game data to client!

--------------------------------------------------------------------------------
2020-03-05 15:02:59.370 [Debug] StatusChanged: [NetIncomingMessage #941 11 bytes] [Disconnected]

--------------------------------------------------------------------------------
2020-03-05 15:02:59.370 [Debug] Connectioned terminated to remote [503d473e-246f-4ad3-aefb-04411b10ad07/127.0.0.1:64381].

--------------------------------------------------------------------------------
2020-03-05 15:02:59.370 [Info] Disconnected [503d473e-246f-4ad3-aefb-04411b10ad07].

--------------------------------------------------------------------------------
2020-03-05 15:02:59.370 [Debug] Client disconnected (AEON->AEON)

--------------------------------------------------------------------------------
2020-03-05 15:03:02.501 [Debug] StatusChanged: [NetIncomingMessage #942 10 bytes] [Disconnected]

--------------------------------------------------------------------------------
2020-03-05 15:03:02.501 [Debug] Connectioned terminated to remote [517feea3-2af7-44c5-9835-1dabdf175f33/127.0.0.1:60750].

--------------------------------------------------------------------------------
2020-03-05 15:03:02.501 [Info] Disconnected [517feea3-2af7-44c5-9835-1dabdf175f33].

--------------------------------------------------------------------------------
2020-03-05 15:03:02.501 [Debug] Client disconnected (AEON->[editor])

--------------------------------------------------------------------------------
