2020-02-18 09:29:52.058 [Debug] Loaded new formula from BaseExp * Power(Gain, Level).

--------------------------------------------------------------------------------
2020-02-18 09:29:52.069 [Debug] Loaded new formula from BaseExp * Power(Gain, Level).

--------------------------------------------------------------------------------
Listening on 0.0.0.0:5400.

--------------------------------------------------------------------------------
UPnP Service Initialization Failed. You might not have a router, or UPnP on your router might be disabled.
  Message: Exception of type 'Open.Nat.NatDeviceNotFoundException' was thrown.
    Stack:    at Open.Nat.NatDiscoverer.<DiscoverDeviceAsync>d__5.MoveNext()
--- End of stack trace from previous location where exception was thrown ---
   at System.Runtime.ExceptionServices.ExceptionDispatchInfo.Throw()
   at System.Runtime.CompilerServices.TaskAwaiter.HandleNonSuccessAndDebuggerNotification(Task task)
   at System.Runtime.CompilerServices.TaskAwaiter`1.GetResult()
   at Intersect.Server.Networking.Helpers.UpnP.<ConnectNatDevice>d__4.MoveNext() in C:\TeamCity\buildAgent\work\6c64f60308be6068\Intersect.Server\Classes\Networking\Helpers\UPnP.cs:line 24


--------------------------------------------------------------------------------
2020-02-18 09:30:00.751 [Info] Connection approved [52ebc098-f6af-4945-9e99-7c4fbb3a15d2].

--------------------------------------------------------------------------------
2020-02-18 09:30:00.777 [Debug] Connection established to remote [52ebc098-f6af-4945-9e99-7c4fbb3a15d2/127.0.0.1:49301].

--------------------------------------------------------------------------------
2020-02-18 09:30:00.778 [Info] Connected [52ebc098-f6af-4945-9e99-7c4fbb3a15d2].

--------------------------------------------------------------------------------
2020-02-18 09:31:32.280 [Debug] Took 40ms to send game data to client!

--------------------------------------------------------------------------------
2020-02-18 09:31:55.409 [Debug] StatusChanged: [NetIncomingMessage #35 11 bytes] [Disconnected]

--------------------------------------------------------------------------------
2020-02-18 09:31:55.410 [Debug] Connectioned terminated to remote [52ebc098-f6af-4945-9e99-7c4fbb3a15d2/127.0.0.1:49301].

--------------------------------------------------------------------------------
2020-02-18 09:31:55.410 [Info] Disconnected [52ebc098-f6af-4945-9e99-7c4fbb3a15d2].

--------------------------------------------------------------------------------
2020-02-18 09:31:55.411 [Debug] Client disconnected (AEON->AEON)

--------------------------------------------------------------------------------
2020-02-18 09:32:00.290 [Info] Connection approved [9bf92d89-c51d-489d-aa50-d7ecc9f28a4c].

--------------------------------------------------------------------------------
2020-02-18 09:32:00.303 [Debug] Connection established to remote [9bf92d89-c51d-489d-aa50-d7ecc9f28a4c/127.0.0.1:64541].

--------------------------------------------------------------------------------
2020-02-18 09:32:00.304 [Info] Connected [9bf92d89-c51d-489d-aa50-d7ecc9f28a4c].

--------------------------------------------------------------------------------
2020-02-18 09:32:00.673 [Debug] Took 11ms to load player from db!

--------------------------------------------------------------------------------
2020-02-18 09:34:30.382 [Info] Connection approved [434d9c46-5236-4abd-97db-3f97983b5632].

--------------------------------------------------------------------------------
2020-02-18 09:34:30.399 [Debug] Connection established to remote [434d9c46-5236-4abd-97db-3f97983b5632/127.0.0.1:64545].

--------------------------------------------------------------------------------
2020-02-18 09:34:30.399 [Info] Connected [434d9c46-5236-4abd-97db-3f97983b5632].

--------------------------------------------------------------------------------
2020-02-18 09:34:35.602 [Debug] Took 8ms to send game data to client!

--------------------------------------------------------------------------------
2020-02-18 09:34:59.532 [Debug] StatusChanged: [NetIncomingMessage #49 11 bytes] [Disconnected]

--------------------------------------------------------------------------------
2020-02-18 09:34:59.532 [Debug] Connectioned terminated to remote [434d9c46-5236-4abd-97db-3f97983b5632/127.0.0.1:64545].

--------------------------------------------------------------------------------
2020-02-18 09:34:59.532 [Info] Disconnected [434d9c46-5236-4abd-97db-3f97983b5632].

--------------------------------------------------------------------------------
2020-02-18 09:34:59.532 [Debug] Client disconnected (AEON->AEON)

--------------------------------------------------------------------------------
2020-02-18 10:19:23.790 [Debug] StatusChanged: [NetIncomingMessage #55 10 bytes] [Disconnected]

--------------------------------------------------------------------------------
2020-02-18 10:19:23.794 [Debug] Connectioned terminated to remote [9bf92d89-c51d-489d-aa50-d7ecc9f28a4c/127.0.0.1:64541].

--------------------------------------------------------------------------------
2020-02-18 10:19:23.795 [Info] Disconnected [9bf92d89-c51d-489d-aa50-d7ecc9f28a4c].

--------------------------------------------------------------------------------
2020-02-18 10:19:23.795 [Debug] Client disconnected (AEON->[editor])

--------------------------------------------------------------------------------
2020-02-18 10:20:12.215 [Info] Connection approved [6b90ce57-334f-400e-9087-4a1e0b20a4e7].

--------------------------------------------------------------------------------
2020-02-18 10:20:12.228 [Debug] Connection established to remote [6b90ce57-334f-400e-9087-4a1e0b20a4e7/127.0.0.1:62616].

--------------------------------------------------------------------------------
2020-02-18 10:20:12.228 [Info] Connected [6b90ce57-334f-400e-9087-4a1e0b20a4e7].

--------------------------------------------------------------------------------
2020-02-18 10:20:12.730 [Debug] Took 11ms to load player from db!

--------------------------------------------------------------------------------
2020-02-18 10:20:32.468 [Info] Connection approved [f2ba1826-32f9-481d-ad91-fec4d5d7f4ab].

--------------------------------------------------------------------------------
2020-02-18 10:20:32.482 [Debug] Connection established to remote [f2ba1826-32f9-481d-ad91-fec4d5d7f4ab/127.0.0.1:57159].

--------------------------------------------------------------------------------
2020-02-18 10:20:32.482 [Info] Connected [f2ba1826-32f9-481d-ad91-fec4d5d7f4ab].

--------------------------------------------------------------------------------
2020-02-18 10:20:35.923 [Debug] Took 1ms to send game data to client!

--------------------------------------------------------------------------------
2020-02-18 10:20:59.318 [Debug] StatusChanged: [NetIncomingMessage #15 11 bytes] [Disconnected]

--------------------------------------------------------------------------------
2020-02-18 10:20:59.318 [Debug] Connectioned terminated to remote [f2ba1826-32f9-481d-ad91-fec4d5d7f4ab/127.0.0.1:57159].

--------------------------------------------------------------------------------
2020-02-18 10:20:59.318 [Info] Disconnected [f2ba1826-32f9-481d-ad91-fec4d5d7f4ab].

--------------------------------------------------------------------------------
2020-02-18 10:20:59.318 [Debug] Client disconnected (AEON->AEON)

--------------------------------------------------------------------------------
2020-02-18 10:21:44.020 [Info] Connection approved [b6afa61d-7ca1-4096-b7d8-c130da33039c].

--------------------------------------------------------------------------------
2020-02-18 10:21:44.029 [Debug] Connection established to remote [b6afa61d-7ca1-4096-b7d8-c130da33039c/127.0.0.1:57168].

--------------------------------------------------------------------------------
2020-02-18 10:21:44.029 [Info] Connected [b6afa61d-7ca1-4096-b7d8-c130da33039c].

--------------------------------------------------------------------------------
2020-02-18 10:21:47.688 [Debug] Took 1ms to send game data to client!

--------------------------------------------------------------------------------
2020-02-18 10:22:18.989 [Debug] StatusChanged: [NetIncomingMessage #17 11 bytes] [Disconnected]

--------------------------------------------------------------------------------
2020-02-18 10:22:18.989 [Debug] Connectioned terminated to remote [b6afa61d-7ca1-4096-b7d8-c130da33039c/127.0.0.1:57168].

--------------------------------------------------------------------------------
2020-02-18 10:22:18.989 [Info] Disconnected [b6afa61d-7ca1-4096-b7d8-c130da33039c].

--------------------------------------------------------------------------------
2020-02-18 10:22:18.990 [Debug] Client disconnected (AEON->AEON)

--------------------------------------------------------------------------------
2020-02-18 10:23:26.031 [Info] Connection approved [735d7529-3e1f-4ad8-9f6b-4d479a36a15d].

--------------------------------------------------------------------------------
2020-02-18 10:23:26.044 [Debug] Connection established to remote [735d7529-3e1f-4ad8-9f6b-4d479a36a15d/127.0.0.1:62526].

--------------------------------------------------------------------------------
2020-02-18 10:23:26.044 [Info] Connected [735d7529-3e1f-4ad8-9f6b-4d479a36a15d].

--------------------------------------------------------------------------------
2020-02-18 10:23:30.027 [Debug] Took 0ms to send game data to client!

--------------------------------------------------------------------------------
2020-02-18 10:25:23.995 [Debug] StatusChanged: [NetIncomingMessage #175 10 bytes] [Disconnected]

--------------------------------------------------------------------------------
2020-02-18 10:25:23.995 [Debug] Connectioned terminated to remote [735d7529-3e1f-4ad8-9f6b-4d479a36a15d/127.0.0.1:62526].

--------------------------------------------------------------------------------
2020-02-18 10:25:23.995 [Info] Disconnected [735d7529-3e1f-4ad8-9f6b-4d479a36a15d].

--------------------------------------------------------------------------------
2020-02-18 10:25:23.995 [Debug] Client disconnected (AEON->AEON)

--------------------------------------------------------------------------------
2020-02-18 10:50:14.245 [Debug] StatusChanged: [NetIncomingMessage #103 10 bytes] [Disconnected]

--------------------------------------------------------------------------------
2020-02-18 10:50:14.245 [Debug] Connectioned terminated to remote [6b90ce57-334f-400e-9087-4a1e0b20a4e7/127.0.0.1:62616].

--------------------------------------------------------------------------------
2020-02-18 10:50:14.245 [Info] Disconnected [6b90ce57-334f-400e-9087-4a1e0b20a4e7].

--------------------------------------------------------------------------------
2020-02-18 10:50:14.245 [Debug] Client disconnected (AEON->[editor])

--------------------------------------------------------------------------------
2020-02-18 10:50:19.540 [Info] Connection approved [8eca092e-f2b9-41cc-99b0-0068695f77c6].

--------------------------------------------------------------------------------
2020-02-18 10:50:19.546 [Debug] Connection established to remote [8eca092e-f2b9-41cc-99b0-0068695f77c6/127.0.0.1:49480].

--------------------------------------------------------------------------------
2020-02-18 10:50:19.546 [Info] Connected [8eca092e-f2b9-41cc-99b0-0068695f77c6].

--------------------------------------------------------------------------------
2020-02-18 10:50:26.999 [Debug] Took 10ms to load player from db!

--------------------------------------------------------------------------------
2020-02-18 10:50:56.765 [Info] Connection approved [dac1e396-b3e0-4b58-9cb5-1435bedf61dc].

--------------------------------------------------------------------------------
2020-02-18 10:50:56.785 [Debug] Connection established to remote [dac1e396-b3e0-4b58-9cb5-1435bedf61dc/127.0.0.1:60432].

--------------------------------------------------------------------------------
2020-02-18 10:50:56.785 [Info] Connected [dac1e396-b3e0-4b58-9cb5-1435bedf61dc].

--------------------------------------------------------------------------------
2020-02-18 10:51:00.385 [Debug] Took 3ms to send game data to client!

--------------------------------------------------------------------------------
2020-02-18 10:51:14.887 [Debug] StatusChanged: [NetIncomingMessage #11 11 bytes] [Disconnected]

--------------------------------------------------------------------------------
2020-02-18 10:51:14.887 [Debug] Connectioned terminated to remote [dac1e396-b3e0-4b58-9cb5-1435bedf61dc/127.0.0.1:60432].

--------------------------------------------------------------------------------
2020-02-18 10:51:14.887 [Info] Disconnected [dac1e396-b3e0-4b58-9cb5-1435bedf61dc].

--------------------------------------------------------------------------------
2020-02-18 10:51:14.887 [Debug] Client disconnected (AEON->AEON)

--------------------------------------------------------------------------------
2020-02-18 10:51:52.422 [Info] Connection approved [7122d464-9b28-4cfe-9e65-68da9efe9fc7].

--------------------------------------------------------------------------------
2020-02-18 10:51:52.441 [Debug] Connection established to remote [7122d464-9b28-4cfe-9e65-68da9efe9fc7/127.0.0.1:62039].

--------------------------------------------------------------------------------
2020-02-18 10:51:52.441 [Info] Connected [7122d464-9b28-4cfe-9e65-68da9efe9fc7].

--------------------------------------------------------------------------------
2020-02-18 10:51:57.112 [Debug] Took 1ms to send game data to client!

--------------------------------------------------------------------------------
2020-02-18 10:52:59.168 [Debug] StatusChanged: [NetIncomingMessage #52 11 bytes] [Disconnected]

--------------------------------------------------------------------------------
2020-02-18 10:52:59.168 [Debug] Connectioned terminated to remote [7122d464-9b28-4cfe-9e65-68da9efe9fc7/127.0.0.1:62039].

--------------------------------------------------------------------------------
2020-02-18 10:52:59.168 [Info] Disconnected [7122d464-9b28-4cfe-9e65-68da9efe9fc7].

--------------------------------------------------------------------------------
2020-02-18 10:52:59.168 [Debug] Client disconnected (AEON->AEON)

--------------------------------------------------------------------------------
2020-02-18 14:05:13.554 [Debug] StatusChanged: [NetIncomingMessage #309 10 bytes] [Disconnected]

--------------------------------------------------------------------------------
2020-02-18 14:05:13.554 [Debug] Connectioned terminated to remote [8eca092e-f2b9-41cc-99b0-0068695f77c6/127.0.0.1:49480].

--------------------------------------------------------------------------------
2020-02-18 14:05:13.554 [Info] Disconnected [8eca092e-f2b9-41cc-99b0-0068695f77c6].

--------------------------------------------------------------------------------
2020-02-18 14:05:13.554 [Debug] Client disconnected (AEON->[editor])

--------------------------------------------------------------------------------
2020-02-18 14:05:16.218 [Info] Acquiring context lock... (0ms)

--------------------------------------------------------------------------------
2020-02-18 14:05:16.218 [Info] Acquired. (0ms)

--------------------------------------------------------------------------------
2020-02-18 14:05:16.218 [Info] Beginning context dispose. (0ms)

--------------------------------------------------------------------------------
2020-02-18 14:05:16.220 [Info] Disposing network... (1ms)

--------------------------------------------------------------------------------
2020-02-18 14:05:16.222 [Info] Saving player database... (3ms)

--------------------------------------------------------------------------------
2020-02-18 14:05:16.229 [Info] Saving game database... (10ms)

--------------------------------------------------------------------------------
2020-02-18 14:05:16.234 [Info] Shutting down the API... (15ms)

--------------------------------------------------------------------------------
2020-02-18 14:05:16.235 [Info] Base dispose. (15ms)

--------------------------------------------------------------------------------
2020-02-18 14:05:16.235 [Info] Finished disposing server context. (16ms)

--------------------------------------------------------------------------------
2020-02-18 14:05:16.235 [Info] GC.SuppressFinalize (16ms)

--------------------------------------------------------------------------------
2020-02-18 14:05:16.235 [Info] InternalDispose() completed. (16ms)

--------------------------------------------------------------------------------
2020-02-18 14:05:16.235 [Info] Clearing instance... (17ms)

--------------------------------------------------------------------------------
2020-02-18 14:05:16.235 [Info] Releasing context lock... (17ms)

--------------------------------------------------------------------------------
2020-02-18 14:05:16.235 [Info] Released. (17ms)

--------------------------------------------------------------------------------
