2020-03-04 08:54:43.958 [Debug] Loaded new formula from BaseExp * Power(Gain, Level).

--------------------------------------------------------------------------------
2020-03-04 08:54:43.962 [Debug] Loaded new formula from BaseExp * Power(Gain, Level).

--------------------------------------------------------------------------------
2020-03-04 08:54:46.227 [Info] Acquiring context lock... (0ms)

--------------------------------------------------------------------------------
2020-03-04 08:54:46.227 [Info] Acquired. (0ms)

--------------------------------------------------------------------------------
2020-03-04 08:54:46.227 [Info] Beginning context dispose. (0ms)

--------------------------------------------------------------------------------
2020-03-04 08:54:46.228 [Info] Disposing network... (0ms)

--------------------------------------------------------------------------------
2020-03-04 08:54:46.231 [Info] Saving player database... (2ms)

--------------------------------------------------------------------------------
2020-03-04 08:54:46.252 [Info] Saving game database... (24ms)

--------------------------------------------------------------------------------
2020-03-04 08:54:46.326 [Info] Shutting down the API... (97ms)

--------------------------------------------------------------------------------
2020-03-04 08:54:46.326 [Info] Base dispose. (97ms)

--------------------------------------------------------------------------------
2020-03-04 08:54:46.326 [Info] Finished disposing server context. (97ms)

--------------------------------------------------------------------------------
2020-03-04 08:54:46.326 [Info] GC.SuppressFinalize (98ms)

--------------------------------------------------------------------------------
2020-03-04 08:54:46.326 [Info] InternalDispose() completed. (98ms)

--------------------------------------------------------------------------------
2020-03-04 08:54:46.327 [Info] Clearing instance... (99ms)

--------------------------------------------------------------------------------
2020-03-04 08:54:46.327 [Info] Releasing context lock... (99ms)

--------------------------------------------------------------------------------
2020-03-04 08:54:46.327 [Info] Released. (99ms)

--------------------------------------------------------------------------------
