2020-02-14 23:54:53.728 [Debug] Loaded new formula from BaseExp * Power(Gain, Level).

--------------------------------------------------------------------------------
2020-02-14 23:54:53.731 [Debug] Loaded new formula from BaseExp * Power(Gain, Level).

--------------------------------------------------------------------------------
Listening on 0.0.0.0:5400.

--------------------------------------------------------------------------------
UPnP Service Initialization Succeeded

--------------------------------------------------------------------------------
Successfully auto port forwarded udp port 5400 using UPnP.

--------------------------------------------------------------------------------
2020-02-14 23:55:02.230 [Info] Connection approved [2d3c260a-b7a5-43d0-a990-078b78b4c810].

--------------------------------------------------------------------------------
2020-02-14 23:55:02.249 [Debug] Connection established to remote [2d3c260a-b7a5-43d0-a990-078b78b4c810/127.0.0.1:57183].

--------------------------------------------------------------------------------
2020-02-14 23:55:02.249 [Info] Connected [2d3c260a-b7a5-43d0-a990-078b78b4c810].

--------------------------------------------------------------------------------
2020-02-14 23:55:04.788 [Debug] Took 10ms to send game data to client!

--------------------------------------------------------------------------------
2020-02-14 23:57:54.758 [Debug] StatusChanged: [NetIncomingMessage #512 11 bytes] [Disconnected]

--------------------------------------------------------------------------------
2020-02-14 23:57:54.759 [Debug] Connectioned terminated to remote [2d3c260a-b7a5-43d0-a990-078b78b4c810/127.0.0.1:57183].

--------------------------------------------------------------------------------
2020-02-14 23:57:54.759 [Info] Disconnected [2d3c260a-b7a5-43d0-a990-078b78b4c810].

--------------------------------------------------------------------------------
2020-02-14 23:57:54.759 [Debug] Client disconnected (AEON->AEON)

--------------------------------------------------------------------------------
2020-02-14 23:57:58.140 [Info] Connection approved [a6b454cb-803e-4886-b853-14974d0bbeb9].

--------------------------------------------------------------------------------
2020-02-14 23:57:58.152 [Debug] Connection established to remote [a6b454cb-803e-4886-b853-14974d0bbeb9/127.0.0.1:56558].

--------------------------------------------------------------------------------
2020-02-14 23:57:58.152 [Info] Connected [a6b454cb-803e-4886-b853-14974d0bbeb9].

--------------------------------------------------------------------------------
2020-02-14 23:57:59.445 [Debug] Took 5ms to load player from db!

--------------------------------------------------------------------------------
2020-02-15 00:14:20.134 [Debug] StatusChanged: [NetIncomingMessage #38 10 bytes] [Disconnected]

--------------------------------------------------------------------------------
2020-02-15 00:14:20.134 [Debug] Connectioned terminated to remote [a6b454cb-803e-4886-b853-14974d0bbeb9/127.0.0.1:56558].

--------------------------------------------------------------------------------
2020-02-15 00:14:20.134 [Info] Disconnected [a6b454cb-803e-4886-b853-14974d0bbeb9].

--------------------------------------------------------------------------------
2020-02-15 00:14:20.134 [Debug] Client disconnected (AEON->[editor])

--------------------------------------------------------------------------------
2020-02-15 00:14:26.028 [Info] Connection approved [08aa0615-322f-42ac-8b35-bf0142fb953f].

--------------------------------------------------------------------------------
2020-02-15 00:14:26.043 [Debug] Connection established to remote [08aa0615-322f-42ac-8b35-bf0142fb953f/127.0.0.1:62983].

--------------------------------------------------------------------------------
2020-02-15 00:14:26.043 [Info] Connected [08aa0615-322f-42ac-8b35-bf0142fb953f].

--------------------------------------------------------------------------------
2020-02-15 00:14:26.690 [Debug] Took 4ms to load player from db!

--------------------------------------------------------------------------------
2020-02-15 00:14:52.032 [Info] Connection approved [a7f6d581-0f4a-4e2b-810d-788ce891f143].

--------------------------------------------------------------------------------
2020-02-15 00:14:52.044 [Debug] Connection established to remote [a7f6d581-0f4a-4e2b-810d-788ce891f143/127.0.0.1:52922].

--------------------------------------------------------------------------------
2020-02-15 00:14:52.044 [Info] Connected [a7f6d581-0f4a-4e2b-810d-788ce891f143].

--------------------------------------------------------------------------------
2020-02-15 00:14:54.317 [Debug] Took 0ms to send game data to client!

--------------------------------------------------------------------------------
2020-02-15 00:16:06.133 [Debug] StatusChanged: [NetIncomingMessage #224 11 bytes] [Disconnected]

--------------------------------------------------------------------------------
2020-02-15 00:16:06.133 [Debug] Connectioned terminated to remote [a7f6d581-0f4a-4e2b-810d-788ce891f143/127.0.0.1:52922].

--------------------------------------------------------------------------------
2020-02-15 00:16:06.133 [Info] Disconnected [a7f6d581-0f4a-4e2b-810d-788ce891f143].

--------------------------------------------------------------------------------
2020-02-15 00:16:06.133 [Debug] Client disconnected (AEON->AEON)

--------------------------------------------------------------------------------
2020-02-15 00:31:30.258 [Debug] StatusChanged: [NetIncomingMessage #283 10 bytes] [Disconnected]

--------------------------------------------------------------------------------
2020-02-15 00:31:30.258 [Debug] Connectioned terminated to remote [08aa0615-322f-42ac-8b35-bf0142fb953f/127.0.0.1:62983].

--------------------------------------------------------------------------------
2020-02-15 00:31:30.258 [Info] Disconnected [08aa0615-322f-42ac-8b35-bf0142fb953f].

--------------------------------------------------------------------------------
2020-02-15 00:31:30.258 [Debug] Client disconnected (AEON->[editor])

--------------------------------------------------------------------------------
2020-02-15 00:31:32.191 [Info] Acquiring context lock... (0ms)

--------------------------------------------------------------------------------
2020-02-15 00:31:32.191 [Info] Acquired. (0ms)

--------------------------------------------------------------------------------
2020-02-15 00:31:32.192 [Info] Beginning context dispose. (0ms)

--------------------------------------------------------------------------------
2020-02-15 00:31:32.193 [Info] Disposing network... (0ms)

--------------------------------------------------------------------------------
2020-02-15 00:31:32.194 [Info] Saving player database... (1ms)

--------------------------------------------------------------------------------
2020-02-15 00:31:32.195 [Info] Saving game database... (3ms)

--------------------------------------------------------------------------------
2020-02-15 00:31:32.198 [Info] Shutting down the API... (5ms)

--------------------------------------------------------------------------------
2020-02-15 00:31:32.198 [Info] Shutting down the logic thread... (5ms)

--------------------------------------------------------------------------------
2020-02-15 00:31:32.199 [Info] Base dispose. (6ms)

--------------------------------------------------------------------------------
2020-02-15 00:31:32.199 [Info] Finished disposing server context. (6ms)

--------------------------------------------------------------------------------
2020-02-15 00:31:32.199 [Info] GC.SuppressFinalize (7ms)

--------------------------------------------------------------------------------
2020-02-15 00:31:32.199 [Info] InternalDispose() completed. (7ms)

--------------------------------------------------------------------------------
2020-02-15 00:31:32.199 [Info] Clearing instance... (7ms)

--------------------------------------------------------------------------------
2020-02-15 00:31:32.199 [Info] Releasing context lock... (7ms)

--------------------------------------------------------------------------------
2020-02-15 00:31:32.199 [Info] Released. (7ms)

--------------------------------------------------------------------------------
