2020-02-20 10:11:48.952 [Debug] Loaded new formula from BaseExp * Power(Gain, Level).

--------------------------------------------------------------------------------
2020-02-20 10:11:48.964 [Debug] Loaded new formula from BaseExp * Power(Gain, Level).

--------------------------------------------------------------------------------
Listening on 0.0.0.0:5400.

--------------------------------------------------------------------------------
2020-02-20 10:11:54.581 [Info] Connection approved [74647648-8d9e-4b1e-a7c2-3f7305b1339a].

--------------------------------------------------------------------------------
2020-02-20 10:11:54.600 [Debug] Connection established to remote [74647648-8d9e-4b1e-a7c2-3f7305b1339a/127.0.0.1:57153].

--------------------------------------------------------------------------------
2020-02-20 10:11:54.600 [Info] Connected [74647648-8d9e-4b1e-a7c2-3f7305b1339a].

--------------------------------------------------------------------------------
UPnP Service Initialization Failed. You might not have a router, or UPnP on your router might be disabled.
  Message: Exception of type 'Open.Nat.NatDeviceNotFoundException' was thrown.
    Stack:    at Open.Nat.NatDiscoverer.<DiscoverDeviceAsync>d__5.MoveNext()
--- End of stack trace from previous location where exception was thrown ---
   at System.Runtime.ExceptionServices.ExceptionDispatchInfo.Throw()
   at System.Runtime.CompilerServices.TaskAwaiter.HandleNonSuccessAndDebuggerNotification(Task task)
   at System.Runtime.CompilerServices.TaskAwaiter`1.GetResult()
   at Intersect.Server.Networking.Helpers.UpnP.<ConnectNatDevice>d__4.MoveNext() in C:\TeamCity\buildAgent\work\6c64f60308be6068\Intersect.Server\Classes\Networking\Helpers\UPnP.cs:line 24


--------------------------------------------------------------------------------
2020-02-20 10:11:59.656 [Debug] Took 464ms to load player from db!

--------------------------------------------------------------------------------
2020-02-20 10:12:02.779 [Debug] StatusChanged: [NetIncomingMessage #11 10 bytes] [Disconnected]

--------------------------------------------------------------------------------
2020-02-20 10:12:02.779 [Debug] Connectioned terminated to remote [74647648-8d9e-4b1e-a7c2-3f7305b1339a/127.0.0.1:57153].

--------------------------------------------------------------------------------
2020-02-20 10:12:02.779 [Info] Disconnected [74647648-8d9e-4b1e-a7c2-3f7305b1339a].

--------------------------------------------------------------------------------
2020-02-20 10:12:02.781 [Debug] Client disconnected (AEON->[editor])

--------------------------------------------------------------------------------
2020-02-20 10:12:05.662 [Info] Connection approved [2dc1b5d6-f372-4dfa-b713-4042f699aaff].

--------------------------------------------------------------------------------
2020-02-20 10:12:05.675 [Debug] Connection established to remote [2dc1b5d6-f372-4dfa-b713-4042f699aaff/127.0.0.1:57155].

--------------------------------------------------------------------------------
2020-02-20 10:12:05.675 [Info] Connected [2dc1b5d6-f372-4dfa-b713-4042f699aaff].

--------------------------------------------------------------------------------
2020-02-20 10:12:08.692 [Debug] Took 0ms to send game data to client!

--------------------------------------------------------------------------------
2020-02-20 10:13:38.155 [Debug] StatusChanged: [NetIncomingMessage #39 11 bytes] [Disconnected]

--------------------------------------------------------------------------------
2020-02-20 10:13:38.155 [Debug] Connectioned terminated to remote [2dc1b5d6-f372-4dfa-b713-4042f699aaff/127.0.0.1:57155].

--------------------------------------------------------------------------------
2020-02-20 10:13:38.155 [Info] Disconnected [2dc1b5d6-f372-4dfa-b713-4042f699aaff].

--------------------------------------------------------------------------------
2020-02-20 10:13:38.155 [Debug] Client disconnected (AEON->AEON)

--------------------------------------------------------------------------------
2020-02-20 10:13:40.947 [Info] Connection approved [20ec6dce-faaa-4969-a0f4-78ea679acccf].

--------------------------------------------------------------------------------
2020-02-20 10:13:40.953 [Debug] Connection established to remote [20ec6dce-faaa-4969-a0f4-78ea679acccf/127.0.0.1:60770].

--------------------------------------------------------------------------------
2020-02-20 10:13:40.954 [Info] Connected [20ec6dce-faaa-4969-a0f4-78ea679acccf].

--------------------------------------------------------------------------------
2020-02-20 10:13:43.861 [Debug] Took 11ms to load player from db!

--------------------------------------------------------------------------------
2020-02-20 10:16:23.904 [Debug] StatusChanged: [NetIncomingMessage #30 10 bytes] [Disconnected]

--------------------------------------------------------------------------------
2020-02-20 10:16:23.905 [Debug] Connectioned terminated to remote [20ec6dce-faaa-4969-a0f4-78ea679acccf/127.0.0.1:60770].

--------------------------------------------------------------------------------
2020-02-20 10:16:23.906 [Info] Disconnected [20ec6dce-faaa-4969-a0f4-78ea679acccf].

--------------------------------------------------------------------------------
2020-02-20 10:16:23.906 [Debug] Client disconnected (AEON->[editor])

--------------------------------------------------------------------------------
2020-02-20 10:16:28.061 [Info] Acquiring context lock... (0ms)

--------------------------------------------------------------------------------
2020-02-20 10:16:28.062 [Info] Acquired. (0ms)

--------------------------------------------------------------------------------
2020-02-20 10:16:28.062 [Info] Beginning context dispose. (0ms)

--------------------------------------------------------------------------------
2020-02-20 10:16:28.064 [Info] Disposing network... (1ms)

--------------------------------------------------------------------------------
2020-02-20 10:16:28.066 [Info] Saving player database... (3ms)

--------------------------------------------------------------------------------
2020-02-20 10:16:28.070 [Info] Saving game database... (6ms)

--------------------------------------------------------------------------------
2020-02-20 10:16:28.075 [Info] Shutting down the API... (11ms)

--------------------------------------------------------------------------------
2020-02-20 10:16:28.075 [Info] Base dispose. (11ms)

--------------------------------------------------------------------------------
2020-02-20 10:16:28.076 [Info] Finished disposing server context. (12ms)

--------------------------------------------------------------------------------
2020-02-20 10:16:28.076 [Info] GC.SuppressFinalize (13ms)

--------------------------------------------------------------------------------
2020-02-20 10:16:28.076 [Info] InternalDispose() completed. (13ms)

--------------------------------------------------------------------------------
2020-02-20 10:16:28.076 [Info] Clearing instance... (15ms)

--------------------------------------------------------------------------------
2020-02-20 10:16:28.077 [Info] Releasing context lock... (15ms)

--------------------------------------------------------------------------------
2020-02-20 10:16:28.077 [Info] Released. (15ms)

--------------------------------------------------------------------------------
