2020-02-21 16:38:04.115 [Debug] Loaded new formula from BaseExp * Power(Gain, Level).

--------------------------------------------------------------------------------
2020-02-21 16:38:04.122 [Debug] Loaded new formula from BaseExp * Power(Gain, Level).

--------------------------------------------------------------------------------
Listening on 0.0.0.0:5400.

--------------------------------------------------------------------------------
UPnP Service Initialization Succeeded

--------------------------------------------------------------------------------
Successfully auto port forwarded udp port 5400 using UPnP.

--------------------------------------------------------------------------------
2020-02-21 16:38:08.611 [Info] Connection approved [0701e409-e157-4991-b02a-4bfdddff26d4].

--------------------------------------------------------------------------------
2020-02-21 16:38:08.628 [Debug] Connection established to remote [0701e409-e157-4991-b02a-4bfdddff26d4/127.0.0.1:55918].

--------------------------------------------------------------------------------
2020-02-21 16:38:08.629 [Info] Connected [0701e409-e157-4991-b02a-4bfdddff26d4].

--------------------------------------------------------------------------------
2020-02-21 16:38:09.639 [Debug] Took 342ms to load player from db!

--------------------------------------------------------------------------------
2020-02-21 16:38:58.898 [Info] Connection approved [0feb98c9-b533-4a44-8d3c-35107627b43c].

--------------------------------------------------------------------------------
2020-02-21 16:38:58.912 [Debug] Connection established to remote [0feb98c9-b533-4a44-8d3c-35107627b43c/127.0.0.1:63366].

--------------------------------------------------------------------------------
2020-02-21 16:38:58.912 [Info] Connected [0feb98c9-b533-4a44-8d3c-35107627b43c].

--------------------------------------------------------------------------------
2020-02-21 16:39:00.985 [Debug] Took 0ms to send game data to client!

--------------------------------------------------------------------------------
2020-02-21 16:39:59.279 [Debug] StatusChanged: [NetIncomingMessage #136 11 bytes] [Disconnected]

--------------------------------------------------------------------------------
2020-02-21 16:39:59.280 [Debug] Connectioned terminated to remote [0feb98c9-b533-4a44-8d3c-35107627b43c/127.0.0.1:63366].

--------------------------------------------------------------------------------
2020-02-21 16:39:59.280 [Info] Disconnected [0feb98c9-b533-4a44-8d3c-35107627b43c].

--------------------------------------------------------------------------------
2020-02-21 16:39:59.280 [Debug] Client disconnected (AEON->AEON)

--------------------------------------------------------------------------------
2020-02-21 17:15:01.905 [Debug] StatusChanged: [NetIncomingMessage #234 10 bytes] [Disconnected]

--------------------------------------------------------------------------------
2020-02-21 17:15:01.905 [Debug] Connectioned terminated to remote [0701e409-e157-4991-b02a-4bfdddff26d4/127.0.0.1:55918].

--------------------------------------------------------------------------------
2020-02-21 17:15:01.905 [Info] Disconnected [0701e409-e157-4991-b02a-4bfdddff26d4].

--------------------------------------------------------------------------------
2020-02-21 17:15:01.905 [Debug] Client disconnected (AEON->[editor])

--------------------------------------------------------------------------------
2020-02-21 17:15:04.275 [Info] Acquiring context lock... (0ms)

--------------------------------------------------------------------------------
2020-02-21 17:15:04.275 [Info] Acquired. (0ms)

--------------------------------------------------------------------------------
2020-02-21 17:15:04.275 [Info] Beginning context dispose. (0ms)

--------------------------------------------------------------------------------
2020-02-21 17:15:04.276 [Info] Disposing network... (0ms)

--------------------------------------------------------------------------------
2020-02-21 17:15:04.277 [Info] Saving player database... (1ms)

--------------------------------------------------------------------------------
2020-02-21 17:15:04.279 [Info] Saving game database... (3ms)

--------------------------------------------------------------------------------
2020-02-21 17:15:04.283 [Info] Shutting down the API... (7ms)

--------------------------------------------------------------------------------
2020-02-21 17:15:04.284 [Info] Base dispose. (8ms)

--------------------------------------------------------------------------------
2020-02-21 17:15:04.284 [Info] Finished disposing server context. (8ms)

--------------------------------------------------------------------------------
2020-02-21 17:15:04.284 [Info] GC.SuppressFinalize (8ms)

--------------------------------------------------------------------------------
2020-02-21 17:15:04.284 [Info] InternalDispose() completed. (8ms)

--------------------------------------------------------------------------------
2020-02-21 17:15:04.284 [Info] Clearing instance... (9ms)

--------------------------------------------------------------------------------
2020-02-21 17:15:04.284 [Info] Releasing context lock... (9ms)

--------------------------------------------------------------------------------
2020-02-21 17:15:04.284 [Info] Released. (9ms)

--------------------------------------------------------------------------------
