2020-02-21 17:15:11.896 [Debug] Loaded new formula from BaseExp * Power(Gain, Level).

--------------------------------------------------------------------------------
2020-02-21 17:15:11.899 [Debug] Loaded new formula from BaseExp * Power(Gain, Level).

--------------------------------------------------------------------------------
Listening on 0.0.0.0:5400.

--------------------------------------------------------------------------------
UPnP Service Initialization Succeeded

--------------------------------------------------------------------------------
Successfully auto port forwarded udp port 5400 using UPnP.

--------------------------------------------------------------------------------
2020-02-21 17:15:33.948 [Info] Connection approved [317ecef1-820b-49c3-ba2e-0f19d2679bee].

--------------------------------------------------------------------------------
2020-02-21 17:15:33.958 [Debug] Connection established to remote [317ecef1-820b-49c3-ba2e-0f19d2679bee/127.0.0.1:51844].

--------------------------------------------------------------------------------
2020-02-21 17:15:33.958 [Info] Connected [317ecef1-820b-49c3-ba2e-0f19d2679bee].

--------------------------------------------------------------------------------
2020-02-21 17:15:37.015 [Debug] Took 15ms to send game data to client!

--------------------------------------------------------------------------------
2020-02-21 17:16:06.421 [Debug] StatusChanged: [NetIncomingMessage #55 11 bytes] [Disconnected]

--------------------------------------------------------------------------------
2020-02-21 17:16:06.421 [Debug] Connectioned terminated to remote [317ecef1-820b-49c3-ba2e-0f19d2679bee/127.0.0.1:51844].

--------------------------------------------------------------------------------
2020-02-21 17:16:06.422 [Info] Disconnected [317ecef1-820b-49c3-ba2e-0f19d2679bee].

--------------------------------------------------------------------------------
2020-02-21 17:16:06.422 [Debug] Client disconnected (AEON->AEON)

--------------------------------------------------------------------------------
2020-02-21 17:16:09.459 [Info] Connection approved [aabf1ccc-5791-409f-bf80-9bb9b112d828].

--------------------------------------------------------------------------------
2020-02-21 17:16:09.470 [Debug] Connection established to remote [aabf1ccc-5791-409f-bf80-9bb9b112d828/127.0.0.1:57032].

--------------------------------------------------------------------------------
2020-02-21 17:16:09.470 [Info] Connected [aabf1ccc-5791-409f-bf80-9bb9b112d828].

--------------------------------------------------------------------------------
2020-02-21 17:16:11.033 [Debug] Took 10ms to load player from db!

--------------------------------------------------------------------------------
2020-02-21 17:16:38.756 [Info] Connection approved [fb7836bf-345c-49b2-8a22-a3fb18a1c3e1].

--------------------------------------------------------------------------------
2020-02-21 17:16:38.769 [Debug] Connection established to remote [fb7836bf-345c-49b2-8a22-a3fb18a1c3e1/127.0.0.1:60793].

--------------------------------------------------------------------------------
2020-02-21 17:16:38.769 [Info] Connected [fb7836bf-345c-49b2-8a22-a3fb18a1c3e1].

--------------------------------------------------------------------------------
2020-02-21 17:16:41.146 [Debug] Took 0ms to send game data to client!

--------------------------------------------------------------------------------
2020-02-21 17:16:44.546 [Debug] StatusChanged: [NetIncomingMessage #18 11 bytes] [Disconnected]

--------------------------------------------------------------------------------
2020-02-21 17:16:44.546 [Debug] Connectioned terminated to remote [fb7836bf-345c-49b2-8a22-a3fb18a1c3e1/127.0.0.1:60793].

--------------------------------------------------------------------------------
2020-02-21 17:16:44.546 [Info] Disconnected [fb7836bf-345c-49b2-8a22-a3fb18a1c3e1].

--------------------------------------------------------------------------------
2020-02-21 17:16:44.546 [Debug] Client disconnected (AEON->AEON)

--------------------------------------------------------------------------------
2020-02-21 17:16:46.711 [Info] Acquiring context lock... (0ms)

--------------------------------------------------------------------------------
2020-02-21 17:16:46.712 [Info] Acquired. (0ms)

--------------------------------------------------------------------------------
2020-02-21 17:16:46.712 [Info] Beginning context dispose. (0ms)

--------------------------------------------------------------------------------
2020-02-21 17:16:46.712 [Info] Disposing network... (0ms)

--------------------------------------------------------------------------------
2020-02-21 17:16:46.714 [Debug] StatusChanged: [NetIncomingMessage #19 11 bytes] [Disconnecting]

--------------------------------------------------------------------------------
2020-02-21 17:16:46.714 [Info] Saving player database... (2ms)

--------------------------------------------------------------------------------
2020-02-21 17:16:46.716 [Info] Saving game database... (3ms)

--------------------------------------------------------------------------------

--------------------------------------------------------------------------------
2020-02-21 17:16:46.716 [Debug] StatusChanged: [NetIncomingMessage #20 11 bytes] [Disconnected]

--------------------------------------------------------------------------------
2020-02-21 17:16:46.721 [Info] Shutting down the API... (8ms)

--------------------------------------------------------------------------------
2020-02-21 17:16:46.722 [Info] Base dispose. (9ms)

--------------------------------------------------------------------------------
2020-02-21 17:16:46.722 [Info] Finished disposing server context. (9ms)

--------------------------------------------------------------------------------
2020-02-21 17:16:46.722 [Info] GC.SuppressFinalize (10ms)

--------------------------------------------------------------------------------
2020-02-21 17:16:46.722 [Info] InternalDispose() completed. (10ms)

--------------------------------------------------------------------------------
2020-02-21 17:16:46.722 [Info] Clearing instance... (10ms)

--------------------------------------------------------------------------------
2020-02-21 17:16:46.722 [Info] Releasing context lock... (10ms)

--------------------------------------------------------------------------------
2020-02-21 17:16:46.722 [Info] Released. (10ms)

--------------------------------------------------------------------------------
