2020-02-14 10:22:18.752 [Debug] Loaded new formula from BaseExp * Power(Gain, Level).

--------------------------------------------------------------------------------
2020-02-14 10:22:18.770 [Debug] Loaded new formula from BaseExp * Power(Gain, Level).

--------------------------------------------------------------------------------
Listening on 0.0.0.0:5400.

--------------------------------------------------------------------------------
2020-02-14 10:22:24.923 [Info] Connection approved [8642b14c-4f22-4442-964e-8f14a4e50097].

--------------------------------------------------------------------------------
2020-02-14 10:22:24.957 [Debug] Connection established to remote [8642b14c-4f22-4442-964e-8f14a4e50097/127.0.0.1:62505].

--------------------------------------------------------------------------------
2020-02-14 10:22:24.957 [Info] Connected [8642b14c-4f22-4442-964e-8f14a4e50097].

--------------------------------------------------------------------------------
UPnP Service Initialization Failed. You might not have a router, or UPnP on your router might be disabled.
  Message: Exception of type 'Open.Nat.NatDeviceNotFoundException' was thrown.
    Stack:    at Open.Nat.NatDiscoverer.<DiscoverDeviceAsync>d__5.MoveNext()
--- End of stack trace from previous location where exception was thrown ---
   at System.Runtime.ExceptionServices.ExceptionDispatchInfo.Throw()
   at System.Runtime.CompilerServices.TaskAwaiter.HandleNonSuccessAndDebuggerNotification(Task task)
   at System.Runtime.CompilerServices.TaskAwaiter`1.GetResult()
   at Intersect.Server.Networking.Helpers.UpnP.<ConnectNatDevice>d__4.MoveNext() in C:\TeamCity\buildAgent\work\6c64f60308be6068\Intersect.Server\Classes\Networking\Helpers\UPnP.cs:line 24


--------------------------------------------------------------------------------
2020-02-14 10:22:32.433 [Debug] Took 36ms to send game data to client!

--------------------------------------------------------------------------------
2020-02-14 10:28:00.216 [Debug] StatusChanged: [NetIncomingMessage #544 11 bytes] [Disconnected]

--------------------------------------------------------------------------------
2020-02-14 10:28:00.216 [Debug] Connectioned terminated to remote [8642b14c-4f22-4442-964e-8f14a4e50097/127.0.0.1:62505].

--------------------------------------------------------------------------------
2020-02-14 10:28:00.216 [Info] Disconnected [8642b14c-4f22-4442-964e-8f14a4e50097].

--------------------------------------------------------------------------------
2020-02-14 10:28:00.217 [Debug] Client disconnected (AEON->AEON)

--------------------------------------------------------------------------------
2020-02-14 10:28:07.281 [Info] Acquiring context lock... (0ms)

--------------------------------------------------------------------------------
2020-02-14 10:28:07.281 [Info] Acquired. (0ms)

--------------------------------------------------------------------------------
2020-02-14 10:28:07.281 [Info] Beginning context dispose. (0ms)

--------------------------------------------------------------------------------
2020-02-14 10:28:07.283 [Info] Disposing network... (0ms)

--------------------------------------------------------------------------------
2020-02-14 10:28:07.285 [Info] Saving player database... (2ms)

--------------------------------------------------------------------------------
2020-02-14 10:28:07.288 [Info] Saving game database... (6ms)

--------------------------------------------------------------------------------
2020-02-14 10:28:07.290 [Info] Shutting down the API... (7ms)

--------------------------------------------------------------------------------
2020-02-14 10:28:07.290 [Info] Base dispose. (8ms)

--------------------------------------------------------------------------------
2020-02-14 10:28:07.290 [Info] Finished disposing server context. (8ms)

--------------------------------------------------------------------------------
2020-02-14 10:28:07.291 [Info] GC.SuppressFinalize (9ms)

--------------------------------------------------------------------------------
2020-02-14 10:28:07.291 [Info] InternalDispose() completed. (9ms)

--------------------------------------------------------------------------------
2020-02-14 10:28:07.291 [Info] Clearing instance... (9ms)

--------------------------------------------------------------------------------
2020-02-14 10:28:07.291 [Info] Releasing context lock... (9ms)

--------------------------------------------------------------------------------
2020-02-14 10:28:07.291 [Info] Released. (9ms)

--------------------------------------------------------------------------------
