2020-03-18 15:00:19.936 [Debug] Loaded new formula from BaseExp * Power(Gain, Level).

--------------------------------------------------------------------------------
2020-03-18 15:00:19.947 [Debug] Loaded new formula from BaseExp * Power(Gain, Level).

--------------------------------------------------------------------------------
Listening on 0.0.0.0:5400.

--------------------------------------------------------------------------------
2020-03-18 15:00:24.384 [Info] Connection approved [4f1de8db-c7fe-4abb-9524-9f6f09c422d0].

--------------------------------------------------------------------------------
2020-03-18 15:00:24.409 [Debug] Connection established to remote [4f1de8db-c7fe-4abb-9524-9f6f09c422d0/127.0.0.1:58225].

--------------------------------------------------------------------------------
2020-03-18 15:00:24.409 [Info] Connected [4f1de8db-c7fe-4abb-9524-9f6f09c422d0].

--------------------------------------------------------------------------------
2020-03-18 15:00:25.423 [Debug] Took 502ms to load player from db!

--------------------------------------------------------------------------------
UPnP Service Initialization Failed. You might not have a router, or UPnP on your router might be disabled.
  Message: Exception of type 'Open.Nat.NatDeviceNotFoundException' was thrown.
    Stack:    at Open.Nat.NatDiscoverer.<DiscoverDeviceAsync>d__5.MoveNext()
--- End of stack trace from previous location where exception was thrown ---
   at System.Runtime.ExceptionServices.ExceptionDispatchInfo.Throw()
   at System.Runtime.CompilerServices.TaskAwaiter.HandleNonSuccessAndDebuggerNotification(Task task)
   at System.Runtime.CompilerServices.TaskAwaiter`1.GetResult()
   at Intersect.Server.Networking.Helpers.UpnP.<ConnectNatDevice>d__4.MoveNext() in C:\TeamCity\buildAgent\work\6c64f60308be6068\Intersect.Server\Classes\Networking\Helpers\UPnP.cs:line 24


--------------------------------------------------------------------------------
2020-03-18 15:18:30.996 [Info] Connection approved [f94c3d8c-12c6-49b2-b85e-32edc98f0db6].

--------------------------------------------------------------------------------
2020-03-18 15:18:31.006 [Debug] Connection established to remote [f94c3d8c-12c6-49b2-b85e-32edc98f0db6/127.0.0.1:52829].

--------------------------------------------------------------------------------
2020-03-18 15:18:31.007 [Info] Connected [f94c3d8c-12c6-49b2-b85e-32edc98f0db6].

--------------------------------------------------------------------------------
2020-03-18 15:18:34.536 [Debug] Took 2ms to send game data to client!

--------------------------------------------------------------------------------
2020-03-18 15:21:29.298 [Debug] StatusChanged: [NetIncomingMessage #521 11 bytes] [Disconnected]

--------------------------------------------------------------------------------
2020-03-18 15:21:29.298 [Debug] Connectioned terminated to remote [f94c3d8c-12c6-49b2-b85e-32edc98f0db6/127.0.0.1:52829].

--------------------------------------------------------------------------------
2020-03-18 15:21:29.298 [Info] Disconnected [f94c3d8c-12c6-49b2-b85e-32edc98f0db6].

--------------------------------------------------------------------------------
2020-03-18 15:21:29.299 [Debug] Client disconnected (AEON->AEON)

--------------------------------------------------------------------------------
2020-03-18 15:24:40.048 [Debug] StatusChanged: [NetIncomingMessage #384 10 bytes] [Disconnected]

--------------------------------------------------------------------------------
2020-03-18 15:24:40.048 [Debug] Connectioned terminated to remote [4f1de8db-c7fe-4abb-9524-9f6f09c422d0/127.0.0.1:58225].

--------------------------------------------------------------------------------
2020-03-18 15:24:40.048 [Info] Disconnected [4f1de8db-c7fe-4abb-9524-9f6f09c422d0].

--------------------------------------------------------------------------------
2020-03-18 15:24:40.048 [Debug] Client disconnected (AEON->[editor])

--------------------------------------------------------------------------------
2020-03-18 15:24:43.697 [Info] Acquiring context lock... (0ms)

--------------------------------------------------------------------------------
2020-03-18 15:24:43.698 [Info] Acquired. (0ms)

--------------------------------------------------------------------------------
2020-03-18 15:24:43.698 [Info] Beginning context dispose. (0ms)

--------------------------------------------------------------------------------
2020-03-18 15:24:43.700 [Info] Disposing network... (1ms)

--------------------------------------------------------------------------------
2020-03-18 15:24:43.702 [Info] Saving player database... (2ms)

--------------------------------------------------------------------------------
2020-03-18 15:24:43.704 [Info] Saving game database... (5ms)

--------------------------------------------------------------------------------
2020-03-18 15:24:43.717 [Info] Shutting down the API... (18ms)

--------------------------------------------------------------------------------
2020-03-18 15:24:43.718 [Info] Base dispose. (19ms)

--------------------------------------------------------------------------------
2020-03-18 15:24:43.718 [Info] Finished disposing server context. (19ms)

--------------------------------------------------------------------------------
2020-03-18 15:24:43.718 [Info] GC.SuppressFinalize (20ms)

--------------------------------------------------------------------------------
2020-03-18 15:24:43.718 [Info] InternalDispose() completed. (20ms)

--------------------------------------------------------------------------------
2020-03-18 15:24:43.718 [Info] Clearing instance... (20ms)

--------------------------------------------------------------------------------
2020-03-18 15:24:43.718 [Info] Releasing context lock... (20ms)

--------------------------------------------------------------------------------
2020-03-18 15:24:43.718 [Info] Released. (20ms)

--------------------------------------------------------------------------------
