2020-02-21 21:39:23.393 [Debug] Loaded new formula from BaseExp * Power(Gain, Level).

--------------------------------------------------------------------------------
2020-02-21 21:39:23.396 [Debug] Loaded new formula from BaseExp * Power(Gain, Level).

--------------------------------------------------------------------------------
Listening on 0.0.0.0:5400.

--------------------------------------------------------------------------------
UPnP Service Initialization Succeeded

--------------------------------------------------------------------------------
Successfully auto port forwarded udp port 5400 using UPnP.

--------------------------------------------------------------------------------
2020-02-21 21:39:27.751 [Info] Connection approved [77393e9e-ef84-4a56-b0f2-934cbe3b5d8c].

--------------------------------------------------------------------------------
2020-02-21 21:39:27.770 [Debug] Connection established to remote [77393e9e-ef84-4a56-b0f2-934cbe3b5d8c/127.0.0.1:53980].

--------------------------------------------------------------------------------
2020-02-21 21:39:27.770 [Info] Connected [77393e9e-ef84-4a56-b0f2-934cbe3b5d8c].

--------------------------------------------------------------------------------
2020-02-21 21:39:30.447 [Debug] Took 10ms to send game data to client!

--------------------------------------------------------------------------------
2020-02-21 21:47:37.359 [Debug] StatusChanged: [NetIncomingMessage #235 11 bytes] [Disconnected]

--------------------------------------------------------------------------------
2020-02-21 21:47:37.360 [Debug] Connectioned terminated to remote [77393e9e-ef84-4a56-b0f2-934cbe3b5d8c/127.0.0.1:53980].

--------------------------------------------------------------------------------
2020-02-21 21:47:37.360 [Info] Disconnected [77393e9e-ef84-4a56-b0f2-934cbe3b5d8c].

--------------------------------------------------------------------------------
2020-02-21 21:47:37.360 [Debug] Client disconnected (AEON->AEON)

--------------------------------------------------------------------------------
2020-02-21 21:47:40.464 [Info] Acquiring context lock... (0ms)

--------------------------------------------------------------------------------
2020-02-21 21:47:40.464 [Info] Acquired. (0ms)

--------------------------------------------------------------------------------
2020-02-21 21:47:40.464 [Info] Beginning context dispose. (0ms)

--------------------------------------------------------------------------------
2020-02-21 21:47:40.465 [Info] Disposing network... (0ms)

--------------------------------------------------------------------------------
2020-02-21 21:47:40.466 [Info] Saving player database... (1ms)

--------------------------------------------------------------------------------
2020-02-21 21:47:40.468 [Info] Saving game database... (3ms)

--------------------------------------------------------------------------------
2020-02-21 21:47:40.473 [Info] Shutting down the API... (8ms)

--------------------------------------------------------------------------------
2020-02-21 21:47:40.473 [Info] Base dispose. (8ms)

--------------------------------------------------------------------------------
2020-02-21 21:47:40.473 [Info] Finished disposing server context. (8ms)

--------------------------------------------------------------------------------
2020-02-21 21:47:40.473 [Info] GC.SuppressFinalize (9ms)

--------------------------------------------------------------------------------
2020-02-21 21:47:40.473 [Info] InternalDispose() completed. (9ms)

--------------------------------------------------------------------------------
2020-02-21 21:47:40.473 [Info] Clearing instance... (9ms)

--------------------------------------------------------------------------------
2020-02-21 21:47:40.474 [Info] Releasing context lock... (9ms)

--------------------------------------------------------------------------------
2020-02-21 21:47:40.474 [Info] Released. (9ms)

--------------------------------------------------------------------------------
