2020-02-19 10:16:00.066 [Debug] Loaded new formula from BaseExp * Power(Gain, Level).

--------------------------------------------------------------------------------
2020-02-19 10:16:00.087 [Debug] Loaded new formula from BaseExp * Power(Gain, Level).

--------------------------------------------------------------------------------
Listening on 0.0.0.0:5400.

--------------------------------------------------------------------------------
2020-02-19 10:16:05.626 [Info] Connection approved [71ad1f80-1bbc-441c-87f4-e2c644be3cbf].

--------------------------------------------------------------------------------
2020-02-19 10:16:05.636 [Debug] Connection established to remote [71ad1f80-1bbc-441c-87f4-e2c644be3cbf/127.0.0.1:64481].

--------------------------------------------------------------------------------
2020-02-19 10:16:05.636 [Info] Connected [71ad1f80-1bbc-441c-87f4-e2c644be3cbf].

--------------------------------------------------------------------------------
2020-02-19 10:16:06.612 [Debug] Took 509ms to load player from db!

--------------------------------------------------------------------------------
UPnP Service Initialization Failed. You might not have a router, or UPnP on your router might be disabled.
  Message: Exception of type 'Open.Nat.NatDeviceNotFoundException' was thrown.
    Stack:    at Open.Nat.NatDiscoverer.<DiscoverDeviceAsync>d__5.MoveNext()
--- End of stack trace from previous location where exception was thrown ---
   at System.Runtime.ExceptionServices.ExceptionDispatchInfo.Throw()
   at System.Runtime.CompilerServices.TaskAwaiter.HandleNonSuccessAndDebuggerNotification(Task task)
   at System.Runtime.CompilerServices.TaskAwaiter`1.GetResult()
   at Intersect.Server.Networking.Helpers.UpnP.<ConnectNatDevice>d__4.MoveNext() in C:\TeamCity\buildAgent\work\6c64f60308be6068\Intersect.Server\Classes\Networking\Helpers\UPnP.cs:line 24


--------------------------------------------------------------------------------
2020-02-19 10:20:05.170 [Info] Connection approved [1bab36b9-69d2-4a85-b5ac-c377b5419a9a].

--------------------------------------------------------------------------------
2020-02-19 10:20:05.184 [Debug] Connection established to remote [1bab36b9-69d2-4a85-b5ac-c377b5419a9a/127.0.0.1:63208].

--------------------------------------------------------------------------------
2020-02-19 10:20:05.184 [Info] Connected [1bab36b9-69d2-4a85-b5ac-c377b5419a9a].

--------------------------------------------------------------------------------
2020-02-19 10:20:09.222 [Debug] Took 4ms to send game data to client!

--------------------------------------------------------------------------------
2020-02-19 10:20:43.815 [Debug] StatusChanged: [NetIncomingMessage #84 11 bytes] [Disconnected]

--------------------------------------------------------------------------------
2020-02-19 10:20:43.815 [Debug] Connectioned terminated to remote [1bab36b9-69d2-4a85-b5ac-c377b5419a9a/127.0.0.1:63208].

--------------------------------------------------------------------------------
2020-02-19 10:20:43.815 [Info] Disconnected [1bab36b9-69d2-4a85-b5ac-c377b5419a9a].

--------------------------------------------------------------------------------
2020-02-19 10:20:43.817 [Debug] Client disconnected (AEON->AEON)

--------------------------------------------------------------------------------
2020-02-19 10:41:14.566 [Debug] StatusChanged: [NetIncomingMessage #52 10 bytes] [Disconnected]

--------------------------------------------------------------------------------
2020-02-19 10:41:14.567 [Debug] Connectioned terminated to remote [71ad1f80-1bbc-441c-87f4-e2c644be3cbf/127.0.0.1:64481].

--------------------------------------------------------------------------------
2020-02-19 10:41:14.568 [Info] Disconnected [71ad1f80-1bbc-441c-87f4-e2c644be3cbf].

--------------------------------------------------------------------------------
2020-02-19 10:41:14.569 [Debug] Client disconnected (AEON->[editor])

--------------------------------------------------------------------------------
2020-02-19 10:41:32.894 [Info] Connection approved [901e9df4-f8da-4bf3-8f8a-ee8ae519be9b].

--------------------------------------------------------------------------------
2020-02-19 10:41:32.913 [Debug] Connection established to remote [901e9df4-f8da-4bf3-8f8a-ee8ae519be9b/127.0.0.1:52373].

--------------------------------------------------------------------------------
2020-02-19 10:41:32.913 [Info] Connected [901e9df4-f8da-4bf3-8f8a-ee8ae519be9b].

--------------------------------------------------------------------------------
2020-02-19 10:41:34.681 [Debug] Took 11ms to load player from db!

--------------------------------------------------------------------------------
2020-02-19 10:48:41.692 [Debug] StatusChanged: [NetIncomingMessage #58 10 bytes] [Disconnected]

--------------------------------------------------------------------------------
2020-02-19 10:48:41.692 [Debug] Connectioned terminated to remote [901e9df4-f8da-4bf3-8f8a-ee8ae519be9b/127.0.0.1:52373].

--------------------------------------------------------------------------------
2020-02-19 10:48:41.692 [Info] Disconnected [901e9df4-f8da-4bf3-8f8a-ee8ae519be9b].

--------------------------------------------------------------------------------
2020-02-19 10:48:41.692 [Debug] Client disconnected (AEON->[editor])

--------------------------------------------------------------------------------
2020-02-19 10:52:43.286 [Info] Connection approved [236463cb-6f50-4d5a-985f-b3c7d078986c].

--------------------------------------------------------------------------------
2020-02-19 10:52:43.304 [Debug] Connection established to remote [236463cb-6f50-4d5a-985f-b3c7d078986c/127.0.0.1:53231].

--------------------------------------------------------------------------------
2020-02-19 10:52:43.304 [Info] Connected [236463cb-6f50-4d5a-985f-b3c7d078986c].

--------------------------------------------------------------------------------
2020-02-19 10:52:53.838 [Debug] Took 11ms to load player from db!

--------------------------------------------------------------------------------
2020-02-19 11:06:49.691 [Debug] StatusChanged: [NetIncomingMessage #10 10 bytes] [Disconnected]

--------------------------------------------------------------------------------
2020-02-19 11:06:49.691 [Debug] Connectioned terminated to remote [236463cb-6f50-4d5a-985f-b3c7d078986c/127.0.0.1:53231].

--------------------------------------------------------------------------------
2020-02-19 11:06:49.691 [Info] Disconnected [236463cb-6f50-4d5a-985f-b3c7d078986c].

--------------------------------------------------------------------------------
2020-02-19 11:06:49.691 [Debug] Client disconnected (AEON->[editor])

--------------------------------------------------------------------------------
2020-02-19 11:06:55.456 [Info] Connection approved [37c9dc94-affe-4e99-8aa2-2f366a23a233].

--------------------------------------------------------------------------------
2020-02-19 11:06:55.476 [Debug] Connection established to remote [37c9dc94-affe-4e99-8aa2-2f366a23a233/127.0.0.1:54068].

--------------------------------------------------------------------------------
2020-02-19 11:06:55.476 [Info] Connected [37c9dc94-affe-4e99-8aa2-2f366a23a233].

--------------------------------------------------------------------------------
2020-02-19 11:06:58.183 [Debug] Took 11ms to load player from db!

--------------------------------------------------------------------------------
2020-02-19 11:08:14.444 [Debug] StatusChanged: [NetIncomingMessage #14 10 bytes] [Disconnected]

--------------------------------------------------------------------------------
2020-02-19 11:08:14.444 [Debug] Connectioned terminated to remote [37c9dc94-affe-4e99-8aa2-2f366a23a233/127.0.0.1:54068].

--------------------------------------------------------------------------------
2020-02-19 11:08:14.445 [Info] Disconnected [37c9dc94-affe-4e99-8aa2-2f366a23a233].

--------------------------------------------------------------------------------
2020-02-19 11:08:14.445 [Debug] Client disconnected (AEON->[editor])

--------------------------------------------------------------------------------
2020-02-19 11:08:18.460 [Info] Connection approved [fae10bf9-f1bf-4c8f-9b9e-e23f6693cefd].

--------------------------------------------------------------------------------
2020-02-19 11:08:18.476 [Debug] Connection established to remote [fae10bf9-f1bf-4c8f-9b9e-e23f6693cefd/127.0.0.1:54116].

--------------------------------------------------------------------------------
2020-02-19 11:08:18.477 [Info] Connected [fae10bf9-f1bf-4c8f-9b9e-e23f6693cefd].

--------------------------------------------------------------------------------
2020-02-19 11:08:18.822 [Debug] Took 10ms to load player from db!

--------------------------------------------------------------------------------
2020-02-19 11:09:03.941 [Debug] StatusChanged: [NetIncomingMessage #17 10 bytes] [Disconnected]

--------------------------------------------------------------------------------
2020-02-19 11:09:03.941 [Debug] Connectioned terminated to remote [fae10bf9-f1bf-4c8f-9b9e-e23f6693cefd/127.0.0.1:54116].

--------------------------------------------------------------------------------
2020-02-19 11:09:03.941 [Info] Disconnected [fae10bf9-f1bf-4c8f-9b9e-e23f6693cefd].

--------------------------------------------------------------------------------
2020-02-19 11:09:03.941 [Debug] Client disconnected (AEON->[editor])

--------------------------------------------------------------------------------
2020-02-19 11:09:37.036 [Info] Connection approved [5c1c0f6c-7412-4d66-aada-6db22c8858f5].

--------------------------------------------------------------------------------
2020-02-19 11:09:37.055 [Debug] Connection established to remote [5c1c0f6c-7412-4d66-aada-6db22c8858f5/127.0.0.1:54157].

--------------------------------------------------------------------------------
2020-02-19 11:09:37.055 [Info] Connected [5c1c0f6c-7412-4d66-aada-6db22c8858f5].

--------------------------------------------------------------------------------
2020-02-19 11:09:37.463 [Debug] Took 10ms to load player from db!

--------------------------------------------------------------------------------
2020-02-19 11:11:13.324 [Debug] StatusChanged: [NetIncomingMessage #15 10 bytes] [Disconnected]

--------------------------------------------------------------------------------
2020-02-19 11:11:13.324 [Debug] Connectioned terminated to remote [5c1c0f6c-7412-4d66-aada-6db22c8858f5/127.0.0.1:54157].

--------------------------------------------------------------------------------
2020-02-19 11:11:13.324 [Info] Disconnected [5c1c0f6c-7412-4d66-aada-6db22c8858f5].

--------------------------------------------------------------------------------
2020-02-19 11:11:13.324 [Debug] Client disconnected (AEON->[editor])

--------------------------------------------------------------------------------
2020-02-19 13:22:43.975 [Info] Connection approved [3d82b674-5d56-4177-9982-281e0e74705b].

--------------------------------------------------------------------------------
2020-02-19 13:22:43.991 [Debug] Connection established to remote [3d82b674-5d56-4177-9982-281e0e74705b/127.0.0.1:49653].

--------------------------------------------------------------------------------
2020-02-19 13:22:43.991 [Info] Connected [3d82b674-5d56-4177-9982-281e0e74705b].

--------------------------------------------------------------------------------
2020-02-19 13:22:46.260 [Debug] Took 12ms to load player from db!

--------------------------------------------------------------------------------
2020-02-19 13:28:07.149 [Debug] StatusChanged: [NetIncomingMessage #14 10 bytes] [Disconnected]

--------------------------------------------------------------------------------
2020-02-19 13:28:07.150 [Debug] Connectioned terminated to remote [3d82b674-5d56-4177-9982-281e0e74705b/127.0.0.1:49653].

--------------------------------------------------------------------------------
2020-02-19 13:28:07.151 [Info] Disconnected [3d82b674-5d56-4177-9982-281e0e74705b].

--------------------------------------------------------------------------------
2020-02-19 13:28:07.151 [Debug] Client disconnected (AEON->[editor])

--------------------------------------------------------------------------------
2020-02-19 13:28:11.325 [Info] Connection approved [c1f7bdb4-a00b-4e56-bff8-c8fca7bf0226].

--------------------------------------------------------------------------------
2020-02-19 13:28:11.340 [Debug] Connection established to remote [c1f7bdb4-a00b-4e56-bff8-c8fca7bf0226/127.0.0.1:57118].

--------------------------------------------------------------------------------
2020-02-19 13:28:11.340 [Info] Connected [c1f7bdb4-a00b-4e56-bff8-c8fca7bf0226].

--------------------------------------------------------------------------------
2020-02-19 13:28:12.010 [Debug] Took 9ms to load player from db!

--------------------------------------------------------------------------------
2020-02-19 13:50:39.807 [Debug] StatusChanged: [NetIncomingMessage #153 10 bytes] [Disconnected]

--------------------------------------------------------------------------------
2020-02-19 13:50:39.807 [Debug] Connectioned terminated to remote [c1f7bdb4-a00b-4e56-bff8-c8fca7bf0226/127.0.0.1:57118].

--------------------------------------------------------------------------------
2020-02-19 13:50:39.808 [Info] Disconnected [c1f7bdb4-a00b-4e56-bff8-c8fca7bf0226].

--------------------------------------------------------------------------------
2020-02-19 13:50:39.808 [Debug] Client disconnected (AEON->[editor])

--------------------------------------------------------------------------------
2020-02-19 13:52:00.230 [Info] Connection approved [60adf33d-3c4e-45c8-83e1-8935457f922a].

--------------------------------------------------------------------------------
2020-02-19 13:52:00.248 [Debug] Connection established to remote [60adf33d-3c4e-45c8-83e1-8935457f922a/127.0.0.1:51584].

--------------------------------------------------------------------------------
2020-02-19 13:52:00.248 [Info] Connected [60adf33d-3c4e-45c8-83e1-8935457f922a].

--------------------------------------------------------------------------------
2020-02-19 13:52:06.770 [Debug] Took 13ms to load player from db!

--------------------------------------------------------------------------------
2020-02-19 13:53:11.741 [Info] Connection approved [a73cb8a5-c4a0-48e3-b50f-c5752dc26987].

--------------------------------------------------------------------------------
2020-02-19 13:53:11.754 [Debug] Connection established to remote [a73cb8a5-c4a0-48e3-b50f-c5752dc26987/127.0.0.1:49566].

--------------------------------------------------------------------------------
2020-02-19 13:53:11.754 [Info] Connected [a73cb8a5-c4a0-48e3-b50f-c5752dc26987].

--------------------------------------------------------------------------------
2020-02-19 13:53:15.668 [Debug] Took 8ms to send game data to client!

--------------------------------------------------------------------------------
2020-02-19 13:53:30.079 [Debug] StatusChanged: [NetIncomingMessage #29 11 bytes] [Disconnected]

--------------------------------------------------------------------------------
2020-02-19 13:53:30.079 [Debug] Connectioned terminated to remote [a73cb8a5-c4a0-48e3-b50f-c5752dc26987/127.0.0.1:49566].

--------------------------------------------------------------------------------
2020-02-19 13:53:30.079 [Info] Disconnected [a73cb8a5-c4a0-48e3-b50f-c5752dc26987].

--------------------------------------------------------------------------------
2020-02-19 13:53:30.079 [Debug] Client disconnected (AEON->AEON)

--------------------------------------------------------------------------------
2020-02-19 13:54:32.816 [Info] Connection approved [ae2dc0b1-b711-42c5-8101-1e727fd9730e].

--------------------------------------------------------------------------------
2020-02-19 13:54:32.832 [Debug] Connection established to remote [ae2dc0b1-b711-42c5-8101-1e727fd9730e/127.0.0.1:49570].

--------------------------------------------------------------------------------
2020-02-19 13:54:32.832 [Info] Connected [ae2dc0b1-b711-42c5-8101-1e727fd9730e].

--------------------------------------------------------------------------------
2020-02-19 13:54:36.255 [Debug] Took 0ms to send game data to client!

--------------------------------------------------------------------------------
2020-02-19 13:56:10.703 [Debug] StatusChanged: [NetIncomingMessage #247 11 bytes] [Disconnected]

--------------------------------------------------------------------------------
2020-02-19 13:56:10.704 [Debug] Connectioned terminated to remote [ae2dc0b1-b711-42c5-8101-1e727fd9730e/127.0.0.1:49570].

--------------------------------------------------------------------------------
2020-02-19 13:56:10.704 [Info] Disconnected [ae2dc0b1-b711-42c5-8101-1e727fd9730e].

--------------------------------------------------------------------------------
2020-02-19 13:56:10.704 [Debug] Client disconnected (AEON->AEON)

--------------------------------------------------------------------------------
2020-02-19 14:02:13.331 [Debug] StatusChanged: [NetIncomingMessage #169 10 bytes] [Disconnected]

--------------------------------------------------------------------------------
2020-02-19 14:02:13.331 [Debug] Connectioned terminated to remote [60adf33d-3c4e-45c8-83e1-8935457f922a/127.0.0.1:51584].

--------------------------------------------------------------------------------
2020-02-19 14:02:13.332 [Info] Disconnected [60adf33d-3c4e-45c8-83e1-8935457f922a].

--------------------------------------------------------------------------------
2020-02-19 14:02:13.332 [Debug] Client disconnected (AEON->[editor])

--------------------------------------------------------------------------------
