2020-02-16 15:17:28.213 [Debug] Loaded new formula from BaseExp * Power(Gain, Level).

--------------------------------------------------------------------------------
2020-02-16 15:17:28.215 [Debug] Loaded new formula from BaseExp * Power(Gain, Level).

--------------------------------------------------------------------------------
Listening on 0.0.0.0:5400.

--------------------------------------------------------------------------------
UPnP Service Initialization Succeeded

--------------------------------------------------------------------------------
Successfully auto port forwarded udp port 5400 using UPnP.

--------------------------------------------------------------------------------
2020-02-16 15:17:32.753 [Info] Connection approved [af146ee3-eb5e-4f0b-9d97-fd1e219f55d0].

--------------------------------------------------------------------------------
2020-02-16 15:17:32.769 [Debug] Connection established to remote [af146ee3-eb5e-4f0b-9d97-fd1e219f55d0/127.0.0.1:51237].

--------------------------------------------------------------------------------
2020-02-16 15:17:32.770 [Info] Connected [af146ee3-eb5e-4f0b-9d97-fd1e219f55d0].

--------------------------------------------------------------------------------
2020-02-16 15:17:36.805 [Debug] Took 11ms to send game data to client!

--------------------------------------------------------------------------------
2020-02-16 15:17:52.906 [Debug] StatusChanged: [NetIncomingMessage #6 11 bytes] [Disconnected]

--------------------------------------------------------------------------------
2020-02-16 15:17:52.907 [Debug] Connectioned terminated to remote [af146ee3-eb5e-4f0b-9d97-fd1e219f55d0/127.0.0.1:51237].

--------------------------------------------------------------------------------
2020-02-16 15:17:52.908 [Info] Disconnected [af146ee3-eb5e-4f0b-9d97-fd1e219f55d0].

--------------------------------------------------------------------------------
2020-02-16 15:17:52.911 [Debug] Client disconnected (test->Test)

--------------------------------------------------------------------------------
2020-02-16 15:17:55.728 [Info] Connection approved [8b0f115e-4612-48bb-b603-3e6e2c54f98b].

--------------------------------------------------------------------------------
2020-02-16 15:17:55.735 [Debug] Connection established to remote [8b0f115e-4612-48bb-b603-3e6e2c54f98b/127.0.0.1:57732].

--------------------------------------------------------------------------------
2020-02-16 15:17:55.735 [Info] Connected [8b0f115e-4612-48bb-b603-3e6e2c54f98b].

--------------------------------------------------------------------------------
2020-02-16 15:17:57.212 [Debug] Took 19ms to load player from db!

--------------------------------------------------------------------------------
2020-02-16 15:20:26.941 [Info] Connection approved [cbbf517d-a29a-444b-994c-7f420fb80c29].

--------------------------------------------------------------------------------
2020-02-16 15:20:26.955 [Debug] Connection established to remote [cbbf517d-a29a-444b-994c-7f420fb80c29/127.0.0.1:55189].

--------------------------------------------------------------------------------
2020-02-16 15:20:26.955 [Info] Connected [cbbf517d-a29a-444b-994c-7f420fb80c29].

--------------------------------------------------------------------------------
2020-02-16 15:20:38.917 [Debug] Took 0ms to send game data to client!

--------------------------------------------------------------------------------
2020-02-16 15:23:33.029 [Debug] StatusChanged: [NetIncomingMessage #581 11 bytes] [Disconnected]

--------------------------------------------------------------------------------
2020-02-16 15:23:33.029 [Debug] Connectioned terminated to remote [cbbf517d-a29a-444b-994c-7f420fb80c29/127.0.0.1:55189].

--------------------------------------------------------------------------------
2020-02-16 15:23:33.029 [Info] Disconnected [cbbf517d-a29a-444b-994c-7f420fb80c29].

--------------------------------------------------------------------------------
2020-02-16 15:23:33.029 [Debug] Client disconnected (test->Test)

--------------------------------------------------------------------------------
2020-02-16 15:24:13.028 [Debug] StatusChanged: [NetIncomingMessage #72 10 bytes] [Disconnected]

--------------------------------------------------------------------------------
2020-02-16 15:24:13.028 [Debug] Connectioned terminated to remote [8b0f115e-4612-48bb-b603-3e6e2c54f98b/127.0.0.1:57732].

--------------------------------------------------------------------------------
2020-02-16 15:24:13.028 [Info] Disconnected [8b0f115e-4612-48bb-b603-3e6e2c54f98b].

--------------------------------------------------------------------------------
2020-02-16 15:24:13.028 [Debug] Client disconnected (AEON->[editor])

--------------------------------------------------------------------------------
2020-02-16 15:24:17.147 [Info] Acquiring context lock... (0ms)

--------------------------------------------------------------------------------
2020-02-16 15:24:17.148 [Info] Acquired. (0ms)

--------------------------------------------------------------------------------
2020-02-16 15:24:17.148 [Info] Beginning context dispose. (0ms)

--------------------------------------------------------------------------------
2020-02-16 15:24:17.149 [Info] Disposing network... (0ms)

--------------------------------------------------------------------------------
2020-02-16 15:24:17.150 [Info] Saving player database... (1ms)

--------------------------------------------------------------------------------
2020-02-16 15:24:17.153 [Info] Saving game database... (4ms)

--------------------------------------------------------------------------------
2020-02-16 15:24:17.156 [Info] Shutting down the API... (7ms)

--------------------------------------------------------------------------------
2020-02-16 15:24:17.157 [Info] Shutting down the logic thread... (8ms)

--------------------------------------------------------------------------------
2020-02-16 15:24:17.158 [Info] Base dispose. (9ms)

--------------------------------------------------------------------------------
2020-02-16 15:24:17.158 [Info] Finished disposing server context. (9ms)

--------------------------------------------------------------------------------
2020-02-16 15:24:17.158 [Info] GC.SuppressFinalize (10ms)

--------------------------------------------------------------------------------
2020-02-16 15:24:17.158 [Info] InternalDispose() completed. (10ms)

--------------------------------------------------------------------------------
2020-02-16 15:24:17.158 [Info] Clearing instance... (10ms)

--------------------------------------------------------------------------------
2020-02-16 15:24:17.158 [Info] Releasing context lock... (10ms)

--------------------------------------------------------------------------------
2020-02-16 15:24:17.158 [Info] Released. (10ms)

--------------------------------------------------------------------------------
