2020-02-14 23:09:32.937 [Debug] Loaded new formula from BaseExp * Power(Gain, Level).

--------------------------------------------------------------------------------
2020-02-14 23:09:32.942 [Debug] Loaded new formula from BaseExp * Power(Gain, Level).

--------------------------------------------------------------------------------
Listening on 0.0.0.0:5400.

--------------------------------------------------------------------------------
UPnP Service Initialization Succeeded

--------------------------------------------------------------------------------
2020-02-14 23:09:38.023 [Info] Connection approved [2938cc45-9d6c-4428-867e-1121c705fc84].

--------------------------------------------------------------------------------
2020-02-14 23:09:38.030 [Debug] Connection established to remote [2938cc45-9d6c-4428-867e-1121c705fc84/127.0.0.1:51337].

--------------------------------------------------------------------------------
2020-02-14 23:09:38.031 [Info] Connected [2938cc45-9d6c-4428-867e-1121c705fc84].

--------------------------------------------------------------------------------
Successfully auto port forwarded udp port 5400 using UPnP.

--------------------------------------------------------------------------------
2020-02-14 23:09:44.498 [Debug] Took 332ms to load player from db!

--------------------------------------------------------------------------------
2020-02-14 23:53:06.898 [Debug] StatusChanged: [NetIncomingMessage #209 10 bytes] [Disconnected]

--------------------------------------------------------------------------------
2020-02-14 23:53:06.899 [Debug] Connectioned terminated to remote [2938cc45-9d6c-4428-867e-1121c705fc84/127.0.0.1:51337].

--------------------------------------------------------------------------------
2020-02-14 23:53:06.899 [Info] Disconnected [2938cc45-9d6c-4428-867e-1121c705fc84].

--------------------------------------------------------------------------------
2020-02-14 23:53:06.899 [Debug] Client disconnected (AEON->[editor])

--------------------------------------------------------------------------------
2020-02-14 23:53:09.536 [Info] Acquiring context lock... (0ms)

--------------------------------------------------------------------------------
2020-02-14 23:53:09.536 [Info] Acquired. (0ms)

--------------------------------------------------------------------------------
2020-02-14 23:53:09.536 [Info] Beginning context dispose. (0ms)

--------------------------------------------------------------------------------
2020-02-14 23:53:09.537 [Info] Disposing network... (0ms)

--------------------------------------------------------------------------------
2020-02-14 23:53:09.538 [Info] Saving player database... (1ms)

--------------------------------------------------------------------------------
2020-02-14 23:53:09.540 [Info] Saving game database... (3ms)

--------------------------------------------------------------------------------
2020-02-14 23:53:09.542 [Info] Shutting down the API... (5ms)

--------------------------------------------------------------------------------
2020-02-14 23:53:09.542 [Info] Base dispose. (6ms)

--------------------------------------------------------------------------------
2020-02-14 23:53:09.542 [Info] Finished disposing server context. (6ms)

--------------------------------------------------------------------------------
2020-02-14 23:53:09.543 [Info] GC.SuppressFinalize (6ms)

--------------------------------------------------------------------------------
2020-02-14 23:53:09.543 [Info] InternalDispose() completed. (6ms)

--------------------------------------------------------------------------------
2020-02-14 23:53:09.543 [Info] Clearing instance... (7ms)

--------------------------------------------------------------------------------
2020-02-14 23:53:09.543 [Info] Releasing context lock... (7ms)

--------------------------------------------------------------------------------
2020-02-14 23:53:09.543 [Info] Released. (7ms)

--------------------------------------------------------------------------------
