2020-03-16 14:06:42.835 [Debug] Loaded new formula from BaseExp * Power(Gain, Level).

--------------------------------------------------------------------------------
2020-03-16 14:06:42.847 [Debug] Loaded new formula from BaseExp * Power(Gain, Level).

--------------------------------------------------------------------------------
Listening on 0.0.0.0:5400.

--------------------------------------------------------------------------------
2020-03-16 14:06:49.524 [Info] Connection approved [74bff883-6dd9-4215-bc56-a57e46f33f61].

--------------------------------------------------------------------------------
2020-03-16 14:06:49.533 [Debug] Connection established to remote [74bff883-6dd9-4215-bc56-a57e46f33f61/127.0.0.1:61838].

--------------------------------------------------------------------------------
2020-03-16 14:06:49.534 [Info] Connected [74bff883-6dd9-4215-bc56-a57e46f33f61].

--------------------------------------------------------------------------------
2020-03-16 14:06:50.816 [Debug] Took 551ms to load player from db!

--------------------------------------------------------------------------------
UPnP Service Initialization Failed. You might not have a router, or UPnP on your router might be disabled.
  Message: Exception of type 'Open.Nat.NatDeviceNotFoundException' was thrown.
    Stack:    at Open.Nat.NatDiscoverer.<DiscoverDeviceAsync>d__5.MoveNext()
--- End of stack trace from previous location where exception was thrown ---
   at System.Runtime.ExceptionServices.ExceptionDispatchInfo.Throw()
   at System.Runtime.CompilerServices.TaskAwaiter.HandleNonSuccessAndDebuggerNotification(Task task)
   at System.Runtime.CompilerServices.TaskAwaiter`1.GetResult()
   at Intersect.Server.Networking.Helpers.UpnP.<ConnectNatDevice>d__4.MoveNext() in C:\TeamCity\buildAgent\work\6c64f60308be6068\Intersect.Server\Classes\Networking\Helpers\UPnP.cs:line 24


--------------------------------------------------------------------------------
2020-03-16 14:22:59.470 [Info] Connection approved [1604eb23-afe1-4b4d-b0d4-3b361e48c3ed].

--------------------------------------------------------------------------------
2020-03-16 14:22:59.488 [Debug] Connection established to remote [1604eb23-afe1-4b4d-b0d4-3b361e48c3ed/127.0.0.1:60654].

--------------------------------------------------------------------------------
2020-03-16 14:22:59.488 [Info] Connected [1604eb23-afe1-4b4d-b0d4-3b361e48c3ed].

--------------------------------------------------------------------------------
2020-03-16 14:23:24.867 [Debug] Took 1ms to send game data to client!

--------------------------------------------------------------------------------
2020-03-16 14:25:05.075 [Debug] StatusChanged: [NetIncomingMessage #304 11 bytes] [Disconnected]

--------------------------------------------------------------------------------
2020-03-16 14:25:05.076 [Debug] Connectioned terminated to remote [1604eb23-afe1-4b4d-b0d4-3b361e48c3ed/127.0.0.1:60654].

--------------------------------------------------------------------------------
2020-03-16 14:25:05.077 [Info] Disconnected [1604eb23-afe1-4b4d-b0d4-3b361e48c3ed].

--------------------------------------------------------------------------------
2020-03-16 14:25:05.078 [Debug] Client disconnected (AEON->AEON)

--------------------------------------------------------------------------------
2020-03-16 15:07:14.780 [Debug] StatusChanged: [NetIncomingMessage #235 10 bytes] [Disconnected]

--------------------------------------------------------------------------------
2020-03-16 15:07:14.781 [Debug] Connectioned terminated to remote [74bff883-6dd9-4215-bc56-a57e46f33f61/127.0.0.1:61838].

--------------------------------------------------------------------------------
2020-03-16 15:07:14.781 [Info] Disconnected [74bff883-6dd9-4215-bc56-a57e46f33f61].

--------------------------------------------------------------------------------
2020-03-16 15:07:14.781 [Debug] Client disconnected (AEON->[editor])

--------------------------------------------------------------------------------
2020-03-16 15:07:23.331 [Info] Connection approved [639b19be-99fa-4038-91a2-c76043a9f66d].

--------------------------------------------------------------------------------
2020-03-16 15:07:23.346 [Debug] Connection established to remote [639b19be-99fa-4038-91a2-c76043a9f66d/127.0.0.1:63895].

--------------------------------------------------------------------------------
2020-03-16 15:07:23.346 [Info] Connected [639b19be-99fa-4038-91a2-c76043a9f66d].

--------------------------------------------------------------------------------
2020-03-16 15:07:35.915 [Debug] Took 14ms to load player from db!

--------------------------------------------------------------------------------
2020-03-16 15:47:14.219 [Debug] StatusChanged: [NetIncomingMessage #591 10 bytes] [Disconnected]

--------------------------------------------------------------------------------
2020-03-16 15:47:14.219 [Debug] Connectioned terminated to remote [639b19be-99fa-4038-91a2-c76043a9f66d/127.0.0.1:63895].

--------------------------------------------------------------------------------
2020-03-16 15:47:14.219 [Info] Disconnected [639b19be-99fa-4038-91a2-c76043a9f66d].

--------------------------------------------------------------------------------
2020-03-16 15:47:14.219 [Debug] Client disconnected (AEON->[editor])

--------------------------------------------------------------------------------
2020-03-16 15:47:44.582 [Info] Connection approved [0008be98-db7f-4685-91b7-79b2b03bae3a].

--------------------------------------------------------------------------------
2020-03-16 15:47:44.600 [Debug] Connection established to remote [0008be98-db7f-4685-91b7-79b2b03bae3a/127.0.0.1:58063].

--------------------------------------------------------------------------------
2020-03-16 15:47:44.600 [Info] Connected [0008be98-db7f-4685-91b7-79b2b03bae3a].

--------------------------------------------------------------------------------
2020-03-16 15:47:45.146 [Debug] Took 11ms to load player from db!

--------------------------------------------------------------------------------
2020-03-16 15:48:06.842 [Debug] StatusChanged: [NetIncomingMessage #30 10 bytes] [Disconnected]

--------------------------------------------------------------------------------
2020-03-16 15:48:06.842 [Debug] Connectioned terminated to remote [0008be98-db7f-4685-91b7-79b2b03bae3a/127.0.0.1:58063].

--------------------------------------------------------------------------------
2020-03-16 15:48:06.842 [Info] Disconnected [0008be98-db7f-4685-91b7-79b2b03bae3a].

--------------------------------------------------------------------------------
2020-03-16 15:48:06.842 [Debug] Client disconnected (AEON->[editor])

--------------------------------------------------------------------------------
2020-03-16 15:48:11.380 [Info] Connection approved [bcb89cb2-1b88-444e-8ab0-e605953f11d1].

--------------------------------------------------------------------------------
2020-03-16 15:48:11.396 [Debug] Connection established to remote [bcb89cb2-1b88-444e-8ab0-e605953f11d1/127.0.0.1:59170].

--------------------------------------------------------------------------------
2020-03-16 15:48:11.396 [Info] Connected [bcb89cb2-1b88-444e-8ab0-e605953f11d1].

--------------------------------------------------------------------------------
2020-03-16 15:48:17.128 [Debug] Took 5ms to send game data to client!

--------------------------------------------------------------------------------
2020-03-16 15:49:39.531 [Debug] StatusChanged: [NetIncomingMessage #111 11 bytes] [Disconnected]

--------------------------------------------------------------------------------
2020-03-16 15:49:39.532 [Debug] Connectioned terminated to remote [bcb89cb2-1b88-444e-8ab0-e605953f11d1/127.0.0.1:59170].

--------------------------------------------------------------------------------
2020-03-16 15:49:39.532 [Info] Disconnected [bcb89cb2-1b88-444e-8ab0-e605953f11d1].

--------------------------------------------------------------------------------
2020-03-16 15:49:39.532 [Debug] Client disconnected (AEON->AEON)

--------------------------------------------------------------------------------
2020-03-16 15:50:26.139 [Info] Connection approved [10bbb868-7aef-4bea-b2ab-f6f7df839c6e].

--------------------------------------------------------------------------------
2020-03-16 15:50:26.144 [Debug] Connection established to remote [10bbb868-7aef-4bea-b2ab-f6f7df839c6e/127.0.0.1:55779].

--------------------------------------------------------------------------------
2020-03-16 15:50:26.145 [Info] Connected [10bbb868-7aef-4bea-b2ab-f6f7df839c6e].

--------------------------------------------------------------------------------
2020-03-16 15:57:18.171 [Debug] StatusChanged: [NetIncomingMessage #117 10 bytes] [Disconnected]

--------------------------------------------------------------------------------
2020-03-16 15:57:18.172 [Debug] Connectioned terminated to remote [10bbb868-7aef-4bea-b2ab-f6f7df839c6e/127.0.0.1:55779].

--------------------------------------------------------------------------------
2020-03-16 15:57:18.172 [Info] Disconnected [10bbb868-7aef-4bea-b2ab-f6f7df839c6e].

--------------------------------------------------------------------------------
2020-03-16 15:57:18.172 [Debug] Client disconnected ([menu])

--------------------------------------------------------------------------------
2020-03-17 08:47:32.671 [Info] Connection approved [2b723bc9-d2cd-45f6-a2cc-ad34b6f87d4b].

--------------------------------------------------------------------------------
2020-03-17 08:47:32.677 [Debug] Connection established to remote [2b723bc9-d2cd-45f6-a2cc-ad34b6f87d4b/127.0.0.1:50968].

--------------------------------------------------------------------------------
2020-03-17 08:47:32.677 [Info] Connected [2b723bc9-d2cd-45f6-a2cc-ad34b6f87d4b].

--------------------------------------------------------------------------------
2020-03-17 08:47:37.530 [Debug] Took 23ms to load player from db!

--------------------------------------------------------------------------------
2020-03-17 08:55:45.439 [Info] Connection approved [479411c1-76d8-4366-9304-bc82facd07d6].

--------------------------------------------------------------------------------
2020-03-17 08:55:45.462 [Debug] Connection established to remote [479411c1-76d8-4366-9304-bc82facd07d6/127.0.0.1:57985].

--------------------------------------------------------------------------------
2020-03-17 08:55:45.463 [Info] Connected [479411c1-76d8-4366-9304-bc82facd07d6].

--------------------------------------------------------------------------------
2020-03-17 08:55:48.989 [Debug] Took 9ms to send game data to client!

--------------------------------------------------------------------------------
2020-03-17 09:03:59.133 [Debug] StatusChanged: [NetIncomingMessage #796 11 bytes] [Disconnected]

--------------------------------------------------------------------------------
2020-03-17 09:03:59.136 [Debug] Connectioned terminated to remote [479411c1-76d8-4366-9304-bc82facd07d6/127.0.0.1:57985].

--------------------------------------------------------------------------------
2020-03-17 09:03:59.136 [Info] Disconnected [479411c1-76d8-4366-9304-bc82facd07d6].

--------------------------------------------------------------------------------
2020-03-17 09:03:59.136 [Debug] Client disconnected (AEON->AEON)

--------------------------------------------------------------------------------
2020-03-17 09:04:02.006 [Debug] StatusChanged: [NetIncomingMessage #797 10 bytes] [Disconnected]

--------------------------------------------------------------------------------
2020-03-17 09:04:02.007 [Debug] Connectioned terminated to remote [2b723bc9-d2cd-45f6-a2cc-ad34b6f87d4b/127.0.0.1:50968].

--------------------------------------------------------------------------------
2020-03-17 09:04:02.007 [Info] Disconnected [2b723bc9-d2cd-45f6-a2cc-ad34b6f87d4b].

--------------------------------------------------------------------------------
2020-03-17 09:04:02.007 [Debug] Client disconnected (AEON->[editor])

--------------------------------------------------------------------------------
2020-03-17 09:04:06.476 [Info] Acquiring context lock... (0ms)

--------------------------------------------------------------------------------
2020-03-17 09:04:06.476 [Info] Acquired. (0ms)

--------------------------------------------------------------------------------
2020-03-17 09:04:06.477 [Info] Beginning context dispose. (0ms)

--------------------------------------------------------------------------------
2020-03-17 09:04:06.479 [Info] Disposing network... (0ms)

--------------------------------------------------------------------------------
2020-03-17 09:04:06.481 [Info] Saving player database... (3ms)

--------------------------------------------------------------------------------
2020-03-17 09:04:06.491 [Info] Saving game database... (13ms)

--------------------------------------------------------------------------------
2020-03-17 09:04:06.504 [Info] Shutting down the API... (26ms)

--------------------------------------------------------------------------------
2020-03-17 09:04:06.504 [Info] Shutting down the console thread... (26ms)

--------------------------------------------------------------------------------
2020-03-17 09:04:07.507 [Info] Base dispose. (1028ms)

--------------------------------------------------------------------------------
2020-03-17 09:04:07.508 [Info] Finished disposing server context. (1028ms)

--------------------------------------------------------------------------------
2020-03-17 09:04:07.508 [Info] GC.SuppressFinalize (1030ms)

--------------------------------------------------------------------------------
2020-03-17 09:04:07.508 [Info] InternalDispose() completed. (1030ms)

--------------------------------------------------------------------------------
2020-03-17 09:04:07.508 [Info] Clearing instance... (1031ms)

--------------------------------------------------------------------------------
2020-03-17 09:04:07.508 [Info] Releasing context lock... (1031ms)

--------------------------------------------------------------------------------
2020-03-17 09:04:07.509 [Info] Released. (1031ms)

--------------------------------------------------------------------------------
