2020-02-18 14:05:25.289 [Debug] Loaded new formula from BaseExp * Power(Gain, Level).

--------------------------------------------------------------------------------
2020-02-18 14:05:25.298 [Debug] Loaded new formula from BaseExp * Power(Gain, Level).

--------------------------------------------------------------------------------
Listening on 0.0.0.0:5400.

--------------------------------------------------------------------------------
UPnP Service Initialization Failed. You might not have a router, or UPnP on your router might be disabled.
  Message: Exception of type 'Open.Nat.NatDeviceNotFoundException' was thrown.
    Stack:    at Open.Nat.NatDiscoverer.<DiscoverDeviceAsync>d__5.MoveNext()
--- End of stack trace from previous location where exception was thrown ---
   at System.Runtime.ExceptionServices.ExceptionDispatchInfo.Throw()
   at System.Runtime.CompilerServices.TaskAwaiter.HandleNonSuccessAndDebuggerNotification(Task task)
   at System.Runtime.CompilerServices.TaskAwaiter`1.GetResult()
   at Intersect.Server.Networking.Helpers.UpnP.<ConnectNatDevice>d__4.MoveNext() in C:\TeamCity\buildAgent\work\6c64f60308be6068\Intersect.Server\Classes\Networking\Helpers\UPnP.cs:line 24


--------------------------------------------------------------------------------
2020-02-18 14:05:42.610 [Info] Connection approved [d315c07c-4160-427e-97b5-7f9d97faf9e2].

--------------------------------------------------------------------------------
2020-02-18 14:05:42.628 [Debug] Connection established to remote [d315c07c-4160-427e-97b5-7f9d97faf9e2/127.0.0.1:52553].

--------------------------------------------------------------------------------
2020-02-18 14:05:42.628 [Info] Connected [d315c07c-4160-427e-97b5-7f9d97faf9e2].

--------------------------------------------------------------------------------
2020-02-18 14:05:50.824 [Debug] Took 44ms to send game data to client!

--------------------------------------------------------------------------------
2020-02-18 14:06:19.367 [Debug] Took 7ms to send game data to client!

--------------------------------------------------------------------------------
2020-02-18 14:07:10.057 [Debug] StatusChanged: [NetIncomingMessage #39 11 bytes] [Disconnected]

--------------------------------------------------------------------------------
2020-02-18 14:07:10.057 [Debug] Connectioned terminated to remote [d315c07c-4160-427e-97b5-7f9d97faf9e2/127.0.0.1:52553].

--------------------------------------------------------------------------------
2020-02-18 14:07:10.058 [Info] Disconnected [d315c07c-4160-427e-97b5-7f9d97faf9e2].

--------------------------------------------------------------------------------
2020-02-18 14:07:10.059 [Debug] Client disconnected (AEON->AEON)

--------------------------------------------------------------------------------
2020-02-18 14:07:12.834 [Info] Connection approved [1af26ebb-0b9e-4778-a2f0-698a06c55ba5].

--------------------------------------------------------------------------------
2020-02-18 14:07:12.843 [Debug] Connection established to remote [1af26ebb-0b9e-4778-a2f0-698a06c55ba5/127.0.0.1:50189].

--------------------------------------------------------------------------------
2020-02-18 14:07:12.844 [Info] Connected [1af26ebb-0b9e-4778-a2f0-698a06c55ba5].

--------------------------------------------------------------------------------
2020-02-18 14:07:14.130 [Debug] Took 10ms to load player from db!

--------------------------------------------------------------------------------
2020-02-18 14:18:12.853 [Info] Connection approved [eea603cc-94fc-4435-b81b-8394974bf1f0].

--------------------------------------------------------------------------------
2020-02-18 14:18:12.877 [Debug] Connection established to remote [eea603cc-94fc-4435-b81b-8394974bf1f0/127.0.0.1:49334].

--------------------------------------------------------------------------------
2020-02-18 14:18:12.877 [Info] Connected [eea603cc-94fc-4435-b81b-8394974bf1f0].

--------------------------------------------------------------------------------
2020-02-18 14:18:16.012 [Debug] Took 0ms to send game data to client!

--------------------------------------------------------------------------------
2020-02-18 14:20:40.057 [Debug] StatusChanged: [NetIncomingMessage #263 11 bytes] [Disconnected]

--------------------------------------------------------------------------------
2020-02-18 14:20:40.057 [Debug] Connectioned terminated to remote [eea603cc-94fc-4435-b81b-8394974bf1f0/127.0.0.1:49334].

--------------------------------------------------------------------------------
2020-02-18 14:20:40.057 [Info] Disconnected [eea603cc-94fc-4435-b81b-8394974bf1f0].

--------------------------------------------------------------------------------
2020-02-18 14:20:40.057 [Debug] Client disconnected (AEON->AEON)

--------------------------------------------------------------------------------
2020-02-18 14:23:11.306 [Debug] StatusChanged: [NetIncomingMessage #152 10 bytes] [Disconnected]

--------------------------------------------------------------------------------
2020-02-18 14:23:11.307 [Debug] Connectioned terminated to remote [1af26ebb-0b9e-4778-a2f0-698a06c55ba5/127.0.0.1:50189].

--------------------------------------------------------------------------------
2020-02-18 14:23:11.307 [Info] Disconnected [1af26ebb-0b9e-4778-a2f0-698a06c55ba5].

--------------------------------------------------------------------------------
2020-02-18 14:23:11.307 [Debug] Client disconnected (AEON->[editor])

--------------------------------------------------------------------------------
2020-02-18 14:23:13.844 [Info] Acquiring context lock... (0ms)

--------------------------------------------------------------------------------
2020-02-18 14:23:13.844 [Info] Acquired. (0ms)

--------------------------------------------------------------------------------
2020-02-18 14:23:13.845 [Info] Beginning context dispose. (0ms)

--------------------------------------------------------------------------------
2020-02-18 14:23:13.846 [Info] Disposing network... (0ms)

--------------------------------------------------------------------------------
2020-02-18 14:23:13.848 [Info] Saving player database... (2ms)

--------------------------------------------------------------------------------
2020-02-18 14:23:13.850 [Info] Saving game database... (5ms)

--------------------------------------------------------------------------------
2020-02-18 14:23:13.856 [Info] Shutting down the API... (10ms)

--------------------------------------------------------------------------------
2020-02-18 14:23:13.856 [Info] Base dispose. (10ms)

--------------------------------------------------------------------------------
2020-02-18 14:23:13.856 [Info] Finished disposing server context. (11ms)

--------------------------------------------------------------------------------
2020-02-18 14:23:13.857 [Info] GC.SuppressFinalize (11ms)

--------------------------------------------------------------------------------
2020-02-18 14:23:13.857 [Info] InternalDispose() completed. (11ms)

--------------------------------------------------------------------------------
2020-02-18 14:23:13.857 [Info] Clearing instance... (12ms)

--------------------------------------------------------------------------------
2020-02-18 14:23:13.857 [Info] Releasing context lock... (12ms)

--------------------------------------------------------------------------------
2020-02-18 14:23:13.857 [Info] Released. (12ms)

--------------------------------------------------------------------------------
