2020-02-21 17:16:53.061 [Debug] Loaded new formula from BaseExp * Power(Gain, Level).

--------------------------------------------------------------------------------
2020-02-21 17:16:53.063 [Debug] Loaded new formula from BaseExp * Power(Gain, Level).

--------------------------------------------------------------------------------
Listening on 0.0.0.0:5400.

--------------------------------------------------------------------------------
UPnP Service Initialization Succeeded

--------------------------------------------------------------------------------
Successfully auto port forwarded udp port 5400 using UPnP.

--------------------------------------------------------------------------------
2020-02-21 17:17:27.556 [Info] Connection approved [560f5ced-add4-4e2c-8f3b-a4a074bfed0e].

--------------------------------------------------------------------------------
2020-02-21 17:17:27.566 [Debug] Connection established to remote [560f5ced-add4-4e2c-8f3b-a4a074bfed0e/127.0.0.1:64938].

--------------------------------------------------------------------------------
2020-02-21 17:17:27.566 [Info] Connected [560f5ced-add4-4e2c-8f3b-a4a074bfed0e].

--------------------------------------------------------------------------------
2020-02-21 17:17:30.261 [Debug] Took 10ms to send game data to client!

--------------------------------------------------------------------------------
2020-02-21 17:17:47.577 [Debug] StatusChanged: [NetIncomingMessage #29 11 bytes] [Disconnected]

--------------------------------------------------------------------------------
2020-02-21 17:17:47.577 [Debug] Connectioned terminated to remote [560f5ced-add4-4e2c-8f3b-a4a074bfed0e/127.0.0.1:64938].

--------------------------------------------------------------------------------
2020-02-21 17:17:47.578 [Info] Disconnected [560f5ced-add4-4e2c-8f3b-a4a074bfed0e].

--------------------------------------------------------------------------------
2020-02-21 17:17:47.578 [Debug] Client disconnected (AEON->AEON)

--------------------------------------------------------------------------------
2020-02-21 17:17:50.989 [Info] Connection approved [36089aa2-94bb-440c-a52f-b36393bfe982].

--------------------------------------------------------------------------------
2020-02-21 17:17:51.001 [Debug] Connection established to remote [36089aa2-94bb-440c-a52f-b36393bfe982/127.0.0.1:61131].

--------------------------------------------------------------------------------
2020-02-21 17:17:51.001 [Info] Connected [36089aa2-94bb-440c-a52f-b36393bfe982].

--------------------------------------------------------------------------------
2020-02-21 17:17:51.250 [Debug] Took 8ms to load player from db!

--------------------------------------------------------------------------------
2020-02-21 17:18:09.303 [Info] Connection approved [4c1856e4-82c5-4db7-8963-77407702db34].

--------------------------------------------------------------------------------
2020-02-21 17:18:09.315 [Debug] Connection established to remote [4c1856e4-82c5-4db7-8963-77407702db34/127.0.0.1:65432].

--------------------------------------------------------------------------------
2020-02-21 17:18:09.315 [Info] Connected [4c1856e4-82c5-4db7-8963-77407702db34].

--------------------------------------------------------------------------------
2020-02-21 17:18:21.934 [Debug] Took 0ms to send game data to client!

--------------------------------------------------------------------------------
2020-02-21 17:18:35.326 [Debug] StatusChanged: [NetIncomingMessage #11 11 bytes] [Disconnected]

--------------------------------------------------------------------------------
2020-02-21 17:18:35.326 [Debug] Connectioned terminated to remote [4c1856e4-82c5-4db7-8963-77407702db34/127.0.0.1:65432].

--------------------------------------------------------------------------------
2020-02-21 17:18:35.326 [Info] Disconnected [4c1856e4-82c5-4db7-8963-77407702db34].

--------------------------------------------------------------------------------
2020-02-21 17:18:35.326 [Debug] Client disconnected (AEON->AEON)

--------------------------------------------------------------------------------
2020-02-21 17:18:55.524 [Info] Connection approved [f97f15ae-a4fa-457c-a619-70a3961b0d70].

--------------------------------------------------------------------------------
2020-02-21 17:18:55.534 [Debug] Connection established to remote [f97f15ae-a4fa-457c-a619-70a3961b0d70/127.0.0.1:63357].

--------------------------------------------------------------------------------
2020-02-21 17:18:55.534 [Info] Connected [f97f15ae-a4fa-457c-a619-70a3961b0d70].

--------------------------------------------------------------------------------
2020-02-21 17:19:01.216 [Debug] Took 0ms to send game data to client!

--------------------------------------------------------------------------------
2020-02-21 17:19:05.452 [Debug] StatusChanged: [NetIncomingMessage #2 11 bytes] [Disconnected]

--------------------------------------------------------------------------------
2020-02-21 17:19:05.452 [Debug] Connectioned terminated to remote [f97f15ae-a4fa-457c-a619-70a3961b0d70/127.0.0.1:63357].

--------------------------------------------------------------------------------
2020-02-21 17:19:05.452 [Info] Disconnected [f97f15ae-a4fa-457c-a619-70a3961b0d70].

--------------------------------------------------------------------------------
2020-02-21 17:19:05.452 [Debug] Client disconnected (AEON->AEON)

--------------------------------------------------------------------------------
2020-02-21 17:19:13.951 [Debug] StatusChanged: [NetIncomingMessage #0 10 bytes] [Disconnected]

--------------------------------------------------------------------------------
2020-02-21 17:19:13.951 [Debug] Connectioned terminated to remote [36089aa2-94bb-440c-a52f-b36393bfe982/127.0.0.1:61131].

--------------------------------------------------------------------------------
2020-02-21 17:19:13.951 [Info] Disconnected [36089aa2-94bb-440c-a52f-b36393bfe982].

--------------------------------------------------------------------------------
2020-02-21 17:19:13.951 [Debug] Client disconnected (AEON->[editor])

--------------------------------------------------------------------------------
2020-02-21 17:19:16.839 [Info] Acquiring context lock... (0ms)

--------------------------------------------------------------------------------
2020-02-21 17:19:16.839 [Info] Acquired. (0ms)

--------------------------------------------------------------------------------
2020-02-21 17:19:16.839 [Info] Beginning context dispose. (0ms)

--------------------------------------------------------------------------------
2020-02-21 17:19:16.841 [Info] Disposing network... (1ms)

--------------------------------------------------------------------------------
2020-02-21 17:19:16.842 [Info] Saving player database... (2ms)

--------------------------------------------------------------------------------
2020-02-21 17:19:16.843 [Info] Saving game database... (4ms)

--------------------------------------------------------------------------------
2020-02-21 17:19:16.848 [Info] Shutting down the API... (8ms)

--------------------------------------------------------------------------------
2020-02-21 17:19:16.848 [Info] Base dispose. (8ms)

--------------------------------------------------------------------------------
2020-02-21 17:19:16.848 [Info] Finished disposing server context. (8ms)

--------------------------------------------------------------------------------
2020-02-21 17:19:16.848 [Info] GC.SuppressFinalize (9ms)

--------------------------------------------------------------------------------
2020-02-21 17:19:16.848 [Info] InternalDispose() completed. (9ms)

--------------------------------------------------------------------------------
2020-02-21 17:19:16.848 [Info] Clearing instance... (9ms)

--------------------------------------------------------------------------------
2020-02-21 17:19:16.848 [Info] Releasing context lock... (9ms)

--------------------------------------------------------------------------------
2020-02-21 17:19:16.849 [Info] Released. (9ms)

--------------------------------------------------------------------------------
