2020-02-12 15:21:32.474 [Debug] Loaded new formula from BaseExp * Power(Gain, Level).

--------------------------------------------------------------------------------
2020-02-12 15:21:32.484 [Debug] Loaded new formula from BaseExp * Power(Gain, Level).

--------------------------------------------------------------------------------
Listening on 0.0.0.0:5400.

--------------------------------------------------------------------------------
UPnP Service Initialization Failed. You might not have a router, or UPnP on your router might be disabled.
  Message: Exception of type 'Open.Nat.NatDeviceNotFoundException' was thrown.
    Stack:    at Open.Nat.NatDiscoverer.<DiscoverDeviceAsync>d__5.MoveNext()
--- End of stack trace from previous location where exception was thrown ---
   at System.Runtime.ExceptionServices.ExceptionDispatchInfo.Throw()
   at System.Runtime.CompilerServices.TaskAwaiter.HandleNonSuccessAndDebuggerNotification(Task task)
   at System.Runtime.CompilerServices.TaskAwaiter`1.GetResult()
   at Intersect.Server.Networking.Helpers.UpnP.<ConnectNatDevice>d__4.MoveNext() in C:\TeamCity\buildAgent\work\6c64f60308be6068\Intersect.Server\Classes\Networking\Helpers\UPnP.cs:line 24


--------------------------------------------------------------------------------
2020-02-12 15:21:42.608 [Info] Connection approved [f9c505e7-5dee-4662-bb72-4f527b99ce16].

--------------------------------------------------------------------------------
2020-02-12 15:21:42.633 [Debug] Connection established to remote [f9c505e7-5dee-4662-bb72-4f527b99ce16/127.0.0.1:55824].

--------------------------------------------------------------------------------
2020-02-12 15:21:42.634 [Info] Connected [f9c505e7-5dee-4662-bb72-4f527b99ce16].

--------------------------------------------------------------------------------
2020-02-12 15:21:50.250 [Debug] Took 38ms to send game data to client!

--------------------------------------------------------------------------------
2020-02-12 15:22:36.048 [Info] Connection approved [c2343b26-ff8b-4dcd-b42c-47ab5d8a2487].

--------------------------------------------------------------------------------
2020-02-12 15:22:36.062 [Debug] Connection established to remote [c2343b26-ff8b-4dcd-b42c-47ab5d8a2487/127.0.0.1:52887].

--------------------------------------------------------------------------------
2020-02-12 15:22:36.062 [Info] Connected [c2343b26-ff8b-4dcd-b42c-47ab5d8a2487].

--------------------------------------------------------------------------------
2020-02-12 15:22:48.225 [Debug] Took 0ms to send game data to client!

--------------------------------------------------------------------------------
2020-02-12 15:23:21.408 [Info] Connection approved [2c6c4a9c-ad88-4f12-b09f-6575f538cc12].

--------------------------------------------------------------------------------
2020-02-12 15:23:21.420 [Debug] Connection established to remote [2c6c4a9c-ad88-4f12-b09f-6575f538cc12/127.0.0.1:52891].

--------------------------------------------------------------------------------
2020-02-12 15:23:21.420 [Info] Connected [2c6c4a9c-ad88-4f12-b09f-6575f538cc12].

--------------------------------------------------------------------------------
2020-02-12 15:23:21.817 [Debug] Took 3ms to load player from db!

--------------------------------------------------------------------------------
2020-02-12 15:23:52.652 [Debug] StatusChanged: [NetIncomingMessage #9 10 bytes] [Disconnected]

--------------------------------------------------------------------------------
2020-02-12 15:23:52.652 [Debug] Connectioned terminated to remote [2c6c4a9c-ad88-4f12-b09f-6575f538cc12/127.0.0.1:52891].

--------------------------------------------------------------------------------
2020-02-12 15:23:52.652 [Info] Disconnected [2c6c4a9c-ad88-4f12-b09f-6575f538cc12].

--------------------------------------------------------------------------------
2020-02-12 15:23:52.653 [Debug] Client disconnected (AEON->[editor])

--------------------------------------------------------------------------------
2020-02-12 15:23:58.588 [Info] Acquiring context lock... (0ms)

--------------------------------------------------------------------------------
2020-02-12 15:23:58.588 [Info] Acquired. (0ms)

--------------------------------------------------------------------------------
2020-02-12 15:23:58.588 [Info] Beginning context dispose. (0ms)

--------------------------------------------------------------------------------
2020-02-12 15:23:58.591 [Info] Disposing network... (1ms)

--------------------------------------------------------------------------------
2020-02-12 15:23:58.593 [Debug] StatusChanged: [NetIncomingMessage #10 11 bytes] [Disconnecting]

--------------------------------------------------------------------------------
2020-02-12 15:23:58.593 [Debug] StatusChanged: [NetIncomingMessage #11 11 bytes] [Disconnecting]

--------------------------------------------------------------------------------
2020-02-12 15:23:58.594 [Info] Saving player database... (4ms)

--------------------------------------------------------------------------------
2020-02-12 15:23:58.596 [Debug] StatusChanged: [NetIncomingMessage #0 11 bytes] [Disconnected]

--------------------------------------------------------------------------------
2020-02-12 15:23:58.596 [Debug] StatusChanged: [NetIncomingMessage #0 11 bytes] [Disconnected]

--------------------------------------------------------------------------------
2020-02-12 15:23:58.600 [Info] Saving game database... (10ms)

--------------------------------------------------------------------------------
2020-02-12 15:23:58.601 [Info] Shutting down the API... (11ms)

--------------------------------------------------------------------------------
2020-02-12 15:23:58.601 [Info] Base dispose. (11ms)

--------------------------------------------------------------------------------
2020-02-12 15:23:58.601 [Info] Finished disposing server context. (12ms)

--------------------------------------------------------------------------------
2020-02-12 15:23:58.601 [Info] GC.SuppressFinalize (12ms)

--------------------------------------------------------------------------------
2020-02-12 15:23:58.601 [Info] InternalDispose() completed. (13ms)

--------------------------------------------------------------------------------
2020-02-12 15:23:58.602 [Info] Clearing instance... (13ms)

--------------------------------------------------------------------------------
2020-02-12 15:23:58.602 [Info] Releasing context lock... (13ms)

--------------------------------------------------------------------------------
2020-02-12 15:23:58.602 [Info] Released. (13ms)

--------------------------------------------------------------------------------
