2020-02-20 09:27:52.334 [Debug] Loaded new formula from BaseExp * Power(Gain, Level).

--------------------------------------------------------------------------------
2020-02-20 09:27:52.344 [Debug] Loaded new formula from BaseExp * Power(Gain, Level).

--------------------------------------------------------------------------------
Listening on 0.0.0.0:5400.

--------------------------------------------------------------------------------
2020-02-20 09:27:57.233 [Info] Connection approved [57bd6b0f-b08c-4927-8ba5-1ad93df31a35].

--------------------------------------------------------------------------------
2020-02-20 09:27:57.246 [Debug] Connection established to remote [57bd6b0f-b08c-4927-8ba5-1ad93df31a35/127.0.0.1:52253].

--------------------------------------------------------------------------------
2020-02-20 09:27:57.246 [Info] Connected [57bd6b0f-b08c-4927-8ba5-1ad93df31a35].

--------------------------------------------------------------------------------
2020-02-20 09:27:58.233 [Debug] Took 480ms to load player from db!

--------------------------------------------------------------------------------
UPnP Service Initialization Failed. You might not have a router, or UPnP on your router might be disabled.
  Message: Exception of type 'Open.Nat.NatDeviceNotFoundException' was thrown.
    Stack:    at Open.Nat.NatDiscoverer.<DiscoverDeviceAsync>d__5.MoveNext()
--- End of stack trace from previous location where exception was thrown ---
   at System.Runtime.ExceptionServices.ExceptionDispatchInfo.Throw()
   at System.Runtime.CompilerServices.TaskAwaiter.HandleNonSuccessAndDebuggerNotification(Task task)
   at System.Runtime.CompilerServices.TaskAwaiter`1.GetResult()
   at Intersect.Server.Networking.Helpers.UpnP.<ConnectNatDevice>d__4.MoveNext() in C:\TeamCity\buildAgent\work\6c64f60308be6068\Intersect.Server\Classes\Networking\Helpers\UPnP.cs:line 24


--------------------------------------------------------------------------------
2020-02-20 09:33:33.354 [Debug] StatusChanged: [NetIncomingMessage #51 10 bytes] [Disconnected]

--------------------------------------------------------------------------------
2020-02-20 09:33:33.356 [Debug] Connectioned terminated to remote [57bd6b0f-b08c-4927-8ba5-1ad93df31a35/127.0.0.1:52253].

--------------------------------------------------------------------------------
2020-02-20 09:33:33.358 [Info] Disconnected [57bd6b0f-b08c-4927-8ba5-1ad93df31a35].

--------------------------------------------------------------------------------
2020-02-20 09:33:33.359 [Debug] Client disconnected (AEON->[editor])

--------------------------------------------------------------------------------
2020-02-20 09:33:36.960 [Info] Connection approved [35c57689-c7c8-42b7-b3f0-843d5f1c8a94].

--------------------------------------------------------------------------------
2020-02-20 09:33:36.978 [Debug] Connection established to remote [35c57689-c7c8-42b7-b3f0-843d5f1c8a94/127.0.0.1:53364].

--------------------------------------------------------------------------------
2020-02-20 09:33:36.978 [Info] Connected [35c57689-c7c8-42b7-b3f0-843d5f1c8a94].

--------------------------------------------------------------------------------
2020-02-20 09:33:37.763 [Debug] Took 11ms to load player from db!

--------------------------------------------------------------------------------
2020-02-20 09:35:03.974 [Debug] StatusChanged: [NetIncomingMessage #14 10 bytes] [Disconnected]

--------------------------------------------------------------------------------
2020-02-20 09:35:03.975 [Debug] Connectioned terminated to remote [35c57689-c7c8-42b7-b3f0-843d5f1c8a94/127.0.0.1:53364].

--------------------------------------------------------------------------------
2020-02-20 09:35:03.975 [Info] Disconnected [35c57689-c7c8-42b7-b3f0-843d5f1c8a94].

--------------------------------------------------------------------------------
2020-02-20 09:35:03.976 [Debug] Client disconnected (AEON->[editor])

--------------------------------------------------------------------------------
2020-02-20 09:35:08.117 [Info] Connection approved [9e749e68-55a1-4e64-b7a2-25f1e35d96a4].

--------------------------------------------------------------------------------
2020-02-20 09:35:08.134 [Debug] Connection established to remote [9e749e68-55a1-4e64-b7a2-25f1e35d96a4/127.0.0.1:53374].

--------------------------------------------------------------------------------
2020-02-20 09:35:08.134 [Info] Connected [9e749e68-55a1-4e64-b7a2-25f1e35d96a4].

--------------------------------------------------------------------------------
2020-02-20 09:35:09.121 [Debug] Took 13ms to load player from db!

--------------------------------------------------------------------------------
2020-02-20 10:04:56.373 [Debug] StatusChanged: [NetIncomingMessage #259 10 bytes] [Disconnected]

--------------------------------------------------------------------------------
2020-02-20 10:04:56.373 [Debug] Connectioned terminated to remote [9e749e68-55a1-4e64-b7a2-25f1e35d96a4/127.0.0.1:53374].

--------------------------------------------------------------------------------
2020-02-20 10:04:56.373 [Info] Disconnected [9e749e68-55a1-4e64-b7a2-25f1e35d96a4].

--------------------------------------------------------------------------------
2020-02-20 10:04:56.373 [Debug] Client disconnected (AEON->[editor])

--------------------------------------------------------------------------------
2020-02-20 10:04:59.819 [Info] Acquiring context lock... (0ms)

--------------------------------------------------------------------------------
2020-02-20 10:04:59.819 [Info] Acquired. (0ms)

--------------------------------------------------------------------------------
2020-02-20 10:04:59.820 [Info] Beginning context dispose. (0ms)

--------------------------------------------------------------------------------
2020-02-20 10:04:59.822 [Info] Disposing network... (1ms)

--------------------------------------------------------------------------------
2020-02-20 10:04:59.824 [Info] Saving player database... (3ms)

--------------------------------------------------------------------------------
2020-02-20 10:04:59.827 [Info] Saving game database... (6ms)

--------------------------------------------------------------------------------
2020-02-20 10:04:59.833 [Info] Shutting down the API... (11ms)

--------------------------------------------------------------------------------
2020-02-20 10:04:59.833 [Info] Shutting down the logic thread... (12ms)

--------------------------------------------------------------------------------
2020-02-20 10:04:59.837 [Info] Base dispose. (15ms)

--------------------------------------------------------------------------------
2020-02-20 10:04:59.837 [Info] Finished disposing server context. (16ms)

--------------------------------------------------------------------------------
2020-02-20 10:04:59.837 [Info] GC.SuppressFinalize (17ms)

--------------------------------------------------------------------------------
2020-02-20 10:04:59.837 [Info] InternalDispose() completed. (17ms)

--------------------------------------------------------------------------------
2020-02-20 10:04:59.837 [Info] Clearing instance... (18ms)

--------------------------------------------------------------------------------
2020-02-20 10:04:59.838 [Info] Releasing context lock... (18ms)

--------------------------------------------------------------------------------
2020-02-20 10:04:59.838 [Info] Released. (18ms)

--------------------------------------------------------------------------------
