2020-02-12 08:31:24.155 [Debug] Loaded new formula from BaseExp * Power(Gain, Level).

--------------------------------------------------------------------------------
2020-02-12 08:31:24.342 [Warn] 
  Message: Missing configuration file.
    Stack:    at Intersect.Configuration.ConfigurationHelper.Load[T](T configuration, String filePath, Boolean failQuietly) in C:\TeamCity\buildAgent\work\6c64f60308be6068\Intersect (Core)\Configuration\ConfigurationHelper.cs:line 18
   at Intersect.Server.Web.RestApi.Configuration.ApiConfiguration.Load(String filePath, Boolean failQuietly) in C:\TeamCity\buildAgent\work\6c64f60308be6068\Intersect.Server\Web\RestApi\Configuration\ApiConfiguration.cs:line 190
   at Intersect.Configuration.ConfigurationHelper.LoadSafely[T](T configuration, String filePath) in C:\TeamCity\buildAgent\work\6c64f60308be6068\Intersect (Core)\Configuration\ConfigurationHelper.cs:line 77


--------------------------------------------------------------------------------
Listening on 0.0.0.0:5400.

--------------------------------------------------------------------------------
UPnP Service Initialization Failed. You might not have a router, or UPnP on your router might be disabled.
  Message: Exception of type 'Open.Nat.NatDeviceNotFoundException' was thrown.
    Stack:    at Open.Nat.NatDiscoverer.<DiscoverDeviceAsync>d__5.MoveNext()
--- End of stack trace from previous location where exception was thrown ---
   at System.Runtime.ExceptionServices.ExceptionDispatchInfo.Throw()
   at System.Runtime.CompilerServices.TaskAwaiter.HandleNonSuccessAndDebuggerNotification(Task task)
   at System.Runtime.CompilerServices.TaskAwaiter`1.GetResult()
   at Intersect.Server.Networking.Helpers.UpnP.<ConnectNatDevice>d__4.MoveNext() in C:\TeamCity\buildAgent\work\6c64f60308be6068\Intersect.Server\Classes\Networking\Helpers\UPnP.cs:line 24


--------------------------------------------------------------------------------
2020-02-12 08:31:45.596 [Info] Connection approved [882a0029-e422-4731-8444-dc61c93c721d].

--------------------------------------------------------------------------------
2020-02-12 08:31:45.622 [Debug] Connection established to remote [882a0029-e422-4731-8444-dc61c93c721d/127.0.0.1:64555].

--------------------------------------------------------------------------------
2020-02-12 08:31:45.622 [Info] Connected [882a0029-e422-4731-8444-dc61c93c721d].

--------------------------------------------------------------------------------
2020-02-12 08:32:37.725 [Debug] Took 17ms to send game data to client!

--------------------------------------------------------------------------------
2020-02-12 08:32:49.359 [Debug] StatusChanged: [NetIncomingMessage #23 11 bytes] [Disconnected]

--------------------------------------------------------------------------------
2020-02-12 08:32:49.359 [Debug] Connectioned terminated to remote [882a0029-e422-4731-8444-dc61c93c721d/127.0.0.1:64555].

--------------------------------------------------------------------------------
2020-02-12 08:32:49.360 [Info] Disconnected [882a0029-e422-4731-8444-dc61c93c721d].

--------------------------------------------------------------------------------
2020-02-12 08:32:49.361 [Debug] Client disconnected (AEON->AEON)

--------------------------------------------------------------------------------
2020-02-12 08:32:55.613 [Info] Connection approved [462586d1-a4ce-4a2d-9ff5-b4bf71bfa6d9].

--------------------------------------------------------------------------------
2020-02-12 08:32:55.628 [Debug] Connection established to remote [462586d1-a4ce-4a2d-9ff5-b4bf71bfa6d9/127.0.0.1:52634].

--------------------------------------------------------------------------------
2020-02-12 08:32:55.628 [Info] Connected [462586d1-a4ce-4a2d-9ff5-b4bf71bfa6d9].

--------------------------------------------------------------------------------
2020-02-12 08:37:56.602 [Debug] Took 558ms to load player from db!

--------------------------------------------------------------------------------
2020-02-12 08:58:56.261 [Debug] StatusChanged: [NetIncomingMessage #10 10 bytes] [Disconnected]

--------------------------------------------------------------------------------
2020-02-12 08:58:56.261 [Debug] Connectioned terminated to remote [462586d1-a4ce-4a2d-9ff5-b4bf71bfa6d9/127.0.0.1:52634].

--------------------------------------------------------------------------------
2020-02-12 08:58:56.261 [Info] Disconnected [462586d1-a4ce-4a2d-9ff5-b4bf71bfa6d9].

--------------------------------------------------------------------------------
2020-02-12 08:58:56.261 [Debug] Client disconnected (AEON->[editor])

--------------------------------------------------------------------------------
2020-02-12 08:59:05.356 [Info] Connection approved [592d62cd-0bb3-48bc-9f60-3e227d5b1054].

--------------------------------------------------------------------------------
2020-02-12 08:59:05.375 [Debug] Connection established to remote [592d62cd-0bb3-48bc-9f60-3e227d5b1054/127.0.0.1:61441].

--------------------------------------------------------------------------------
2020-02-12 08:59:05.375 [Info] Connected [592d62cd-0bb3-48bc-9f60-3e227d5b1054].

--------------------------------------------------------------------------------
2020-02-12 08:59:09.475 [Debug] Took 3ms to load player from db!

--------------------------------------------------------------------------------
2020-02-12 09:03:47.618 [Info] Connection approved [289d8753-8198-4c81-9dce-4e024469d526].

--------------------------------------------------------------------------------
2020-02-12 09:03:47.633 [Debug] Connection established to remote [289d8753-8198-4c81-9dce-4e024469d526/127.0.0.1:52074].

--------------------------------------------------------------------------------
2020-02-12 09:03:47.634 [Info] Connected [289d8753-8198-4c81-9dce-4e024469d526].

--------------------------------------------------------------------------------
2020-02-12 09:03:57.853 [Debug] Took 0ms to send game data to client!

--------------------------------------------------------------------------------
2020-02-12 09:04:25.509 [Debug] StatusChanged: [NetIncomingMessage #0 11 bytes] [Disconnected]

--------------------------------------------------------------------------------
2020-02-12 09:04:25.509 [Debug] Connectioned terminated to remote [289d8753-8198-4c81-9dce-4e024469d526/127.0.0.1:52074].

--------------------------------------------------------------------------------
2020-02-12 09:04:25.509 [Info] Disconnected [289d8753-8198-4c81-9dce-4e024469d526].

--------------------------------------------------------------------------------
2020-02-12 09:04:25.509 [Debug] Client disconnected (AEON->AEON)

--------------------------------------------------------------------------------
2020-02-12 09:58:27.995 [Info] Connection approved [b96833ac-6c6e-4701-b08b-e3b4cbf56824].

--------------------------------------------------------------------------------
2020-02-12 09:58:28.007 [Debug] Connection established to remote [b96833ac-6c6e-4701-b08b-e3b4cbf56824/127.0.0.1:61750].

--------------------------------------------------------------------------------
2020-02-12 09:58:28.007 [Info] Connected [b96833ac-6c6e-4701-b08b-e3b4cbf56824].

--------------------------------------------------------------------------------
2020-02-12 09:58:32.227 [Debug] Took 0ms to send game data to client!

--------------------------------------------------------------------------------
2020-02-12 09:59:30.325 [Debug] StatusChanged: [NetIncomingMessage #7 11 bytes] [Disconnected]

--------------------------------------------------------------------------------
2020-02-12 09:59:30.325 [Debug] Connectioned terminated to remote [b96833ac-6c6e-4701-b08b-e3b4cbf56824/127.0.0.1:61750].

--------------------------------------------------------------------------------
2020-02-12 09:59:30.325 [Info] Disconnected [b96833ac-6c6e-4701-b08b-e3b4cbf56824].

--------------------------------------------------------------------------------
2020-02-12 09:59:30.325 [Debug] Client disconnected (AEON->AEON)

--------------------------------------------------------------------------------
2020-02-12 10:05:02.328 [Info] Connection approved [a38b0c89-ba33-4961-8227-1a80aa4e514f].

--------------------------------------------------------------------------------
2020-02-12 10:05:02.338 [Debug] Connection established to remote [a38b0c89-ba33-4961-8227-1a80aa4e514f/127.0.0.1:49562].

--------------------------------------------------------------------------------
2020-02-12 10:05:02.338 [Info] Connected [a38b0c89-ba33-4961-8227-1a80aa4e514f].

--------------------------------------------------------------------------------
2020-02-12 10:05:05.877 [Debug] Took 0ms to send game data to client!

--------------------------------------------------------------------------------
2020-02-12 10:05:41.329 [Debug] StatusChanged: [NetIncomingMessage #19 11 bytes] [Disconnected]

--------------------------------------------------------------------------------
2020-02-12 10:05:41.329 [Debug] Connectioned terminated to remote [a38b0c89-ba33-4961-8227-1a80aa4e514f/127.0.0.1:49562].

--------------------------------------------------------------------------------
2020-02-12 10:05:41.329 [Info] Disconnected [a38b0c89-ba33-4961-8227-1a80aa4e514f].

--------------------------------------------------------------------------------
2020-02-12 10:05:41.329 [Debug] Client disconnected (AEON->AEON)

--------------------------------------------------------------------------------
2020-02-12 10:23:25.836 [Debug] StatusChanged: [NetIncomingMessage #0 10 bytes] [Disconnected]

--------------------------------------------------------------------------------
2020-02-12 10:23:25.836 [Debug] Connectioned terminated to remote [592d62cd-0bb3-48bc-9f60-3e227d5b1054/127.0.0.1:61441].

--------------------------------------------------------------------------------
2020-02-12 10:23:25.836 [Info] Disconnected [592d62cd-0bb3-48bc-9f60-3e227d5b1054].

--------------------------------------------------------------------------------
2020-02-12 10:23:25.836 [Debug] Client disconnected (AEON->[editor])

--------------------------------------------------------------------------------
2020-02-12 10:23:29.915 [Info] Connection approved [042c6cff-f5c9-4d1b-8aea-21a89cc6a399].

--------------------------------------------------------------------------------
2020-02-12 10:23:29.934 [Debug] Connection established to remote [042c6cff-f5c9-4d1b-8aea-21a89cc6a399/127.0.0.1:52279].

--------------------------------------------------------------------------------
2020-02-12 10:23:29.934 [Info] Connected [042c6cff-f5c9-4d1b-8aea-21a89cc6a399].

--------------------------------------------------------------------------------
2020-02-12 10:23:31.207 [Debug] Took 2ms to load player from db!

--------------------------------------------------------------------------------
2020-02-12 10:23:44.588 [Debug] StatusChanged: [NetIncomingMessage #4 10 bytes] [Disconnected]

--------------------------------------------------------------------------------
2020-02-12 10:23:44.588 [Debug] Connectioned terminated to remote [042c6cff-f5c9-4d1b-8aea-21a89cc6a399/127.0.0.1:52279].

--------------------------------------------------------------------------------
2020-02-12 10:23:44.588 [Info] Disconnected [042c6cff-f5c9-4d1b-8aea-21a89cc6a399].

--------------------------------------------------------------------------------
2020-02-12 10:23:44.588 [Debug] Client disconnected (AEON->[editor])

--------------------------------------------------------------------------------
2020-02-12 10:24:08.103 [Info] Connection approved [d1d91507-4405-4f36-b9c3-acdf5984f879].

--------------------------------------------------------------------------------
2020-02-12 10:24:08.122 [Debug] Connection established to remote [d1d91507-4405-4f36-b9c3-acdf5984f879/127.0.0.1:56389].

--------------------------------------------------------------------------------
2020-02-12 10:24:08.122 [Info] Connected [d1d91507-4405-4f36-b9c3-acdf5984f879].

--------------------------------------------------------------------------------
2020-02-12 10:24:11.711 [Debug] StatusChanged: [NetIncomingMessage #0 10 bytes] [Disconnected]

--------------------------------------------------------------------------------
2020-02-12 10:24:11.711 [Debug] Connectioned terminated to remote [d1d91507-4405-4f36-b9c3-acdf5984f879/127.0.0.1:56389].

--------------------------------------------------------------------------------
2020-02-12 10:24:11.711 [Info] Disconnected [d1d91507-4405-4f36-b9c3-acdf5984f879].

--------------------------------------------------------------------------------
2020-02-12 10:24:11.711 [Debug] Client disconnected ([menu])

--------------------------------------------------------------------------------
2020-02-12 10:24:14.913 [Info] Connection approved [90edd324-4274-4180-b1b2-6c34b4d7b60f].

--------------------------------------------------------------------------------
2020-02-12 10:24:14.918 [Debug] Connection established to remote [90edd324-4274-4180-b1b2-6c34b4d7b60f/127.0.0.1:56392].

--------------------------------------------------------------------------------
2020-02-12 10:24:14.918 [Info] Connected [90edd324-4274-4180-b1b2-6c34b4d7b60f].

--------------------------------------------------------------------------------
2020-02-12 10:24:19.926 [Debug] Took 3ms to load player from db!

--------------------------------------------------------------------------------
2020-02-12 10:25:20.086 [Debug] StatusChanged: [NetIncomingMessage #4 10 bytes] [Disconnected]

--------------------------------------------------------------------------------
2020-02-12 10:25:20.087 [Debug] Connectioned terminated to remote [90edd324-4274-4180-b1b2-6c34b4d7b60f/127.0.0.1:56392].

--------------------------------------------------------------------------------
2020-02-12 10:25:20.087 [Info] Disconnected [90edd324-4274-4180-b1b2-6c34b4d7b60f].

--------------------------------------------------------------------------------
2020-02-12 10:25:20.087 [Debug] Client disconnected (AEON->[editor])

--------------------------------------------------------------------------------
2020-02-12 10:25:24.445 [Info] Connection approved [adc940dc-f322-474a-8ea8-ed1a7ddbe44a].

--------------------------------------------------------------------------------
2020-02-12 10:25:24.449 [Debug] Connection established to remote [adc940dc-f322-474a-8ea8-ed1a7ddbe44a/127.0.0.1:50062].

--------------------------------------------------------------------------------
2020-02-12 10:25:24.449 [Info] Connected [adc940dc-f322-474a-8ea8-ed1a7ddbe44a].

--------------------------------------------------------------------------------
2020-02-12 10:25:24.646 [Debug] Took 3ms to load player from db!

--------------------------------------------------------------------------------
2020-02-12 11:35:15.939 [Debug] StatusChanged: [NetIncomingMessage #4 10 bytes] [Disconnected]

--------------------------------------------------------------------------------
2020-02-12 11:35:15.939 [Debug] Connectioned terminated to remote [adc940dc-f322-474a-8ea8-ed1a7ddbe44a/127.0.0.1:50062].

--------------------------------------------------------------------------------
2020-02-12 11:35:15.939 [Info] Disconnected [adc940dc-f322-474a-8ea8-ed1a7ddbe44a].

--------------------------------------------------------------------------------
2020-02-12 11:35:15.939 [Debug] Client disconnected (AEON->[editor])

--------------------------------------------------------------------------------
2020-02-12 11:35:57.877 [Info] Connection approved [78bdb9eb-0272-43c7-b105-d2c7435b0123].

--------------------------------------------------------------------------------
2020-02-12 11:35:57.897 [Debug] Connection established to remote [78bdb9eb-0272-43c7-b105-d2c7435b0123/127.0.0.1:60626].

--------------------------------------------------------------------------------
2020-02-12 11:35:57.897 [Info] Connected [78bdb9eb-0272-43c7-b105-d2c7435b0123].

--------------------------------------------------------------------------------
2020-02-12 11:35:58.426 [Debug] Took 3ms to load player from db!

--------------------------------------------------------------------------------
2020-02-12 11:59:52.939 [Debug] StatusChanged: [NetIncomingMessage #6 10 bytes] [Disconnected]

--------------------------------------------------------------------------------
2020-02-12 11:59:52.939 [Debug] Connectioned terminated to remote [78bdb9eb-0272-43c7-b105-d2c7435b0123/127.0.0.1:60626].

--------------------------------------------------------------------------------
2020-02-12 11:59:52.939 [Info] Disconnected [78bdb9eb-0272-43c7-b105-d2c7435b0123].

--------------------------------------------------------------------------------
2020-02-12 11:59:52.939 [Debug] Client disconnected (AEON->[editor])

--------------------------------------------------------------------------------
2020-02-12 11:59:58.406 [Info] Connection approved [2b54fe44-f1a1-4810-856a-40a040f39daf].

--------------------------------------------------------------------------------
2020-02-12 11:59:58.415 [Debug] Connection established to remote [2b54fe44-f1a1-4810-856a-40a040f39daf/127.0.0.1:55978].

--------------------------------------------------------------------------------
2020-02-12 11:59:58.415 [Info] Connected [2b54fe44-f1a1-4810-856a-40a040f39daf].

--------------------------------------------------------------------------------
2020-02-12 11:59:58.812 [Debug] Took 2ms to load player from db!

--------------------------------------------------------------------------------
2020-02-12 12:01:14.065 [Debug] StatusChanged: [NetIncomingMessage #5 10 bytes] [Disconnected]

--------------------------------------------------------------------------------
2020-02-12 12:01:14.066 [Debug] Connectioned terminated to remote [2b54fe44-f1a1-4810-856a-40a040f39daf/127.0.0.1:55978].

--------------------------------------------------------------------------------
2020-02-12 12:01:14.066 [Info] Disconnected [2b54fe44-f1a1-4810-856a-40a040f39daf].

--------------------------------------------------------------------------------
2020-02-12 12:01:14.066 [Debug] Client disconnected (AEON->[editor])

--------------------------------------------------------------------------------
2020-02-12 12:01:18.969 [Info] Connection approved [77ecead9-c6b1-4f9e-9b6e-0bc8ce2b76f2].

--------------------------------------------------------------------------------
2020-02-12 12:01:18.976 [Debug] Connection established to remote [77ecead9-c6b1-4f9e-9b6e-0bc8ce2b76f2/127.0.0.1:62159].

--------------------------------------------------------------------------------
2020-02-12 12:01:18.976 [Info] Connected [77ecead9-c6b1-4f9e-9b6e-0bc8ce2b76f2].

--------------------------------------------------------------------------------
2020-02-12 12:02:07.687 [Debug] Took 2ms to load player from db!

--------------------------------------------------------------------------------
2020-02-12 12:02:41.337 [Info] Connection approved [9e081f84-363a-4338-98a9-28782a2911ef].

--------------------------------------------------------------------------------
2020-02-12 12:02:41.365 [Debug] Connection established to remote [9e081f84-363a-4338-98a9-28782a2911ef/127.0.0.1:60461].

--------------------------------------------------------------------------------
2020-02-12 12:02:41.365 [Info] Connected [9e081f84-363a-4338-98a9-28782a2911ef].

--------------------------------------------------------------------------------
2020-02-12 12:02:44.912 [Debug] Took 0ms to send game data to client!

--------------------------------------------------------------------------------
2020-02-12 12:03:14.566 [Debug] StatusChanged: [NetIncomingMessage #18 11 bytes] [Disconnected]

--------------------------------------------------------------------------------
2020-02-12 12:03:14.566 [Debug] Connectioned terminated to remote [9e081f84-363a-4338-98a9-28782a2911ef/127.0.0.1:60461].

--------------------------------------------------------------------------------
2020-02-12 12:03:14.566 [Info] Disconnected [9e081f84-363a-4338-98a9-28782a2911ef].

--------------------------------------------------------------------------------
2020-02-12 12:03:14.566 [Debug] Client disconnected (AEON->AEON)

--------------------------------------------------------------------------------
2020-02-12 12:03:27.190 [Debug] StatusChanged: [NetIncomingMessage #10 10 bytes] [Disconnected]

--------------------------------------------------------------------------------
2020-02-12 12:03:27.190 [Debug] Connectioned terminated to remote [77ecead9-c6b1-4f9e-9b6e-0bc8ce2b76f2/127.0.0.1:62159].

--------------------------------------------------------------------------------
2020-02-12 12:03:27.190 [Info] Disconnected [77ecead9-c6b1-4f9e-9b6e-0bc8ce2b76f2].

--------------------------------------------------------------------------------
2020-02-12 12:03:27.190 [Debug] Client disconnected (AEON->[editor])

--------------------------------------------------------------------------------
2020-02-12 12:41:10.761 [Info] Connection approved [61510476-fc94-4f2c-b170-1aa7902c4e00].

--------------------------------------------------------------------------------
2020-02-12 12:41:10.769 [Debug] Connection established to remote [61510476-fc94-4f2c-b170-1aa7902c4e00/127.0.0.1:60620].

--------------------------------------------------------------------------------
2020-02-12 12:41:10.769 [Info] Connected [61510476-fc94-4f2c-b170-1aa7902c4e00].

--------------------------------------------------------------------------------
2020-02-12 12:41:13.910 [Debug] Took 5ms to load player from db!

--------------------------------------------------------------------------------
2020-02-12 12:41:32.233 [Debug] StatusChanged: [NetIncomingMessage #4 10 bytes] [Disconnected]

--------------------------------------------------------------------------------
2020-02-12 12:41:32.233 [Debug] Connectioned terminated to remote [61510476-fc94-4f2c-b170-1aa7902c4e00/127.0.0.1:60620].

--------------------------------------------------------------------------------
2020-02-12 12:41:32.233 [Info] Disconnected [61510476-fc94-4f2c-b170-1aa7902c4e00].

--------------------------------------------------------------------------------
2020-02-12 12:41:32.233 [Debug] Client disconnected (AEON->[editor])

--------------------------------------------------------------------------------
2020-02-12 13:03:37.127 [Info] Connection approved [a1a204e4-9e6f-4946-918d-5d8527913358].

--------------------------------------------------------------------------------
2020-02-12 13:03:37.142 [Debug] Connection established to remote [a1a204e4-9e6f-4946-918d-5d8527913358/127.0.0.1:62789].

--------------------------------------------------------------------------------
2020-02-12 13:03:37.142 [Info] Connected [a1a204e4-9e6f-4946-918d-5d8527913358].

--------------------------------------------------------------------------------
2020-02-12 13:03:37.682 [Debug] Took 3ms to load player from db!

--------------------------------------------------------------------------------
2020-02-12 13:06:35.436 [Info] Connection approved [e9dd9f17-db93-4d18-89c1-2ca39b632c22].

--------------------------------------------------------------------------------
2020-02-12 13:06:35.464 [Debug] Connection established to remote [e9dd9f17-db93-4d18-89c1-2ca39b632c22/127.0.0.1:59947].

--------------------------------------------------------------------------------
2020-02-12 13:06:35.464 [Info] Connected [e9dd9f17-db93-4d18-89c1-2ca39b632c22].

--------------------------------------------------------------------------------
2020-02-12 13:06:38.561 [Debug] Took 0ms to send game data to client!

--------------------------------------------------------------------------------
2020-02-12 13:07:18.638 [Debug] StatusChanged: [NetIncomingMessage #0 11 bytes] [Disconnected]

--------------------------------------------------------------------------------
2020-02-12 13:07:18.638 [Debug] Connectioned terminated to remote [e9dd9f17-db93-4d18-89c1-2ca39b632c22/127.0.0.1:59947].

--------------------------------------------------------------------------------
2020-02-12 13:07:18.638 [Info] Disconnected [e9dd9f17-db93-4d18-89c1-2ca39b632c22].

--------------------------------------------------------------------------------
2020-02-12 13:07:18.638 [Debug] Client disconnected (AEON->AEON)

--------------------------------------------------------------------------------
2020-02-12 13:08:43.015 [Info] Connection approved [680f4037-75bc-46f3-a493-a5a032b2c3a9].

--------------------------------------------------------------------------------
2020-02-12 13:08:43.039 [Debug] Connection established to remote [680f4037-75bc-46f3-a493-a5a032b2c3a9/127.0.0.1:55577].

--------------------------------------------------------------------------------
2020-02-12 13:08:43.039 [Info] Connected [680f4037-75bc-46f3-a493-a5a032b2c3a9].

--------------------------------------------------------------------------------
2020-02-12 13:08:46.116 [Debug] Took 0ms to send game data to client!

--------------------------------------------------------------------------------
2020-02-12 13:09:04.139 [Debug] StatusChanged: [NetIncomingMessage #42 11 bytes] [Disconnected]

--------------------------------------------------------------------------------
2020-02-12 13:09:04.139 [Debug] Connectioned terminated to remote [680f4037-75bc-46f3-a493-a5a032b2c3a9/127.0.0.1:55577].

--------------------------------------------------------------------------------
2020-02-12 13:09:04.139 [Info] Disconnected [680f4037-75bc-46f3-a493-a5a032b2c3a9].

--------------------------------------------------------------------------------
2020-02-12 13:09:04.139 [Debug] Client disconnected (AEON->AEON)

--------------------------------------------------------------------------------
2020-02-12 13:11:35.137 [Debug] StatusChanged: [NetIncomingMessage #13 10 bytes] [Disconnected]

--------------------------------------------------------------------------------
2020-02-12 13:11:35.137 [Debug] Connectioned terminated to remote [a1a204e4-9e6f-4946-918d-5d8527913358/127.0.0.1:62789].

--------------------------------------------------------------------------------
2020-02-12 13:11:35.137 [Info] Disconnected [a1a204e4-9e6f-4946-918d-5d8527913358].

--------------------------------------------------------------------------------
2020-02-12 13:11:35.137 [Debug] Client disconnected (AEON->[editor])

--------------------------------------------------------------------------------
2020-02-12 14:47:06.393 [Info] Connection approved [8199c216-5231-41b1-9640-92ac4e13585d].

--------------------------------------------------------------------------------
2020-02-12 14:47:06.418 [Debug] Connection established to remote [8199c216-5231-41b1-9640-92ac4e13585d/127.0.0.1:62357].

--------------------------------------------------------------------------------
2020-02-12 14:47:06.418 [Info] Connected [8199c216-5231-41b1-9640-92ac4e13585d].

--------------------------------------------------------------------------------
2020-02-12 14:47:07.193 [Debug] Took 4ms to load player from db!

--------------------------------------------------------------------------------
2020-02-12 14:49:38.036 [Debug] StatusChanged: [NetIncomingMessage #11 10 bytes] [Disconnected]

--------------------------------------------------------------------------------
2020-02-12 14:49:38.036 [Debug] Connectioned terminated to remote [8199c216-5231-41b1-9640-92ac4e13585d/127.0.0.1:62357].

--------------------------------------------------------------------------------
2020-02-12 14:49:38.036 [Info] Disconnected [8199c216-5231-41b1-9640-92ac4e13585d].

--------------------------------------------------------------------------------
2020-02-12 14:49:38.036 [Debug] Client disconnected (AEON->[editor])

--------------------------------------------------------------------------------
2020-02-12 14:49:43.568 [Info] Connection approved [c484a3d6-8741-40bb-9fa5-12d79bfb6153].

--------------------------------------------------------------------------------
2020-02-12 14:49:43.587 [Debug] Connection established to remote [c484a3d6-8741-40bb-9fa5-12d79bfb6153/127.0.0.1:61399].

--------------------------------------------------------------------------------
2020-02-12 14:49:43.587 [Info] Connected [c484a3d6-8741-40bb-9fa5-12d79bfb6153].

--------------------------------------------------------------------------------
2020-02-12 14:50:00.081 [Debug] Took 4ms to load player from db!

--------------------------------------------------------------------------------
2020-02-12 15:02:12.787 [Debug] StatusChanged: [NetIncomingMessage #8 10 bytes] [Disconnected]

--------------------------------------------------------------------------------
2020-02-12 15:02:12.787 [Debug] Connectioned terminated to remote [c484a3d6-8741-40bb-9fa5-12d79bfb6153/127.0.0.1:61399].

--------------------------------------------------------------------------------
2020-02-12 15:02:12.787 [Info] Disconnected [c484a3d6-8741-40bb-9fa5-12d79bfb6153].

--------------------------------------------------------------------------------
2020-02-12 15:02:12.787 [Debug] Client disconnected (AEON->[editor])

--------------------------------------------------------------------------------
2020-02-12 15:02:16.799 [Info] Acquiring context lock... (0ms)

--------------------------------------------------------------------------------
2020-02-12 15:02:16.799 [Info] Acquired. (0ms)

--------------------------------------------------------------------------------
2020-02-12 15:02:16.800 [Info] Beginning context dispose. (0ms)

--------------------------------------------------------------------------------
2020-02-12 15:02:16.801 [Info] Disposing network... (0ms)

--------------------------------------------------------------------------------
2020-02-12 15:02:16.803 [Info] Saving player database... (2ms)

--------------------------------------------------------------------------------
2020-02-12 15:02:16.808 [Info] Saving game database... (7ms)

--------------------------------------------------------------------------------
2020-02-12 15:02:16.808 [Info] Shutting down the API... (7ms)

--------------------------------------------------------------------------------
2020-02-12 15:02:16.809 [Info] Base dispose. (8ms)

--------------------------------------------------------------------------------
2020-02-12 15:02:16.809 [Info] Finished disposing server context. (8ms)

--------------------------------------------------------------------------------
2020-02-12 15:02:16.809 [Info] GC.SuppressFinalize (9ms)

--------------------------------------------------------------------------------
2020-02-12 15:02:16.809 [Info] InternalDispose() completed. (9ms)

--------------------------------------------------------------------------------
2020-02-12 15:02:16.809 [Info] Clearing instance... (10ms)

--------------------------------------------------------------------------------
2020-02-12 15:02:16.809 [Info] Releasing context lock... (10ms)

--------------------------------------------------------------------------------
2020-02-12 15:02:16.809 [Info] Released. (10ms)

--------------------------------------------------------------------------------
