2020-03-02 00:01:32.779 [Debug] Loaded new formula from BaseExp * Power(Gain, Level).

--------------------------------------------------------------------------------
2020-03-02 00:01:32.785 [Debug] Loaded new formula from BaseExp * Power(Gain, Level).

--------------------------------------------------------------------------------
Listening on 0.0.0.0:5400.

--------------------------------------------------------------------------------
UPnP Service Initialization Succeeded

--------------------------------------------------------------------------------
Successfully auto port forwarded udp port 5400 using UPnP.

--------------------------------------------------------------------------------
2020-03-02 00:01:37.892 [Info] Connection approved [6d172c9c-6764-48ef-8711-8a2f71b66a78].

--------------------------------------------------------------------------------
2020-03-02 00:01:37.910 [Debug] Connection established to remote [6d172c9c-6764-48ef-8711-8a2f71b66a78/127.0.0.1:60389].

--------------------------------------------------------------------------------
2020-03-02 00:01:37.910 [Info] Connected [6d172c9c-6764-48ef-8711-8a2f71b66a78].

--------------------------------------------------------------------------------
2020-03-02 00:01:39.307 [Debug] Took 334ms to load player from db!

--------------------------------------------------------------------------------
2020-03-02 00:36:47.114 [Info] Connection approved [252567dd-8e91-4ba4-ba81-301f0b298f6d].

--------------------------------------------------------------------------------
2020-03-02 00:36:47.126 [Debug] Connection established to remote [252567dd-8e91-4ba4-ba81-301f0b298f6d/127.0.0.1:59612].

--------------------------------------------------------------------------------
2020-03-02 00:36:47.126 [Info] Connected [252567dd-8e91-4ba4-ba81-301f0b298f6d].

--------------------------------------------------------------------------------
2020-03-02 00:36:50.549 [Debug] Took 2ms to send game data to client!

--------------------------------------------------------------------------------
2020-03-02 00:39:34.248 [Debug] StatusChanged: [NetIncomingMessage #592 11 bytes] [Disconnected]

--------------------------------------------------------------------------------
2020-03-02 00:39:34.248 [Debug] Connectioned terminated to remote [252567dd-8e91-4ba4-ba81-301f0b298f6d/127.0.0.1:59612].

--------------------------------------------------------------------------------
2020-03-02 00:39:34.249 [Info] Disconnected [252567dd-8e91-4ba4-ba81-301f0b298f6d].

--------------------------------------------------------------------------------
2020-03-02 00:39:34.249 [Debug] Client disconnected (AEON->AEON)

--------------------------------------------------------------------------------
2020-03-02 00:40:12.998 [Debug] StatusChanged: [NetIncomingMessage #595 10 bytes] [Disconnected]

--------------------------------------------------------------------------------
2020-03-02 00:40:12.998 [Debug] Connectioned terminated to remote [6d172c9c-6764-48ef-8711-8a2f71b66a78/127.0.0.1:60389].

--------------------------------------------------------------------------------
2020-03-02 00:40:12.998 [Info] Disconnected [6d172c9c-6764-48ef-8711-8a2f71b66a78].

--------------------------------------------------------------------------------
2020-03-02 00:40:12.998 [Debug] Client disconnected (AEON->[editor])

--------------------------------------------------------------------------------
2020-03-02 00:40:15.230 [Info] Acquiring context lock... (0ms)

--------------------------------------------------------------------------------
2020-03-02 00:40:15.230 [Info] Acquired. (0ms)

--------------------------------------------------------------------------------
2020-03-02 00:40:15.230 [Info] Beginning context dispose. (0ms)

--------------------------------------------------------------------------------
2020-03-02 00:40:15.231 [Info] Disposing network... (0ms)

--------------------------------------------------------------------------------
2020-03-02 00:40:15.232 [Info] Saving player database... (1ms)

--------------------------------------------------------------------------------
2020-03-02 00:40:15.234 [Info] Saving game database... (3ms)

--------------------------------------------------------------------------------
2020-03-02 00:40:15.240 [Info] Shutting down the API... (9ms)

--------------------------------------------------------------------------------
2020-03-02 00:40:15.241 [Info] Base dispose. (9ms)

--------------------------------------------------------------------------------
2020-03-02 00:40:15.241 [Info] Finished disposing server context. (9ms)

--------------------------------------------------------------------------------
2020-03-02 00:40:15.241 [Info] GC.SuppressFinalize (10ms)

--------------------------------------------------------------------------------
2020-03-02 00:40:15.241 [Info] InternalDispose() completed. (10ms)

--------------------------------------------------------------------------------
2020-03-02 00:40:15.241 [Info] Clearing instance... (10ms)

--------------------------------------------------------------------------------
2020-03-02 00:40:15.241 [Info] Releasing context lock... (10ms)

--------------------------------------------------------------------------------
2020-03-02 00:40:15.241 [Info] Released. (11ms)

--------------------------------------------------------------------------------
