2020-02-15 02:34:36.084 [Debug] Loaded new formula from BaseExp * Power(Gain, Level).

--------------------------------------------------------------------------------
2020-02-15 02:34:36.087 [Debug] Loaded new formula from BaseExp * Power(Gain, Level).

--------------------------------------------------------------------------------
Listening on 0.0.0.0:5400.

--------------------------------------------------------------------------------
UPnP Service Initialization Succeeded

--------------------------------------------------------------------------------
Successfully auto port forwarded udp port 5400 using UPnP.

--------------------------------------------------------------------------------
2020-02-15 02:34:40.623 [Info] Connection approved [24df8e9c-faf8-4746-8fde-de7467ebd917].

--------------------------------------------------------------------------------
2020-02-15 02:34:40.641 [Debug] Connection established to remote [24df8e9c-faf8-4746-8fde-de7467ebd917/127.0.0.1:63806].

--------------------------------------------------------------------------------
2020-02-15 02:34:40.641 [Info] Connected [24df8e9c-faf8-4746-8fde-de7467ebd917].

--------------------------------------------------------------------------------
2020-02-15 02:34:53.819 [Debug] Took 10ms to send game data to client!

--------------------------------------------------------------------------------
2020-02-15 02:37:31.822 [Debug] StatusChanged: [NetIncomingMessage #444 11 bytes] [Disconnected]

--------------------------------------------------------------------------------
2020-02-15 02:37:31.822 [Debug] Connectioned terminated to remote [24df8e9c-faf8-4746-8fde-de7467ebd917/127.0.0.1:63806].

--------------------------------------------------------------------------------
2020-02-15 02:37:31.823 [Info] Disconnected [24df8e9c-faf8-4746-8fde-de7467ebd917].

--------------------------------------------------------------------------------
2020-02-15 02:37:31.823 [Debug] Client disconnected (suckass->Suckass)

--------------------------------------------------------------------------------
2020-02-15 02:37:34.360 [Info] Connection approved [ad2bfb0c-3643-47a8-897f-bbf486370961].

--------------------------------------------------------------------------------
2020-02-15 02:37:34.372 [Debug] Connection established to remote [ad2bfb0c-3643-47a8-897f-bbf486370961/127.0.0.1:56171].

--------------------------------------------------------------------------------
2020-02-15 02:37:34.372 [Info] Connected [ad2bfb0c-3643-47a8-897f-bbf486370961].

--------------------------------------------------------------------------------
2020-02-15 02:37:35.015 [Debug] Took 13ms to load player from db!

--------------------------------------------------------------------------------
2020-02-15 02:41:08.750 [Info] Connection approved [df79c786-ee7f-4990-9ace-e051796f105c].

--------------------------------------------------------------------------------
2020-02-15 02:41:08.763 [Debug] Connection established to remote [df79c786-ee7f-4990-9ace-e051796f105c/127.0.0.1:49436].

--------------------------------------------------------------------------------
2020-02-15 02:41:08.763 [Info] Connected [df79c786-ee7f-4990-9ace-e051796f105c].

--------------------------------------------------------------------------------
2020-02-15 02:41:12.614 [Debug] Took 0ms to send game data to client!

--------------------------------------------------------------------------------
2020-02-15 02:43:15.945 [Debug] StatusChanged: [NetIncomingMessage #230 11 bytes] [Disconnected]

--------------------------------------------------------------------------------
2020-02-15 02:43:15.945 [Debug] Connectioned terminated to remote [df79c786-ee7f-4990-9ace-e051796f105c/127.0.0.1:49436].

--------------------------------------------------------------------------------
2020-02-15 02:43:15.945 [Info] Disconnected [df79c786-ee7f-4990-9ace-e051796f105c].

--------------------------------------------------------------------------------
2020-02-15 02:43:15.945 [Debug] Client disconnected (suckass->Suckass)

--------------------------------------------------------------------------------
2020-02-15 02:44:11.110 [Info] Connection approved [8a18b41a-083d-4994-9a55-50fee0cdc799].

--------------------------------------------------------------------------------
2020-02-15 02:44:11.123 [Debug] Connection established to remote [8a18b41a-083d-4994-9a55-50fee0cdc799/127.0.0.1:62342].

--------------------------------------------------------------------------------
2020-02-15 02:44:11.123 [Info] Connected [8a18b41a-083d-4994-9a55-50fee0cdc799].

--------------------------------------------------------------------------------
2020-02-15 02:44:13.629 [Debug] Took 0ms to send game data to client!

--------------------------------------------------------------------------------
2020-02-15 02:45:50.446 [Debug] StatusChanged: [NetIncomingMessage #91 11 bytes] [Disconnected]

--------------------------------------------------------------------------------
2020-02-15 02:45:50.446 [Debug] Connectioned terminated to remote [8a18b41a-083d-4994-9a55-50fee0cdc799/127.0.0.1:62342].

--------------------------------------------------------------------------------
2020-02-15 02:45:50.446 [Info] Disconnected [8a18b41a-083d-4994-9a55-50fee0cdc799].

--------------------------------------------------------------------------------
2020-02-15 02:45:50.446 [Debug] Client disconnected (suckass->Suckass)

--------------------------------------------------------------------------------
2020-02-15 02:47:11.628 [Info] Connection approved [00753471-cefd-48d8-8869-9142d61cca95].

--------------------------------------------------------------------------------
2020-02-15 02:47:11.637 [Debug] Connection established to remote [00753471-cefd-48d8-8869-9142d61cca95/127.0.0.1:59643].

--------------------------------------------------------------------------------
2020-02-15 02:47:11.637 [Info] Connected [00753471-cefd-48d8-8869-9142d61cca95].

--------------------------------------------------------------------------------
2020-02-15 02:47:13.643 [Debug] Took 0ms to send game data to client!

--------------------------------------------------------------------------------
2020-02-15 02:48:01.820 [Debug] StatusChanged: [NetIncomingMessage #58 11 bytes] [Disconnected]

--------------------------------------------------------------------------------
2020-02-15 02:48:01.820 [Debug] Connectioned terminated to remote [00753471-cefd-48d8-8869-9142d61cca95/127.0.0.1:59643].

--------------------------------------------------------------------------------
2020-02-15 02:48:01.820 [Info] Disconnected [00753471-cefd-48d8-8869-9142d61cca95].

--------------------------------------------------------------------------------
2020-02-15 02:48:01.820 [Debug] Client disconnected (suckass->Suckass)

--------------------------------------------------------------------------------
2020-02-15 02:56:04.446 [Debug] StatusChanged: [NetIncomingMessage #261 10 bytes] [Disconnected]

--------------------------------------------------------------------------------
2020-02-15 02:56:04.446 [Debug] Connectioned terminated to remote [ad2bfb0c-3643-47a8-897f-bbf486370961/127.0.0.1:56171].

--------------------------------------------------------------------------------
2020-02-15 02:56:04.446 [Info] Disconnected [ad2bfb0c-3643-47a8-897f-bbf486370961].

--------------------------------------------------------------------------------
2020-02-15 02:56:04.446 [Debug] Client disconnected (AEON->[editor])

--------------------------------------------------------------------------------
2020-02-15 02:58:13.937 [Info] Connection approved [59be0431-3c6c-4e93-bda1-d1ee645dda07].

--------------------------------------------------------------------------------
2020-02-15 02:58:13.950 [Debug] Connection established to remote [59be0431-3c6c-4e93-bda1-d1ee645dda07/127.0.0.1:61529].

--------------------------------------------------------------------------------
2020-02-15 02:58:13.950 [Info] Connected [59be0431-3c6c-4e93-bda1-d1ee645dda07].

--------------------------------------------------------------------------------
2020-02-15 02:58:15.945 [Debug] StatusChanged: [NetIncomingMessage #267 11 bytes] [Disconnected]

--------------------------------------------------------------------------------
2020-02-15 02:58:15.945 [Debug] Connectioned terminated to remote [59be0431-3c6c-4e93-bda1-d1ee645dda07/127.0.0.1:61529].

--------------------------------------------------------------------------------
2020-02-15 02:58:15.945 [Info] Disconnected [59be0431-3c6c-4e93-bda1-d1ee645dda07].

--------------------------------------------------------------------------------
2020-02-15 02:58:15.945 [Debug] Client disconnected ([menu])

--------------------------------------------------------------------------------
2020-02-15 02:58:18.589 [Info] Connection approved [c34b2a40-912a-4b05-9912-02eb83ea9f47].

--------------------------------------------------------------------------------
2020-02-15 02:58:18.605 [Debug] Connection established to remote [c34b2a40-912a-4b05-9912-02eb83ea9f47/127.0.0.1:56324].

--------------------------------------------------------------------------------
2020-02-15 02:58:18.605 [Info] Connected [c34b2a40-912a-4b05-9912-02eb83ea9f47].

--------------------------------------------------------------------------------
2020-02-15 02:58:19.159 [Debug] Took 4ms to load player from db!

--------------------------------------------------------------------------------
2020-02-15 02:59:44.821 [Debug] StatusChanged: [NetIncomingMessage #20 10 bytes] [Disconnected]

--------------------------------------------------------------------------------
2020-02-15 02:59:44.821 [Debug] Connectioned terminated to remote [c34b2a40-912a-4b05-9912-02eb83ea9f47/127.0.0.1:56324].

--------------------------------------------------------------------------------
2020-02-15 02:59:44.821 [Info] Disconnected [c34b2a40-912a-4b05-9912-02eb83ea9f47].

--------------------------------------------------------------------------------
2020-02-15 02:59:44.821 [Debug] Client disconnected (AEON->[editor])

--------------------------------------------------------------------------------
2020-02-15 02:59:48.607 [Info] Connection approved [ba0fe4ec-9545-41ef-91ff-8de20a3896a4].

--------------------------------------------------------------------------------
2020-02-15 02:59:48.620 [Debug] Connection established to remote [ba0fe4ec-9545-41ef-91ff-8de20a3896a4/127.0.0.1:52600].

--------------------------------------------------------------------------------
2020-02-15 02:59:48.620 [Info] Connected [ba0fe4ec-9545-41ef-91ff-8de20a3896a4].

--------------------------------------------------------------------------------
2020-02-15 02:59:49.424 [Debug] Took 4ms to load player from db!

--------------------------------------------------------------------------------
2020-02-15 03:13:22.906 [Info] Connection approved [2e524a51-8ec4-44ee-9321-b0d08f1b79b0].

--------------------------------------------------------------------------------
2020-02-15 03:13:22.918 [Debug] Connection established to remote [2e524a51-8ec4-44ee-9321-b0d08f1b79b0/127.0.0.1:53849].

--------------------------------------------------------------------------------
2020-02-15 03:13:22.918 [Info] Connected [2e524a51-8ec4-44ee-9321-b0d08f1b79b0].

--------------------------------------------------------------------------------
2020-02-15 03:13:31.846 [Debug] Took 0ms to send game data to client!

--------------------------------------------------------------------------------
2020-02-15 03:13:58.821 [Debug] StatusChanged: [NetIncomingMessage #97 11 bytes] [Disconnected]

--------------------------------------------------------------------------------
2020-02-15 03:13:58.821 [Debug] Connectioned terminated to remote [2e524a51-8ec4-44ee-9321-b0d08f1b79b0/127.0.0.1:53849].

--------------------------------------------------------------------------------
2020-02-15 03:13:58.821 [Info] Disconnected [2e524a51-8ec4-44ee-9321-b0d08f1b79b0].

--------------------------------------------------------------------------------
2020-02-15 03:13:58.821 [Debug] Client disconnected (AEON->AEON)

--------------------------------------------------------------------------------
2020-02-15 03:16:25.001 [Info] Connection approved [92e4fe03-74c0-4757-a96f-945e6ae6567a].

--------------------------------------------------------------------------------
2020-02-15 03:16:25.013 [Debug] Connection established to remote [92e4fe03-74c0-4757-a96f-945e6ae6567a/127.0.0.1:55343].

--------------------------------------------------------------------------------
2020-02-15 03:16:25.013 [Info] Connected [92e4fe03-74c0-4757-a96f-945e6ae6567a].

--------------------------------------------------------------------------------
2020-02-15 03:16:32.067 [Debug] Took 0ms to send game data to client!

--------------------------------------------------------------------------------
2020-02-15 03:27:20.447 [Debug] StatusChanged: [NetIncomingMessage #398 11 bytes] [Disconnected]

--------------------------------------------------------------------------------
2020-02-15 03:27:20.447 [Debug] Connectioned terminated to remote [92e4fe03-74c0-4757-a96f-945e6ae6567a/127.0.0.1:55343].

--------------------------------------------------------------------------------
2020-02-15 03:27:20.447 [Info] Disconnected [92e4fe03-74c0-4757-a96f-945e6ae6567a].

--------------------------------------------------------------------------------
2020-02-15 03:27:20.447 [Debug] Client disconnected (AEON->AEON)

--------------------------------------------------------------------------------
2020-02-15 03:27:37.447 [Debug] StatusChanged: [NetIncomingMessage #406 10 bytes] [Disconnected]

--------------------------------------------------------------------------------
2020-02-15 03:27:37.447 [Debug] Connectioned terminated to remote [ba0fe4ec-9545-41ef-91ff-8de20a3896a4/127.0.0.1:52600].

--------------------------------------------------------------------------------
2020-02-15 03:27:37.447 [Info] Disconnected [ba0fe4ec-9545-41ef-91ff-8de20a3896a4].

--------------------------------------------------------------------------------
2020-02-15 03:27:37.447 [Debug] Client disconnected (AEON->[editor])

--------------------------------------------------------------------------------
