2020-02-19 00:03:40.989 [Debug] Loaded new formula from BaseExp * Power(Gain, Level).

--------------------------------------------------------------------------------
2020-02-19 00:03:40.995 [Debug] Loaded new formula from BaseExp * Power(Gain, Level).

--------------------------------------------------------------------------------
Listening on 0.0.0.0:5400.

--------------------------------------------------------------------------------
UPnP Service Initialization Succeeded

--------------------------------------------------------------------------------
Successfully auto port forwarded udp port 5400 using UPnP.

--------------------------------------------------------------------------------
2020-02-19 00:03:50.639 [Info] Connection approved [ae587e03-b991-4402-8d88-45c71d03827a].

--------------------------------------------------------------------------------
2020-02-19 00:03:50.652 [Debug] Connection established to remote [ae587e03-b991-4402-8d88-45c71d03827a/127.0.0.1:57137].

--------------------------------------------------------------------------------
2020-02-19 00:03:50.652 [Info] Connected [ae587e03-b991-4402-8d88-45c71d03827a].

--------------------------------------------------------------------------------
2020-02-19 00:03:57.734 [Debug] Took 345ms to load player from db!

--------------------------------------------------------------------------------
2020-02-19 00:15:32.212 [Info] Acquiring context lock... (0ms)

--------------------------------------------------------------------------------
2020-02-19 00:15:32.212 [Info] Acquired. (0ms)

--------------------------------------------------------------------------------
2020-02-19 00:15:32.212 [Info] Beginning context dispose. (0ms)

--------------------------------------------------------------------------------
2020-02-19 00:15:32.214 [Info] Disposing network... (1ms)

--------------------------------------------------------------------------------
2020-02-19 00:15:32.215 [Debug] StatusChanged: [NetIncomingMessage #16 11 bytes] [Disconnecting]

--------------------------------------------------------------------------------
2020-02-19 00:15:32.215 [Info] Saving player database... (3ms)

--------------------------------------------------------------------------------
2020-02-19 00:15:32.217 [Info] Saving game database... (4ms)

--------------------------------------------------------------------------------
2020-02-19 00:15:32.219 [Debug] StatusChanged: [NetIncomingMessage #17 11 bytes] [Disconnected]

--------------------------------------------------------------------------------
2020-02-19 00:15:32.220 [Info] Shutting down the API... (8ms)

--------------------------------------------------------------------------------
2020-02-19 00:15:32.221 [Info] Base dispose. (8ms)

--------------------------------------------------------------------------------
2020-02-19 00:15:32.221 [Info] Finished disposing server context. (8ms)

--------------------------------------------------------------------------------
2020-02-19 00:15:32.221 [Info] GC.SuppressFinalize (9ms)

--------------------------------------------------------------------------------
2020-02-19 00:15:32.221 [Info] InternalDispose() completed. (9ms)

--------------------------------------------------------------------------------
2020-02-19 00:15:32.221 [Info] Clearing instance... (9ms)

--------------------------------------------------------------------------------
2020-02-19 00:15:32.221 [Info] Releasing context lock... (9ms)

--------------------------------------------------------------------------------
2020-02-19 00:15:32.221 [Info] Released. (9ms)

--------------------------------------------------------------------------------
