2020-02-14 23:53:21.171 [Debug] Loaded new formula from BaseExp * Power(Gain, Level).

--------------------------------------------------------------------------------
2020-02-14 23:53:21.174 [Debug] Loaded new formula from BaseExp * Power(Gain, Level).

--------------------------------------------------------------------------------
Listening on 0.0.0.0:5400.

--------------------------------------------------------------------------------
UPnP Service Initialization Succeeded

--------------------------------------------------------------------------------
Successfully auto port forwarded udp port 5400 using UPnP.

--------------------------------------------------------------------------------
2020-02-14 23:53:33.714 [Info] Connection approved [85ee1a64-288d-4e55-948d-1adc68e822e0].

--------------------------------------------------------------------------------
2020-02-14 23:53:33.734 [Debug] Connection established to remote [85ee1a64-288d-4e55-948d-1adc68e822e0/127.0.0.1:57248].

--------------------------------------------------------------------------------
2020-02-14 23:53:33.734 [Info] Connected [85ee1a64-288d-4e55-948d-1adc68e822e0].

--------------------------------------------------------------------------------
2020-02-14 23:53:36.681 [Debug] StatusChanged: [NetIncomingMessage #0 11 bytes] [Disconnected]

--------------------------------------------------------------------------------
2020-02-14 23:53:36.682 [Debug] Connectioned terminated to remote [85ee1a64-288d-4e55-948d-1adc68e822e0/127.0.0.1:57248].

--------------------------------------------------------------------------------
2020-02-14 23:53:36.682 [Info] Disconnected [85ee1a64-288d-4e55-948d-1adc68e822e0].

--------------------------------------------------------------------------------
2020-02-14 23:53:36.682 [Debug] Client disconnected ([menu])

--------------------------------------------------------------------------------
2020-02-14 23:53:39.060 [Info] Connection approved [4929e6d9-7f7f-439d-a6f5-95ac042f7095].

--------------------------------------------------------------------------------
2020-02-14 23:53:39.074 [Debug] Connection established to remote [4929e6d9-7f7f-439d-a6f5-95ac042f7095/127.0.0.1:51915].

--------------------------------------------------------------------------------
2020-02-14 23:53:39.074 [Info] Connected [4929e6d9-7f7f-439d-a6f5-95ac042f7095].

--------------------------------------------------------------------------------
2020-02-14 23:53:40.254 [Debug] Took 321ms to load player from db!

--------------------------------------------------------------------------------
2020-02-14 23:54:47.431 [Debug] StatusChanged: [NetIncomingMessage #67 10 bytes] [Disconnected]

--------------------------------------------------------------------------------
2020-02-14 23:54:47.431 [Debug] Connectioned terminated to remote [4929e6d9-7f7f-439d-a6f5-95ac042f7095/127.0.0.1:51915].

--------------------------------------------------------------------------------
2020-02-14 23:54:47.431 [Info] Disconnected [4929e6d9-7f7f-439d-a6f5-95ac042f7095].

--------------------------------------------------------------------------------
2020-02-14 23:54:47.431 [Debug] Client disconnected (AEON->[editor])

--------------------------------------------------------------------------------
2020-02-14 23:54:50.122 [Info] Acquiring context lock... (0ms)

--------------------------------------------------------------------------------
2020-02-14 23:54:50.122 [Info] Acquired. (0ms)

--------------------------------------------------------------------------------
2020-02-14 23:54:50.122 [Info] Beginning context dispose. (0ms)

--------------------------------------------------------------------------------
2020-02-14 23:54:50.123 [Info] Disposing network... (0ms)

--------------------------------------------------------------------------------
2020-02-14 23:54:50.124 [Info] Saving player database... (1ms)

--------------------------------------------------------------------------------
2020-02-14 23:54:50.126 [Info] Saving game database... (3ms)

--------------------------------------------------------------------------------
2020-02-14 23:54:50.128 [Info] Shutting down the API... (5ms)

--------------------------------------------------------------------------------
2020-02-14 23:54:50.128 [Info] Shutting down the logic thread... (5ms)

--------------------------------------------------------------------------------
2020-02-14 23:54:50.131 [Info] Base dispose. (8ms)

--------------------------------------------------------------------------------
2020-02-14 23:54:50.131 [Info] Finished disposing server context. (8ms)

--------------------------------------------------------------------------------
2020-02-14 23:54:50.131 [Info] GC.SuppressFinalize (8ms)

--------------------------------------------------------------------------------
2020-02-14 23:54:50.131 [Info] InternalDispose() completed. (8ms)

--------------------------------------------------------------------------------
2020-02-14 23:54:50.131 [Info] Clearing instance... (9ms)

--------------------------------------------------------------------------------
2020-02-14 23:54:50.131 [Info] Releasing context lock... (9ms)

--------------------------------------------------------------------------------
2020-02-14 23:54:50.131 [Info] Released. (9ms)

--------------------------------------------------------------------------------
