2020-02-14 17:19:32.975 [Debug] Loaded new formula from BaseExp * Power(Gain, Level).

--------------------------------------------------------------------------------
2020-02-14 17:19:32.980 [Debug] Loaded new formula from BaseExp * Power(Gain, Level).

--------------------------------------------------------------------------------
Listening on 0.0.0.0:5400.

--------------------------------------------------------------------------------
UPnP Service Initialization Succeeded

--------------------------------------------------------------------------------
Successfully auto port forwarded udp port 5400 using UPnP.

--------------------------------------------------------------------------------
2020-02-14 17:19:42.897 [Info] Connection approved [5ecfd993-6944-4a81-a2fc-c71a9a6b2c1a].

--------------------------------------------------------------------------------
2020-02-14 17:19:42.913 [Debug] Connection established to remote [5ecfd993-6944-4a81-a2fc-c71a9a6b2c1a/127.0.0.1:61411].

--------------------------------------------------------------------------------
2020-02-14 17:19:42.914 [Info] Connected [5ecfd993-6944-4a81-a2fc-c71a9a6b2c1a].

--------------------------------------------------------------------------------
2020-02-14 17:19:43.984 [Debug] Took 322ms to load player from db!

--------------------------------------------------------------------------------
2020-02-14 18:44:14.703 [Info] Acquiring context lock... (0ms)

--------------------------------------------------------------------------------
2020-02-14 18:44:14.704 [Info] Acquired. (0ms)

--------------------------------------------------------------------------------
2020-02-14 18:44:14.704 [Info] Beginning context dispose. (0ms)

--------------------------------------------------------------------------------
2020-02-14 18:44:14.704 [Info] Disposing network... (0ms)

--------------------------------------------------------------------------------
2020-02-14 18:44:14.705 [Debug] StatusChanged: [NetIncomingMessage #572 11 bytes] [Disconnecting]

--------------------------------------------------------------------------------
2020-02-14 18:44:14.706 [Info] Saving player database... (1ms)

--------------------------------------------------------------------------------
2020-02-14 18:44:14.708 [Info] Saving game database... (3ms)

--------------------------------------------------------------------------------
2020-02-14 18:44:14.708 [Debug] StatusChanged: [NetIncomingMessage #573 11 bytes] [Disconnected]

--------------------------------------------------------------------------------
2020-02-14 18:44:14.710 [Info] Shutting down the API... (5ms)

--------------------------------------------------------------------------------
2020-02-14 18:44:14.710 [Info] Shutting down the logic thread... (5ms)

--------------------------------------------------------------------------------
2020-02-14 18:44:14.714 [Info] Base dispose. (9ms)

--------------------------------------------------------------------------------
2020-02-14 18:44:14.714 [Info] Finished disposing server context. (9ms)

--------------------------------------------------------------------------------
2020-02-14 18:44:14.714 [Info] GC.SuppressFinalize (10ms)

--------------------------------------------------------------------------------
2020-02-14 18:44:14.714 [Info] InternalDispose() completed. (10ms)

--------------------------------------------------------------------------------
2020-02-14 18:44:14.714 [Info] Clearing instance... (10ms)

--------------------------------------------------------------------------------
2020-02-14 18:44:14.714 [Info] Releasing context lock... (10ms)

--------------------------------------------------------------------------------
2020-02-14 18:44:14.714 [Info] Released. (10ms)

--------------------------------------------------------------------------------
