2020-03-05 09:38:33.955 [Debug] Loaded new formula from BaseExp * Power(Gain, Level).

--------------------------------------------------------------------------------
2020-03-05 09:38:33.972 [Debug] Loaded new formula from BaseExp * Power(Gain, Level).

--------------------------------------------------------------------------------
Listening on 0.0.0.0:5400.

--------------------------------------------------------------------------------
2020-03-05 09:38:39.557 [Info] Connection approved [281b6658-a9a5-466c-b5fb-066643520ac7].

--------------------------------------------------------------------------------
2020-03-05 09:38:39.570 [Debug] Connection established to remote [281b6658-a9a5-466c-b5fb-066643520ac7/127.0.0.1:58371].

--------------------------------------------------------------------------------
2020-03-05 09:38:39.570 [Info] Connected [281b6658-a9a5-466c-b5fb-066643520ac7].

--------------------------------------------------------------------------------
2020-03-05 09:38:40.531 [Debug] Took 547ms to load player from db!

--------------------------------------------------------------------------------
UPnP Service Initialization Failed. You might not have a router, or UPnP on your router might be disabled.
  Message: Exception of type 'Open.Nat.NatDeviceNotFoundException' was thrown.
    Stack:    at Open.Nat.NatDiscoverer.<DiscoverDeviceAsync>d__5.MoveNext()
--- End of stack trace from previous location where exception was thrown ---
   at System.Runtime.ExceptionServices.ExceptionDispatchInfo.Throw()
   at System.Runtime.CompilerServices.TaskAwaiter.HandleNonSuccessAndDebuggerNotification(Task task)
   at System.Runtime.CompilerServices.TaskAwaiter`1.GetResult()
   at Intersect.Server.Networking.Helpers.UpnP.<ConnectNatDevice>d__4.MoveNext() in C:\TeamCity\buildAgent\work\6c64f60308be6068\Intersect.Server\Classes\Networking\Helpers\UPnP.cs:line 24


--------------------------------------------------------------------------------
2020-03-05 10:22:52.437 [Debug] StatusChanged: [NetIncomingMessage #198 10 bytes] [Disconnected]

--------------------------------------------------------------------------------
2020-03-05 10:22:52.437 [Debug] Connectioned terminated to remote [281b6658-a9a5-466c-b5fb-066643520ac7/127.0.0.1:58371].

--------------------------------------------------------------------------------
2020-03-05 10:22:52.438 [Info] Disconnected [281b6658-a9a5-466c-b5fb-066643520ac7].

--------------------------------------------------------------------------------
2020-03-05 10:22:52.440 [Debug] Client disconnected (AEON->[editor])

--------------------------------------------------------------------------------
2020-03-05 10:22:55.732 [Info] Acquiring context lock... (0ms)

--------------------------------------------------------------------------------
2020-03-05 10:22:55.732 [Info] Acquired. (0ms)

--------------------------------------------------------------------------------
2020-03-05 10:22:55.732 [Info] Beginning context dispose. (0ms)

--------------------------------------------------------------------------------
2020-03-05 10:22:55.735 [Info] Disposing network... (1ms)

--------------------------------------------------------------------------------
2020-03-05 10:22:55.737 [Info] Saving player database... (4ms)

--------------------------------------------------------------------------------
2020-03-05 10:22:55.742 [Info] Saving game database... (8ms)

--------------------------------------------------------------------------------
2020-03-05 10:22:55.753 [Info] Shutting down the API... (19ms)

--------------------------------------------------------------------------------
2020-03-05 10:22:55.754 [Info] Base dispose. (20ms)

--------------------------------------------------------------------------------
2020-03-05 10:22:55.754 [Info] Finished disposing server context. (20ms)

--------------------------------------------------------------------------------
2020-03-05 10:22:55.754 [Info] GC.SuppressFinalize (22ms)

--------------------------------------------------------------------------------
2020-03-05 10:22:55.755 [Info] InternalDispose() completed. (22ms)

--------------------------------------------------------------------------------
2020-03-05 10:22:55.755 [Info] Clearing instance... (22ms)

--------------------------------------------------------------------------------
2020-03-05 10:22:55.755 [Info] Releasing context lock... (22ms)

--------------------------------------------------------------------------------
2020-03-05 10:22:55.755 [Info] Released. (22ms)

--------------------------------------------------------------------------------
