2020-02-25 10:41:37.682 [Debug] Loaded new formula from BaseExp * Power(Gain, Level).

--------------------------------------------------------------------------------
2020-02-25 10:41:37.693 [Debug] Loaded new formula from BaseExp * Power(Gain, Level).

--------------------------------------------------------------------------------
Listening on 0.0.0.0:5400.

--------------------------------------------------------------------------------
2020-02-25 10:41:43.086 [Info] Connection approved [7938dc9d-72c8-4b1b-8d05-e91e72e613e4].

--------------------------------------------------------------------------------
2020-02-25 10:41:43.104 [Debug] Connection established to remote [7938dc9d-72c8-4b1b-8d05-e91e72e613e4/127.0.0.1:54687].

--------------------------------------------------------------------------------
2020-02-25 10:41:43.104 [Info] Connected [7938dc9d-72c8-4b1b-8d05-e91e72e613e4].

--------------------------------------------------------------------------------
2020-02-25 10:41:44.176 [Debug] Took 511ms to load player from db!

--------------------------------------------------------------------------------
UPnP Service Initialization Failed. You might not have a router, or UPnP on your router might be disabled.
  Message: Exception of type 'Open.Nat.NatDeviceNotFoundException' was thrown.
    Stack:    at Open.Nat.NatDiscoverer.<DiscoverDeviceAsync>d__5.MoveNext()
--- End of stack trace from previous location where exception was thrown ---
   at System.Runtime.ExceptionServices.ExceptionDispatchInfo.Throw()
   at System.Runtime.CompilerServices.TaskAwaiter.HandleNonSuccessAndDebuggerNotification(Task task)
   at System.Runtime.CompilerServices.TaskAwaiter`1.GetResult()
   at Intersect.Server.Networking.Helpers.UpnP.<ConnectNatDevice>d__4.MoveNext() in C:\TeamCity\buildAgent\work\6c64f60308be6068\Intersect.Server\Classes\Networking\Helpers\UPnP.cs:line 24


--------------------------------------------------------------------------------
2020-02-25 13:17:05.726 [Info] Connection approved [a045b9aa-4714-49f1-862a-8863165f2fbb].

--------------------------------------------------------------------------------
2020-02-25 13:17:05.737 [Debug] Connection established to remote [a045b9aa-4714-49f1-862a-8863165f2fbb/127.0.0.1:62345].

--------------------------------------------------------------------------------
2020-02-25 13:17:05.737 [Info] Connected [a045b9aa-4714-49f1-862a-8863165f2fbb].

--------------------------------------------------------------------------------
2020-02-25 13:17:20.211 [Debug] Took 2ms to send game data to client!

--------------------------------------------------------------------------------
2020-02-25 13:22:41.417 [Debug] StatusChanged: [NetIncomingMessage #407 11 bytes] [Disconnected]

--------------------------------------------------------------------------------
2020-02-25 13:22:41.417 [Debug] Connectioned terminated to remote [a045b9aa-4714-49f1-862a-8863165f2fbb/127.0.0.1:62345].

--------------------------------------------------------------------------------
2020-02-25 13:22:41.418 [Info] Disconnected [a045b9aa-4714-49f1-862a-8863165f2fbb].

--------------------------------------------------------------------------------
2020-02-25 13:22:41.418 [Debug] Client disconnected (AEON->AEON)

--------------------------------------------------------------------------------
2020-02-25 13:23:15.701 [Info] Connection approved [7ddc9b93-cec0-47a7-8404-6654bf3d772c].

--------------------------------------------------------------------------------
2020-02-25 13:23:15.721 [Debug] Connection established to remote [7ddc9b93-cec0-47a7-8404-6654bf3d772c/127.0.0.1:62570].

--------------------------------------------------------------------------------
2020-02-25 13:23:15.721 [Info] Connected [7ddc9b93-cec0-47a7-8404-6654bf3d772c].

--------------------------------------------------------------------------------
2020-02-25 13:23:18.964 [Debug] Took 6ms to send game data to client!

--------------------------------------------------------------------------------
2020-02-25 13:23:29.183 [Debug] StatusChanged: [NetIncomingMessage #2 11 bytes] [Disconnected]

--------------------------------------------------------------------------------
2020-02-25 13:23:29.183 [Debug] Connectioned terminated to remote [7ddc9b93-cec0-47a7-8404-6654bf3d772c/127.0.0.1:62570].

--------------------------------------------------------------------------------
2020-02-25 13:23:29.184 [Info] Disconnected [7ddc9b93-cec0-47a7-8404-6654bf3d772c].

--------------------------------------------------------------------------------
2020-02-25 13:23:29.184 [Debug] Client disconnected (AEON->AEON)

--------------------------------------------------------------------------------
2020-02-25 13:33:27.948 [Debug] StatusChanged: [NetIncomingMessage #0 10 bytes] [Disconnected]

--------------------------------------------------------------------------------
2020-02-25 13:33:27.948 [Debug] Connectioned terminated to remote [7938dc9d-72c8-4b1b-8d05-e91e72e613e4/127.0.0.1:54687].

--------------------------------------------------------------------------------
2020-02-25 13:33:27.948 [Info] Disconnected [7938dc9d-72c8-4b1b-8d05-e91e72e613e4].

--------------------------------------------------------------------------------
2020-02-25 13:33:27.948 [Debug] Client disconnected (AEON->[editor])

--------------------------------------------------------------------------------
2020-02-25 13:33:30.472 [Info] Acquiring context lock... (0ms)

--------------------------------------------------------------------------------
2020-02-25 13:33:30.472 [Info] Acquired. (0ms)

--------------------------------------------------------------------------------
2020-02-25 13:33:30.472 [Info] Beginning context dispose. (0ms)

--------------------------------------------------------------------------------
2020-02-25 13:33:30.474 [Info] Disposing network... (1ms)

--------------------------------------------------------------------------------
2020-02-25 13:33:30.476 [Info] Saving player database... (3ms)

--------------------------------------------------------------------------------
2020-02-25 13:33:30.480 [Info] Saving game database... (8ms)

--------------------------------------------------------------------------------
2020-02-25 13:33:30.487 [Info] Shutting down the API... (14ms)

--------------------------------------------------------------------------------
2020-02-25 13:33:30.487 [Info] Base dispose. (15ms)

--------------------------------------------------------------------------------
2020-02-25 13:33:30.487 [Info] Finished disposing server context. (15ms)

--------------------------------------------------------------------------------
2020-02-25 13:33:30.489 [Info] GC.SuppressFinalize (16ms)

--------------------------------------------------------------------------------
2020-02-25 13:33:30.489 [Info] InternalDispose() completed. (16ms)

--------------------------------------------------------------------------------
2020-02-25 13:33:30.489 [Info] Clearing instance... (16ms)

--------------------------------------------------------------------------------
2020-02-25 13:33:30.489 [Info] Releasing context lock... (17ms)

--------------------------------------------------------------------------------
2020-02-25 13:33:30.489 [Info] Released. (17ms)

--------------------------------------------------------------------------------
