2020-02-13 08:37:49.303 [Debug] Loaded new formula from BaseExp * Power(Gain, Level).

--------------------------------------------------------------------------------
2020-02-13 08:37:49.315 [Debug] Loaded new formula from BaseExp * Power(Gain, Level).

--------------------------------------------------------------------------------
Listening on 0.0.0.0:5400.

--------------------------------------------------------------------------------
UPnP Service Initialization Failed. You might not have a router, or UPnP on your router might be disabled.
  Message: Exception of type 'Open.Nat.NatDeviceNotFoundException' was thrown.
    Stack:    at Open.Nat.NatDiscoverer.<DiscoverDeviceAsync>d__5.MoveNext()
--- End of stack trace from previous location where exception was thrown ---
   at System.Runtime.ExceptionServices.ExceptionDispatchInfo.Throw()
   at System.Runtime.CompilerServices.TaskAwaiter.HandleNonSuccessAndDebuggerNotification(Task task)
   at System.Runtime.CompilerServices.TaskAwaiter`1.GetResult()
   at Intersect.Server.Networking.Helpers.UpnP.<ConnectNatDevice>d__4.MoveNext() in C:\TeamCity\buildAgent\work\6c64f60308be6068\Intersect.Server\Classes\Networking\Helpers\UPnP.cs:line 24


--------------------------------------------------------------------------------
2020-02-13 08:38:03.562 [Info] Connection approved [1a2d75c8-94a0-4388-91f1-5fc82f25895d].

--------------------------------------------------------------------------------
2020-02-13 08:38:03.589 [Debug] Connection established to remote [1a2d75c8-94a0-4388-91f1-5fc82f25895d/127.0.0.1:57248].

--------------------------------------------------------------------------------
2020-02-13 08:38:03.590 [Info] Connected [1a2d75c8-94a0-4388-91f1-5fc82f25895d].

--------------------------------------------------------------------------------
2020-02-13 08:38:04.734 [Debug] Took 492ms to load player from db!

--------------------------------------------------------------------------------
2020-02-13 08:54:54.834 [Debug] StatusChanged: [NetIncomingMessage #70 10 bytes] [Disconnected]

--------------------------------------------------------------------------------
2020-02-13 08:54:54.834 [Debug] Connectioned terminated to remote [1a2d75c8-94a0-4388-91f1-5fc82f25895d/127.0.0.1:57248].

--------------------------------------------------------------------------------
2020-02-13 08:54:54.834 [Info] Disconnected [1a2d75c8-94a0-4388-91f1-5fc82f25895d].

--------------------------------------------------------------------------------
2020-02-13 08:54:54.835 [Debug] Client disconnected (AEON->[editor])

--------------------------------------------------------------------------------
2020-02-13 09:19:35.763 [Info] Connection approved [67c9371c-e2f7-4256-be4a-fcec9822f87b].

--------------------------------------------------------------------------------
2020-02-13 09:19:35.769 [Debug] Connection established to remote [67c9371c-e2f7-4256-be4a-fcec9822f87b/127.0.0.1:61933].

--------------------------------------------------------------------------------
2020-02-13 09:19:35.769 [Info] Connected [67c9371c-e2f7-4256-be4a-fcec9822f87b].

--------------------------------------------------------------------------------
2020-02-13 09:19:36.274 [Debug] Took 8ms to load player from db!

--------------------------------------------------------------------------------
2020-02-13 09:59:06.226 [Debug] StatusChanged: [NetIncomingMessage #15 10 bytes] [Disconnected]

--------------------------------------------------------------------------------
2020-02-13 09:59:06.226 [Debug] Connectioned terminated to remote [67c9371c-e2f7-4256-be4a-fcec9822f87b/127.0.0.1:61933].

--------------------------------------------------------------------------------
2020-02-13 09:59:06.226 [Info] Disconnected [67c9371c-e2f7-4256-be4a-fcec9822f87b].

--------------------------------------------------------------------------------
2020-02-13 09:59:06.226 [Debug] Client disconnected (AEON->[editor])

--------------------------------------------------------------------------------
2020-02-13 09:59:35.413 [Info] Connection approved [717e9e20-5585-4ebd-971b-bef03ac6a385].

--------------------------------------------------------------------------------
2020-02-13 09:59:35.433 [Debug] Connection established to remote [717e9e20-5585-4ebd-971b-bef03ac6a385/127.0.0.1:55578].

--------------------------------------------------------------------------------
2020-02-13 09:59:35.433 [Info] Connected [717e9e20-5585-4ebd-971b-bef03ac6a385].

--------------------------------------------------------------------------------
2020-02-13 09:59:39.101 [Debug] StatusChanged: [NetIncomingMessage #0 10 bytes] [Disconnected]

--------------------------------------------------------------------------------
2020-02-13 09:59:39.101 [Debug] Connectioned terminated to remote [717e9e20-5585-4ebd-971b-bef03ac6a385/127.0.0.1:55578].

--------------------------------------------------------------------------------
2020-02-13 09:59:39.101 [Info] Disconnected [717e9e20-5585-4ebd-971b-bef03ac6a385].

--------------------------------------------------------------------------------
2020-02-13 09:59:39.101 [Debug] Client disconnected ([menu])

--------------------------------------------------------------------------------
2020-02-13 10:00:12.039 [Info] Connection approved [668f9b2f-13d7-411b-b850-8d5268955b87].

--------------------------------------------------------------------------------
2020-02-13 10:00:12.058 [Debug] Connection established to remote [668f9b2f-13d7-411b-b850-8d5268955b87/127.0.0.1:64386].

--------------------------------------------------------------------------------
2020-02-13 10:00:12.058 [Info] Connected [668f9b2f-13d7-411b-b850-8d5268955b87].

--------------------------------------------------------------------------------
2020-02-13 10:00:13.289 [Debug] Took 6ms to load player from db!

--------------------------------------------------------------------------------
2020-02-13 10:15:05.104 [Debug] StatusChanged: [NetIncomingMessage #57 10 bytes] [Disconnected]

--------------------------------------------------------------------------------
2020-02-13 10:15:05.104 [Debug] Connectioned terminated to remote [668f9b2f-13d7-411b-b850-8d5268955b87/127.0.0.1:64386].

--------------------------------------------------------------------------------
2020-02-13 10:15:05.104 [Info] Disconnected [668f9b2f-13d7-411b-b850-8d5268955b87].

--------------------------------------------------------------------------------
2020-02-13 10:15:05.104 [Debug] Client disconnected (AEON->[editor])

--------------------------------------------------------------------------------
2020-02-13 10:15:10.182 [Info] Acquiring context lock... (0ms)

--------------------------------------------------------------------------------
2020-02-13 10:15:10.182 [Info] Acquired. (0ms)

--------------------------------------------------------------------------------
2020-02-13 10:15:10.183 [Info] Beginning context dispose. (0ms)

--------------------------------------------------------------------------------
2020-02-13 10:15:10.185 [Info] Disposing network... (1ms)

--------------------------------------------------------------------------------
2020-02-13 10:15:10.187 [Info] Saving player database... (3ms)

--------------------------------------------------------------------------------
2020-02-13 10:15:10.192 [Info] Saving game database... (8ms)

--------------------------------------------------------------------------------
2020-02-13 10:15:10.194 [Info] Shutting down the API... (10ms)

--------------------------------------------------------------------------------
2020-02-13 10:15:10.194 [Info] Base dispose. (10ms)

--------------------------------------------------------------------------------
2020-02-13 10:15:10.194 [Info] Finished disposing server context. (10ms)

--------------------------------------------------------------------------------
2020-02-13 10:15:10.194 [Info] GC.SuppressFinalize (11ms)

--------------------------------------------------------------------------------
2020-02-13 10:15:10.195 [Info] InternalDispose() completed. (11ms)

--------------------------------------------------------------------------------
2020-02-13 10:15:10.195 [Info] Clearing instance... (12ms)

--------------------------------------------------------------------------------
2020-02-13 10:15:10.195 [Info] Releasing context lock... (12ms)

--------------------------------------------------------------------------------
2020-02-13 10:15:10.195 [Info] Released. (12ms)

--------------------------------------------------------------------------------
