2020-02-19 16:19:16.388 [Debug] Loaded new formula from BaseExp * Power(Gain, Level).

--------------------------------------------------------------------------------
2020-02-19 16:19:16.394 [Debug] Loaded new formula from BaseExp * Power(Gain, Level).

--------------------------------------------------------------------------------
Listening on 0.0.0.0:5400.

--------------------------------------------------------------------------------
UPnP Service Initialization Succeeded

--------------------------------------------------------------------------------
Successfully auto port forwarded udp port 5400 using UPnP.

--------------------------------------------------------------------------------
2020-02-19 16:19:42.823 [Info] Connection approved [79e04a14-3025-4a58-b30e-11849f7d2fd4].

--------------------------------------------------------------------------------
2020-02-19 16:19:42.840 [Debug] Connection established to remote [79e04a14-3025-4a58-b30e-11849f7d2fd4/127.0.0.1:53434].

--------------------------------------------------------------------------------
2020-02-19 16:19:42.840 [Info] Connected [79e04a14-3025-4a58-b30e-11849f7d2fd4].

--------------------------------------------------------------------------------
2020-02-19 16:19:44.789 [Debug] Took 339ms to load player from db!

--------------------------------------------------------------------------------
2020-02-19 16:20:06.445 [Debug] StatusChanged: [NetIncomingMessage #22 10 bytes] [Disconnected]

--------------------------------------------------------------------------------
2020-02-19 16:20:06.446 [Debug] Connectioned terminated to remote [79e04a14-3025-4a58-b30e-11849f7d2fd4/127.0.0.1:53434].

--------------------------------------------------------------------------------
2020-02-19 16:20:06.446 [Info] Disconnected [79e04a14-3025-4a58-b30e-11849f7d2fd4].

--------------------------------------------------------------------------------
2020-02-19 16:20:06.446 [Debug] Client disconnected (AEON->[editor])

--------------------------------------------------------------------------------
2020-02-19 16:20:09.289 [Info] Acquiring context lock... (0ms)

--------------------------------------------------------------------------------
2020-02-19 16:20:09.289 [Info] Acquired. (0ms)

--------------------------------------------------------------------------------
2020-02-19 16:20:09.289 [Info] Beginning context dispose. (0ms)

--------------------------------------------------------------------------------
2020-02-19 16:20:09.290 [Info] Disposing network... (0ms)

--------------------------------------------------------------------------------
2020-02-19 16:20:09.291 [Info] Saving player database... (1ms)

--------------------------------------------------------------------------------
2020-02-19 16:20:09.318 [Info] Saving game database... (28ms)

--------------------------------------------------------------------------------
2020-02-19 16:20:09.321 [Info] Shutting down the API... (31ms)

--------------------------------------------------------------------------------
2020-02-19 16:20:09.322 [Info] Base dispose. (32ms)

--------------------------------------------------------------------------------
2020-02-19 16:20:09.322 [Info] Finished disposing server context. (32ms)

--------------------------------------------------------------------------------
2020-02-19 16:20:09.322 [Info] GC.SuppressFinalize (32ms)

--------------------------------------------------------------------------------
2020-02-19 16:20:09.322 [Info] InternalDispose() completed. (32ms)

--------------------------------------------------------------------------------
2020-02-19 16:20:09.322 [Info] Clearing instance... (33ms)

--------------------------------------------------------------------------------
2020-02-19 16:20:09.322 [Info] Releasing context lock... (33ms)

--------------------------------------------------------------------------------
2020-02-19 16:20:09.322 [Info] Released. (33ms)

--------------------------------------------------------------------------------
