2020-02-14 08:48:17.569 [Debug] Loaded new formula from BaseExp * Power(Gain, Level).

--------------------------------------------------------------------------------
2020-02-14 08:48:17.579 [Debug] Loaded new formula from BaseExp * Power(Gain, Level).

--------------------------------------------------------------------------------
Listening on 0.0.0.0:5400.

--------------------------------------------------------------------------------
2020-02-14 08:48:23.463 [Info] Connection approved [51ee0c19-3a6c-4ca9-b156-64bad2a05e20].

--------------------------------------------------------------------------------
2020-02-14 08:48:23.484 [Debug] Connection established to remote [51ee0c19-3a6c-4ca9-b156-64bad2a05e20/127.0.0.1:64324].

--------------------------------------------------------------------------------
2020-02-14 08:48:23.484 [Info] Connected [51ee0c19-3a6c-4ca9-b156-64bad2a05e20].

--------------------------------------------------------------------------------
2020-02-14 08:48:24.806 [Debug] Took 496ms to load player from db!

--------------------------------------------------------------------------------
UPnP Service Initialization Failed. You might not have a router, or UPnP on your router might be disabled.
  Message: Exception of type 'Open.Nat.NatDeviceNotFoundException' was thrown.
    Stack:    at Open.Nat.NatDiscoverer.<DiscoverDeviceAsync>d__5.MoveNext()
--- End of stack trace from previous location where exception was thrown ---
   at System.Runtime.ExceptionServices.ExceptionDispatchInfo.Throw()
   at System.Runtime.CompilerServices.TaskAwaiter.HandleNonSuccessAndDebuggerNotification(Task task)
   at System.Runtime.CompilerServices.TaskAwaiter`1.GetResult()
   at Intersect.Server.Networking.Helpers.UpnP.<ConnectNatDevice>d__4.MoveNext() in C:\TeamCity\buildAgent\work\6c64f60308be6068\Intersect.Server\Classes\Networking\Helpers\UPnP.cs:line 24


--------------------------------------------------------------------------------
2020-02-14 09:41:10.470 [Debug] StatusChanged: [NetIncomingMessage #140 10 bytes] [Disconnected]

--------------------------------------------------------------------------------
2020-02-14 09:41:10.471 [Debug] Connectioned terminated to remote [51ee0c19-3a6c-4ca9-b156-64bad2a05e20/127.0.0.1:64324].

--------------------------------------------------------------------------------
2020-02-14 09:41:10.471 [Info] Disconnected [51ee0c19-3a6c-4ca9-b156-64bad2a05e20].

--------------------------------------------------------------------------------
2020-02-14 09:41:10.476 [Debug] Client disconnected (AEON->[editor])

--------------------------------------------------------------------------------
2020-02-14 09:41:12.180 [Info] Acquiring context lock... (0ms)

--------------------------------------------------------------------------------
2020-02-14 09:41:12.180 [Info] Acquired. (0ms)

--------------------------------------------------------------------------------
2020-02-14 09:41:12.180 [Info] Beginning context dispose. (0ms)

--------------------------------------------------------------------------------
2020-02-14 09:41:12.182 [Info] Disposing network... (1ms)

--------------------------------------------------------------------------------
2020-02-14 09:41:12.185 [Info] Saving player database... (3ms)

--------------------------------------------------------------------------------
2020-02-14 09:41:12.189 [Info] Saving game database... (7ms)

--------------------------------------------------------------------------------
2020-02-14 09:41:12.190 [Info] Shutting down the API... (8ms)

--------------------------------------------------------------------------------
2020-02-14 09:41:12.191 [Info] Base dispose. (9ms)

--------------------------------------------------------------------------------
2020-02-14 09:41:12.191 [Info] Finished disposing server context. (9ms)

--------------------------------------------------------------------------------
2020-02-14 09:41:12.192 [Info] GC.SuppressFinalize (10ms)

--------------------------------------------------------------------------------
2020-02-14 09:41:12.192 [Info] InternalDispose() completed. (10ms)

--------------------------------------------------------------------------------
2020-02-14 09:41:12.192 [Info] Clearing instance... (11ms)

--------------------------------------------------------------------------------
2020-02-14 09:41:12.192 [Info] Releasing context lock... (11ms)

--------------------------------------------------------------------------------
2020-02-14 09:41:12.192 [Info] Released. (11ms)

--------------------------------------------------------------------------------
