2020-02-14 19:27:07.036 [Debug] Loaded new formula from BaseExp * Power(Gain, Level).

--------------------------------------------------------------------------------
2020-02-14 19:27:07.039 [Debug] Loaded new formula from BaseExp * Power(Gain, Level).

--------------------------------------------------------------------------------
Listening on 0.0.0.0:5400.

--------------------------------------------------------------------------------
UPnP Service Initialization Succeeded

--------------------------------------------------------------------------------
Successfully auto port forwarded udp port 5400 using UPnP.

--------------------------------------------------------------------------------
2020-02-14 19:27:15.864 [Info] Connection approved [c0a4c8b4-4e9b-442e-931c-a1958c8ae16e].

--------------------------------------------------------------------------------
2020-02-14 19:27:15.883 [Debug] Connection established to remote [c0a4c8b4-4e9b-442e-931c-a1958c8ae16e/127.0.0.1:50081].

--------------------------------------------------------------------------------
2020-02-14 19:27:15.884 [Info] Connected [c0a4c8b4-4e9b-442e-931c-a1958c8ae16e].

--------------------------------------------------------------------------------
2020-02-14 19:27:19.286 [Debug] Took 10ms to send game data to client!

--------------------------------------------------------------------------------
2020-02-14 19:27:44.332 [Debug] StatusChanged: [NetIncomingMessage #4 11 bytes] [Disconnected]

--------------------------------------------------------------------------------
2020-02-14 19:27:44.332 [Debug] Connectioned terminated to remote [c0a4c8b4-4e9b-442e-931c-a1958c8ae16e/127.0.0.1:50081].

--------------------------------------------------------------------------------
2020-02-14 19:27:44.333 [Info] Disconnected [c0a4c8b4-4e9b-442e-931c-a1958c8ae16e].

--------------------------------------------------------------------------------
2020-02-14 19:27:44.333 [Debug] Client disconnected (AEON->AEON)

--------------------------------------------------------------------------------
2020-02-14 19:54:41.821 [Info] Connection approved [26eaf2e2-eb69-4081-8d53-f636582d4615].

--------------------------------------------------------------------------------
2020-02-14 19:54:41.834 [Debug] Connection established to remote [26eaf2e2-eb69-4081-8d53-f636582d4615/127.0.0.1:63793].

--------------------------------------------------------------------------------
2020-02-14 19:54:41.834 [Info] Connected [26eaf2e2-eb69-4081-8d53-f636582d4615].

--------------------------------------------------------------------------------
2020-02-14 19:54:43.128 [Debug] Took 5ms to load player from db!

--------------------------------------------------------------------------------
2020-02-14 20:00:41.831 [Debug] StatusChanged: [NetIncomingMessage #51 10 bytes] [Disconnected]

--------------------------------------------------------------------------------
2020-02-14 20:00:41.831 [Debug] Connectioned terminated to remote [26eaf2e2-eb69-4081-8d53-f636582d4615/127.0.0.1:63793].

--------------------------------------------------------------------------------
2020-02-14 20:00:41.831 [Info] Disconnected [26eaf2e2-eb69-4081-8d53-f636582d4615].

--------------------------------------------------------------------------------
2020-02-14 20:00:41.831 [Debug] Client disconnected (AEON->[editor])

--------------------------------------------------------------------------------
2020-02-14 20:07:40.088 [Info] Connection approved [e6364511-99e7-43be-a65a-76200cf5f626].

--------------------------------------------------------------------------------
2020-02-14 20:07:40.100 [Debug] Connection established to remote [e6364511-99e7-43be-a65a-76200cf5f626/127.0.0.1:64955].

--------------------------------------------------------------------------------
2020-02-14 20:07:40.100 [Info] Connected [e6364511-99e7-43be-a65a-76200cf5f626].

--------------------------------------------------------------------------------
2020-02-14 20:08:08.955 [Debug] StatusChanged: [NetIncomingMessage #57 11 bytes] [Disconnected]

--------------------------------------------------------------------------------
2020-02-14 20:08:08.955 [Debug] Connectioned terminated to remote [e6364511-99e7-43be-a65a-76200cf5f626/127.0.0.1:64955].

--------------------------------------------------------------------------------
2020-02-14 20:08:08.955 [Info] Disconnected [e6364511-99e7-43be-a65a-76200cf5f626].

--------------------------------------------------------------------------------
2020-02-14 20:08:08.955 [Debug] Client disconnected ([menu])

--------------------------------------------------------------------------------
2020-02-14 20:08:11.882 [Info] Connection approved [0676c779-d6d5-44fb-ada6-b3f8f85571a4].

--------------------------------------------------------------------------------
2020-02-14 20:08:11.896 [Debug] Connection established to remote [0676c779-d6d5-44fb-ada6-b3f8f85571a4/127.0.0.1:52544].

--------------------------------------------------------------------------------
2020-02-14 20:08:11.896 [Info] Connected [0676c779-d6d5-44fb-ada6-b3f8f85571a4].

--------------------------------------------------------------------------------
2020-02-14 20:08:13.044 [Debug] Took 4ms to load player from db!

--------------------------------------------------------------------------------
2020-02-14 20:10:08.331 [Debug] StatusChanged: [NetIncomingMessage #31 10 bytes] [Disconnected]

--------------------------------------------------------------------------------
2020-02-14 20:10:08.331 [Debug] Connectioned terminated to remote [0676c779-d6d5-44fb-ada6-b3f8f85571a4/127.0.0.1:52544].

--------------------------------------------------------------------------------
2020-02-14 20:10:08.331 [Info] Disconnected [0676c779-d6d5-44fb-ada6-b3f8f85571a4].

--------------------------------------------------------------------------------
2020-02-14 20:10:08.331 [Debug] Client disconnected (AEON->[editor])

--------------------------------------------------------------------------------
2020-02-14 20:10:12.477 [Info] Connection approved [412a953b-c313-4881-bb8f-b01bf8e39dc8].

--------------------------------------------------------------------------------
2020-02-14 20:10:12.490 [Debug] Connection established to remote [412a953b-c313-4881-bb8f-b01bf8e39dc8/127.0.0.1:60614].

--------------------------------------------------------------------------------
2020-02-14 20:10:12.490 [Info] Connected [412a953b-c313-4881-bb8f-b01bf8e39dc8].

--------------------------------------------------------------------------------
2020-02-14 20:12:20.387 [Debug] Took 3ms to load player from db!

--------------------------------------------------------------------------------
2020-02-14 20:22:37.956 [Debug] StatusChanged: [NetIncomingMessage #171 10 bytes] [Disconnected]

--------------------------------------------------------------------------------
2020-02-14 20:22:37.956 [Debug] Connectioned terminated to remote [412a953b-c313-4881-bb8f-b01bf8e39dc8/127.0.0.1:60614].

--------------------------------------------------------------------------------
2020-02-14 20:22:37.956 [Info] Disconnected [412a953b-c313-4881-bb8f-b01bf8e39dc8].

--------------------------------------------------------------------------------
2020-02-14 20:22:37.956 [Debug] Client disconnected (AEON->[editor])

--------------------------------------------------------------------------------
2020-02-14 20:22:41.474 [Info] Acquiring context lock... (0ms)

--------------------------------------------------------------------------------
2020-02-14 20:22:41.474 [Info] Acquired. (0ms)

--------------------------------------------------------------------------------
2020-02-14 20:22:41.474 [Info] Beginning context dispose. (0ms)

--------------------------------------------------------------------------------
2020-02-14 20:22:41.475 [Info] Disposing network... (0ms)

--------------------------------------------------------------------------------
2020-02-14 20:22:41.476 [Info] Saving player database... (1ms)

--------------------------------------------------------------------------------
2020-02-14 20:22:41.478 [Info] Saving game database... (3ms)

--------------------------------------------------------------------------------
2020-02-14 20:22:41.480 [Info] Shutting down the API... (5ms)

--------------------------------------------------------------------------------
2020-02-14 20:22:41.480 [Info] Base dispose. (5ms)

--------------------------------------------------------------------------------
2020-02-14 20:22:41.480 [Info] Finished disposing server context. (5ms)

--------------------------------------------------------------------------------
2020-02-14 20:22:41.480 [Info] GC.SuppressFinalize (6ms)

--------------------------------------------------------------------------------
2020-02-14 20:22:41.480 [Info] InternalDispose() completed. (6ms)

--------------------------------------------------------------------------------
2020-02-14 20:22:41.480 [Info] Clearing instance... (6ms)

--------------------------------------------------------------------------------
2020-02-14 20:22:41.480 [Info] Releasing context lock... (6ms)

--------------------------------------------------------------------------------
2020-02-14 20:22:41.480 [Info] Released. (6ms)

--------------------------------------------------------------------------------
