2020-02-13 10:15:15.737 [Debug] Loaded new formula from BaseExp * Power(Gain, Level).

--------------------------------------------------------------------------------
2020-02-13 10:15:15.750 [Debug] Loaded new formula from BaseExp * Power(Gain, Level).

--------------------------------------------------------------------------------
Listening on 0.0.0.0:5400.

--------------------------------------------------------------------------------
2020-02-13 10:15:20.807 [Info] Connection approved [8f3249b1-3663-4d15-bce8-42771eae815d].

--------------------------------------------------------------------------------
2020-02-13 10:15:20.820 [Debug] Connection established to remote [8f3249b1-3663-4d15-bce8-42771eae815d/127.0.0.1:64245].

--------------------------------------------------------------------------------
2020-02-13 10:15:20.820 [Info] Connected [8f3249b1-3663-4d15-bce8-42771eae815d].

--------------------------------------------------------------------------------
UPnP Service Initialization Failed. You might not have a router, or UPnP on your router might be disabled.
  Message: Exception of type 'Open.Nat.NatDeviceNotFoundException' was thrown.
    Stack:    at Open.Nat.NatDiscoverer.<DiscoverDeviceAsync>d__5.MoveNext()
--- End of stack trace from previous location where exception was thrown ---
   at System.Runtime.ExceptionServices.ExceptionDispatchInfo.Throw()
   at System.Runtime.CompilerServices.TaskAwaiter.HandleNonSuccessAndDebuggerNotification(Task task)
   at System.Runtime.CompilerServices.TaskAwaiter`1.GetResult()
   at Intersect.Server.Networking.Helpers.UpnP.<ConnectNatDevice>d__4.MoveNext() in C:\TeamCity\buildAgent\work\6c64f60308be6068\Intersect.Server\Classes\Networking\Helpers\UPnP.cs:line 24


--------------------------------------------------------------------------------
2020-02-13 10:15:24.589 [Debug] StatusChanged: [NetIncomingMessage #0 11 bytes] [Disconnected]

--------------------------------------------------------------------------------
2020-02-13 10:15:24.589 [Debug] Connectioned terminated to remote [8f3249b1-3663-4d15-bce8-42771eae815d/127.0.0.1:64245].

--------------------------------------------------------------------------------
2020-02-13 10:15:24.590 [Info] Disconnected [8f3249b1-3663-4d15-bce8-42771eae815d].

--------------------------------------------------------------------------------
2020-02-13 10:15:24.593 [Debug] Client disconnected ([menu])

--------------------------------------------------------------------------------
2020-02-13 10:15:27.172 [Info] Connection approved [5612f9fc-0ee7-4f80-be2d-f388d2fabe7e].

--------------------------------------------------------------------------------
2020-02-13 10:15:27.186 [Debug] Connection established to remote [5612f9fc-0ee7-4f80-be2d-f388d2fabe7e/127.0.0.1:65089].

--------------------------------------------------------------------------------
2020-02-13 10:15:27.186 [Info] Connected [5612f9fc-0ee7-4f80-be2d-f388d2fabe7e].

--------------------------------------------------------------------------------
2020-02-13 10:15:28.169 [Debug] Took 491ms to load player from db!

--------------------------------------------------------------------------------
2020-02-13 10:16:48.588 [Debug] StatusChanged: [NetIncomingMessage #16 10 bytes] [Disconnected]

--------------------------------------------------------------------------------
2020-02-13 10:16:48.589 [Debug] Connectioned terminated to remote [5612f9fc-0ee7-4f80-be2d-f388d2fabe7e/127.0.0.1:65089].

--------------------------------------------------------------------------------
2020-02-13 10:16:48.589 [Info] Disconnected [5612f9fc-0ee7-4f80-be2d-f388d2fabe7e].

--------------------------------------------------------------------------------
2020-02-13 10:16:48.590 [Debug] Client disconnected (AEON->[editor])

--------------------------------------------------------------------------------
2020-02-13 10:16:50.864 [Info] Acquiring context lock... (0ms)

--------------------------------------------------------------------------------
2020-02-13 10:16:50.865 [Info] Acquired. (0ms)

--------------------------------------------------------------------------------
2020-02-13 10:16:50.865 [Info] Beginning context dispose. (0ms)

--------------------------------------------------------------------------------
2020-02-13 10:16:50.867 [Info] Disposing network... (1ms)

--------------------------------------------------------------------------------
2020-02-13 10:16:50.869 [Info] Saving player database... (3ms)

--------------------------------------------------------------------------------
2020-02-13 10:16:50.872 [Info] Saving game database... (6ms)

--------------------------------------------------------------------------------
2020-02-13 10:16:50.873 [Info] Shutting down the API... (7ms)

--------------------------------------------------------------------------------
2020-02-13 10:16:50.875 [Info] Base dispose. (8ms)

--------------------------------------------------------------------------------
2020-02-13 10:16:50.875 [Info] Finished disposing server context. (8ms)

--------------------------------------------------------------------------------
2020-02-13 10:16:50.875 [Info] GC.SuppressFinalize (10ms)

--------------------------------------------------------------------------------
2020-02-13 10:16:50.875 [Info] InternalDispose() completed. (10ms)

--------------------------------------------------------------------------------
2020-02-13 10:16:50.875 [Info] Clearing instance... (10ms)

--------------------------------------------------------------------------------
2020-02-13 10:16:50.876 [Info] Releasing context lock... (11ms)

--------------------------------------------------------------------------------
2020-02-13 10:16:50.876 [Info] Released. (11ms)

--------------------------------------------------------------------------------
