2020-03-10 13:54:27.889 [Debug] Loaded new formula from BaseExp * Power(Gain, Level).

--------------------------------------------------------------------------------
2020-03-10 13:54:27.900 [Debug] Loaded new formula from BaseExp * Power(Gain, Level).

--------------------------------------------------------------------------------
Listening on 0.0.0.0:5400.

--------------------------------------------------------------------------------
2020-03-10 13:54:32.044 [Info] Connection approved [c2020f16-a5b3-4646-aead-1c30c9798f50].

--------------------------------------------------------------------------------
2020-03-10 13:54:32.059 [Debug] Connection established to remote [c2020f16-a5b3-4646-aead-1c30c9798f50/127.0.0.1:65172].

--------------------------------------------------------------------------------
2020-03-10 13:54:32.060 [Info] Connected [c2020f16-a5b3-4646-aead-1c30c9798f50].

--------------------------------------------------------------------------------
2020-03-10 13:54:35.812 [Debug] Took 509ms to load player from db!

--------------------------------------------------------------------------------
UPnP Service Initialization Failed. You might not have a router, or UPnP on your router might be disabled.
  Message: Exception of type 'Open.Nat.NatDeviceNotFoundException' was thrown.
    Stack:    at Open.Nat.NatDiscoverer.<DiscoverDeviceAsync>d__5.MoveNext()
--- End of stack trace from previous location where exception was thrown ---
   at System.Runtime.ExceptionServices.ExceptionDispatchInfo.Throw()
   at System.Runtime.CompilerServices.TaskAwaiter.HandleNonSuccessAndDebuggerNotification(Task task)
   at System.Runtime.CompilerServices.TaskAwaiter`1.GetResult()
   at Intersect.Server.Networking.Helpers.UpnP.<ConnectNatDevice>d__4.MoveNext() in C:\TeamCity\buildAgent\work\6c64f60308be6068\Intersect.Server\Classes\Networking\Helpers\UPnP.cs:line 24


--------------------------------------------------------------------------------
2020-03-10 14:02:21.788 [Info] Connection approved [4d294bcb-4331-41c8-9db9-ba731dda8981].

--------------------------------------------------------------------------------
2020-03-10 14:02:21.805 [Debug] Connection established to remote [4d294bcb-4331-41c8-9db9-ba731dda8981/127.0.0.1:62783].

--------------------------------------------------------------------------------
2020-03-10 14:02:21.805 [Info] Connected [4d294bcb-4331-41c8-9db9-ba731dda8981].

--------------------------------------------------------------------------------
2020-03-10 14:02:22.980 [Debug] Took 11ms to load player from db!

--------------------------------------------------------------------------------
2020-03-10 14:02:22.986 [Debug] StatusChanged: [NetIncomingMessage #95 18 bytes] [Disconnecting]

--------------------------------------------------------------------------------
2020-03-10 14:02:23.099 [Debug] StatusChanged: [NetIncomingMessage #96 18 bytes] [Disconnected]

--------------------------------------------------------------------------------
2020-03-10 14:02:23.099 [Debug] Connectioned terminated to remote [c2020f16-a5b3-4646-aead-1c30c9798f50/127.0.0.1:65172].

--------------------------------------------------------------------------------
2020-03-10 14:02:23.100 [Info] Disconnected [c2020f16-a5b3-4646-aead-1c30c9798f50].

--------------------------------------------------------------------------------
2020-03-10 14:02:23.100 [Debug] Client disconnected (AEON->[editor])

--------------------------------------------------------------------------------
2020-03-10 14:40:53.650 [Debug] StatusChanged: [NetIncomingMessage #563 10 bytes] [Disconnected]

--------------------------------------------------------------------------------
2020-03-10 14:40:53.651 [Debug] Connectioned terminated to remote [4d294bcb-4331-41c8-9db9-ba731dda8981/127.0.0.1:62783].

--------------------------------------------------------------------------------
2020-03-10 14:40:53.651 [Info] Disconnected [4d294bcb-4331-41c8-9db9-ba731dda8981].

--------------------------------------------------------------------------------
2020-03-10 14:40:53.652 [Debug] Client disconnected (AEON->[editor])

--------------------------------------------------------------------------------
2020-03-10 14:41:55.008 [Info] Connection approved [fd532875-72e3-4f7c-b5b9-06d1176c308d].

--------------------------------------------------------------------------------
2020-03-10 14:41:55.013 [Debug] Connection established to remote [fd532875-72e3-4f7c-b5b9-06d1176c308d/127.0.0.1:61374].

--------------------------------------------------------------------------------
2020-03-10 14:41:55.013 [Info] Connected [fd532875-72e3-4f7c-b5b9-06d1176c308d].

--------------------------------------------------------------------------------
2020-03-10 14:41:55.405 [Debug] Took 11ms to load player from db!

--------------------------------------------------------------------------------
2020-03-10 15:19:21.667 [Debug] StatusChanged: [NetIncomingMessage #229 10 bytes] [Disconnected]

--------------------------------------------------------------------------------
2020-03-10 15:19:21.668 [Debug] Connectioned terminated to remote [fd532875-72e3-4f7c-b5b9-06d1176c308d/127.0.0.1:61374].

--------------------------------------------------------------------------------
2020-03-10 15:19:21.669 [Info] Disconnected [fd532875-72e3-4f7c-b5b9-06d1176c308d].

--------------------------------------------------------------------------------
2020-03-10 15:19:21.669 [Debug] Client disconnected (AEON->[editor])

--------------------------------------------------------------------------------
2020-03-10 15:19:26.719 [Info] Connection approved [0b52ae64-d411-4899-a633-e7a0940ffc81].

--------------------------------------------------------------------------------
2020-03-10 15:19:26.733 [Debug] Connection established to remote [0b52ae64-d411-4899-a633-e7a0940ffc81/127.0.0.1:50667].

--------------------------------------------------------------------------------
2020-03-10 15:19:26.733 [Info] Connected [0b52ae64-d411-4899-a633-e7a0940ffc81].

--------------------------------------------------------------------------------
2020-03-10 15:19:27.270 [Debug] Took 12ms to load player from db!

--------------------------------------------------------------------------------
2020-03-10 15:20:02.148 [Info] Connection approved [bb609c0a-5b7f-4f40-b4d0-532cf9751f06].

--------------------------------------------------------------------------------
2020-03-10 15:20:02.159 [Debug] Connection established to remote [bb609c0a-5b7f-4f40-b4d0-532cf9751f06/127.0.0.1:50669].

--------------------------------------------------------------------------------
2020-03-10 15:20:02.159 [Info] Connected [bb609c0a-5b7f-4f40-b4d0-532cf9751f06].

--------------------------------------------------------------------------------
2020-03-10 15:20:08.313 [Debug] Took 18ms to send game data to client!

--------------------------------------------------------------------------------
2020-03-10 15:25:43.089 [Debug] StatusChanged: [NetIncomingMessage #824 11 bytes] [Disconnected]

--------------------------------------------------------------------------------
2020-03-10 15:25:43.090 [Debug] Connectioned terminated to remote [bb609c0a-5b7f-4f40-b4d0-532cf9751f06/127.0.0.1:50669].

--------------------------------------------------------------------------------
2020-03-10 15:25:43.090 [Info] Disconnected [bb609c0a-5b7f-4f40-b4d0-532cf9751f06].

--------------------------------------------------------------------------------
2020-03-10 15:25:43.090 [Debug] Client disconnected (AEON->AEON)

--------------------------------------------------------------------------------
2020-03-10 15:26:08.966 [Debug] StatusChanged: [NetIncomingMessage #48 10 bytes] [Disconnected]

--------------------------------------------------------------------------------
2020-03-10 15:26:08.967 [Debug] Connectioned terminated to remote [0b52ae64-d411-4899-a633-e7a0940ffc81/127.0.0.1:50667].

--------------------------------------------------------------------------------
2020-03-10 15:26:08.967 [Info] Disconnected [0b52ae64-d411-4899-a633-e7a0940ffc81].

--------------------------------------------------------------------------------
2020-03-10 15:26:08.967 [Debug] Client disconnected (AEON->[editor])

--------------------------------------------------------------------------------
2020-03-10 15:26:17.187 [Info] Acquiring context lock... (0ms)

--------------------------------------------------------------------------------
2020-03-10 15:26:17.187 [Info] Acquired. (0ms)

--------------------------------------------------------------------------------
2020-03-10 15:26:17.187 [Info] Beginning context dispose. (0ms)

--------------------------------------------------------------------------------
2020-03-10 15:26:17.189 [Info] Disposing network... (1ms)

--------------------------------------------------------------------------------
2020-03-10 15:26:17.192 [Info] Saving player database... (3ms)

--------------------------------------------------------------------------------
2020-03-10 15:26:17.196 [Info] Saving game database... (8ms)

--------------------------------------------------------------------------------
2020-03-10 15:26:17.207 [Info] Shutting down the API... (19ms)

--------------------------------------------------------------------------------
2020-03-10 15:26:17.207 [Info] Base dispose. (19ms)

--------------------------------------------------------------------------------
2020-03-10 15:26:17.207 [Info] Finished disposing server context. (19ms)

--------------------------------------------------------------------------------
2020-03-10 15:26:17.208 [Info] GC.SuppressFinalize (20ms)

--------------------------------------------------------------------------------
2020-03-10 15:26:17.208 [Info] InternalDispose() completed. (20ms)

--------------------------------------------------------------------------------
2020-03-10 15:26:17.208 [Info] Clearing instance... (21ms)

--------------------------------------------------------------------------------
2020-03-10 15:26:17.208 [Info] Releasing context lock... (21ms)

--------------------------------------------------------------------------------
2020-03-10 15:26:17.208 [Info] Released. (21ms)

--------------------------------------------------------------------------------
