2020-02-26 12:44:53.366 [Debug] Loaded new formula from BaseExp * Power(Gain, Level).

--------------------------------------------------------------------------------
2020-02-26 12:44:53.379 [Debug] Loaded new formula from BaseExp * Power(Gain, Level).

--------------------------------------------------------------------------------
Listening on 0.0.0.0:5400.

--------------------------------------------------------------------------------
UPnP Service Initialization Failed. You might not have a router, or UPnP on your router might be disabled.
  Message: Exception of type 'Open.Nat.NatDeviceNotFoundException' was thrown.
    Stack:    at Open.Nat.NatDiscoverer.<DiscoverDeviceAsync>d__5.MoveNext()
--- End of stack trace from previous location where exception was thrown ---
   at System.Runtime.ExceptionServices.ExceptionDispatchInfo.Throw()
   at System.Runtime.CompilerServices.TaskAwaiter.HandleNonSuccessAndDebuggerNotification(Task task)
   at System.Runtime.CompilerServices.TaskAwaiter`1.GetResult()
   at Intersect.Server.Networking.Helpers.UpnP.<ConnectNatDevice>d__4.MoveNext() in C:\TeamCity\buildAgent\work\6c64f60308be6068\Intersect.Server\Classes\Networking\Helpers\UPnP.cs:line 24


--------------------------------------------------------------------------------
2020-02-26 12:45:03.684 [Info] Connection approved [91bfd046-fdc1-4656-8cd2-cb3cf24efd03].

--------------------------------------------------------------------------------
2020-02-26 12:45:03.702 [Debug] Connection established to remote [91bfd046-fdc1-4656-8cd2-cb3cf24efd03/127.0.0.1:58947].

--------------------------------------------------------------------------------
2020-02-26 12:45:03.702 [Info] Connected [91bfd046-fdc1-4656-8cd2-cb3cf24efd03].

--------------------------------------------------------------------------------
2020-02-26 12:45:05.762 [Debug] Took 643ms to load player from db!

--------------------------------------------------------------------------------
2020-02-26 12:51:08.847 [Info] Connection approved [b3aaf773-79d4-4f2a-bef2-a616286088a7].

--------------------------------------------------------------------------------
2020-02-26 12:51:08.869 [Debug] Connection established to remote [b3aaf773-79d4-4f2a-bef2-a616286088a7/127.0.0.1:59258].

--------------------------------------------------------------------------------
2020-02-26 12:51:08.869 [Info] Connected [b3aaf773-79d4-4f2a-bef2-a616286088a7].

--------------------------------------------------------------------------------
2020-02-26 12:51:12.723 [Debug] Took 2ms to send game data to client!

--------------------------------------------------------------------------------
2020-02-26 12:51:44.290 [Debug] StatusChanged: [NetIncomingMessage #48 11 bytes] [Disconnected]

--------------------------------------------------------------------------------
2020-02-26 12:51:44.290 [Debug] Connectioned terminated to remote [b3aaf773-79d4-4f2a-bef2-a616286088a7/127.0.0.1:59258].

--------------------------------------------------------------------------------
2020-02-26 12:51:44.290 [Info] Disconnected [b3aaf773-79d4-4f2a-bef2-a616286088a7].

--------------------------------------------------------------------------------
2020-02-26 12:51:44.291 [Debug] Client disconnected (AEON->AEON)

--------------------------------------------------------------------------------
2020-02-26 13:02:19.310 [Info] Connection approved [05a74f1a-0f4b-4e5a-9520-3f1c82e7765a].

--------------------------------------------------------------------------------
2020-02-26 13:02:19.325 [Debug] Connection established to remote [05a74f1a-0f4b-4e5a-9520-3f1c82e7765a/127.0.0.1:61303].

--------------------------------------------------------------------------------
2020-02-26 13:02:19.326 [Info] Connected [05a74f1a-0f4b-4e5a-9520-3f1c82e7765a].

--------------------------------------------------------------------------------
2020-02-26 13:02:22.076 [Debug] Took 2ms to send game data to client!

--------------------------------------------------------------------------------
2020-02-26 13:03:01.163 [Debug] StatusChanged: [NetIncomingMessage #71 11 bytes] [Disconnected]

--------------------------------------------------------------------------------
2020-02-26 13:03:01.163 [Debug] Connectioned terminated to remote [05a74f1a-0f4b-4e5a-9520-3f1c82e7765a/127.0.0.1:61303].

--------------------------------------------------------------------------------
2020-02-26 13:03:01.163 [Info] Disconnected [05a74f1a-0f4b-4e5a-9520-3f1c82e7765a].

--------------------------------------------------------------------------------
2020-02-26 13:03:01.163 [Debug] Client disconnected (AEON->AEON)

--------------------------------------------------------------------------------
2020-02-26 13:03:12.436 [Info] Connection approved [02062d73-d7ba-409c-bab2-949d6074176e].

--------------------------------------------------------------------------------
2020-02-26 13:03:12.452 [Debug] Connection established to remote [02062d73-d7ba-409c-bab2-949d6074176e/127.0.0.1:51353].

--------------------------------------------------------------------------------
2020-02-26 13:03:12.452 [Info] Connected [02062d73-d7ba-409c-bab2-949d6074176e].

--------------------------------------------------------------------------------
2020-02-26 13:05:31.219 [Debug] Took 1ms to send game data to client!

--------------------------------------------------------------------------------
2020-02-26 13:06:22.164 [Debug] StatusChanged: [NetIncomingMessage #55 11 bytes] [Disconnected]

--------------------------------------------------------------------------------
2020-02-26 13:06:22.164 [Debug] Connectioned terminated to remote [02062d73-d7ba-409c-bab2-949d6074176e/127.0.0.1:51353].

--------------------------------------------------------------------------------
2020-02-26 13:06:22.164 [Info] Disconnected [02062d73-d7ba-409c-bab2-949d6074176e].

--------------------------------------------------------------------------------
2020-02-26 13:06:22.164 [Debug] Client disconnected (AEON->AEON)

--------------------------------------------------------------------------------
2020-02-26 13:18:20.464 [Info] Connection approved [e4fdf291-9773-46a0-b765-192aee4f5e62].

--------------------------------------------------------------------------------
2020-02-26 13:18:20.486 [Debug] Connection established to remote [e4fdf291-9773-46a0-b765-192aee4f5e62/127.0.0.1:51781].

--------------------------------------------------------------------------------
2020-02-26 13:18:20.486 [Info] Connected [e4fdf291-9773-46a0-b765-192aee4f5e62].

--------------------------------------------------------------------------------
2020-02-26 13:18:24.064 [Debug] Took 4ms to send game data to client!

--------------------------------------------------------------------------------
2020-02-26 13:22:28.916 [Debug] StatusChanged: [NetIncomingMessage #525 11 bytes] [Disconnected]

--------------------------------------------------------------------------------
2020-02-26 13:22:28.916 [Debug] Connectioned terminated to remote [e4fdf291-9773-46a0-b765-192aee4f5e62/127.0.0.1:51781].

--------------------------------------------------------------------------------
2020-02-26 13:22:28.916 [Info] Disconnected [e4fdf291-9773-46a0-b765-192aee4f5e62].

--------------------------------------------------------------------------------
2020-02-26 13:22:28.916 [Debug] Client disconnected (AEON->AEON)

--------------------------------------------------------------------------------
2020-02-26 13:23:38.958 [Info] Connection approved [5eee1445-296b-4c59-81d1-c62231a0271e].

--------------------------------------------------------------------------------
2020-02-26 13:23:38.971 [Debug] Connection established to remote [5eee1445-296b-4c59-81d1-c62231a0271e/127.0.0.1:58413].

--------------------------------------------------------------------------------
2020-02-26 13:23:38.971 [Info] Connected [5eee1445-296b-4c59-81d1-c62231a0271e].

--------------------------------------------------------------------------------
2020-02-26 13:23:42.899 [Debug] Took 1ms to send game data to client!

--------------------------------------------------------------------------------
2020-02-26 13:24:18.666 [Debug] StatusChanged: [NetIncomingMessage #99 11 bytes] [Disconnected]

--------------------------------------------------------------------------------
2020-02-26 13:24:18.668 [Debug] Connectioned terminated to remote [5eee1445-296b-4c59-81d1-c62231a0271e/127.0.0.1:58413].

--------------------------------------------------------------------------------
2020-02-26 13:24:18.668 [Info] Disconnected [5eee1445-296b-4c59-81d1-c62231a0271e].

--------------------------------------------------------------------------------
2020-02-26 13:24:18.668 [Debug] Client disconnected (AEON->AEON)

--------------------------------------------------------------------------------
2020-02-26 13:32:10.197 [Info] Connection approved [080668a0-b036-465e-97a9-bcff6aa76703].

--------------------------------------------------------------------------------
2020-02-26 13:32:10.208 [Debug] Connection established to remote [080668a0-b036-465e-97a9-bcff6aa76703/127.0.0.1:52220].

--------------------------------------------------------------------------------
2020-02-26 13:32:10.208 [Info] Connected [080668a0-b036-465e-97a9-bcff6aa76703].

--------------------------------------------------------------------------------
2020-02-26 13:32:13.333 [Debug] Took 0ms to send game data to client!

--------------------------------------------------------------------------------
2020-02-26 13:32:46.792 [Debug] StatusChanged: [NetIncomingMessage #78 11 bytes] [Disconnected]

--------------------------------------------------------------------------------
2020-02-26 13:32:46.792 [Debug] Connectioned terminated to remote [080668a0-b036-465e-97a9-bcff6aa76703/127.0.0.1:52220].

--------------------------------------------------------------------------------
2020-02-26 13:32:46.792 [Info] Disconnected [080668a0-b036-465e-97a9-bcff6aa76703].

--------------------------------------------------------------------------------
2020-02-26 13:32:46.792 [Debug] Client disconnected (AEON->AEON)

--------------------------------------------------------------------------------
2020-02-26 13:36:29.417 [Debug] StatusChanged: [NetIncomingMessage #433 10 bytes] [Disconnected]

--------------------------------------------------------------------------------
2020-02-26 13:36:29.418 [Debug] Connectioned terminated to remote [91bfd046-fdc1-4656-8cd2-cb3cf24efd03/127.0.0.1:58947].

--------------------------------------------------------------------------------
2020-02-26 13:36:29.418 [Info] Disconnected [91bfd046-fdc1-4656-8cd2-cb3cf24efd03].

--------------------------------------------------------------------------------
2020-02-26 13:36:29.418 [Debug] Client disconnected (AEON->[editor])

--------------------------------------------------------------------------------
2020-02-26 15:07:36.846 [Info] Acquiring context lock... (0ms)

--------------------------------------------------------------------------------
2020-02-26 15:07:36.846 [Info] Acquired. (0ms)

--------------------------------------------------------------------------------
2020-02-26 15:07:36.848 [Info] Beginning context dispose. (0ms)

--------------------------------------------------------------------------------
2020-02-26 15:07:36.849 [Info] Disposing network... (1ms)

--------------------------------------------------------------------------------
2020-02-26 15:07:36.852 [Info] Saving player database... (3ms)

--------------------------------------------------------------------------------
2020-02-26 15:07:36.858 [Info] Saving game database... (9ms)

--------------------------------------------------------------------------------
2020-02-26 15:07:36.869 [Info] Shutting down the API... (21ms)

--------------------------------------------------------------------------------
2020-02-26 15:07:36.870 [Info] Base dispose. (21ms)

--------------------------------------------------------------------------------
2020-02-26 15:07:36.870 [Info] Finished disposing server context. (21ms)

--------------------------------------------------------------------------------
2020-02-26 15:07:36.870 [Info] GC.SuppressFinalize (22ms)

--------------------------------------------------------------------------------
2020-02-26 15:07:36.870 [Info] InternalDispose() completed. (22ms)

--------------------------------------------------------------------------------
2020-02-26 15:07:36.870 [Info] Clearing instance... (25ms)

--------------------------------------------------------------------------------
2020-02-26 15:07:36.870 [Info] Releasing context lock... (25ms)

--------------------------------------------------------------------------------
2020-02-26 15:07:36.870 [Info] Released. (25ms)

--------------------------------------------------------------------------------
