2020-03-04 08:54:51.909 [Debug] Loaded new formula from BaseExp * Power(Gain, Level).

--------------------------------------------------------------------------------
2020-03-04 08:54:51.925 [Debug] Loaded new formula from BaseExp * Power(Gain, Level).

--------------------------------------------------------------------------------
Listening on 0.0.0.0:5400.

--------------------------------------------------------------------------------
2020-03-04 08:54:57.050 [Info] Connection approved [10fa2ce0-7d3f-44b6-b176-f57c1ac1341d].

--------------------------------------------------------------------------------
2020-03-04 08:54:57.063 [Debug] Connection established to remote [10fa2ce0-7d3f-44b6-b176-f57c1ac1341d/127.0.0.1:60053].

--------------------------------------------------------------------------------
2020-03-04 08:54:57.064 [Info] Connected [10fa2ce0-7d3f-44b6-b176-f57c1ac1341d].

--------------------------------------------------------------------------------
2020-03-04 08:54:58.101 [Debug] Took 479ms to load player from db!

--------------------------------------------------------------------------------
UPnP Service Initialization Failed. You might not have a router, or UPnP on your router might be disabled.
  Message: Exception of type 'Open.Nat.NatDeviceNotFoundException' was thrown.
    Stack:    at Open.Nat.NatDiscoverer.<DiscoverDeviceAsync>d__5.MoveNext()
--- End of stack trace from previous location where exception was thrown ---
   at System.Runtime.ExceptionServices.ExceptionDispatchInfo.Throw()
   at System.Runtime.CompilerServices.TaskAwaiter.HandleNonSuccessAndDebuggerNotification(Task task)
   at System.Runtime.CompilerServices.TaskAwaiter`1.GetResult()
   at Intersect.Server.Networking.Helpers.UpnP.<ConnectNatDevice>d__4.MoveNext() in C:\TeamCity\buildAgent\work\6c64f60308be6068\Intersect.Server\Classes\Networking\Helpers\UPnP.cs:line 24


--------------------------------------------------------------------------------
2020-03-04 09:28:10.259 [Info] Connection approved [50df56a5-3cec-4a8f-8df0-155927feeef0].

--------------------------------------------------------------------------------
2020-03-04 09:28:10.266 [Debug] Connection established to remote [50df56a5-3cec-4a8f-8df0-155927feeef0/127.0.0.1:61291].

--------------------------------------------------------------------------------
2020-03-04 09:28:10.266 [Info] Connected [50df56a5-3cec-4a8f-8df0-155927feeef0].

--------------------------------------------------------------------------------
2020-03-04 09:28:14.818 [Debug] Took 5ms to send game data to client!

--------------------------------------------------------------------------------
2020-03-04 09:32:34.012 [Debug] StatusChanged: [NetIncomingMessage #787 11 bytes] [Disconnected]

--------------------------------------------------------------------------------
2020-03-04 09:32:34.012 [Debug] Connectioned terminated to remote [50df56a5-3cec-4a8f-8df0-155927feeef0/127.0.0.1:61291].

--------------------------------------------------------------------------------
2020-03-04 09:32:34.012 [Info] Disconnected [50df56a5-3cec-4a8f-8df0-155927feeef0].

--------------------------------------------------------------------------------
2020-03-04 09:32:34.013 [Debug] Client disconnected (AEON->AEON)

--------------------------------------------------------------------------------
2020-03-04 10:06:31.275 [Debug] StatusChanged: [NetIncomingMessage #807 10 bytes] [Disconnected]

--------------------------------------------------------------------------------
2020-03-04 10:06:31.276 [Debug] Connectioned terminated to remote [10fa2ce0-7d3f-44b6-b176-f57c1ac1341d/127.0.0.1:60053].

--------------------------------------------------------------------------------
2020-03-04 10:06:31.276 [Info] Disconnected [10fa2ce0-7d3f-44b6-b176-f57c1ac1341d].

--------------------------------------------------------------------------------
2020-03-04 10:06:31.276 [Debug] Client disconnected (AEON->[editor])

--------------------------------------------------------------------------------
2020-03-04 10:06:33.897 [Info] Acquiring context lock... (0ms)

--------------------------------------------------------------------------------
2020-03-04 10:06:33.897 [Info] Acquired. (0ms)

--------------------------------------------------------------------------------
2020-03-04 10:06:33.897 [Info] Beginning context dispose. (0ms)

--------------------------------------------------------------------------------
2020-03-04 10:06:33.899 [Info] Disposing network... (1ms)

--------------------------------------------------------------------------------
2020-03-04 10:06:33.901 [Info] Saving player database... (3ms)

--------------------------------------------------------------------------------
2020-03-04 10:06:33.906 [Info] Saving game database... (8ms)

--------------------------------------------------------------------------------
2020-03-04 10:06:33.915 [Info] Shutting down the API... (17ms)

--------------------------------------------------------------------------------
2020-03-04 10:06:33.916 [Info] Base dispose. (17ms)

--------------------------------------------------------------------------------
2020-03-04 10:06:33.916 [Info] Finished disposing server context. (18ms)

--------------------------------------------------------------------------------
2020-03-04 10:06:33.916 [Info] GC.SuppressFinalize (18ms)

--------------------------------------------------------------------------------
2020-03-04 10:06:33.916 [Info] InternalDispose() completed. (18ms)

--------------------------------------------------------------------------------
2020-03-04 10:06:33.916 [Info] Clearing instance... (19ms)

--------------------------------------------------------------------------------
2020-03-04 10:06:33.916 [Info] Releasing context lock... (19ms)

--------------------------------------------------------------------------------
2020-03-04 10:06:33.916 [Info] Released. (19ms)

--------------------------------------------------------------------------------
