2020-02-23 12:05:07.132 [Debug] Loaded new formula from BaseExp * Power(Gain, Level).

--------------------------------------------------------------------------------
2020-02-23 12:05:07.138 [Debug] Loaded new formula from BaseExp * Power(Gain, Level).

--------------------------------------------------------------------------------
Listening on 0.0.0.0:5400.

--------------------------------------------------------------------------------
UPnP Service Initialization Succeeded

--------------------------------------------------------------------------------
Successfully auto port forwarded udp port 5400 using UPnP.

--------------------------------------------------------------------------------
2020-02-23 12:05:12.028 [Info] Connection approved [90fc4f52-1e6d-4950-ad91-6ba5c8989092].

--------------------------------------------------------------------------------
2020-02-23 12:05:12.041 [Debug] Connection established to remote [90fc4f52-1e6d-4950-ad91-6ba5c8989092/127.0.0.1:65334].

--------------------------------------------------------------------------------
2020-02-23 12:05:12.042 [Info] Connected [90fc4f52-1e6d-4950-ad91-6ba5c8989092].

--------------------------------------------------------------------------------
2020-02-23 12:05:13.352 [Debug] Took 344ms to load player from db!

--------------------------------------------------------------------------------
2020-02-23 13:15:26.795 [Info] Connection approved [dc5b3ad8-2e17-435c-be9a-252b72678c98].

--------------------------------------------------------------------------------
2020-02-23 13:15:26.805 [Debug] Connection established to remote [dc5b3ad8-2e17-435c-be9a-252b72678c98/127.0.0.1:56713].

--------------------------------------------------------------------------------
2020-02-23 13:15:26.805 [Info] Connected [dc5b3ad8-2e17-435c-be9a-252b72678c98].

--------------------------------------------------------------------------------
2020-02-23 13:15:29.219 [Debug] Took 0ms to send game data to client!

--------------------------------------------------------------------------------
2020-02-23 13:17:22.740 [Debug] StatusChanged: [NetIncomingMessage #293 11 bytes] [Disconnected]

--------------------------------------------------------------------------------
2020-02-23 13:17:22.741 [Debug] Connectioned terminated to remote [dc5b3ad8-2e17-435c-be9a-252b72678c98/127.0.0.1:56713].

--------------------------------------------------------------------------------
2020-02-23 13:17:22.741 [Info] Disconnected [dc5b3ad8-2e17-435c-be9a-252b72678c98].

--------------------------------------------------------------------------------
2020-02-23 13:17:22.741 [Debug] Client disconnected (AEON->AEON)

--------------------------------------------------------------------------------
2020-02-23 13:26:11.199 [Info] Connection approved [403df5bd-614b-4307-9415-5b2137f1fb84].

--------------------------------------------------------------------------------
2020-02-23 13:26:11.212 [Debug] Connection established to remote [403df5bd-614b-4307-9415-5b2137f1fb84/127.0.0.1:63230].

--------------------------------------------------------------------------------
2020-02-23 13:26:11.212 [Info] Connected [403df5bd-614b-4307-9415-5b2137f1fb84].

--------------------------------------------------------------------------------
2020-02-23 13:26:14.145 [Debug] Took 0ms to send game data to client!

--------------------------------------------------------------------------------
2020-02-23 13:26:45.364 [Debug] StatusChanged: [NetIncomingMessage #74 11 bytes] [Disconnected]

--------------------------------------------------------------------------------
2020-02-23 13:26:45.364 [Debug] Connectioned terminated to remote [403df5bd-614b-4307-9415-5b2137f1fb84/127.0.0.1:63230].

--------------------------------------------------------------------------------
2020-02-23 13:26:45.364 [Info] Disconnected [403df5bd-614b-4307-9415-5b2137f1fb84].

--------------------------------------------------------------------------------
2020-02-23 13:26:45.364 [Debug] Client disconnected (AEON->AEON)

--------------------------------------------------------------------------------
2020-02-23 13:26:48.866 [Debug] StatusChanged: [NetIncomingMessage #75 10 bytes] [Disconnected]

--------------------------------------------------------------------------------
2020-02-23 13:26:48.866 [Debug] Connectioned terminated to remote [90fc4f52-1e6d-4950-ad91-6ba5c8989092/127.0.0.1:65334].

--------------------------------------------------------------------------------
2020-02-23 13:26:48.866 [Info] Disconnected [90fc4f52-1e6d-4950-ad91-6ba5c8989092].

--------------------------------------------------------------------------------
2020-02-23 13:26:48.866 [Debug] Client disconnected (AEON->[editor])

--------------------------------------------------------------------------------
2020-02-23 13:26:51.388 [Info] Acquiring context lock... (0ms)

--------------------------------------------------------------------------------
2020-02-23 13:26:51.388 [Info] Acquired. (0ms)

--------------------------------------------------------------------------------
2020-02-23 13:26:51.388 [Info] Beginning context dispose. (0ms)

--------------------------------------------------------------------------------
2020-02-23 13:26:51.389 [Info] Disposing network... (0ms)

--------------------------------------------------------------------------------
2020-02-23 13:26:51.390 [Info] Saving player database... (1ms)

--------------------------------------------------------------------------------
2020-02-23 13:26:51.392 [Info] Saving game database... (3ms)

--------------------------------------------------------------------------------
2020-02-23 13:26:51.397 [Info] Shutting down the API... (8ms)

--------------------------------------------------------------------------------
2020-02-23 13:26:51.397 [Info] Base dispose. (8ms)

--------------------------------------------------------------------------------
2020-02-23 13:26:51.397 [Info] Finished disposing server context. (8ms)

--------------------------------------------------------------------------------
2020-02-23 13:26:51.397 [Info] GC.SuppressFinalize (9ms)

--------------------------------------------------------------------------------
2020-02-23 13:26:51.397 [Info] InternalDispose() completed. (9ms)

--------------------------------------------------------------------------------
2020-02-23 13:26:51.398 [Info] Clearing instance... (9ms)

--------------------------------------------------------------------------------
2020-02-23 13:26:51.398 [Info] Releasing context lock... (9ms)

--------------------------------------------------------------------------------
2020-02-23 13:26:51.398 [Info] Released. (9ms)

--------------------------------------------------------------------------------
