2020-02-21 21:32:10.952 [Debug] Loaded new formula from BaseExp * Power(Gain, Level).

--------------------------------------------------------------------------------
2020-02-21 21:32:10.954 [Debug] Loaded new formula from BaseExp * Power(Gain, Level).

--------------------------------------------------------------------------------
Listening on 0.0.0.0:5400.

--------------------------------------------------------------------------------
UPnP Service Initialization Succeeded

--------------------------------------------------------------------------------
Successfully auto port forwarded udp port 5400 using UPnP.

--------------------------------------------------------------------------------
2020-02-21 21:32:25.035 [Info] Connection approved [d4239fa2-4e78-4d16-9ce0-81be659dbc3d].

--------------------------------------------------------------------------------
2020-02-21 21:32:25.051 [Debug] Connection established to remote [d4239fa2-4e78-4d16-9ce0-81be659dbc3d/127.0.0.1:64978].

--------------------------------------------------------------------------------
2020-02-21 21:32:25.051 [Info] Connected [d4239fa2-4e78-4d16-9ce0-81be659dbc3d].

--------------------------------------------------------------------------------
2020-02-21 21:32:31.561 [Debug] Took 13ms to send game data to client!

--------------------------------------------------------------------------------
2020-02-21 21:33:26.535 [Debug] Took 0ms to send game data to client!

--------------------------------------------------------------------------------
2020-02-21 21:39:17.107 [Debug] StatusChanged: [NetIncomingMessage #600 11 bytes] [Disconnected]

--------------------------------------------------------------------------------
2020-02-21 21:39:17.107 [Debug] Connectioned terminated to remote [d4239fa2-4e78-4d16-9ce0-81be659dbc3d/127.0.0.1:64978].

--------------------------------------------------------------------------------
2020-02-21 21:39:17.108 [Info] Disconnected [d4239fa2-4e78-4d16-9ce0-81be659dbc3d].

--------------------------------------------------------------------------------
2020-02-21 21:39:17.108 [Debug] Client disconnected (AEON->AEON)

--------------------------------------------------------------------------------
2020-02-21 21:39:19.255 [Info] Acquiring context lock... (0ms)

--------------------------------------------------------------------------------
2020-02-21 21:39:19.255 [Info] Acquired. (0ms)

--------------------------------------------------------------------------------
2020-02-21 21:39:19.255 [Info] Beginning context dispose. (0ms)

--------------------------------------------------------------------------------
2020-02-21 21:39:19.256 [Info] Disposing network... (0ms)

--------------------------------------------------------------------------------
2020-02-21 21:39:19.257 [Info] Saving player database... (1ms)

--------------------------------------------------------------------------------
2020-02-21 21:39:19.259 [Info] Saving game database... (3ms)

--------------------------------------------------------------------------------
2020-02-21 21:39:19.263 [Info] Shutting down the API... (7ms)

--------------------------------------------------------------------------------
2020-02-21 21:39:19.263 [Info] Base dispose. (7ms)

--------------------------------------------------------------------------------
2020-02-21 21:39:19.264 [Info] Finished disposing server context. (7ms)

--------------------------------------------------------------------------------
2020-02-21 21:39:19.264 [Info] GC.SuppressFinalize (8ms)

--------------------------------------------------------------------------------
2020-02-21 21:39:19.264 [Info] InternalDispose() completed. (8ms)

--------------------------------------------------------------------------------
2020-02-21 21:39:19.264 [Info] Clearing instance... (8ms)

--------------------------------------------------------------------------------
2020-02-21 21:39:19.264 [Info] Releasing context lock... (8ms)

--------------------------------------------------------------------------------
2020-02-21 21:39:19.264 [Info] Released. (9ms)

--------------------------------------------------------------------------------
