2020-02-12 15:02:24.223 [Debug] Loaded new formula from BaseExp * Power(Gain, Level).

--------------------------------------------------------------------------------
2020-02-12 15:02:24.235 [Debug] Loaded new formula from BaseExp * Power(Gain, Level).

--------------------------------------------------------------------------------
Listening on 0.0.0.0:5400.

--------------------------------------------------------------------------------
UPnP Service Initialization Failed. You might not have a router, or UPnP on your router might be disabled.
  Message: Exception of type 'Open.Nat.NatDeviceNotFoundException' was thrown.
    Stack:    at Open.Nat.NatDiscoverer.<DiscoverDeviceAsync>d__5.MoveNext()
--- End of stack trace from previous location where exception was thrown ---
   at System.Runtime.ExceptionServices.ExceptionDispatchInfo.Throw()
   at System.Runtime.CompilerServices.TaskAwaiter.HandleNonSuccessAndDebuggerNotification(Task task)
   at System.Runtime.CompilerServices.TaskAwaiter`1.GetResult()
   at Intersect.Server.Networking.Helpers.UpnP.<ConnectNatDevice>d__4.MoveNext() in C:\TeamCity\buildAgent\work\6c64f60308be6068\Intersect.Server\Classes\Networking\Helpers\UPnP.cs:line 24


--------------------------------------------------------------------------------
2020-02-12 15:02:44.497 [Info] Connection approved [4577ff2f-a752-4716-89da-421f6f7d1bf7].

--------------------------------------------------------------------------------
2020-02-12 15:02:44.518 [Debug] Connection established to remote [4577ff2f-a752-4716-89da-421f6f7d1bf7/127.0.0.1:49693].

--------------------------------------------------------------------------------
2020-02-12 15:02:44.519 [Info] Connected [4577ff2f-a752-4716-89da-421f6f7d1bf7].

--------------------------------------------------------------------------------
2020-02-12 15:02:49.324 [Debug] Took 19ms to send game data to client!

--------------------------------------------------------------------------------
2020-02-12 15:03:31.570 [Debug] StatusChanged: [NetIncomingMessage #59 11 bytes] [Disconnected]

--------------------------------------------------------------------------------
2020-02-12 15:03:31.570 [Debug] Connectioned terminated to remote [4577ff2f-a752-4716-89da-421f6f7d1bf7/127.0.0.1:49693].

--------------------------------------------------------------------------------
2020-02-12 15:03:31.570 [Info] Disconnected [4577ff2f-a752-4716-89da-421f6f7d1bf7].

--------------------------------------------------------------------------------
2020-02-12 15:03:31.571 [Debug] Client disconnected (AEON->AEON)

--------------------------------------------------------------------------------
2020-02-12 15:03:35.043 [Info] Connection approved [746c7e83-e11a-4174-b3de-e62efc0a62ba].

--------------------------------------------------------------------------------
2020-02-12 15:03:35.057 [Debug] Connection established to remote [746c7e83-e11a-4174-b3de-e62efc0a62ba/127.0.0.1:53119].

--------------------------------------------------------------------------------
2020-02-12 15:03:35.057 [Info] Connected [746c7e83-e11a-4174-b3de-e62efc0a62ba].

--------------------------------------------------------------------------------
2020-02-12 15:03:36.692 [Debug] Took 4ms to load player from db!

--------------------------------------------------------------------------------
2020-02-12 15:04:51.804 [Info] Acquiring context lock... (0ms)

--------------------------------------------------------------------------------
2020-02-12 15:04:51.805 [Info] Acquired. (0ms)

--------------------------------------------------------------------------------
2020-02-12 15:04:51.805 [Info] Beginning context dispose. (0ms)

--------------------------------------------------------------------------------
2020-02-12 15:04:51.817 [Info] Disposing network... (11ms)

--------------------------------------------------------------------------------
2020-02-12 15:04:51.819 [Debug] StatusChanged: [NetIncomingMessage #6 11 bytes] [Disconnecting]

--------------------------------------------------------------------------------
2020-02-12 15:04:51.820 [Info] Saving player database... (13ms)

--------------------------------------------------------------------------------
2020-02-12 15:04:51.824 [Info] Saving game database... (17ms)

--------------------------------------------------------------------------------
2020-02-12 15:04:51.826 [Debug] StatusChanged: [NetIncomingMessage #7 11 bytes] [Disconnected]

--------------------------------------------------------------------------------
connected]
2020-02-12 15:04:51.826 [Info] Shutting down the API... (19ms)

--------------------------------------------------------------------------------

--------------------------------------------------------------------------------
2020-02-12 15:04:51.826 [Info] Base dispose. (20ms)

--------------------------------------------------------------------------------
2020-02-12 15:04:51.827 [Info] Finished disposing server context. (20ms)

--------------------------------------------------------------------------------
2020-02-12 15:04:51.827 [Info] GC.SuppressFinalize (21ms)

--------------------------------------------------------------------------------
2020-02-12 15:04:51.827 [Info] InternalDispose() completed. (21ms)

--------------------------------------------------------------------------------
2020-02-12 15:04:51.827 [Info] Clearing instance... (22ms)

--------------------------------------------------------------------------------
2020-02-12 15:04:51.827 [Info] Releasing context lock... (22ms)

--------------------------------------------------------------------------------
2020-02-12 15:04:51.827 [Info] Released. (22ms)

--------------------------------------------------------------------------------
