2020-03-01 16:48:08.933 [Debug] Loaded new formula from BaseExp * Power(Gain, Level).

--------------------------------------------------------------------------------
2020-03-01 16:48:08.939 [Debug] Loaded new formula from BaseExp * Power(Gain, Level).

--------------------------------------------------------------------------------
Listening on 0.0.0.0:5400.

--------------------------------------------------------------------------------
UPnP Service Initialization Succeeded

--------------------------------------------------------------------------------
2020-03-01 16:48:13.143 [Info] Connection approved [be6508bb-29a0-457b-99b4-0035be67738e].

--------------------------------------------------------------------------------
2020-03-01 16:48:13.161 [Debug] Connection established to remote [be6508bb-29a0-457b-99b4-0035be67738e/127.0.0.1:57049].

--------------------------------------------------------------------------------
2020-03-01 16:48:13.161 [Info] Connected [be6508bb-29a0-457b-99b4-0035be67738e].

--------------------------------------------------------------------------------
Successfully auto port forwarded udp port 5400 using UPnP.

--------------------------------------------------------------------------------
2020-03-01 16:48:14.206 [Debug] Took 352ms to load player from db!

--------------------------------------------------------------------------------
2020-03-01 18:48:49.544 [Debug] StatusChanged: [NetIncomingMessage #289 10 bytes] [Disconnected]

--------------------------------------------------------------------------------
2020-03-01 18:48:49.545 [Debug] Connectioned terminated to remote [be6508bb-29a0-457b-99b4-0035be67738e/127.0.0.1:57049].

--------------------------------------------------------------------------------
2020-03-01 18:48:49.545 [Info] Disconnected [be6508bb-29a0-457b-99b4-0035be67738e].

--------------------------------------------------------------------------------
2020-03-01 18:48:49.545 [Debug] Client disconnected (AEON->[editor])

--------------------------------------------------------------------------------
2020-03-01 18:48:59.691 [Info] Connection approved [aadf57f7-3fc2-4c82-9253-14d6486c0d97].

--------------------------------------------------------------------------------
2020-03-01 18:48:59.704 [Debug] Connection established to remote [aadf57f7-3fc2-4c82-9253-14d6486c0d97/127.0.0.1:60802].

--------------------------------------------------------------------------------
2020-03-01 18:48:59.704 [Info] Connected [aadf57f7-3fc2-4c82-9253-14d6486c0d97].

--------------------------------------------------------------------------------
2020-03-01 18:49:49.749 [Debug] Took 8ms to load player from db!

--------------------------------------------------------------------------------
2020-03-01 18:54:29.223 [Info] Connection approved [4e876e7c-4ab2-47ef-82e5-f2067eaaff1f].

--------------------------------------------------------------------------------
2020-03-01 18:54:29.237 [Debug] Connection established to remote [4e876e7c-4ab2-47ef-82e5-f2067eaaff1f/127.0.0.1:61984].

--------------------------------------------------------------------------------
2020-03-01 18:54:29.237 [Info] Connected [4e876e7c-4ab2-47ef-82e5-f2067eaaff1f].

--------------------------------------------------------------------------------
2020-03-01 18:55:11.044 [Debug] StatusChanged: [NetIncomingMessage #37 11 bytes] [Disconnected]

--------------------------------------------------------------------------------
2020-03-01 18:55:11.044 [Debug] Connectioned terminated to remote [4e876e7c-4ab2-47ef-82e5-f2067eaaff1f/127.0.0.1:61984].

--------------------------------------------------------------------------------
2020-03-01 18:55:11.044 [Info] Disconnected [4e876e7c-4ab2-47ef-82e5-f2067eaaff1f].

--------------------------------------------------------------------------------
2020-03-01 18:55:11.044 [Debug] Client disconnected ([menu])

--------------------------------------------------------------------------------
2020-03-01 18:55:17.177 [Info] Connection approved [b27e6bf6-39b8-4c31-9811-56a56363ea95].

--------------------------------------------------------------------------------
2020-03-01 18:55:17.188 [Debug] Connection established to remote [b27e6bf6-39b8-4c31-9811-56a56363ea95/127.0.0.1:58137].

--------------------------------------------------------------------------------
2020-03-01 18:55:17.188 [Info] Connected [b27e6bf6-39b8-4c31-9811-56a56363ea95].

--------------------------------------------------------------------------------
2020-03-01 18:55:27.903 [Debug] Took 0ms to send game data to client!

--------------------------------------------------------------------------------
2020-03-01 18:59:19.794 [Debug] StatusChanged: [NetIncomingMessage #632 11 bytes] [Disconnected]

--------------------------------------------------------------------------------
2020-03-01 18:59:19.794 [Debug] Connectioned terminated to remote [b27e6bf6-39b8-4c31-9811-56a56363ea95/127.0.0.1:58137].

--------------------------------------------------------------------------------
2020-03-01 18:59:19.794 [Info] Disconnected [b27e6bf6-39b8-4c31-9811-56a56363ea95].

--------------------------------------------------------------------------------
2020-03-01 18:59:19.794 [Debug] Client disconnected (AEON->AEON)

--------------------------------------------------------------------------------
2020-03-01 19:14:05.794 [Debug] StatusChanged: [NetIncomingMessage #633 10 bytes] [Disconnected]

--------------------------------------------------------------------------------
2020-03-01 19:14:05.794 [Debug] Connectioned terminated to remote [aadf57f7-3fc2-4c82-9253-14d6486c0d97/127.0.0.1:60802].

--------------------------------------------------------------------------------
2020-03-01 19:14:05.794 [Info] Disconnected [aadf57f7-3fc2-4c82-9253-14d6486c0d97].

--------------------------------------------------------------------------------
2020-03-01 19:14:05.794 [Debug] Client disconnected (AEON->[editor])

--------------------------------------------------------------------------------
2020-03-01 19:14:07.996 [Info] Acquiring context lock... (0ms)

--------------------------------------------------------------------------------
2020-03-01 19:14:07.996 [Info] Acquired. (0ms)

--------------------------------------------------------------------------------
2020-03-01 19:14:07.996 [Info] Beginning context dispose. (0ms)

--------------------------------------------------------------------------------
2020-03-01 19:14:07.997 [Info] Disposing network... (0ms)

--------------------------------------------------------------------------------
2020-03-01 19:14:07.998 [Info] Saving player database... (1ms)

--------------------------------------------------------------------------------
2020-03-01 19:14:08.002 [Info] Saving game database... (5ms)

--------------------------------------------------------------------------------
2020-03-01 19:14:08.009 [Info] Shutting down the API... (12ms)

--------------------------------------------------------------------------------
2020-03-01 19:14:08.009 [Info] Shutting down the console thread... (13ms)

--------------------------------------------------------------------------------
2020-03-01 19:14:09.011 [Info] Base dispose. (1015ms)

--------------------------------------------------------------------------------
2020-03-01 19:14:09.011 [Info] Finished disposing server context. (1015ms)

--------------------------------------------------------------------------------
2020-03-01 19:14:09.011 [Info] GC.SuppressFinalize (1016ms)

--------------------------------------------------------------------------------
2020-03-01 19:14:09.011 [Info] InternalDispose() completed. (1016ms)

--------------------------------------------------------------------------------
2020-03-01 19:14:09.012 [Info] Clearing instance... (1016ms)

--------------------------------------------------------------------------------
2020-03-01 19:14:09.012 [Info] Releasing context lock... (1016ms)

--------------------------------------------------------------------------------
2020-03-01 19:14:09.012 [Info] Released. (1016ms)

--------------------------------------------------------------------------------
