2020-02-13 13:30:57.439 [Debug] Loaded new formula from BaseExp * Power(Gain, Level).

--------------------------------------------------------------------------------
2020-02-13 13:30:57.448 [Debug] Loaded new formula from BaseExp * Power(Gain, Level).

--------------------------------------------------------------------------------
Listening on 0.0.0.0:5400.

--------------------------------------------------------------------------------
UPnP Service Initialization Failed. You might not have a router, or UPnP on your router might be disabled.
  Message: Exception of type 'Open.Nat.NatDeviceNotFoundException' was thrown.
    Stack:    at Open.Nat.NatDiscoverer.<DiscoverDeviceAsync>d__5.MoveNext()
--- End of stack trace from previous location where exception was thrown ---
   at System.Runtime.ExceptionServices.ExceptionDispatchInfo.Throw()
   at System.Runtime.CompilerServices.TaskAwaiter.HandleNonSuccessAndDebuggerNotification(Task task)
   at System.Runtime.CompilerServices.TaskAwaiter`1.GetResult()
   at Intersect.Server.Networking.Helpers.UpnP.<ConnectNatDevice>d__4.MoveNext() in C:\TeamCity\buildAgent\work\6c64f60308be6068\Intersect.Server\Classes\Networking\Helpers\UPnP.cs:line 24


--------------------------------------------------------------------------------
2020-02-13 13:31:13.353 [Info] Connection approved [6d5fd074-0af5-4533-bfa7-afec1bdf3820].

--------------------------------------------------------------------------------
2020-02-13 13:31:13.368 [Debug] Connection established to remote [6d5fd074-0af5-4533-bfa7-afec1bdf3820/127.0.0.1:49623].

--------------------------------------------------------------------------------
2020-02-13 13:31:13.368 [Info] Connected [6d5fd074-0af5-4533-bfa7-afec1bdf3820].

--------------------------------------------------------------------------------
2020-02-13 13:31:31.349 [Debug] Took 28ms to send game data to client!

--------------------------------------------------------------------------------
2020-02-13 13:31:34.562 [Debug] StatusChanged: [NetIncomingMessage #0 11 bytes] [Disconnected]

--------------------------------------------------------------------------------
2020-02-13 13:31:34.562 [Debug] Connectioned terminated to remote [6d5fd074-0af5-4533-bfa7-afec1bdf3820/127.0.0.1:49623].

--------------------------------------------------------------------------------
2020-02-13 13:31:34.563 [Info] Disconnected [6d5fd074-0af5-4533-bfa7-afec1bdf3820].

--------------------------------------------------------------------------------
2020-02-13 13:31:34.567 [Debug] Client disconnected (AEON->AEON)

--------------------------------------------------------------------------------
2020-02-13 13:31:47.945 [Info] Connection approved [4f3bedef-8aa2-45d6-8a84-dca83f1caaaf].

--------------------------------------------------------------------------------
2020-02-13 13:31:47.955 [Debug] Connection established to remote [4f3bedef-8aa2-45d6-8a84-dca83f1caaaf/127.0.0.1:49627].

--------------------------------------------------------------------------------
2020-02-13 13:31:47.955 [Info] Connected [4f3bedef-8aa2-45d6-8a84-dca83f1caaaf].

--------------------------------------------------------------------------------
2020-02-13 13:31:48.371 [Debug] Took 7ms to load player from db!

--------------------------------------------------------------------------------
2020-02-13 14:14:11.428 [Info] Acquiring context lock... (0ms)

--------------------------------------------------------------------------------
2020-02-13 14:14:11.428 [Info] Acquired. (0ms)

--------------------------------------------------------------------------------
2020-02-13 14:14:11.429 [Info] Beginning context dispose. (0ms)

--------------------------------------------------------------------------------
2020-02-13 14:14:11.432 [Info] Disposing network... (2ms)

--------------------------------------------------------------------------------
2020-02-13 14:14:11.439 [Debug] StatusChanged: [NetIncomingMessage #278 11 bytes] [Disconnecting]

--------------------------------------------------------------------------------
2020-02-13 14:14:11.441 [Info] Saving player database... (10ms)

--------------------------------------------------------------------------------
2020-02-13 14:14:11.448 [Debug] StatusChanged: [NetIncomingMessage #279 11 bytes] [Disconnected]

--------------------------------------------------------------------------------
2020-02-13 14:14:11.452 [Info] Saving game database... (21ms)

--------------------------------------------------------------------------------
2020-02-13 14:14:11.459 [Info] Shutting down the API... (28ms)

--------------------------------------------------------------------------------
2020-02-13 14:14:11.461 [Info] Base dispose. (30ms)

--------------------------------------------------------------------------------
2020-02-13 14:14:11.461 [Info] Finished disposing server context. (30ms)

--------------------------------------------------------------------------------
2020-02-13 14:14:11.461 [Info] GC.SuppressFinalize (32ms)

--------------------------------------------------------------------------------
2020-02-13 14:14:11.461 [Info] InternalDispose() completed. (32ms)

--------------------------------------------------------------------------------
2020-02-13 14:14:11.462 [Info] Clearing instance... (34ms)

--------------------------------------------------------------------------------
2020-02-13 14:14:11.462 [Info] Releasing context lock... (34ms)

--------------------------------------------------------------------------------
2020-02-13 14:14:11.463 [Info] Released. (34ms)

--------------------------------------------------------------------------------
