2020-02-12 15:24:05.694 [Debug] Loaded new formula from BaseExp * Power(Gain, Level).

--------------------------------------------------------------------------------
2020-02-12 15:24:05.706 [Debug] Loaded new formula from BaseExp * Power(Gain, Level).

--------------------------------------------------------------------------------
Listening on 0.0.0.0:5400.

--------------------------------------------------------------------------------
2020-02-12 15:24:11.540 [Info] Connection approved [a9363bda-0d80-43f8-889d-6d401f87bb2c].

--------------------------------------------------------------------------------
2020-02-12 15:24:11.630 [Info] Connection approved [0d2cb637-c894-4c3c-a26f-b7b2a0eb5153].

--------------------------------------------------------------------------------
2020-02-12 15:24:11.634 [Debug] Connection established to remote [a9363bda-0d80-43f8-889d-6d401f87bb2c/127.0.0.1:54318].

--------------------------------------------------------------------------------
2020-02-12 15:24:11.638 [Info] Connected [a9363bda-0d80-43f8-889d-6d401f87bb2c].

--------------------------------------------------------------------------------
2020-02-12 15:24:11.662 [Debug] Connection established to remote [0d2cb637-c894-4c3c-a26f-b7b2a0eb5153/127.0.0.1:54319].

--------------------------------------------------------------------------------
2020-02-12 15:24:11.663 [Info] Connected [0d2cb637-c894-4c3c-a26f-b7b2a0eb5153].

--------------------------------------------------------------------------------
UPnP Service Initialization Failed. You might not have a router, or UPnP on your router might be disabled.
  Message: Exception of type 'Open.Nat.NatDeviceNotFoundException' was thrown.
    Stack:    at Open.Nat.NatDiscoverer.<DiscoverDeviceAsync>d__5.MoveNext()
--- End of stack trace from previous location where exception was thrown ---
   at System.Runtime.ExceptionServices.ExceptionDispatchInfo.Throw()
   at System.Runtime.CompilerServices.TaskAwaiter.HandleNonSuccessAndDebuggerNotification(Task task)
   at System.Runtime.CompilerServices.TaskAwaiter`1.GetResult()
   at Intersect.Server.Networking.Helpers.UpnP.<ConnectNatDevice>d__4.MoveNext() in C:\TeamCity\buildAgent\work\6c64f60308be6068\Intersect.Server\Classes\Networking\Helpers\UPnP.cs:line 24


--------------------------------------------------------------------------------
2020-02-12 15:24:20.020 [Debug] Took 52ms to send game data to client!

--------------------------------------------------------------------------------
2020-02-12 15:24:26.434 [Debug] Took 0ms to send game data to client!

--------------------------------------------------------------------------------
2020-02-12 15:24:48.623 [Debug] StatusChanged: [NetIncomingMessage #22 10 bytes] [Disconnected]

--------------------------------------------------------------------------------
2020-02-12 15:24:48.624 [Debug] Connectioned terminated to remote [0d2cb637-c894-4c3c-a26f-b7b2a0eb5153/127.0.0.1:54319].

--------------------------------------------------------------------------------
2020-02-12 15:24:48.624 [Info] Disconnected [0d2cb637-c894-4c3c-a26f-b7b2a0eb5153].

--------------------------------------------------------------------------------
2020-02-12 15:24:48.628 [Debug] Client disconnected (AEON->AEON)

--------------------------------------------------------------------------------
2020-02-12 15:24:49.618 [Debug] StatusChanged: [NetIncomingMessage #0 10 bytes] [Disconnected]

--------------------------------------------------------------------------------
2020-02-12 15:24:49.618 [Debug] Connectioned terminated to remote [a9363bda-0d80-43f8-889d-6d401f87bb2c/127.0.0.1:54318].

--------------------------------------------------------------------------------
2020-02-12 15:24:49.618 [Info] Disconnected [a9363bda-0d80-43f8-889d-6d401f87bb2c].

--------------------------------------------------------------------------------
2020-02-12 15:24:49.618 [Debug] Client disconnected (admin->ADMIN)

--------------------------------------------------------------------------------
2020-02-12 15:24:53.979 [Info] Connection approved [7746d183-1114-4238-9529-62f54cac2a65].

--------------------------------------------------------------------------------
2020-02-12 15:24:53.997 [Debug] Connection established to remote [7746d183-1114-4238-9529-62f54cac2a65/127.0.0.1:54327].

--------------------------------------------------------------------------------
2020-02-12 15:24:53.997 [Info] Connected [7746d183-1114-4238-9529-62f54cac2a65].

--------------------------------------------------------------------------------
2020-02-12 15:24:54.312 [Debug] Took 3ms to load player from db!

--------------------------------------------------------------------------------
2020-02-12 15:26:00.119 [Debug] StatusChanged: [NetIncomingMessage #11 10 bytes] [Disconnected]

--------------------------------------------------------------------------------
2020-02-12 15:26:00.119 [Debug] Connectioned terminated to remote [7746d183-1114-4238-9529-62f54cac2a65/127.0.0.1:54327].

--------------------------------------------------------------------------------
2020-02-12 15:26:00.119 [Info] Disconnected [7746d183-1114-4238-9529-62f54cac2a65].

--------------------------------------------------------------------------------
2020-02-12 15:26:00.119 [Debug] Client disconnected (AEON->[editor])

--------------------------------------------------------------------------------
2020-02-12 15:26:01.300 [Info] Acquiring context lock... (0ms)

--------------------------------------------------------------------------------
2020-02-12 15:26:01.300 [Info] Acquired. (0ms)

--------------------------------------------------------------------------------
2020-02-12 15:26:01.301 [Info] Beginning context dispose. (0ms)

--------------------------------------------------------------------------------
2020-02-12 15:26:01.302 [Info] Disposing network... (0ms)

--------------------------------------------------------------------------------
2020-02-12 15:26:01.304 [Info] Saving player database... (2ms)

--------------------------------------------------------------------------------
2020-02-12 15:26:01.309 [Info] Saving game database... (7ms)

--------------------------------------------------------------------------------
2020-02-12 15:26:01.309 [Info] Shutting down the API... (7ms)

--------------------------------------------------------------------------------
2020-02-12 15:26:01.310 [Info] Shutting down the console thread... (8ms)

--------------------------------------------------------------------------------
2020-02-12 15:26:02.310 [Info] Base dispose. (1008ms)

--------------------------------------------------------------------------------
2020-02-12 15:26:02.310 [Info] Finished disposing server context. (1009ms)

--------------------------------------------------------------------------------
2020-02-12 15:26:02.311 [Info] GC.SuppressFinalize (1010ms)

--------------------------------------------------------------------------------
2020-02-12 15:26:02.311 [Info] InternalDispose() completed. (1010ms)

--------------------------------------------------------------------------------
2020-02-12 15:26:02.311 [Info] Clearing instance... (1010ms)

--------------------------------------------------------------------------------
2020-02-12 15:26:02.311 [Info] Releasing context lock... (1011ms)

--------------------------------------------------------------------------------
2020-02-12 15:26:02.312 [Info] Released. (1011ms)

--------------------------------------------------------------------------------
