2020-03-04 14:33:44.540 [Debug] Loaded new formula from BaseExp * Power(Gain, Level).

--------------------------------------------------------------------------------
2020-03-04 14:33:44.550 [Debug] Loaded new formula from BaseExp * Power(Gain, Level).

--------------------------------------------------------------------------------
Listening on 0.0.0.0:5400.

--------------------------------------------------------------------------------
2020-03-04 14:33:49.032 [Info] Connection approved [9dfd5c4e-9c17-42c5-893f-cf2a035d1363].

--------------------------------------------------------------------------------
2020-03-04 14:33:49.049 [Debug] Connection established to remote [9dfd5c4e-9c17-42c5-893f-cf2a035d1363/127.0.0.1:60075].

--------------------------------------------------------------------------------
2020-03-04 14:33:49.049 [Info] Connected [9dfd5c4e-9c17-42c5-893f-cf2a035d1363].

--------------------------------------------------------------------------------
2020-03-04 14:33:49.946 [Debug] Took 508ms to load player from db!

--------------------------------------------------------------------------------
UPnP Service Initialization Failed. You might not have a router, or UPnP on your router might be disabled.
  Message: Exception of type 'Open.Nat.NatDeviceNotFoundException' was thrown.
    Stack:    at Open.Nat.NatDiscoverer.<DiscoverDeviceAsync>d__5.MoveNext()
--- End of stack trace from previous location where exception was thrown ---
   at System.Runtime.ExceptionServices.ExceptionDispatchInfo.Throw()
   at System.Runtime.CompilerServices.TaskAwaiter.HandleNonSuccessAndDebuggerNotification(Task task)
   at System.Runtime.CompilerServices.TaskAwaiter`1.GetResult()
   at Intersect.Server.Networking.Helpers.UpnP.<ConnectNatDevice>d__4.MoveNext() in C:\TeamCity\buildAgent\work\6c64f60308be6068\Intersect.Server\Classes\Networking\Helpers\UPnP.cs:line 24


--------------------------------------------------------------------------------
2020-03-04 15:17:39.746 [Debug] StatusChanged: [NetIncomingMessage #504 10 bytes] [Disconnected]

--------------------------------------------------------------------------------
2020-03-04 15:17:39.754 [Debug] Connectioned terminated to remote [9dfd5c4e-9c17-42c5-893f-cf2a035d1363/127.0.0.1:60075].

--------------------------------------------------------------------------------
2020-03-04 15:17:39.755 [Info] Disconnected [9dfd5c4e-9c17-42c5-893f-cf2a035d1363].

--------------------------------------------------------------------------------
2020-03-04 15:17:39.756 [Debug] Client disconnected (AEON->[editor])

--------------------------------------------------------------------------------
2020-03-04 15:17:43.628 [Info] Acquiring context lock... (0ms)

--------------------------------------------------------------------------------
2020-03-04 15:17:43.628 [Info] Acquired. (0ms)

--------------------------------------------------------------------------------
2020-03-04 15:17:43.628 [Info] Beginning context dispose. (0ms)

--------------------------------------------------------------------------------
2020-03-04 15:17:43.630 [Info] Disposing network... (1ms)

--------------------------------------------------------------------------------
2020-03-04 15:17:43.634 [Info] Saving player database... (4ms)

--------------------------------------------------------------------------------
2020-03-04 15:17:43.642 [Info] Saving game database... (12ms)

--------------------------------------------------------------------------------
2020-03-04 15:17:43.657 [Info] Shutting down the API... (27ms)

--------------------------------------------------------------------------------
2020-03-04 15:17:43.657 [Info] Base dispose. (28ms)

--------------------------------------------------------------------------------
2020-03-04 15:17:43.657 [Info] Finished disposing server context. (28ms)

--------------------------------------------------------------------------------
2020-03-04 15:17:43.658 [Info] GC.SuppressFinalize (29ms)

--------------------------------------------------------------------------------
2020-03-04 15:17:43.658 [Info] InternalDispose() completed. (29ms)

--------------------------------------------------------------------------------
2020-03-04 15:17:43.658 [Info] Clearing instance... (30ms)

--------------------------------------------------------------------------------
2020-03-04 15:17:43.658 [Info] Releasing context lock... (30ms)

--------------------------------------------------------------------------------
2020-03-04 15:17:43.658 [Info] Released. (30ms)

--------------------------------------------------------------------------------
