2020-02-14 17:23:06.078 [Error] JC's Solution for UpdateMaps collection was modified bug did not work!
2020-02-14 17:23:06.078 [Error] 
  Message: Object reference not set to an instance of an object.
    Stack:    at Intersect.Editor.EditorGraphics.ScreenShotMap() in C:\TeamCity\buildAgent\work\6c64f60308be6068\Intersect.Editor\Classes\Core\EditorGraphics.cs:line 1165
   at Intersect.Editor.Maps.MapInstance.Update() in C:\TeamCity\buildAgent\work\6c64f60308be6068\Intersect.Editor\Classes\Maps\MapInstance.cs:line 184
   at Intersect.Editor.EditorLoop.UpdateMaps() in C:\TeamCity\buildAgent\work\6c64f60308be6068\Intersect.Editor\Classes\Core\EditorLoop.cs:line 128


--------------------------------------------------------------------------------
2020-02-15 03:13:16.936 [Error] 
  Message: The process cannot access the file 'C:\Users\zogar\Desktop\Files\Intersect\Intersect Engine Beta 6 Build 186 Full\Client and Editor\sqlite3.dll' because it is being used by another process.
    Stack:    at System.IO.__Error.WinIOError(Int32 errorCode, String maybeFullPath)
   at System.IO.FileStream.Init(String path, FileMode mode, FileAccess access, Int32 rights, Boolean useRights, FileShare share, Int32 bufferSize, FileOptions options, SECURITY_ATTRIBUTES secAttrs, String msgPath, Boolean bFromProxy, Boolean useLongPath, Boolean checkHost)
   at System.IO.FileStream..ctor(String path, FileMode mode, FileAccess access)
   at Intersect.Editor.Program.Main() in C:\TeamCity\buildAgent\work\6c64f60308be6068\Intersect.Editor\Classes\Core\Program.cs:line 38


--------------------------------------------------------------------------------
2020-02-18 09:34:23.781 [Error] 
  Message: The process cannot access the file 'C:\Users\mbritton\Desktop\Intersect\Intersect\Intersect Engine Beta 6 Build 186 Full\Client and Editor\sqlite3.dll' because it is being used by another process.
    Stack:    at System.IO.__Error.WinIOError(Int32 errorCode, String maybeFullPath)
   at System.IO.FileStream.Init(String path, FileMode mode, FileAccess access, Int32 rights, Boolean useRights, FileShare share, Int32 bufferSize, FileOptions options, SECURITY_ATTRIBUTES secAttrs, String msgPath, Boolean bFromProxy, Boolean useLongPath, Boolean checkHost)
   at System.IO.FileStream..ctor(String path, FileMode mode, FileAccess access)
   at Intersect.Editor.Program.Main() in C:\TeamCity\buildAgent\work\6c64f60308be6068\Intersect.Editor\Classes\Core\Program.cs:line 38


--------------------------------------------------------------------------------
2020-02-21 18:34:53.910 [Error] 
  Message: The process cannot access the file 'C:\Users\zogar\Desktop\Files\Intersect\Intersect Engine Beta 6 Build 186 Full\Client and Editor\sqlite3.dll' because it is being used by another process.
    Stack:    at System.IO.__Error.WinIOError(Int32 errorCode, String maybeFullPath)
   at System.IO.FileStream.Init(String path, FileMode mode, FileAccess access, Int32 rights, Boolean useRights, FileShare share, Int32 bufferSize, FileOptions options, SECURITY_ATTRIBUTES secAttrs, String msgPath, Boolean bFromProxy, Boolean useLongPath, Boolean checkHost)
   at System.IO.FileStream..ctor(String path, FileMode mode, FileAccess access)
   at Intersect.Editor.Program.Main() in C:\TeamCity\buildAgent\work\6c64f60308be6068\Intersect.Editor\Classes\Core\Program.cs:line 38


--------------------------------------------------------------------------------
2020-02-24 14:30:05.485 [Error] 
  Message: The process cannot access the file 'C:\Users\mbritton\Desktop\Intersect\Intersect\Intersect Engine Beta 6 Build 186 Full\Client and Editor\sqlite3.dll' because it is being used by another process.
    Stack:    at System.IO.__Error.WinIOError(Int32 errorCode, String maybeFullPath)
   at System.IO.FileStream.Init(String path, FileMode mode, FileAccess access, Int32 rights, Boolean useRights, FileShare share, Int32 bufferSize, FileOptions options, SECURITY_ATTRIBUTES secAttrs, String msgPath, Boolean bFromProxy, Boolean useLongPath, Boolean checkHost)
   at System.IO.FileStream..ctor(String path, FileMode mode, FileAccess access)
   at Intersect.Editor.Program.Main() in C:\TeamCity\buildAgent\work\6c64f60308be6068\Intersect.Editor\Classes\Core\Program.cs:line 38


--------------------------------------------------------------------------------
2020-02-28 14:20:28.295 [Error] 
  Message: The process cannot access the file 'C:\Users\mbritton\Desktop\Intersect\Intersect\Intersect Engine Beta 6 Build 186 Full\Client and Editor\sqlite3.dll' because it is being used by another process.
    Stack:    at System.IO.__Error.WinIOError(Int32 errorCode, String maybeFullPath)
   at System.IO.FileStream.Init(String path, FileMode mode, FileAccess access, Int32 rights, Boolean useRights, FileShare share, Int32 bufferSize, FileOptions options, SECURITY_ATTRIBUTES secAttrs, String msgPath, Boolean bFromProxy, Boolean useLongPath, Boolean checkHost)
   at System.IO.FileStream..ctor(String path, FileMode mode, FileAccess access)
   at Intersect.Editor.Program.Main() in C:\TeamCity\buildAgent\work\6c64f60308be6068\Intersect.Editor\Classes\Core\Program.cs:line 38


--------------------------------------------------------------------------------
2020-03-03 15:59:52.034 [Error] 
  Message: The process cannot access the file 'C:\Users\mbritton\Desktop\Intersect\Intersect\Intersect Engine Beta 6 Build 186 Full\Client and Editor\sqlite3.dll' because it is being used by another process.
    Stack:    at System.IO.__Error.WinIOError(Int32 errorCode, String maybeFullPath)
   at System.IO.FileStream.Init(String path, FileMode mode, FileAccess access, Int32 rights, Boolean useRights, FileShare share, Int32 bufferSize, FileOptions options, SECURITY_ATTRIBUTES secAttrs, String msgPath, Boolean bFromProxy, Boolean useLongPath, Boolean checkHost)
   at System.IO.FileStream..ctor(String path, FileMode mode, FileAccess access)
   at Intersect.Editor.Program.Main() in C:\TeamCity\buildAgent\work\6c64f60308be6068\Intersect.Editor\Classes\Core\Program.cs:line 38


--------------------------------------------------------------------------------
2020-03-10 14:02:11.974 [Error] 
  Message: Index was outside the bounds of the array.
    Stack:    at Intersect.Models.DatabaseObject`1.IdFromList(Int32 listIndex) in C:\TeamCity\buildAgent\work\6c64f60308be6068\Intersect (Core)\Models\DatabaseObject.cs:line 52
   at Intersect.Editor.Forms.DockingElements.FrmMapLayers.PlaceAttribute(MapBase tmpMap, Int32 x, Int32 y) in C:\TeamCity\buildAgent\work\6c64f60308be6068\Intersect.Editor\Forms\DockingElements\frmMapLayers.cs:line 493
   at Intersect.Editor.EditorGraphics.DrawMap(MapInstance map, Int32 gridX, Int32 gridY, Boolean screenShotting, Int32 layer, RenderTarget2D renderTarget2D) in C:\TeamCity\buildAgent\work\6c64f60308be6068\Intersect.Editor\Classes\Core\EditorGraphics.cs:line 465
   at Intersect.Editor.EditorGraphics.Render() in C:\TeamCity\buildAgent\work\6c64f60308be6068\Intersect.Editor\Classes\Core\EditorGraphics.cs:line 204
   at Intersect.Editor.EditorLoop.DrawFrame() in C:\TeamCity\buildAgent\work\6c64f60308be6068\Intersect.Editor\Classes\Core\EditorLoop.cs:line 55
   at Intersect.Editor.EditorLoop.RunFrame() in C:\TeamCity\buildAgent\work\6c64f60308be6068\Intersect.Editor\Classes\Core\EditorLoop.cs:line 84
   at Intersect.Editor.EditorLoop.StartLoop() in C:\TeamCity\buildAgent\work\6c64f60308be6068\Intersect.Editor\Classes\Core\EditorLoop.cs:line 40


--------------------------------------------------------------------------------
2020-03-13 09:10:31.955 [Error] JC's Solution for UpdateMaps collection was modified bug did not work!
2020-03-13 09:10:31.955 [Error] 
  Message: Object reference not set to an instance of an object.
    Stack:    at Intersect.Editor.EditorGraphics.ScreenShotMap() in C:\TeamCity\buildAgent\work\6c64f60308be6068\Intersect.Editor\Classes\Core\EditorGraphics.cs:line 1148
   at Intersect.Editor.Maps.MapInstance.Update() in C:\TeamCity\buildAgent\work\6c64f60308be6068\Intersect.Editor\Classes\Maps\MapInstance.cs:line 184
   at Intersect.Editor.EditorLoop.UpdateMaps() in C:\TeamCity\buildAgent\work\6c64f60308be6068\Intersect.Editor\Classes\Core\EditorLoop.cs:line 128


--------------------------------------------------------------------------------
