2020-02-12 15:22:35.753 [Info] Connecting to localhost:5400...

--------------------------------------------------------------------------------
2020-02-12 15:22:36.064 [Info] Connection approved [00000000-0000-0000-0000-000000000000].

--------------------------------------------------------------------------------
2020-02-12 15:22:36.086 [Debug] Connection established to remote [00000000-0000-0000-0000-000000000000/127.0.0.1:5400].

--------------------------------------------------------------------------------
2020-02-12 15:22:36.088 [Info] Connected [00000000-0000-0000-0000-000000000000].

--------------------------------------------------------------------------------
2020-02-12 15:22:48.345 [Warn] 'Me' is null.

--------------------------------------------------------------------------------
2020-02-12 15:23:58.670 [Debug] StatusChanged: [NetIncomingMessage #99 11 bytes] [Disconnected]

--------------------------------------------------------------------------------
2020-02-12 15:23:58.670 [Debug] Connectioned terminated to remote [00000000-0000-0000-0000-000000000000/127.0.0.1:5400].

--------------------------------------------------------------------------------
2020-02-12 15:23:58.670 [Info] Disconnected [00000000-0000-0000-0000-000000000000].

--------------------------------------------------------------------------------
2020-02-12 15:23:58.720 [Info] Connecting to localhost:5400...

--------------------------------------------------------------------------------
2020-02-12 15:24:11.547 [Info] Connection approved [00000000-0000-0000-0000-000000000000].

--------------------------------------------------------------------------------
2020-02-12 15:24:11.560 [Debug] Connection established to remote [00000000-0000-0000-0000-000000000000/127.0.0.1:5400].

--------------------------------------------------------------------------------
2020-02-12 15:24:11.561 [Info] Connected [00000000-0000-0000-0000-000000000000].

--------------------------------------------------------------------------------
2020-02-12 15:24:19.912 [Warn] 'Me' is null.

--------------------------------------------------------------------------------
2020-02-12 15:24:49.539 [Debug] StatusChanged: [NetIncomingMessage #469 10 bytes] [Disconnecting]

--------------------------------------------------------------------------------
2020-02-12 15:24:49.540 [Debug] StatusChanged: [NetIncomingMessage #470 10 bytes] [Disconnected]

--------------------------------------------------------------------------------
