2020-02-16 21:51:43.361 [Info] Connecting to localhost:5400...

--------------------------------------------------------------------------------
2020-02-16 21:51:59.123 [Debug] StatusChanged: [NetIncomingMessage #0 63 bytes] [Disconnected]

--------------------------------------------------------------------------------
2020-02-16 21:51:59.124 [Debug] Unknown client disconnected (00-00-00-00-00-00-00-00).

--------------------------------------------------------------------------------
2020-02-16 21:51:59.124 [Info] Disconnected [00000000-0000-0000-0000-000000000000].

--------------------------------------------------------------------------------
2020-02-16 21:51:59.159 [Info] Connecting to localhost:5400...

--------------------------------------------------------------------------------
2020-02-16 21:51:59.162 [Info] Connecting to localhost:5400...

--------------------------------------------------------------------------------
2020-02-16 21:52:14.918 [Debug] StatusChanged: [NetIncomingMessage #0 63 bytes] [Disconnected]

--------------------------------------------------------------------------------
2020-02-16 21:52:14.918 [Debug] Unknown client disconnected (00-00-00-00-00-00-00-00).

--------------------------------------------------------------------------------
2020-02-16 21:52:14.918 [Info] Disconnected [00000000-0000-0000-0000-000000000000].

--------------------------------------------------------------------------------
2020-02-16 21:52:14.934 [Debug] StatusChanged: [NetIncomingMessage #0 63 bytes] [Disconnected]

--------------------------------------------------------------------------------
2020-02-16 21:52:14.934 [Debug] Unknown client disconnected (00-00-00-00-00-00-00-00).

--------------------------------------------------------------------------------
2020-02-16 21:52:14.934 [Info] Disconnected [00000000-0000-0000-0000-000000000000].

--------------------------------------------------------------------------------
2020-02-16 21:52:14.945 [Info] Connecting to localhost:5400...

--------------------------------------------------------------------------------
2020-02-16 21:52:14.961 [Info] Connecting to localhost:5400...

--------------------------------------------------------------------------------
2020-02-16 21:52:15.550 [Info] Connection approved [00000000-0000-0000-0000-000000000000].

--------------------------------------------------------------------------------
2020-02-16 21:52:15.557 [Debug] Connection established to remote [00000000-0000-0000-0000-000000000000/127.0.0.1:5400].

--------------------------------------------------------------------------------
2020-02-16 21:52:15.558 [Info] Connected [00000000-0000-0000-0000-000000000000].

--------------------------------------------------------------------------------
2020-02-16 21:52:15.562 [Info] Connection approved [00000000-0000-0000-0000-000000000000].

--------------------------------------------------------------------------------
2020-02-16 21:52:15.564 [Debug] Connection established to remote [00000000-0000-0000-0000-000000000000/127.0.0.1:5400].

--------------------------------------------------------------------------------
2020-02-16 21:52:15.564 [Info] Connected [00000000-0000-0000-0000-000000000000].

--------------------------------------------------------------------------------
2020-02-16 21:54:43.628 [Debug] StatusChanged: [NetIncomingMessage #427 10 bytes] [Disconnecting]

--------------------------------------------------------------------------------
2020-02-16 21:54:43.630 [Debug] StatusChanged: [NetIncomingMessage #428 10 bytes] [Disconnected]

--------------------------------------------------------------------------------
2020-02-16 21:54:43.630 [Debug] Connectioned terminated to remote [00000000-0000-0000-0000-000000000000/127.0.0.1:5400].

--------------------------------------------------------------------------------
2020-02-16 21:54:43.630 [Info] Disconnected [00000000-0000-0000-0000-000000000000].

--------------------------------------------------------------------------------
