2020-02-18 10:20:11.466 [Info] Connecting to localhost:5400...

--------------------------------------------------------------------------------
2020-02-18 10:20:12.229 [Info] Connection approved [00000000-0000-0000-0000-000000000000].

--------------------------------------------------------------------------------
2020-02-18 10:20:12.239 [Debug] Connection established to remote [00000000-0000-0000-0000-000000000000/127.0.0.1:5400].

--------------------------------------------------------------------------------
2020-02-18 10:20:12.239 [Info] Connected [00000000-0000-0000-0000-000000000000].

--------------------------------------------------------------------------------
2020-02-18 10:23:18.559 [Debug] 
  Message: Cannot access a disposed object.
Object name: 'FrmNpc'.
    Stack:    at System.Windows.Forms.Control.MarshaledInvoke(Control caller, Delegate method, Object[] args, Boolean synchronous)
   at System.Windows.Forms.Control.Invoke(Delegate method, Object[] args)
   at Intersect.Editor.Forms.Editors.EditorForm.<ApplyHooks>b__3_0(GameObjectType type) in C:\TeamCity\buildAgent\work\6c64f60308be6068\Intersect.Editor\Forms\Editors\EditorForm.cs:line 28


--------------------------------------------------------------------------------
2020-02-18 10:50:14.146 [Debug] StatusChanged: [NetIncomingMessage #345 10 bytes] [Disconnecting]

--------------------------------------------------------------------------------
2020-02-18 10:50:14.150 [Debug] StatusChanged: [NetIncomingMessage #347 10 bytes] [Disconnected]

--------------------------------------------------------------------------------
2020-02-18 10:50:14.151 [Debug] Connectioned terminated to remote [00000000-0000-0000-0000-000000000000/127.0.0.1:5400].

--------------------------------------------------------------------------------
2020-02-18 10:50:14.154 [Info] Disconnected [00000000-0000-0000-0000-000000000000].

--------------------------------------------------------------------------------
