2020-02-12 15:21:41.845 [Info] Connecting to localhost:5400...

--------------------------------------------------------------------------------
2020-02-12 15:21:42.653 [Info] Connection approved [00000000-0000-0000-0000-000000000000].

--------------------------------------------------------------------------------
2020-02-12 15:21:42.680 [Debug] Connection established to remote [00000000-0000-0000-0000-000000000000/127.0.0.1:5400].

--------------------------------------------------------------------------------
2020-02-12 15:21:42.681 [Info] Connected [00000000-0000-0000-0000-000000000000].

--------------------------------------------------------------------------------
2020-02-12 15:21:50.193 [Warn] 'Me' is null.

--------------------------------------------------------------------------------
2020-02-12 15:23:58.701 [Debug] StatusChanged: [NetIncomingMessage #226 11 bytes] [Disconnected]

--------------------------------------------------------------------------------
2020-02-12 15:23:58.702 [Debug] Connectioned terminated to remote [00000000-0000-0000-0000-000000000000/127.0.0.1:5400].

--------------------------------------------------------------------------------
2020-02-12 15:23:58.703 [Info] Disconnected [00000000-0000-0000-0000-000000000000].

--------------------------------------------------------------------------------
2020-02-12 15:23:58.742 [Info] Connecting to localhost:5400...

--------------------------------------------------------------------------------
2020-02-12 15:24:11.635 [Info] Connection approved [00000000-0000-0000-0000-000000000000].

--------------------------------------------------------------------------------
2020-02-12 15:24:11.645 [Debug] Connection established to remote [00000000-0000-0000-0000-000000000000/127.0.0.1:5400].

--------------------------------------------------------------------------------
2020-02-12 15:24:11.645 [Info] Connected [00000000-0000-0000-0000-000000000000].

--------------------------------------------------------------------------------
2020-02-12 15:24:26.506 [Warn] 'Me' is null.

--------------------------------------------------------------------------------
2020-02-12 15:24:48.596 [Debug] StatusChanged: [NetIncomingMessage #275 10 bytes] [Disconnecting]

--------------------------------------------------------------------------------
2020-02-12 15:24:48.597 [Debug] StatusChanged: [NetIncomingMessage #276 10 bytes] [Disconnected]

--------------------------------------------------------------------------------
