2020-02-21 17:26:09.751 [Info] Connecting to localhost:5400...

--------------------------------------------------------------------------------
2020-02-21 17:26:25.638 [Debug] StatusChanged: [NetIncomingMessage #0 63 bytes] [Disconnected]

--------------------------------------------------------------------------------
2020-02-21 17:26:25.639 [Debug] Unknown client disconnected (00-00-00-00-00-00-00-00).

--------------------------------------------------------------------------------
2020-02-21 17:26:25.639 [Info] Disconnected [00000000-0000-0000-0000-000000000000].

--------------------------------------------------------------------------------
2020-02-21 17:26:25.662 [Info] Connecting to localhost:5400...

--------------------------------------------------------------------------------
2020-02-21 17:26:32.204 [Info] Connection approved [00000000-0000-0000-0000-000000000000].

--------------------------------------------------------------------------------
2020-02-21 17:26:32.211 [Debug] Connection established to remote [00000000-0000-0000-0000-000000000000/127.0.0.1:5400].

--------------------------------------------------------------------------------
2020-02-21 17:26:32.211 [Info] Connected [00000000-0000-0000-0000-000000000000].

--------------------------------------------------------------------------------
2020-02-21 19:17:01.391 [Debug] StatusChanged: [NetIncomingMessage #160 10 bytes] [Disconnecting]

--------------------------------------------------------------------------------
2020-02-21 19:17:01.394 [Debug] StatusChanged: [NetIncomingMessage #161 10 bytes] [Disconnected]

--------------------------------------------------------------------------------
2020-02-21 19:17:01.394 [Debug] Connectioned terminated to remote [00000000-0000-0000-0000-000000000000/127.0.0.1:5400].

--------------------------------------------------------------------------------
2020-02-21 19:17:01.394 [Info] Disconnected [00000000-0000-0000-0000-000000000000].

--------------------------------------------------------------------------------
