2020-02-13 10:44:43.975 [Info] Connecting to localhost:5400...

--------------------------------------------------------------------------------
2020-02-13 10:44:44.398 [Info] Connection approved [00000000-0000-0000-0000-000000000000].

--------------------------------------------------------------------------------
2020-02-13 10:44:44.425 [Debug] Connection established to remote [00000000-0000-0000-0000-000000000000/127.0.0.1:5400].

--------------------------------------------------------------------------------
2020-02-13 10:44:44.426 [Info] Connected [00000000-0000-0000-0000-000000000000].

--------------------------------------------------------------------------------
2020-02-13 10:44:50.351 [Warn] 'Me' is null.

--------------------------------------------------------------------------------
2020-02-13 10:45:47.340 [Debug] StatusChanged: [NetIncomingMessage #280 10 bytes] [Disconnecting]

--------------------------------------------------------------------------------
2020-02-13 10:45:47.343 [Debug] StatusChanged: [NetIncomingMessage #281 10 bytes] [Disconnected]

--------------------------------------------------------------------------------
2020-02-13 10:45:47.344 [Debug] Connectioned terminated to remote [00000000-0000-0000-0000-000000000000/127.0.0.1:5400].

--------------------------------------------------------------------------------
2020-02-13 10:45:47.344 [Info] Disconnected [00000000-0000-0000-0000-000000000000].

--------------------------------------------------------------------------------
2020-02-13 10:45:47.424 [Info] Connecting to localhost:5400...

--------------------------------------------------------------------------------
