2020-02-21 17:19:24.452 [Info] Connecting to localhost:5400...

--------------------------------------------------------------------------------
2020-02-21 17:19:40.155 [Debug] StatusChanged: [NetIncomingMessage #0 63 bytes] [Disconnected]

--------------------------------------------------------------------------------
2020-02-21 17:19:40.156 [Debug] Unknown client disconnected (00-00-00-00-00-00-00-00).

--------------------------------------------------------------------------------
2020-02-21 17:19:40.156 [Info] Disconnected [00000000-0000-0000-0000-000000000000].

--------------------------------------------------------------------------------
2020-02-21 17:19:40.174 [Info] Connecting to localhost:5400...

--------------------------------------------------------------------------------
2020-02-21 17:19:55.780 [Debug] StatusChanged: [NetIncomingMessage #0 63 bytes] [Disconnected]

--------------------------------------------------------------------------------
2020-02-21 17:19:55.780 [Debug] Unknown client disconnected (00-00-00-00-00-00-00-00).

--------------------------------------------------------------------------------
2020-02-21 17:19:55.780 [Info] Disconnected [00000000-0000-0000-0000-000000000000].

--------------------------------------------------------------------------------
2020-02-21 17:19:55.804 [Info] Connecting to localhost:5400...

--------------------------------------------------------------------------------
2020-02-21 17:19:56.486 [Info] Connection approved [00000000-0000-0000-0000-000000000000].

--------------------------------------------------------------------------------
2020-02-21 17:19:56.494 [Debug] Connection established to remote [00000000-0000-0000-0000-000000000000/127.0.0.1:5400].

--------------------------------------------------------------------------------
2020-02-21 17:19:56.494 [Info] Connected [00000000-0000-0000-0000-000000000000].

--------------------------------------------------------------------------------
2020-02-21 17:25:57.502 [Debug] StatusChanged: [NetIncomingMessage #325 10 bytes] [Disconnecting]

--------------------------------------------------------------------------------
2020-02-21 17:25:57.504 [Debug] StatusChanged: [NetIncomingMessage #326 10 bytes] [Disconnected]

--------------------------------------------------------------------------------
2020-02-21 17:25:57.504 [Debug] Connectioned terminated to remote [00000000-0000-0000-0000-000000000000/127.0.0.1:5400].

--------------------------------------------------------------------------------
2020-02-21 17:25:57.504 [Info] Disconnected [00000000-0000-0000-0000-000000000000].

--------------------------------------------------------------------------------
